<?xml version="1.0" encoding="UTF-8"?>
<testsuites name="GutTests" failures="0" tests="671" >
  <testsuite name="scripts/tests/analytics_test.gd" tests="24" failures="0" skipped="0" time="0.012878" >
      <testcase name="test_track_event_exists" assertions="1" status="pass" classname="scripts/tests/analytics_test.gd" time="0.000422" >
      </testcase>
      <testcase name="test_track_event_with_properties" assertions="1" status="pass" classname="scripts/tests/analytics_test.gd" time="0.000322" >
      </testcase>
      <testcase name="test_track_event_with_empty_properties" assertions="1" status="pass" classname="scripts/tests/analytics_test.gd" time="0.000297" >
      </testcase>
      <testcase name="test_hub_opened_event" assertions="1" status="pass" classname="scripts/tests/analytics_test.gd" time="0.000296" >
      </testcase>
      <testcase name="test_hub_button_pressed_event" assertions="1" status="pass" classname="scripts/tests/analytics_test.gd" time="0.001107" >
      </testcase>
      <testcase name="test_character_created_event" assertions="1" status="pass" classname="scripts/tests/analytics_test.gd" time="0.001146" >
      </testcase>
      <testcase name="test_character_deleted_event" assertions="1" status="pass" classname="scripts/tests/analytics_test.gd" time="0.000585" >
      </testcase>
      <testcase name="test_character_selected_event" assertions="1" status="pass" classname="scripts/tests/analytics_test.gd" time="0.000311" >
      </testcase>
      <testcase name="test_run_started_event" assertions="1" status="pass" classname="scripts/tests/analytics_test.gd" time="0.000583" >
      </testcase>
      <testcase name="test_run_ended_event" assertions="1" status="pass" classname="scripts/tests/analytics_test.gd" time="0.000284" >
      </testcase>
      <testcase name="test_run_ended_with_zero_values" assertions="1" status="pass" classname="scripts/tests/analytics_test.gd" time="0.000274" >
      </testcase>
      <testcase name="test_first_launch_event" assertions="1" status="pass" classname="scripts/tests/analytics_test.gd" time="0.000273" >
      </testcase>
      <testcase name="test_tutorial_started_event" assertions="1" status="pass" classname="scripts/tests/analytics_test.gd" time="0.000272" >
      </testcase>
      <testcase name="test_tutorial_completed_event" assertions="1" status="pass" classname="scripts/tests/analytics_test.gd" time="0.000273" >
      </testcase>
      <testcase name="test_session_ended_event" assertions="1" status="pass" classname="scripts/tests/analytics_test.gd" time="0.000275" >
      </testcase>
      <testcase name="test_save_corruption_detected_event" assertions="1" status="pass" classname="scripts/tests/analytics_test.gd" time="0.000581" >
      </testcase>
      <testcase name="test_save_recovered_from_backup_event" assertions="1" status="pass" classname="scripts/tests/analytics_test.gd" time="0.000311" >
      </testcase>
      <testcase name="test_save_recovered_from_cloud_event" assertions="1" status="pass" classname="scripts/tests/analytics_test.gd" time="0.000309" >
      </testcase>
      <testcase name="test_full_analytics_flow" assertions="1" status="pass" classname="scripts/tests/analytics_test.gd" time="0.003027" >
      </testcase>
      <testcase name="test_analytics_with_invalid_character_type" assertions="1" status="pass" classname="scripts/tests/analytics_test.gd" time="0.000309" >
      </testcase>
      <testcase name="test_analytics_with_negative_values" assertions="1" status="pass" classname="scripts/tests/analytics_test.gd" time="0.000311" >
      </testcase>
      <testcase name="test_analytics_with_very_large_values" assertions="1" status="pass" classname="scripts/tests/analytics_test.gd" time="0.000282" >
      </testcase>
      <testcase name="test_analytics_with_empty_string" assertions="1" status="pass" classname="scripts/tests/analytics_test.gd" time="0.000516" >
      </testcase>
      <testcase name="test_analytics_with_null_like_values" assertions="1" status="pass" classname="scripts/tests/analytics_test.gd" time="0.000512" >
      </testcase>
  </testsuite>
  <testsuite name="scripts/tests/aura_foundation_test.gd" tests="19" failures="0" skipped="0" time="0.554564" >
      <testcase name="test_aura_data_stored_in_character" assertions="4" status="pass" classname="scripts/tests/aura_foundation_test.gd" time="0.000805" >
      </testcase>
      <testcase name="test_aura_type_matches_character_type" assertions="1" status="pass" classname="scripts/tests/aura_foundation_test.gd" time="0.000984" >
      </testcase>
      <testcase name="test_scavenger_has_collect_aura" assertions="3" status="pass" classname="scripts/tests/aura_foundation_test.gd" time="0.000901" >
      </testcase>
      <testcase name="test_tank_has_shield_aura" assertions="2" status="pass" classname="scripts/tests/aura_foundation_test.gd" time="0.000891" >
      </testcase>
      <testcase name="test_commando_has_no_aura" assertions="1" status="pass" classname="scripts/tests/aura_foundation_test.gd" time="0.000877" >
      </testcase>
      <testcase name="test_calculate_aura_power_with_resonance" assertions="4" status="pass" classname="scripts/tests/aura_foundation_test.gd" time="0.000361" >
      </testcase>
      <testcase name="test_calculate_aura_power_for_all_types" assertions="6" status="pass" classname="scripts/tests/aura_foundation_test.gd" time="0.000323" >
      </testcase>
      <testcase name="test_calculate_aura_radius_from_pickup_range" assertions="3" status="pass" classname="scripts/tests/aura_foundation_test.gd" time="0.000325" >
      </testcase>
      <testcase name="test_invalid_aura_type_returns_zero" assertions="1" status="pass" classname="scripts/tests/aura_foundation_test.gd" time="0.000332" >
      </testcase>
      <testcase name="test_aura_persists_after_save_load" assertions="4" status="pass" classname="scripts/tests/aura_foundation_test.gd" time="0.001475" >
      </testcase>
      <testcase name="test_multiple_characters_with_different_auras_persist" assertions="3" status="pass" classname="scripts/tests/aura_foundation_test.gd" time="0.002001" >
      </testcase>
      <testcase name="test_all_aura_types_have_required_fields" assertions="48" status="pass" classname="scripts/tests/aura_foundation_test.gd" time="0.000356" >
      </testcase>
      <testcase name="test_aura_visual_can_be_instantiated" assertions="3" status="pass" classname="scripts/tests/aura_foundation_test.gd" time="0.000359" >
      </testcase>
      <testcase name="test_aura_visual_creates_child_nodes" assertions="2" status="pass" classname="scripts/tests/aura_foundation_test.gd" time="0.003975" >
      </testcase>
      <testcase name="test_aura_visual_update_changes_parameters" assertions="3" status="pass" classname="scripts/tests/aura_foundation_test.gd" time="0.006008" >
      </testcase>
      <testcase name="test_aura_visual_set_emitting" assertions="3" status="pass" classname="scripts/tests/aura_foundation_test.gd" time="0.042839" >
      </testcase>
      <testcase name="test_aura_visual_colors_match_aura_types" assertions="6" status="pass" classname="scripts/tests/aura_foundation_test.gd" time="0.401805" >
      </testcase>
      <testcase name="test_aura_visual_ring_has_correct_point_count" assertions="2" status="pass" classname="scripts/tests/aura_foundation_test.gd" time="0.055577" >
      </testcase>
      <testcase name="test_mutant_has_damage_aura_visual" assertions="4" status="pass" classname="scripts/tests/aura_foundation_test.gd" time="0.03437" >
      </testcase>
  </testsuite>
  <testsuite name="scripts/tests/banking_service_test.gd" tests="22" failures="0" skipped="0" time="0.067934" >
      <testcase name="test_initial_state_all_balances_are_zero" assertions="2" status="pass" classname="scripts/tests/banking_service_test.gd" time="0.004026" >
      </testcase>
      <testcase name="test_add_currency_increases_balance" assertions="4" status="pass" classname="scripts/tests/banking_service_test.gd" time="0.005823" >
      </testcase>
      <testcase name="test_subtract_currency_decreases_balance" assertions="2" status="pass" classname="scripts/tests/banking_service_test.gd" time="0.004917" >
      </testcase>
      <testcase name="test_subtract_currency_with_insufficient_funds_fails" assertions="2" status="pass" classname="scripts/tests/banking_service_test.gd" time="0.003692" >
      </testcase>
      <testcase name="test_tier_gating_free_tier_denies_access" assertions="1" status="pass" classname="scripts/tests/banking_service_test.gd" time="0.002639" >
      </testcase>
      <testcase name="test_tier_gating_premium_tier_grants_access" assertions="1" status="pass" classname="scripts/tests/banking_service_test.gd" time="0.00243" >
      </testcase>
      <testcase name="test_tier_gating_subscription_tier_grants_access" assertions="1" status="pass" classname="scripts/tests/banking_service_test.gd" time="0.002435" >
      </testcase>
      <testcase name="test_balance_caps_premium_tier_enforces_10k_limit" assertions="3" status="pass" classname="scripts/tests/banking_service_test.gd" time="0.003035" >
      </testcase>
      <testcase name="test_balance_caps_subscription_tier_enforces_100k_limit" assertions="1" status="pass" classname="scripts/tests/banking_service_test.gd" time="0.002237" >
      </testcase>
      <testcase name="test_transaction_history_records_all_operations" assertions="4" status="pass" classname="scripts/tests/banking_service_test.gd" time="0.00437" >
      </testcase>
      <testcase name="test_get_tier_returns_current_tier" assertions="3" status="pass" classname="scripts/tests/banking_service_test.gd" time="0.002482" >
      </testcase>
      <testcase name="test_currency_changed_signal_emits_on_add" assertions="4" status="pass" classname="scripts/tests/banking_service_test.gd" time="0.002984" >
      </testcase>
      <testcase name="test_currency_changed_signal_emits_on_subtract" assertions="2" status="pass" classname="scripts/tests/banking_service_test.gd" time="0.003396" >
      </testcase>
      <testcase name="test_initial_state_all_three_currencies_are_zero" assertions="3" status="pass" classname="scripts/tests/banking_service_test.gd" time="0.001683" >
      </testcase>
      <testcase name="test_add_components_currency" assertions="2" status="pass" classname="scripts/tests/banking_service_test.gd" time="0.002586" >
      </testcase>
      <testcase name="test_add_nanites_currency" assertions="2" status="pass" classname="scripts/tests/banking_service_test.gd" time="0.002457" >
      </testcase>
      <testcase name="test_components_respects_tier_caps" assertions="3" status="pass" classname="scripts/tests/banking_service_test.gd" time="0.002466" >
      </testcase>
      <testcase name="test_nanites_respects_tier_caps" assertions="3" status="pass" classname="scripts/tests/banking_service_test.gd" time="0.00244" >
      </testcase>
      <testcase name="test_serialize_includes_all_currencies" assertions="4" status="pass" classname="scripts/tests/banking_service_test.gd" time="0.003544" >
      </testcase>
      <testcase name="test_deserialize_handles_missing_new_currencies" assertions="3" status="pass" classname="scripts/tests/banking_service_test.gd" time="0.002652" >
      </testcase>
      <testcase name="test_subtract_components_currency" assertions="2" status="pass" classname="scripts/tests/banking_service_test.gd" time="0.002848" >
      </testcase>
      <testcase name="test_subtract_nanites_currency" assertions="2" status="pass" classname="scripts/tests/banking_service_test.gd" time="0.002792" >
      </testcase>
  </testsuite>
  <testsuite name="scripts/tests/character_service_test.gd" tests="54" failures="0" skipped="0" time="0.086669" >
      <testcase name="test_create_character_returns_valid_id" assertions="2" status="pass" classname="scripts/tests/character_service_test.gd" time="0.00092" >
      </testcase>
      <testcase name="test_create_character_stores_correct_data" assertions="5" status="pass" classname="scripts/tests/character_service_test.gd" time="0.000921" >
      </testcase>
      <testcase name="test_create_character_with_empty_name_fails" assertions="2" status="pass" classname="scripts/tests/character_service_test.gd" time="0.000877" >
      </testcase>
      <testcase name="test_create_character_sets_default_stats" assertions="5" status="pass" classname="scripts/tests/character_service_test.gd" time="0.001029" >
      </testcase>
      <testcase name="test_create_character_initializes_starting_currency" assertions="1" status="pass" classname="scripts/tests/character_service_test.gd" time="0.000963" >
      </testcase>
      <testcase name="test_starting_currency_has_all_three_types" assertions="6" status="pass" classname="scripts/tests/character_service_test.gd" time="0.000937" >
      </testcase>
      <testcase name="test_add_currency_updates_character_data" assertions="2" status="pass" classname="scripts/tests/character_service_test.gd" time="0.001154" >
      </testcase>
      <testcase name="test_first_character_becomes_active" assertions="1" status="pass" classname="scripts/tests/character_service_test.gd" time="0.00088" >
      </testcase>
      <testcase name="test_get_character_returns_correct_data" assertions="2" status="pass" classname="scripts/tests/character_service_test.gd" time="0.001097" >
      </testcase>
      <testcase name="test_get_nonexistent_character_returns_empty_dict" assertions="1" status="pass" classname="scripts/tests/character_service_test.gd" time="0.000884" >
      </testcase>
      <testcase name="test_get_all_characters_returns_all_created" assertions="1" status="pass" classname="scripts/tests/character_service_test.gd" time="0.001432" >
      </testcase>
      <testcase name="test_update_character_modifies_data" assertions="3" status="pass" classname="scripts/tests/character_service_test.gd" time="0.001157" >
      </testcase>
      <testcase name="test_update_nonexistent_character_fails" assertions="1" status="pass" classname="scripts/tests/character_service_test.gd" time="0.000829" >
      </testcase>
      <testcase name="test_delete_character_removes_from_storage" assertions="2" status="pass" classname="scripts/tests/character_service_test.gd" time="0.001415" >
      </testcase>
      <testcase name="test_delete_active_character_clears_active_state" assertions="1" status="pass" classname="scripts/tests/character_service_test.gd" time="0.001685" >
      </testcase>
      <testcase name="test_delete_only_character_clears_active" assertions="1" status="pass" classname="scripts/tests/character_service_test.gd" time="0.001116" >
      </testcase>
      <testcase name="test_set_active_character_changes_active" assertions="2" status="pass" classname="scripts/tests/character_service_test.gd" time="0.001438" >
      </testcase>
      <testcase name="test_set_active_nonexistent_character_fails" assertions="2" status="pass" classname="scripts/tests/character_service_test.gd" time="0.000868" >
      </testcase>
      <testcase name="test_get_active_character_returns_correct_data" assertions="2" status="pass" classname="scripts/tests/character_service_test.gd" time="0.001353" >
      </testcase>
      <testcase name="test_free_tier_allows_3_characters" assertions="5" status="pass" classname="scripts/tests/character_service_test.gd" time="0.00201" >
      </testcase>
      <testcase name="test_premium_tier_allows_15_characters" assertions="17" status="pass" classname="scripts/tests/character_service_test.gd" time="0.005532" >
      </testcase>
      <testcase name="test_subscription_tier_allows_50_characters" assertions="52" status="pass" classname="scripts/tests/character_service_test.gd" time="0.015367" >
      </testcase>
      <testcase name="test_can_create_character_respects_tier_limits" assertions="4" status="pass" classname="scripts/tests/character_service_test.gd" time="0.001756" >
      </testcase>
      <testcase name="test_get_available_slots_returns_correct_count" assertions="4" status="pass" classname="scripts/tests/character_service_test.gd" time="0.001586" >
      </testcase>
      <testcase name="test_add_experience_increases_xp" assertions="3" status="pass" classname="scripts/tests/character_service_test.gd" time="0.000785" >
      </testcase>
      <testcase name="test_level_up_at_100_xp" assertions="3" status="pass" classname="scripts/tests/character_service_test.gd" time="0.001019" >
      </testcase>
      <testcase name="test_level_up_increases_stats" assertions="3" status="pass" classname="scripts/tests/character_service_test.gd" time="0.001031" >
      </testcase>
      <testcase name="test_multiple_level_ups_from_single_xp_gain" assertions="2" status="pass" classname="scripts/tests/character_service_test.gd" time="0.001444" >
      </testcase>
      <testcase name="test_add_zero_or_negative_xp_does_nothing" assertions="3" status="pass" classname="scripts/tests/character_service_test.gd" time="0.000889" >
      </testcase>
      <testcase name="test_character_death_increments_death_count" assertions="2" status="pass" classname="scripts/tests/character_service_test.gd" time="0.001146" >
      </testcase>
      <testcase name="test_multiple_deaths_increment_count" assertions="1" status="pass" classname="scripts/tests/character_service_test.gd" time="0.001656" >
      </testcase>
      <testcase name="test_character_create_pre_hook_fires" assertions="1" status="pass" classname="scripts/tests/character_service_test.gd" time="0.000961" >
      </testcase>
      <testcase name="test_character_create_post_hook_fires" assertions="1" status="pass" classname="scripts/tests/character_service_test.gd" time="0.000877" >
      </testcase>
      <testcase name="test_character_level_up_pre_hook_fires" assertions="1" status="pass" classname="scripts/tests/character_service_test.gd" time="0.001107" >
      </testcase>
      <testcase name="test_character_level_up_post_hook_fires" assertions="1" status="pass" classname="scripts/tests/character_service_test.gd" time="0.001229" >
      </testcase>
      <testcase name="test_character_death_pre_hook_fires" assertions="1" status="pass" classname="scripts/tests/character_service_test.gd" time="0.001266" >
      </testcase>
      <testcase name="test_character_death_post_hook_fires" assertions="1" status="pass" classname="scripts/tests/character_service_test.gd" time="0.001264" >
      </testcase>
      <testcase name="test_serialize_returns_valid_data" assertions="4" status="pass" classname="scripts/tests/character_service_test.gd" time="0.001166" >
      </testcase>
      <testcase name="test_deserialize_restores_characters" assertions="2" status="pass" classname="scripts/tests/character_service_test.gd" time="0.001903" >
      </testcase>
      <testcase name="test_deserialize_restores_character_stats" assertions="3" status="pass" classname="scripts/tests/character_service_test.gd" time="0.001729" >
      </testcase>
      <testcase name="test_full_save_load_cycle_with_save_manager" assertions="5" status="pass" classname="scripts/tests/character_service_test.gd" time="0.005394" >
      </testcase>
      <testcase name="test_get_character_count_returns_correct_count" assertions="2" status="pass" classname="scripts/tests/character_service_test.gd" time="0.001411" >
      </testcase>
      <testcase name="test_get_character_count_updates_after_delete" assertions="2" status="pass" classname="scripts/tests/character_service_test.gd" time="0.001251" >
      </testcase>
      <testcase name="test_add_xp_returns_level_up_info" assertions="4" status="pass" classname="scripts/tests/character_service_test.gd" time="0.001068" >
      </testcase>
      <testcase name="test_add_xp_handles_multiple_level_ups" assertions="4" status="pass" classname="scripts/tests/character_service_test.gd" time="0.001403" >
      </testcase>
      <testcase name="test_add_xp_with_no_level_up" assertions="4" status="pass" classname="scripts/tests/character_service_test.gd" time="0.000883" >
      </testcase>
      <testcase name="test_add_xp_with_invalid_character_id" assertions="3" status="pass" classname="scripts/tests/character_service_test.gd" time="0.000867" >
      </testcase>
      <testcase name="test_add_xp_with_zero_xp" assertions="2" status="pass" classname="scripts/tests/character_service_test.gd" time="0.000871" >
      </testcase>
      <testcase name="test_add_xp_with_negative_xp" assertions="2" status="pass" classname="scripts/tests/character_service_test.gd" time="0.000875" >
      </testcase>
      <testcase name="test_character_created_signal_fires" assertions="1" status="pass" classname="scripts/tests/character_service_test.gd" time="0.000883" >
      </testcase>
      <testcase name="test_character_deleted_signal_fires" assertions="1" status="pass" classname="scripts/tests/character_service_test.gd" time="0.001108" >
      </testcase>
      <testcase name="test_active_character_changed_signal_fires" assertions="1" status="pass" classname="scripts/tests/character_service_test.gd" time="0.001447" >
      </testcase>
      <testcase name="test_character_stats_changed_signal_fires_on_update" assertions="1" status="pass" classname="scripts/tests/character_service_test.gd" time="0.001264" >
      </testcase>
      <testcase name="test_character_stats_changed_signal_fires_on_level_up" assertions="1" status="pass" classname="scripts/tests/character_service_test.gd" time="0.001266" >
      </testcase>
  </testsuite>
  <testsuite name="scripts/tests/character_stats_expansion_test.gd" tests="24" failures="0" skipped="0" time="0.022169" >
      <testcase name="test_hp_regen_exists_in_default_stats" assertions="2" status="pass" classname="scripts/tests/character_stats_expansion_test.gd" time="0.000604" >
      </testcase>
      <testcase name="test_life_steal_exists_in_default_stats" assertions="2" status="pass" classname="scripts/tests/character_stats_expansion_test.gd" time="0.000533" >
      </testcase>
      <testcase name="test_attack_speed_exists_in_default_stats" assertions="2" status="pass" classname="scripts/tests/character_stats_expansion_test.gd" time="0.000523" >
      </testcase>
      <testcase name="test_melee_damage_exists_in_default_stats" assertions="2" status="pass" classname="scripts/tests/character_stats_expansion_test.gd" time="0.000565" >
      </testcase>
      <testcase name="test_ranged_damage_exists_in_default_stats" assertions="2" status="pass" classname="scripts/tests/character_stats_expansion_test.gd" time="0.000526" >
      </testcase>
      <testcase name="test_scavenging_exists_in_default_stats" assertions="2" status="pass" classname="scripts/tests/character_stats_expansion_test.gd" time="0.000512" >
      </testcase>
      <testcase name="test_resonance_exists_in_default_stats" assertions="2" status="pass" classname="scripts/tests/character_stats_expansion_test.gd" time="0.000511" >
      </testcase>
      <testcase name="test_new_character_has_hp_regen" assertions="2" status="pass" classname="scripts/tests/character_stats_expansion_test.gd" time="0.00077" >
      </testcase>
      <testcase name="test_new_character_has_life_steal" assertions="2" status="pass" classname="scripts/tests/character_stats_expansion_test.gd" time="0.000827" >
      </testcase>
      <testcase name="test_new_character_has_attack_speed" assertions="2" status="pass" classname="scripts/tests/character_stats_expansion_test.gd" time="0.000888" >
      </testcase>
      <testcase name="test_new_character_has_melee_and_ranged_damage" assertions="4" status="pass" classname="scripts/tests/character_stats_expansion_test.gd" time="0.000905" >
      </testcase>
      <testcase name="test_new_character_has_scavenging" assertions="2" status="pass" classname="scripts/tests/character_stats_expansion_test.gd" time="0.00087" >
      </testcase>
      <testcase name="test_new_character_has_resonance" assertions="2" status="pass" classname="scripts/tests/character_stats_expansion_test.gd" time="0.00091" >
      </testcase>
      <testcase name="test_can_update_hp_regen_stat" assertions="1" status="pass" classname="scripts/tests/character_stats_expansion_test.gd" time="0.001085" >
      </testcase>
      <testcase name="test_can_update_life_steal_stat" assertions="1" status="pass" classname="scripts/tests/character_stats_expansion_test.gd" time="0.001146" >
      </testcase>
      <testcase name="test_can_update_attack_speed_stat" assertions="1" status="pass" classname="scripts/tests/character_stats_expansion_test.gd" time="0.001109" >
      </testcase>
      <testcase name="test_can_update_melee_damage_stat" assertions="1" status="pass" classname="scripts/tests/character_stats_expansion_test.gd" time="0.001125" >
      </testcase>
      <testcase name="test_can_update_ranged_damage_stat" assertions="1" status="pass" classname="scripts/tests/character_stats_expansion_test.gd" time="0.001161" >
      </testcase>
      <testcase name="test_can_update_scavenging_stat" assertions="1" status="pass" classname="scripts/tests/character_stats_expansion_test.gd" time="0.001127" >
      </testcase>
      <testcase name="test_can_update_resonance_stat" assertions="1" status="pass" classname="scripts/tests/character_stats_expansion_test.gd" time="0.001148" >
      </testcase>
      <testcase name="test_scavenging_in_level_up_gains" assertions="2" status="pass" classname="scripts/tests/character_stats_expansion_test.gd" time="0.000582" >
      </testcase>
      <testcase name="test_scavenging_increases_on_level_up" assertions="2" status="pass" classname="scripts/tests/character_stats_expansion_test.gd" time="0.001114" >
      </testcase>
      <testcase name="test_scavenging_increases_multiple_levels" assertions="2" status="pass" classname="scripts/tests/character_stats_expansion_test.gd" time="0.002081" >
      </testcase>
      <testcase name="test_new_stats_persist_through_save_load" assertions="7" status="pass" classname="scripts/tests/character_stats_expansion_test.gd" time="0.001547" >
      </testcase>
  </testsuite>
  <testsuite name="scripts/tests/character_types_test.gd" tests="24" failures="0" skipped="0" time="0.023971" >
      <testcase name="test_scavenger_has_correct_stat_modifiers" assertions="2" status="pass" classname="scripts/tests/character_types_test.gd" time="0.000856" >
      </testcase>
      <testcase name="test_tank_has_correct_stat_modifiers" assertions="3" status="pass" classname="scripts/tests/character_types_test.gd" time="0.001069" >
      </testcase>
      <testcase name="test_commando_has_correct_stat_modifiers" assertions="3" status="pass" classname="scripts/tests/character_types_test.gd" time="0.000964" >
      </testcase>
      <testcase name="test_mutant_has_correct_stat_modifiers" assertions="3" status="pass" classname="scripts/tests/character_types_test.gd" time="0.000913" >
      </testcase>
      <testcase name="test_character_type_stored_correctly" assertions="1" status="pass" classname="scripts/tests/character_types_test.gd" time="0.000836" >
      </testcase>
      <testcase name="test_free_tier_can_create_scavenger" assertions="1" status="pass" classname="scripts/tests/character_types_test.gd" time="0.000777" >
      </testcase>
      <testcase name="test_free_tier_cannot_create_tank" assertions="1" status="pass" classname="scripts/tests/character_types_test.gd" time="0.000756" >
      </testcase>
      <testcase name="test_free_tier_cannot_create_commando" assertions="1" status="pass" classname="scripts/tests/character_types_test.gd" time="0.000761" >
      </testcase>
      <testcase name="test_free_tier_cannot_create_mutant" assertions="1" status="pass" classname="scripts/tests/character_types_test.gd" time="0.000755" >
      </testcase>
      <testcase name="test_premium_tier_can_create_scavenger" assertions="1" status="pass" classname="scripts/tests/character_types_test.gd" time="0.000837" >
      </testcase>
      <testcase name="test_premium_tier_can_create_tank" assertions="1" status="pass" classname="scripts/tests/character_types_test.gd" time="0.000869" >
      </testcase>
      <testcase name="test_premium_tier_cannot_create_commando" assertions="1" status="pass" classname="scripts/tests/character_types_test.gd" time="0.000866" >
      </testcase>
      <testcase name="test_premium_tier_cannot_create_mutant" assertions="1" status="pass" classname="scripts/tests/character_types_test.gd" time="0.000859" >
      </testcase>
      <testcase name="test_subscription_tier_can_create_all_types" assertions="4" status="pass" classname="scripts/tests/character_types_test.gd" time="0.001732" >
      </testcase>
      <testcase name="test_scavenger_has_collect_aura" assertions="4" status="pass" classname="scripts/tests/character_types_test.gd" time="0.000853" >
      </testcase>
      <testcase name="test_tank_has_shield_aura" assertions="1" status="pass" classname="scripts/tests/character_types_test.gd" time="0.000768" >
      </testcase>
      <testcase name="test_commando_has_no_aura" assertions="1" status="pass" classname="scripts/tests/character_types_test.gd" time="0.000765" >
      </testcase>
      <testcase name="test_mutant_has_damage_aura" assertions="3" status="pass" classname="scripts/tests/character_types_test.gd" time="0.000786" >
      </testcase>
      <testcase name="test_character_type_persists_after_save_load" assertions="4" status="pass" classname="scripts/tests/character_types_test.gd" time="0.001628" >
      </testcase>
      <testcase name="test_aura_type_persists_after_save_load" assertions="2" status="pass" classname="scripts/tests/character_types_test.gd" time="0.001435" >
      </testcase>
      <testcase name="test_invalid_character_type_fails" assertions="1" status="pass" classname="scripts/tests/character_types_test.gd" time="0.000853" >
      </testcase>
      <testcase name="test_multiple_characters_with_different_types" assertions="5" status="pass" classname="scripts/tests/character_types_test.gd" time="0.001746" >
      </testcase>
      <testcase name="test_character_type_defaults_to_scavenger" assertions="2" status="pass" classname="scripts/tests/character_types_test.gd" time="0.000867" >
      </testcase>
      <testcase name="test_mutant_type_persists_after_save_load" assertions="4" status="pass" classname="scripts/tests/character_types_test.gd" time="0.00142" >
      </testcase>
  </testsuite>
  <testsuite name="scripts/tests/combat_service_test.gd" tests="15" failures="0" skipped="0" time="0.025927" >
      <testcase name="test_calculate_damage_includes_character_stats" assertions="1" status="pass" classname="scripts/tests/combat_service_test.gd" time="0.00135" >
      </testcase>
      <testcase name="test_calculate_damage_adds_melee_bonus" assertions="1" status="pass" classname="scripts/tests/combat_service_test.gd" time="0.001284" >
      </testcase>
      <testcase name="test_calculate_damage_adds_ranged_bonus" assertions="1" status="pass" classname="scripts/tests/combat_service_test.gd" time="0.001351" >
      </testcase>
      <testcase name="test_apply_damage_to_enemy_reduces_hp" assertions="2" status="pass" classname="scripts/tests/combat_service_test.gd" time="0.001628" >
      </testcase>
      <testcase name="test_apply_damage_to_enemy_returns_drops_when_killed" assertions="4" status="pass" classname="scripts/tests/combat_service_test.gd" time="0.001937" >
      </testcase>
      <testcase name="test_apply_damage_to_invalid_enemy_returns_safe_result" assertions="2" status="pass" classname="scripts/tests/combat_service_test.gd" time="0.001878" >
      </testcase>
      <testcase name="test_calculate_aura_damage_scales_with_resonance" assertions="2" status="pass" classname="scripts/tests/combat_service_test.gd" time="0.001521" >
      </testcase>
      <testcase name="test_calculate_aura_damage_with_no_resonance_stat" assertions="1" status="pass" classname="scripts/tests/combat_service_test.gd" time="0.001454" >
      </testcase>
      <testcase name="test_apply_aura_damage_to_nearby_enemies" assertions="3" status="pass" classname="scripts/tests/combat_service_test.gd" time="0.002471" >
      </testcase>
      <testcase name="test_apply_aura_damage_can_kill_enemies" assertions="2" status="pass" classname="scripts/tests/combat_service_test.gd" time="0.002186" >
      </testcase>
      <testcase name="test_apply_aura_damage_to_empty_area" assertions="1" status="pass" classname="scripts/tests/combat_service_test.gd" time="0.001394" >
      </testcase>
      <testcase name="test_get_weapon_attack_damage" assertions="1" status="pass" classname="scripts/tests/combat_service_test.gd" time="0.001673" >
      </testcase>
      <testcase name="test_get_weapon_attack_damage_with_invalid_character" assertions="1" status="pass" classname="scripts/tests/combat_service_test.gd" time="0.001883" >
      </testcase>
      <testcase name="test_apply_weapon_attack" assertions="3" status="pass" classname="scripts/tests/combat_service_test.gd" time="0.001808" >
      </testcase>
      <testcase name="test_apply_weapon_attack_can_kill" assertions="2" status="pass" classname="scripts/tests/combat_service_test.gd" time="0.002109" >
      </testcase>
  </testsuite>
  <testsuite name="scripts/tests/drop_system_test.gd" tests="14" failures="0" skipped="0" time="0.147404" >
      <testcase name="test_generate_drops_returns_valid_currency" assertions="2" status="pass" classname="scripts/tests/drop_system_test.gd" time="0.001191" >
      </testcase>
      <testcase name="test_generate_drops_with_invalid_enemy_type" assertions="1" status="pass" classname="scripts/tests/drop_system_test.gd" time="0.001385" >
      </testcase>
      <testcase name="test_scavenging_multiplies_drop_amounts" assertions="2" status="pass" classname="scripts/tests/drop_system_test.gd" time="0.120651" >
      </testcase>
      <testcase name="test_scavenging_caps_at_50_percent" assertions="2" status="pass" classname="scripts/tests/drop_system_test.gd" time="0.000916" >
      </testcase>
      <testcase name="test_scavenging_zero_gives_base_drops" assertions="1" status="pass" classname="scripts/tests/drop_system_test.gd" time="0.001159" >
      </testcase>
      <testcase name="test_award_xp_for_kill_grants_xp" assertions="1" status="pass" classname="scripts/tests/drop_system_test.gd" time="0.001414" >
      </testcase>
      <testcase name="test_award_xp_for_kill_triggers_level_up" assertions="2" status="pass" classname="scripts/tests/drop_system_test.gd" time="0.001568" >
      </testcase>
      <testcase name="test_award_xp_for_kill_returns_false_when_no_level_up" assertions="1" status="pass" classname="scripts/tests/drop_system_test.gd" time="0.001222" >
      </testcase>
      <testcase name="test_award_xp_with_invalid_enemy_type" assertions="1" status="pass" classname="scripts/tests/drop_system_test.gd" time="0.001579" >
      </testcase>
      <testcase name="test_process_enemy_kill_returns_complete_data" assertions="5" status="pass" classname="scripts/tests/drop_system_test.gd" time="0.001719" >
      </testcase>
      <testcase name="test_process_enemy_kill_with_level_up" assertions="2" status="pass" classname="scripts/tests/drop_system_test.gd" time="0.001977" >
      </testcase>
      <testcase name="test_process_enemy_kill_applies_scavenging_to_drops" assertions="1" status="pass" classname="scripts/tests/drop_system_test.gd" time="0.001657" >
      </testcase>
      <testcase name="test_mutant_rat_drops_different_currencies" assertions="1" status="pass" classname="scripts/tests/drop_system_test.gd" time="0.009397" >
      </testcase>
      <testcase name="test_rust_spider_awards_different_xp" assertions="1" status="pass" classname="scripts/tests/drop_system_test.gd" time="0.001569" >
      </testcase>
  </testsuite>
  <testsuite name="scripts/tests/enemy_service_test.gd" tests="25" failures="0" skipped="0" time="0.017054" >
      <testcase name="test_enemy_type_exists_returns_true_for_valid_type" assertions="1" status="pass" classname="scripts/tests/enemy_service_test.gd" time="0.000321" >
      </testcase>
      <testcase name="test_enemy_type_exists_returns_false_for_invalid_type" assertions="1" status="pass" classname="scripts/tests/enemy_service_test.gd" time="0.00031" >
      </testcase>
      <testcase name="test_get_enemy_type_returns_valid_data" assertions="5" status="pass" classname="scripts/tests/enemy_service_test.gd" time="0.000371" >
      </testcase>
      <testcase name="test_get_enemy_type_returns_empty_for_invalid_type" assertions="1" status="pass" classname="scripts/tests/enemy_service_test.gd" time="0.000576" >
      </testcase>
      <testcase name="test_spawn_enemy_returns_valid_id" assertions="2" status="pass" classname="scripts/tests/enemy_service_test.gd" time="0.000592" >
      </testcase>
      <testcase name="test_spawn_enemy_creates_valid_enemy" assertions="7" status="pass" classname="scripts/tests/enemy_service_test.gd" time="0.000648" >
      </testcase>
      <testcase name="test_spawn_enemy_with_invalid_type_fails" assertions="1" status="pass" classname="scripts/tests/enemy_service_test.gd" time="0.000592" >
      </testcase>
      <testcase name="test_spawn_enemy_increments_id" assertions="1" status="pass" classname="scripts/tests/enemy_service_test.gd" time="0.000873" >
      </testcase>
      <testcase name="test_damage_enemy_reduces_hp" assertions="3" status="pass" classname="scripts/tests/enemy_service_test.gd" time="0.000591" >
      </testcase>
      <testcase name="test_damage_enemy_returns_true_when_killed" assertions="3" status="pass" classname="scripts/tests/enemy_service_test.gd" time="0.000849" >
      </testcase>
      <testcase name="test_damage_enemy_caps_hp_at_zero" assertions="1" status="pass" classname="scripts/tests/enemy_service_test.gd" time="0.000765" >
      </testcase>
      <testcase name="test_damage_enemy_with_invalid_id_returns_false" assertions="1" status="pass" classname="scripts/tests/enemy_service_test.gd" time="0.000505" >
      </testcase>
      <testcase name="test_damage_dead_enemy_fails" assertions="1" status="pass" classname="scripts/tests/enemy_service_test.gd" time="0.000996" >
      </testcase>
      <testcase name="test_kill_enemy_returns_drop_data" assertions="5" status="pass" classname="scripts/tests/enemy_service_test.gd" time="0.000607" >
      </testcase>
      <testcase name="test_get_living_enemies_returns_all_alive" assertions="3" status="pass" classname="scripts/tests/enemy_service_test.gd" time="0.000918" >
      </testcase>
      <testcase name="test_get_living_enemies_excludes_dead" assertions="3" status="pass" classname="scripts/tests/enemy_service_test.gd" time="0.001151" >
      </testcase>
      <testcase name="test_get_enemy_count" assertions="1" status="pass" classname="scripts/tests/enemy_service_test.gd" time="0.001123" >
      </testcase>
      <testcase name="test_remove_enemy" assertions="1" status="pass" classname="scripts/tests/enemy_service_test.gd" time="0.001134" >
      </testcase>
      <testcase name="test_wave_scaling_increases_enemy_count" assertions="3" status="pass" classname="scripts/tests/enemy_service_test.gd" time="0.000337" >
      </testcase>
      <testcase name="test_wave_scaling_increases_enemy_hp" assertions="3" status="pass" classname="scripts/tests/enemy_service_test.gd" time="0.000327" >
      </testcase>
      <testcase name="test_spawn_enemy_applies_wave_scaling" assertions="1" status="pass" classname="scripts/tests/enemy_service_test.gd" time="0.000528" >
      </testcase>
      <testcase name="test_get_spawn_rate_decreases_with_wave" assertions="3" status="pass" classname="scripts/tests/enemy_service_test.gd" time="0.000282" >
      </testcase>
      <testcase name="test_update_enemy_ai_moves_toward_player" assertions="2" status="pass" classname="scripts/tests/enemy_service_test.gd" time="0.000527" >
      </testcase>
      <testcase name="test_get_enemies_in_radius" assertions="3" status="pass" classname="scripts/tests/enemy_service_test.gd" time="0.001024" >
      </testcase>
      <testcase name="test_get_enemies_in_radius_excludes_dead" assertions="3" status="pass" classname="scripts/tests/enemy_service_test.gd" time="0.001107" >
      </testcase>
  </testsuite>
  <testsuite name="scripts/tests/entity_classes_test.gd" tests="30" failures="0" skipped="24" time="0.255382" >
      <testcase name="test_player_initial_max_health_is_100" assertions="1" status="pass" classname="scripts/tests/entity_classes_test.gd" time="0.002837" >
      </testcase>
      <testcase name="test_player_initial_current_health_is_100" assertions="1" status="pass" classname="scripts/tests/entity_classes_test.gd" time="0.042861" >
      </testcase>
      <testcase name="test_player_base_speed_is_200" assertions="1" status="pass" classname="scripts/tests/entity_classes_test.gd" time="0.054076" >
      </testcase>
      <testcase name="test_player_takes_damage_correctly" assertions="1" status="pass" classname="scripts/tests/entity_classes_test.gd" time="0.050371" >
      </testcase>
      <testcase name="test_player_heals_correctly" assertions="1" status="pass" classname="scripts/tests/entity_classes_test.gd" time="0.04852" >
      </testcase>
      <testcase name="test_player_applies_health_item_modifiers" assertions="0" status="pending" classname="scripts/tests/entity_classes_test.gd" time="0.001554" >
      <skipped message="pending"><![CDATA[Disabled - CharacterService handles stat modifiers, not Player directly]]></skipped></testcase>
      <testcase name="test_player_applies_speed_item_modifiers" assertions="0" status="pending" classname="scripts/tests/entity_classes_test.gd" time="0.001508" >
      <skipped message="pending"><![CDATA[Disabled - CharacterService handles stat modifiers, not Player directly]]></skipped></testcase>
      <testcase name="test_player_equips_weapon" assertions="0" status="pending" classname="scripts/tests/entity_classes_test.gd" time="0.001486" >
      <skipped message="pending"><![CDATA[Disabled - WeaponService integration tested in scene_integration_test.gd]]></skipped></testcase>
      <testcase name="test_player_invulnerability_blocks_damage" assertions="0" status="pending" classname="scripts/tests/entity_classes_test.gd" time="0.001392" >
      <skipped message="pending"><![CDATA[Disabled - Week 10 Player doesn't have invulnerability (simplified)]]></skipped></testcase>
      <testcase name="test_enemy_resource_loads" assertions="0" status="pending" classname="scripts/tests/entity_classes_test.gd" time="0.001303" >
      <skipped message="pending"><![CDATA[Disabled for headless CI - set ENABLE_RESOURCE_TESTS=true to run in Godot Editor]]></skipped></testcase>
      <testcase name="test_enemy_initializes_with_wave_1" assertions="0" status="pending" classname="scripts/tests/entity_classes_test.gd" time="0.001346" >
      <skipped message="pending"><![CDATA[Disabled for headless CI - set ENABLE_RESOURCE_TESTS=true to run in Godot Editor]]></skipped></testcase>
      <testcase name="test_enemy_scales_health_with_wave" assertions="0" status="pending" classname="scripts/tests/entity_classes_test.gd" time="0.00132" >
      <skipped message="pending"><![CDATA[Disabled for headless CI - set ENABLE_RESOURCE_TESTS=true to run in Godot Editor]]></skipped></testcase>
      <testcase name="test_enemy_takes_damage" assertions="0" status="pending" classname="scripts/tests/entity_classes_test.gd" time="0.001315" >
      <skipped message="pending"><![CDATA[Disabled for headless CI - set ENABLE_RESOURCE_TESTS=true to run in Godot Editor]]></skipped></testcase>
      <testcase name="test_enemy_health_percentage_calculation" assertions="0" status="pending" classname="scripts/tests/entity_classes_test.gd" time="0.001325" >
      <skipped message="pending"><![CDATA[Disabled for headless CI - set ENABLE_RESOURCE_TESTS=true to run in Godot Editor]]></skipped></testcase>
      <testcase name="test_enemy_is_alive_when_health_positive" assertions="0" status="pending" classname="scripts/tests/entity_classes_test.gd" time="0.00126" >
      <skipped message="pending"><![CDATA[Disabled for headless CI - set ENABLE_RESOURCE_TESTS=true to run in Godot Editor]]></skipped></testcase>
      <testcase name="test_enemy_is_dead_when_health_zero" assertions="0" status="pending" classname="scripts/tests/entity_classes_test.gd" time="0.001191" >
      <skipped message="pending"><![CDATA[Disabled for headless CI - set ENABLE_RESOURCE_TESTS=true to run in Godot Editor]]></skipped></testcase>
      <testcase name="test_projectile_activates_with_parameters" assertions="0" status="pending" classname="scripts/tests/entity_classes_test.gd" time="0.001201" >
      <skipped message="pending"><![CDATA[Disabled - Projectile implementation pending Week 10 Phase 2]]></skipped></testcase>
      <testcase name="test_projectile_velocity_is_set" assertions="0" status="pending" classname="scripts/tests/entity_classes_test.gd" time="0.001186" >
      <skipped message="pending"><![CDATA[Disabled - Projectile implementation pending Week 10 Phase 2]]></skipped></testcase>
      <testcase name="test_projectile_pierce_is_set" assertions="0" status="pending" classname="scripts/tests/entity_classes_test.gd" time="0.001185" >
      <skipped message="pending"><![CDATA[Disabled - Projectile implementation pending Week 10 Phase 2]]></skipped></testcase>
      <testcase name="test_projectile_remaining_range_is_full" assertions="0" status="pending" classname="scripts/tests/entity_classes_test.gd" time="0.001152" >
      <skipped message="pending"><![CDATA[Disabled - Projectile implementation pending Week 10 Phase 2]]></skipped></testcase>
      <testcase name="test_projectile_deactivates" assertions="0" status="pending" classname="scripts/tests/entity_classes_test.gd" time="0.001102" >
      <skipped message="pending"><![CDATA[Disabled - Projectile implementation pending Week 10 Phase 2]]></skipped></testcase>
      <testcase name="test_enemy_targets_player" assertions="0" status="pending" classname="scripts/tests/entity_classes_test.gd" time="0.001096" >
      <skipped message="pending"><![CDATA[Disabled for headless CI - set ENABLE_RESOURCE_TESTS=true to run in Godot Editor]]></skipped></testcase>
      <testcase name="test_player_fires_weapon" assertions="0" status="pending" classname="scripts/tests/entity_classes_test.gd" time="0.001094" >
      <skipped message="pending"><![CDATA[Disabled - Weapon firing tested in scene_integration_test.gd]]></skipped></testcase>
      <testcase name="test_enemy_calculates_distance_to_player" assertions="0" status="pending" classname="scripts/tests/entity_classes_test.gd" time="0.001107" >
      <skipped message="pending"><![CDATA[Disabled - AI tested in scene_integration_test.gd]]></skipped></testcase>
      <testcase name="test_player_armor_reduces_damage" assertions="2" status="pass" classname="scripts/tests/entity_classes_test.gd" time="0.026638" >
      </testcase>
      <testcase name="test_player_life_steal_modifier" assertions="0" status="pending" classname="scripts/tests/entity_classes_test.gd" time="0.001246" >
      <skipped message="pending"><![CDATA[Disabled - Life steal not yet implemented in Week 10]]></skipped></testcase>
      <testcase name="test_weapon_resource_loads" assertions="0" status="pending" classname="scripts/tests/entity_classes_test.gd" time="0.001218" >
      <skipped message="pending"><![CDATA[Disabled for headless CI - set ENABLE_RESOURCE_TESTS=true to run in Godot Editor]]></skipped></testcase>
      <testcase name="test_enemy_resource_basic_loads" assertions="0" status="pending" classname="scripts/tests/entity_classes_test.gd" time="0.001236" >
      <skipped message="pending"><![CDATA[Disabled for headless CI - set ENABLE_RESOURCE_TESTS=true to run in Godot Editor]]></skipped></testcase>
      <testcase name="test_health_boost_item_loads" assertions="0" status="pending" classname="scripts/tests/entity_classes_test.gd" time="0.001143" >
      <skipped message="pending"><![CDATA[Disabled for headless CI - set ENABLE_RESOURCE_TESTS=true to run in Godot Editor]]></skipped></testcase>
      <testcase name="test_vampiric_fangs_item_loads" assertions="0" status="pending" classname="scripts/tests/entity_classes_test.gd" time="0.001113" >
      <skipped message="pending"><![CDATA[Disabled for headless CI - set ENABLE_RESOURCE_TESTS=true to run in Godot Editor]]></skipped></testcase>
  </testsuite>
  <testsuite name="scripts/tests/error_service_test.gd" tests="3" failures="0" skipped="0" time="0.000757" >
      <testcase name="test_error_occurred_signal_emits_on_error" assertions="3" status="pass" classname="scripts/tests/error_service_test.gd" time="0.000303" >
      </testcase>
      <testcase name="test_critical_error_occurred_signal_emits_on_critical" assertions="3" status="pass" classname="scripts/tests/error_service_test.gd" time="0.000237" >
      </testcase>
      <testcase name="test_godot_error_capture_includes_stack_trace_in_metadata" assertions="2" status="pass" classname="scripts/tests/error_service_test.gd" time="0.000217" >
      </testcase>
  </testsuite>
  <testsuite name="scripts/tests/game_state_test.gd" tests="53" failures="0" skipped="0" time="0.134299" >
      <testcase name="test_initial_wave_is_zero" assertions="1" status="pass" classname="scripts/tests/game_state_test.gd" time="0.000077" >
      </testcase>
      <testcase name="test_set_current_wave_updates_wave" assertions="1" status="pass" classname="scripts/tests/game_state_test.gd" time="0.000068" >
      </testcase>
      <testcase name="test_set_current_wave_emits_signal" assertions="3" status="pass" classname="scripts/tests/game_state_test.gd" time="0.000288" >
      </testcase>
      <testcase name="test_set_current_wave_no_signal_for_same_value" assertions="1" status="pass" classname="scripts/tests/game_state_test.gd" time="0.000199" >
      </testcase>
      <testcase name="test_initial_score_is_zero" assertions="1" status="pass" classname="scripts/tests/game_state_test.gd" time="0.000066" >
      </testcase>
      <testcase name="test_set_score_updates_score" assertions="1" status="pass" classname="scripts/tests/game_state_test.gd" time="0.000063" >
      </testcase>
      <testcase name="test_set_score_updates_high_score" assertions="1" status="pass" classname="scripts/tests/game_state_test.gd" time="0.000061" >
      </testcase>
      <testcase name="test_set_score_emits_signal" assertions="3" status="pass" classname="scripts/tests/game_state_test.gd" time="0.000267" >
      </testcase>
      <testcase name="test_add_score_increases_score" assertions="1" status="pass" classname="scripts/tests/game_state_test.gd" time="0.000071" >
      </testcase>
      <testcase name="test_add_score_updates_high_score" assertions="1" status="pass" classname="scripts/tests/game_state_test.gd" time="0.000066" >
      </testcase>
      <testcase name="test_add_score_emits_signal" assertions="2" status="pass" classname="scripts/tests/game_state_test.gd" time="0.000217" >
      </testcase>
      <testcase name="test_high_score_does_not_decrease" assertions="1" status="pass" classname="scripts/tests/game_state_test.gd" time="0.000066" >
      </testcase>
      <testcase name="test_initial_gameplay_state_is_inactive" assertions="1" status="pass" classname="scripts/tests/game_state_test.gd" time="0.000051" >
      </testcase>
      <testcase name="test_set_gameplay_active_true_updates_state" assertions="1" status="pass" classname="scripts/tests/game_state_test.gd" time="0.000048" >
      </testcase>
      <testcase name="test_set_gameplay_active_true_emits_signal" assertions="2" status="pass" classname="scripts/tests/game_state_test.gd" time="0.000207" >
      </testcase>
      <testcase name="test_set_gameplay_active_false_updates_state" assertions="1" status="pass" classname="scripts/tests/game_state_test.gd" time="0.000054" >
      </testcase>
      <testcase name="test_set_gameplay_active_false_emits_signal" assertions="2" status="pass" classname="scripts/tests/game_state_test.gd" time="0.000199" >
      </testcase>
      <testcase name="test_initial_character_is_empty" assertions="1" status="pass" classname="scripts/tests/game_state_test.gd" time="0.000069" >
      </testcase>
      <testcase name="test_set_current_character_updates_character" assertions="1" status="pass" classname="scripts/tests/game_state_test.gd" time="0.000067" >
      </testcase>
      <testcase name="test_set_current_character_emits_signal" assertions="2" status="pass" classname="scripts/tests/game_state_test.gd" time="0.00022" >
      </testcase>
      <testcase name="test_set_current_character_no_signal_for_same_value" assertions="1" status="pass" classname="scripts/tests/game_state_test.gd" time="0.000191" >
      </testcase>
      <testcase name="test_reset_clears_wave" assertions="1" status="pass" classname="scripts/tests/game_state_test.gd" time="0.000068" >
      </testcase>
      <testcase name="test_reset_clears_score" assertions="1" status="pass" classname="scripts/tests/game_state_test.gd" time="0.000064" >
      </testcase>
      <testcase name="test_reset_preserves_high_score" assertions="1" status="pass" classname="scripts/tests/game_state_test.gd" time="0.000062" >
      </testcase>
      <testcase name="test_reset_deactivates_gameplay" assertions="1" status="pass" classname="scripts/tests/game_state_test.gd" time="0.000051" >
      </testcase>
      <testcase name="test_reset_clears_character" assertions="1" status="pass" classname="scripts/tests/game_state_test.gd" time="0.000063" >
      </testcase>
      <testcase name="test_reset_unpauses_game" assertions="1" status="pass" classname="scripts/tests/game_state_test.gd" time="0.000047" >
      </testcase>
      <testcase name="test_reset_full_state" assertions="6" status="pass" classname="scripts/tests/game_state_test.gd" time="0.00011" >
      </testcase>
      <testcase name="test_week15_initial_active_character_is_empty" assertions="1" status="pass" classname="scripts/tests/game_state_test.gd" time="0.000062" >
      </testcase>
      <testcase name="test_week15_set_active_character_updates_id" assertions="1" status="pass" classname="scripts/tests/game_state_test.gd" time="0.000437" >
      </testcase>
      <testcase name="test_week15_set_active_character_emits_signal" assertions="2" status="pass" classname="scripts/tests/game_state_test.gd" time="0.000577" >
      </testcase>
      <testcase name="test_week15_set_active_character_allows_empty_string" assertions="1" status="pass" classname="scripts/tests/game_state_test.gd" time="0.000769" >
      </testcase>
      <testcase name="test_week15_initial_run_state_is_inactive" assertions="2" status="pass" classname="scripts/tests/game_state_test.gd" time="0.000066" >
      </testcase>
      <testcase name="test_week15_start_run_activates_run" assertions="1" status="pass" classname="scripts/tests/game_state_test.gd" time="0.000705" >
      </testcase>
      <testcase name="test_week15_start_run_sets_start_time" assertions="1" status="pass" classname="scripts/tests/game_state_test.gd" time="0.000694" >
      </testcase>
      <testcase name="test_week15_start_run_resets_wave_to_zero" assertions="1" status="pass" classname="scripts/tests/game_state_test.gd" time="0.000701" >
      </testcase>
      <testcase name="test_week15_start_run_emits_signal" assertions="2" status="pass" classname="scripts/tests/game_state_test.gd" time="0.000884" >
      </testcase>
      <testcase name="test_week15_start_run_fails_without_active_character" assertions="1" status="pass" classname="scripts/tests/game_state_test.gd" time="0.000386" >
      </testcase>
      <testcase name="test_week15_end_run_deactivates_run" assertions="1" status="pass" classname="scripts/tests/game_state_test.gd" time="0.001033" >
      </testcase>
      <testcase name="test_week15_end_run_adds_duration_to_stats" assertions="2" status="pass" classname="scripts/tests/game_state_test.gd" time="0.066414" >
      </testcase>
      <testcase name="test_week15_end_run_adds_character_id_to_stats" assertions="2" status="pass" classname="scripts/tests/game_state_test.gd" time="0.001489" >
      </testcase>
      <testcase name="test_week15_end_run_emits_signal" assertions="4" status="pass" classname="scripts/tests/game_state_test.gd" time="0.001579" >
      </testcase>
      <testcase name="test_week15_end_run_without_active_run_shows_warning" assertions="3" status="pass" classname="scripts/tests/game_state_test.gd" time="0.000481" >
      </testcase>
      <testcase name="test_week15_get_active_character_returns_empty_when_no_character" assertions="1" status="pass" classname="scripts/tests/game_state_test.gd" time="0.000559" >
      </testcase>
      <testcase name="test_week15_get_active_character_returns_character_data" assertions="5" status="pass" classname="scripts/tests/game_state_test.gd" time="0.00104" >
      </testcase>
      <testcase name="test_week15_full_run_flow" assertions="8" status="pass" classname="scripts/tests/game_state_test.gd" time="0.001985" >
      </testcase>
      <testcase name="test_week15_expert_start_run_called_twice_reinitializes" assertions="3" status="pass" classname="scripts/tests/game_state_test.gd" time="0.042183" >
      </testcase>
      <testcase name="test_week15_expert_very_long_run_duration" assertions="3" status="pass" classname="scripts/tests/game_state_test.gd" time="0.001017" >
      </testcase>
      <testcase name="test_week15_expert_invalid_character_id_allowed" assertions="2" status="pass" classname="scripts/tests/game_state_test.gd" time="0.001095" >
      </testcase>
      <testcase name="test_week15_expert_end_run_with_null_stats" assertions="3" status="pass" classname="scripts/tests/game_state_test.gd" time="0.001453" >
      </testcase>
      <testcase name="test_week15_expert_concurrent_runs_same_character" assertions="6" status="pass" classname="scripts/tests/game_state_test.gd" time="0.002553" >
      </testcase>
      <testcase name="test_week15_expert_concurrent_runs_different_characters" assertions="3" status="pass" classname="scripts/tests/game_state_test.gd" time="0.001731" >
      </testcase>
      <testcase name="test_week15_expert_end_run_preserves_original_stats" assertions="4" status="pass" classname="scripts/tests/game_state_test.gd" time="0.001326" >
      </testcase>
  </testsuite>
  <testsuite name="scripts/tests/hud_service_test.gd" tests="11" failures="0" skipped="0" time="0.049434" >
      <testcase name="test_hud_service_updates_hp_on_damage" assertions="2" status="pass" classname="scripts/tests/hud_service_test.gd" time="0.002482" >
      </testcase>
      <testcase name="test_hud_service_updates_hp_on_heal" assertions="2" status="pass" classname="scripts/tests/hud_service_test.gd" time="0.001948" >
      </testcase>
      <testcase name="test_hud_service_updates_xp_on_gain" assertions="3" status="pass" classname="scripts/tests/hud_service_test.gd" time="0.006173" >
      </testcase>
      <testcase name="test_hud_service_updates_xp_on_level_up" assertions="2" status="pass" classname="scripts/tests/hud_service_test.gd" time="0.007064" >
      </testcase>
      <testcase name="test_hud_service_updates_currency_on_collection" assertions="1" status="pass" classname="scripts/tests/hud_service_test.gd" time="0.006264" >
      </testcase>
      <testcase name="test_hud_service_updates_wave_on_change" assertions="3" status="pass" classname="scripts/tests/hud_service_test.gd" time="0.00726" >
      </testcase>
      <testcase name="test_hud_service_can_set_player" assertions="1" status="pass" classname="scripts/tests/hud_service_test.gd" time="0.001288" >
      </testcase>
      <testcase name="test_hud_service_disconnects_previous_player" assertions="2" status="pass" classname="scripts/tests/hud_service_test.gd" time="0.013229" >
      </testcase>
      <testcase name="test_hud_service_returns_current_hp_state" assertions="2" status="pass" classname="scripts/tests/hud_service_test.gd" time="0.001464" >
      </testcase>
      <testcase name="test_hud_service_returns_current_xp_state" assertions="3" status="pass" classname="scripts/tests/hud_service_test.gd" time="0.001783" >
      </testcase>
      <testcase name="test_hud_service_returns_current_wave" assertions="1" status="pass" classname="scripts/tests/hud_service_test.gd" time="0.000479" >
      </testcase>
  </testsuite>
  <testsuite name="scripts/tests/input_system_test.gd" tests="6" failures="0" skipped="0" time="0.002231" >
      <testcase name="test_camera_follows_player_smoothly" assertions="2" status="pass" classname="scripts/tests/input_system_test.gd" time="0.000706" >
      </testcase>
      <testcase name="test_camera_respects_boundaries" assertions="4" status="pass" classname="scripts/tests/input_system_test.gd" time="0.000121" >
      </testcase>
      <testcase name="test_camera_shake_on_weapon_fire" assertions="2" status="pass" classname="scripts/tests/input_system_test.gd" time="0.000551" >
      </testcase>
      <testcase name="test_camera_shake_decays_over_time" assertions="1" status="pass" classname="scripts/tests/input_system_test.gd" time="0.000437" >
      </testcase>
      <testcase name="test_input_handler_emits_movement_signal" assertions="1" status="pass" classname="scripts/tests/input_system_test.gd" time="0.000218" >
      </testcase>
      <testcase name="test_input_handler_emits_aim_signal" assertions="1" status="pass" classname="scripts/tests/input_system_test.gd" time="0.000198" >
      </testcase>
  </testsuite>
  <testsuite name="scripts/tests/logger_test.gd" tests="11" failures="0" skipped="0" time="1.387684" >
      <testcase name="test_log_file_is_created" assertions="1" status="pass" classname="scripts/tests/logger_test.gd" time="0.001186" >
      </testcase>
      <testcase name="test_log_file_is_not_empty" assertions="1" status="pass" classname="scripts/tests/logger_test.gd" time="0.000876" >
      </testcase>
      <testcase name="test_log_path_returns_valid_path" assertions="2" status="pass" classname="scripts/tests/logger_test.gd" time="0.000415" >
      </testcase>
      <testcase name="test_debug_level_is_recorded" assertions="2" status="pass" classname="scripts/tests/logger_test.gd" time="0.000785" >
      </testcase>
      <testcase name="test_info_level_is_recorded" assertions="2" status="pass" classname="scripts/tests/logger_test.gd" time="0.000849" >
      </testcase>
      <testcase name="test_warning_level_is_recorded" assertions="2" status="pass" classname="scripts/tests/logger_test.gd" time="0.000863" >
      </testcase>
      <testcase name="test_error_level_is_recorded" assertions="2" status="pass" classname="scripts/tests/logger_test.gd" time="0.000828" >
      </testcase>
      <testcase name="test_multiple_log_levels_are_recorded" assertions="6" status="pass" classname="scripts/tests/logger_test.gd" time="0.001793" >
      </testcase>
      <testcase name="test_log_rotation_respects_max_files" assertions="1" status="pass" classname="scripts/tests/logger_test.gd" time="0.639459" >
      </testcase>
      <testcase name="test_log_rotation_keeps_most_recent_files" assertions="1" status="pass" classname="scripts/tests/logger_test.gd" time="0.73881" >
      </testcase>
      <testcase name="test_error_service_integration_placeholder" assertions="1" status="pass" classname="scripts/tests/logger_test.gd" time="0.00182" >
      </testcase>
  </testsuite>
  <testsuite name="scripts/tests/recycler_service_test.gd" tests="26" failures="0" skipped="0" time="0.021782" >
      <testcase name="test_rarity_enum_values_are_correct" assertions="5" status="pass" classname="scripts/tests/recycler_service_test.gd" time="0.00135" >
      </testcase>
      <testcase name="test_scrap_base_values_by_rarity" assertions="2" status="pass" classname="scripts/tests/recycler_service_test.gd" time="0.000852" >
      </testcase>
      <testcase name="test_component_base_values_by_rarity" assertions="2" status="pass" classname="scripts/tests/recycler_service_test.gd" time="0.000791" >
      </testcase>
      <testcase name="test_dismantle_common_non_weapon_gives_base_scrap" assertions="1" status="pass" classname="scripts/tests/recycler_service_test.gd" time="0.001409" >
      </testcase>
      <testcase name="test_dismantle_common_weapon_applies_multiplier" assertions="1" status="pass" classname="scripts/tests/recycler_service_test.gd" time="0.001293" >
      </testcase>
      <testcase name="test_dismantle_rare_non_weapon_gives_higher_scrap" assertions="1" status="pass" classname="scripts/tests/recycler_service_test.gd" time="0.001155" >
      </testcase>
      <testcase name="test_dismantle_rare_weapon_applies_multiplier_and_rounds" assertions="1" status="pass" classname="scripts/tests/recycler_service_test.gd" time="0.001138" >
      </testcase>
      <testcase name="test_common_items_never_drop_components" assertions="2" status="pass" classname="scripts/tests/recycler_service_test.gd" time="0.001153" >
      </testcase>
      <testcase name="test_uncommon_has_correct_component_chance_and_potential" assertions="2" status="pass" classname="scripts/tests/recycler_service_test.gd" time="0.000659" >
      </testcase>
      <testcase name="test_rare_has_correct_component_chance_and_potential" assertions="2" status="pass" classname="scripts/tests/recycler_service_test.gd" time="0.000683" >
      </testcase>
      <testcase name="test_epic_has_correct_component_chance_and_potential" assertions="2" status="pass" classname="scripts/tests/recycler_service_test.gd" time="0.00065" >
      </testcase>
      <testcase name="test_legendary_has_correct_component_chance_and_potential" assertions="2" status="pass" classname="scripts/tests/recycler_service_test.gd" time="0.000722" >
      </testcase>
      <testcase name="test_luck_40_adds_10_percent_component_chance" assertions="1" status="pass" classname="scripts/tests/recycler_service_test.gd" time="0.000598" >
      </testcase>
      <testcase name="test_luck_chance_bonus_caps_at_25_percent" assertions="1" status="pass" classname="scripts/tests/recycler_service_test.gd" time="0.000548" >
      </testcase>
      <testcase name="test_luck_120_adds_one_component" assertions="1" status="pass" classname="scripts/tests/recycler_service_test.gd" time="0.000562" >
      </testcase>
      <testcase name="test_luck_240_adds_two_components" assertions="1" status="pass" classname="scripts/tests/recycler_service_test.gd" time="0.00054" >
      </testcase>
      <testcase name="test_component_chance_caps_at_95_percent" assertions="1" status="pass" classname="scripts/tests/recycler_service_test.gd" time="0.000525" >
      </testcase>
      <testcase name="test_preview_shows_potential_components" assertions="2" status="pass" classname="scripts/tests/recycler_service_test.gd" time="0.000557" >
      </testcase>
      <testcase name="test_dismantle_uses_randomness_for_components" assertions="1" status="pass" classname="scripts/tests/recycler_service_test.gd" time="0.001448" >
      </testcase>
      <testcase name="test_broken_item_gives_zero_scrap" assertions="1" status="pass" classname="scripts/tests/recycler_service_test.gd" time="0.000971" >
      </testcase>
      <testcase name="test_negative_luck_normalized_to_zero" assertions="1" status="pass" classname="scripts/tests/recycler_service_test.gd" time="0.000486" >
      </testcase>
      <testcase name="test_empty_template_id_returns_zero_outcome" assertions="2" status="pass" classname="scripts/tests/recycler_service_test.gd" time="0.00089" >
      </testcase>
      <testcase name="test_base_scrap_override_works" assertions="1" status="pass" classname="scripts/tests/recycler_service_test.gd" time="0.000895" >
      </testcase>
      <testcase name="test_rarity_from_string_converts_correctly" assertions="3" status="pass" classname="scripts/tests/recycler_service_test.gd" time="0.000524" >
      </testcase>
      <testcase name="test_rarity_to_string_converts_correctly" assertions="2" status="pass" classname="scripts/tests/recycler_service_test.gd" time="0.000502" >
      </testcase>
      <testcase name="test_unknown_rarity_string_defaults_to_common" assertions="1" status="pass" classname="scripts/tests/recycler_service_test.gd" time="0.000881" >
      </testcase>
  </testsuite>
  <testsuite name="scripts/tests/save_integration_test.gd" tests="36" failures="0" skipped="0" time="0.295443" >
      <testcase name="test_save_all_services_succeeds" assertions="2" status="pass" classname="scripts/tests/save_integration_test.gd" time="0.010576" >
      </testcase>
      <testcase name="test_load_all_services_restores_state" assertions="4" status="pass" classname="scripts/tests/save_integration_test.gd" time="0.013831" >
      </testcase>
      <testcase name="test_multiple_services_save_and_load" assertions="2" status="pass" classname="scripts/tests/save_integration_test.gd" time="0.01213" >
      </testcase>
      <testcase name="test_transaction_history_persists" assertions="7" status="pass" classname="scripts/tests/save_integration_test.gd" time="0.011916" >
      </testcase>
      <testcase name="test_save_started_signal_emits" assertions="1" status="pass" classname="scripts/tests/save_integration_test.gd" time="0.007005" >
      </testcase>
      <testcase name="test_save_completed_signal_emits" assertions="2" status="pass" classname="scripts/tests/save_integration_test.gd" time="0.00684" >
      </testcase>
      <testcase name="test_load_started_signal_emits" assertions="1" status="pass" classname="scripts/tests/save_integration_test.gd" time="0.009238" >
      </testcase>
      <testcase name="test_load_completed_signal_emits" assertions="2" status="pass" classname="scripts/tests/save_integration_test.gd" time="0.009533" >
      </testcase>
      <testcase name="test_unsaved_changes_tracked_after_modification" assertions="1" status="pass" classname="scripts/tests/save_integration_test.gd" time="0.005147" >
      </testcase>
      <testcase name="test_unsaved_changes_cleared_after_save" assertions="1" status="pass" classname="scripts/tests/save_integration_test.gd" time="0.006644" >
      </testcase>
      <testcase name="test_load_nonexistent_save_fails_gracefully" assertions="1" status="pass" classname="scripts/tests/save_integration_test.gd" time="0.00575" >
      </testcase>
      <testcase name="test_metadata_shows_no_save_initially" assertions="1" status="pass" classname="scripts/tests/save_integration_test.gd" time="0.004582" >
      </testcase>
      <testcase name="test_metadata_populated_after_save" assertions="4" status="pass" classname="scripts/tests/save_integration_test.gd" time="0.006823" >
      </testcase>
      <testcase name="test_save_deleted_successfully" assertions="3" status="pass" classname="scripts/tests/save_integration_test.gd" time="0.00679" >
      </testcase>
      <testcase name="test_cross_service_state_consistency" assertions="3" status="pass" classname="scripts/tests/save_integration_test.gd" time="0.01092" >
      </testcase>
      <testcase name="test_stateless_service_save_succeeds" assertions="1" status="pass" classname="scripts/tests/save_integration_test.gd" time="0.006537" >
      </testcase>
      <testcase name="test_stateless_service_load_succeeds" assertions="1" status="pass" classname="scripts/tests/save_integration_test.gd" time="0.010167" >
      </testcase>
      <testcase name="test_recycler_service_functional_after_load" assertions="1" status="pass" classname="scripts/tests/save_integration_test.gd" time="0.010236" >
      </testcase>
      <testcase name="test_auto_save_enabled" assertions="1" status="pass" classname="scripts/tests/save_integration_test.gd" time="0.005637" >
      </testcase>
      <testcase name="test_auto_save_trigger_signal_emits" assertions="1" status="pass" classname="scripts/tests/save_integration_test.gd" time="0.007216" >
      </testcase>
      <testcase name="test_auto_save_creates_save_in_slot_0" assertions="2" status="pass" classname="scripts/tests/save_integration_test.gd" time="0.00712" >
      </testcase>
      <testcase name="test_auto_save_skips_when_no_changes" assertions="1" status="pass" classname="scripts/tests/save_integration_test.gd" time="0.00553" >
      </testcase>
      <testcase name="test_week15_load_all_services_returns_dictionary" assertions="1" status="pass" classname="scripts/tests/save_integration_test.gd" time="0.00928" >
      </testcase>
      <testcase name="test_week15_load_success_has_required_fields" assertions="3" status="pass" classname="scripts/tests/save_integration_test.gd" time="0.009434" >
      </testcase>
      <testcase name="test_week15_load_success_fields_correct_types" assertions="3" status="pass" classname="scripts/tests/save_integration_test.gd" time="0.009207" >
      </testcase>
      <testcase name="test_week15_load_success_returns_true" assertions="3" status="pass" classname="scripts/tests/save_integration_test.gd" time="0.009181" >
      </testcase>
      <testcase name="test_week15_load_failure_returns_false" assertions="3" status="pass" classname="scripts/tests/save_integration_test.gd" time="0.005684" >
      </testcase>
      <testcase name="test_week15_load_failure_error_message_populated" assertions="2" status="pass" classname="scripts/tests/save_integration_test.gd" time="0.005717" >
      </testcase>
      <testcase name="test_week15_load_corrupted_save_returns_error" assertions="3" status="pass" classname="scripts/tests/save_integration_test.gd" time="0.005768" >
      </testcase>
      <testcase name="test_week15_save_corruption_triggers_analytics_event" assertions="2" status="pass" classname="scripts/tests/save_integration_test.gd" time="0.005786" >
      </testcase>
      <testcase name="test_week15_primary_source_indicated_on_success" assertions="1" status="pass" classname="scripts/tests/save_integration_test.gd" time="0.009254" >
      </testcase>
      <testcase name="test_week15_backup_source_detection" assertions="1" status="pass" classname="scripts/tests/save_integration_test.gd" time="0.009647" >
      </testcase>
      <testcase name="test_week15_newer_version_save_returns_error" assertions="3" status="pass" classname="scripts/tests/save_integration_test.gd" time="0.00932" >
      </testcase>
      <testcase name="test_week15_multiple_failed_loads_return_consistent_errors" assertions="5" status="pass" classname="scripts/tests/save_integration_test.gd" time="0.007824" >
      </testcase>
      <testcase name="test_week15_character_service_persists_through_save_load" assertions="6" status="pass" classname="scripts/tests/save_integration_test.gd" time="0.009284" >
      </testcase>
      <testcase name="test_week15_multiple_characters_persist" assertions="2" status="pass" classname="scripts/tests/save_integration_test.gd" time="0.009889" >
      </testcase>
  </testsuite>
  <testsuite name="scripts/tests/save_system_test.gd" tests="20" failures="0" skipped="0" time="0.142247" >
      <testcase name="test_save_game_succeeds" assertions="2" status="pass" classname="scripts/tests/save_system_test.gd" time="0.007323" >
      </testcase>
      <testcase name="test_load_game_succeeds" assertions="2" status="pass" classname="scripts/tests/save_system_test.gd" time="0.007255" >
      </testcase>
      <testcase name="test_loaded_data_matches_saved_data" assertions="4" status="pass" classname="scripts/tests/save_system_test.gd" time="0.007133" >
      </testcase>
      <testcase name="test_save_to_multiple_slots" assertions="3" status="pass" classname="scripts/tests/save_system_test.gd" time="0.007931" >
      </testcase>
      <testcase name="test_load_from_multiple_slots" assertions="9" status="pass" classname="scripts/tests/save_system_test.gd" time="0.008189" >
      </testcase>
      <testcase name="test_non_existent_save_metadata" assertions="1" status="pass" classname="scripts/tests/save_system_test.gd" time="0.006784" >
      </testcase>
      <testcase name="test_existing_save_metadata" assertions="5" status="pass" classname="scripts/tests/save_system_test.gd" time="0.007564" >
      </testcase>
      <testcase name="test_second_save_creates_backup" assertions="1" status="pass" classname="scripts/tests/save_system_test.gd" time="0.007752" >
      </testcase>
      <testcase name="test_save_exists_after_creation" assertions="1" status="pass" classname="scripts/tests/save_system_test.gd" time="0.006942" >
      </testcase>
      <testcase name="test_save_deleted_successfully" assertions="2" status="pass" classname="scripts/tests/save_system_test.gd" time="0.007317" >
      </testcase>
      <testcase name="test_has_save_detects_empty_slots" assertions="2" status="pass" classname="scripts/tests/save_system_test.gd" time="0.006469" >
      </testcase>
      <testcase name="test_has_save_detects_existing_save" assertions="2" status="pass" classname="scripts/tests/save_system_test.gd" time="0.006817" >
      </testcase>
      <testcase name="test_negative_slot_save_fails" assertions="2" status="pass" classname="scripts/tests/save_system_test.gd" time="0.006473" >
      </testcase>
      <testcase name="test_too_large_slot_save_fails" assertions="1" status="pass" classname="scripts/tests/save_system_test.gd" time="0.006629" >
      </testcase>
      <testcase name="test_invalid_slot_load_fails" assertions="1" status="pass" classname="scripts/tests/save_system_test.gd" time="0.006506" >
      </testcase>
      <testcase name="test_invalid_slot_has_save_returns_false" assertions="1" status="pass" classname="scripts/tests/save_system_test.gd" time="0.006502" >
      </testcase>
      <testcase name="test_corruption_recovers_from_backup" assertions="2" status="pass" classname="scripts/tests/save_system_test.gd" time="0.007648" >
      </testcase>
      <testcase name="test_save_with_current_version" assertions="1" status="pass" classname="scripts/tests/save_system_test.gd" time="0.006965" >
      </testcase>
      <testcase name="test_load_verifies_version" assertions="2" status="pass" classname="scripts/tests/save_system_test.gd" time="0.007099" >
      </testcase>
      <testcase name="test_future_version_rejected" assertions="2" status="pass" classname="scripts/tests/save_system_test.gd" time="0.006949" >
      </testcase>
  </testsuite>
  <testsuite name="scripts/tests/scene_integration_test.gd" tests="15" failures="0" skipped="0" time="1.064829" >
      <testcase name="test_player_entity_loads_character_stats" assertions="6" status="pass" classname="scripts/tests/scene_integration_test.gd" time="0.072888" >
      </testcase>
      <testcase name="test_player_movement_uses_speed_stat" assertions="3" status="pass" classname="scripts/tests/scene_integration_test.gd" time="0.13136" >
      </testcase>
      <testcase name="test_player_take_damage_applies_armor" assertions="3" status="pass" classname="scripts/tests/scene_integration_test.gd" time="0.097794" >
      </testcase>
      <testcase name="test_player_death_triggers_signal" assertions="4" status="pass" classname="scripts/tests/scene_integration_test.gd" time="0.107111" >
      </testcase>
      <testcase name="test_player_heal_respects_max_hp" assertions="3" status="pass" classname="scripts/tests/scene_integration_test.gd" time="0.092409" >
      </testcase>
      <testcase name="test_player_equips_weapon" assertions="4" status="pass" classname="scripts/tests/scene_integration_test.gd" time="0.098497" >
      </testcase>
      <testcase name="test_enemy_entity_scales_with_wave" assertions="4" status="pass" classname="scripts/tests/scene_integration_test.gd" time="0.004618" >
      </testcase>
      <testcase name="test_enemy_moves_toward_player" assertions="4" status="pass" classname="scripts/tests/scene_integration_test.gd" time="0.160313" >
      </testcase>
[...]
      </testcase>
      <testcase name="test_deleting_all_characters_and_save_restores_first_run_state" assertions="3" status="pass" classname="scripts/tests/ui/first_run_flow_integration_test.gd" time="0.049516" >
      </testcase>
      <testcase name="test_game_state_reset_clears_active_character" assertions="2" status="pass" classname="scripts/tests/ui/first_run_flow_integration_test.gd" time="0.043198" >
      </testcase>
      <testcase name="test_game_state_active_character_not_persisted_in_save_file" assertions="2" status="pass" classname="scripts/tests/ui/first_run_flow_integration_test.gd" time="0.055923" >
      </testcase>
      <testcase name="test_multiple_app_launches_without_save" assertions="3" status="pass" classname="scripts/tests/ui/first_run_flow_integration_test.gd" time="0.04112" >
      </testcase>
      <testcase name="test_character_created_but_not_saved_then_app_restart" assertions="4" status="pass" classname="scripts/tests/ui/first_run_flow_integration_test.gd" time="0.058267" >
      </testcase>
      <testcase name="test_save_file_manually_deleted_triggers_first_run" assertions="2" status="pass" classname="scripts/tests/ui/first_run_flow_integration_test.gd" time="0.051325" >
      </testcase>
      <testcase name="test_auto_navigation_delay_allows_ui_to_load" assertions="1" status="pass" classname="scripts/tests/ui/first_run_flow_integration_test.gd" time="0.042212" >
      </testcase>
      <testcase name="test_full_first_run_service_integration" assertions="7" status="pass" classname="scripts/tests/ui/first_run_flow_integration_test.gd" time="0.060013" >
      </testcase>
      <testcase name="test_tier_limits_respected_during_first_run" assertions="5" status="pass" classname="scripts/tests/ui/first_run_flow_integration_test.gd" time="0.04354" >
      </testcase>
  </testsuite>
  <testsuite name="scripts/tests/ui/game_over_screen_test.gd" tests="14" failures="0" skipped="0" time="1.444506" >
      <testcase name="test_xp_calculation_formula" assertions="3" status="pass" classname="scripts/tests/ui/game_over_screen_test.gd" time="0.092773" >
      </testcase>
      <testcase name="test_xp_award_triggers_level_up" assertions="5" status="pass" classname="scripts/tests/ui/game_over_screen_test.gd" time="0.102734" >
      </testcase>
      <testcase name="test_xp_award_multiple_levels" assertions="4" status="pass" classname="scripts/tests/ui/game_over_screen_test.gd" time="0.097712" >
      </testcase>
      <testcase name="test_highest_wave_updated" assertions="2" status="pass" classname="scripts/tests/ui/game_over_screen_test.gd" time="0.099307" >
      </testcase>
      <testcase name="test_highest_wave_not_updated_if_lower" assertions="2" status="pass" classname="scripts/tests/ui/game_over_screen_test.gd" time="0.105942" >
      </testcase>
      <testcase name="test_total_kills_accumulated" assertions="2" status="pass" classname="scripts/tests/ui/game_over_screen_test.gd" time="0.095626" >
      </testcase>
      <testcase name="test_death_count_incremented" assertions="3" status="pass" classname="scripts/tests/ui/game_over_screen_test.gd" time="0.151595" >
      </testcase>
      <testcase name="test_xp_progress_bar_updated" assertions="3" status="pass" classname="scripts/tests/ui/game_over_screen_test.gd" time="0.096809" >
      </testcase>
      <testcase name="test_stats_display_shows_all_stats" assertions="5" status="pass" classname="scripts/tests/ui/game_over_screen_test.gd" time="0.102173" >
      </testcase>
      <testcase name="test_xp_gained_label_shows_correct_value" assertions="2" status="pass" classname="scripts/tests/ui/game_over_screen_test.gd" time="0.097923" >
      </testcase>
      <testcase name="test_no_character_id_shows_na" assertions="3" status="pass" classname="scripts/tests/ui/game_over_screen_test.gd" time="0.097069" >
      </testcase>
      <testcase name="test_zero_performance_gives_zero_xp" assertions="3" status="pass" classname="scripts/tests/ui/game_over_screen_test.gd" time="0.102917" >
      </testcase>
      <testcase name="test_invalid_character_id_handles_gracefully" assertions="2" status="pass" classname="scripts/tests/ui/game_over_screen_test.gd" time="0.0961" >
      </testcase>
      <testcase name="test_character_progress_saved_on_death" assertions="3" status="pass" classname="scripts/tests/ui/game_over_screen_test.gd" time="0.105826" >
      </testcase>
  </testsuite>
  <testsuite name="scripts/tests/virtual_joystick_test.gd" tests="26" failures="0" skipped="0" time="1.294907" >
      <testcase name="test_virtual_joystick_has_full_screen_anchors" assertions="4" status="pass" classname="scripts/tests/virtual_joystick_test.gd" time="0.047473" >
      </testcase>
      <testcase name="test_virtual_joystick_has_correct_mouse_filter" assertions="1" status="pass" classname="scripts/tests/virtual_joystick_test.gd" time="0.048037" >
      </testcase>
      <testcase name="test_virtual_joystick_control_rect_covers_viewport" assertions="2" status="pass" classname="scripts/tests/virtual_joystick_test.gd" time="0.047446" >
      </testcase>
      <testcase name="test_virtual_joystick_initially_hidden" assertions="2" status="pass" classname="scripts/tests/virtual_joystick_test.gd" time="0.049783" >
      </testcase>
      <testcase name="test_touch_zone_is_left_half_of_screen" assertions="1" status="pass" classname="scripts/tests/virtual_joystick_test.gd" time="0.054942" >
      </testcase>
      <testcase name="test_left_half_touch_activates_joystick" assertions="4" status="pass" classname="scripts/tests/virtual_joystick_test.gd" time="0.04834" >
      </testcase>
      <testcase name="test_right_half_touch_is_rejected" assertions="3" status="pass" classname="scripts/tests/virtual_joystick_test.gd" time="0.048231" >
      </testcase>
      <testcase name="test_touch_at_exact_boundary_left_side" assertions="1" status="pass" classname="scripts/tests/virtual_joystick_test.gd" time="0.048325" >
      </testcase>
      <testcase name="test_touch_at_exact_boundary_right_side" assertions="1" status="pass" classname="scripts/tests/virtual_joystick_test.gd" time="0.048254" >
      </testcase>
      <testcase name="test_dead_zone_prevents_small_movements" assertions="2" status="pass" classname="scripts/tests/virtual_joystick_test.gd" time="0.054989" >
      </testcase>
      <testcase name="test_dead_zone_crossed_at_threshold" assertions="2" status="pass" classname="scripts/tests/virtual_joystick_test.gd" time="0.04869" >
      </testcase>
      <testcase name="test_dead_zone_exactly_at_threshold" assertions="2" status="pass" classname="scripts/tests/virtual_joystick_test.gd" time="0.04806" >
      </testcase>
      <testcase name="test_dead_zone_does_not_reapply_during_drag" assertions="4" status="pass" classname="scripts/tests/virtual_joystick_test.gd" time="0.04818" >
      </testcase>
      <testcase name="test_dead_zone_resets_on_touch_release" assertions="3" status="pass" classname="scripts/tests/virtual_joystick_test.gd" time="0.048096" >
      </testcase>
      <testcase name="test_joystick_appears_at_touch_point" assertions="2" status="pass" classname="scripts/tests/virtual_joystick_test.gd" time="0.054999" >
      </testcase>
      <testcase name="test_joystick_hides_on_release" assertions="3" status="pass" classname="scripts/tests/virtual_joystick_test.gd" time="0.046761" >
      </testcase>
      <testcase name="test_stick_position_updates_during_drag" assertions="1" status="pass" classname="scripts/tests/virtual_joystick_test.gd" time="0.049856" >
      </testcase>
      <testcase name="test_stick_clamped_to_max_distance" assertions="2" status="pass" classname="scripts/tests/virtual_joystick_test.gd" time="0.047607" >
      </testcase>
      <testcase name="test_direction_calculation_right" assertions="1" status="pass" classname="scripts/tests/virtual_joystick_test.gd" time="0.055867" >
      </testcase>
      <testcase name="test_direction_calculation_down" assertions="1" status="pass" classname="scripts/tests/virtual_joystick_test.gd" time="0.046815" >
      </testcase>
      <testcase name="test_direction_calculation_diagonal" assertions="2" status="pass" classname="scripts/tests/virtual_joystick_test.gd" time="0.05475" >
      </testcase>
      <testcase name="test_direction_zero_at_origin" assertions="2" status="pass" classname="scripts/tests/virtual_joystick_test.gd" time="0.049352" >
      </testcase>
      <testcase name="test_ignores_second_touch_while_active" assertions="2" status="pass" classname="scripts/tests/virtual_joystick_test.gd" time="0.055756" >
      </testcase>
      <testcase name="test_tracks_correct_touch_index" assertions="1" status="pass" classname="scripts/tests/virtual_joystick_test.gd" time="0.047543" >
      </testcase>
      <testcase name="test_direction_changed_signal_emitted" assertions="1" status="pass" classname="scripts/tests/virtual_joystick_test.gd" time="0.048481" >
      </testcase>
      <testcase name="test_direction_changed_signal_on_release" assertions="2" status="pass" classname="scripts/tests/virtual_joystick_test.gd" time="0.048274" >
      </testcase>
  </testsuite>
  <testsuite name="scripts/tests/wasteland_camera_boundary_test.gd" tests="17" failures="0" skipped="0" time="0.902774" >
      <testcase name="test_wasteland_camera_has_camera_controller_script" assertions="4" status="pass" classname="scripts/tests/wasteland_camera_boundary_test.gd" time="0.047257" >
      </testcase>
      <testcase name="test_wasteland_camera_has_correct_boundaries" assertions="3" status="pass" classname="scripts/tests/wasteland_camera_boundary_test.gd" time="0.048951" >
      </testcase>
      <testcase name="test_wasteland_camera_has_follow_smoothness" assertions="4" status="pass" classname="scripts/tests/wasteland_camera_boundary_test.gd" time="0.048462" >
      </testcase>
      <testcase name="test_camera_built_in_smoothing_disabled" assertions="3" status="pass" classname="scripts/tests/wasteland_camera_boundary_test.gd" time="0.048161" >
      </testcase>
      <testcase name="test_camera_starts_disabled" assertions="3" status="pass" classname="scripts/tests/wasteland_camera_boundary_test.gd" time="0.103714" >
      </testcase>
      <testcase name="test_camera_clamps_to_left_boundary" assertions="3" status="pass" classname="scripts/tests/wasteland_camera_boundary_test.gd" time="0.054909" >
      </testcase>
      <testcase name="test_camera_clamps_to_right_boundary" assertions="3" status="pass" classname="scripts/tests/wasteland_camera_boundary_test.gd" time="0.048182" >
      </testcase>
      <testcase name="test_camera_clamps_to_top_boundary" assertions="3" status="pass" classname="scripts/tests/wasteland_camera_boundary_test.gd" time="0.055165" >
      </testcase>
      <testcase name="test_camera_clamps_to_bottom_boundary" assertions="3" status="pass" classname="scripts/tests/wasteland_camera_boundary_test.gd" time="0.048179" >
      </testcase>
      <testcase name="test_camera_visible_area_stays_within_boundaries_left_edge" assertions="4" status="pass" classname="scripts/tests/wasteland_camera_boundary_test.gd" time="0.0483" >
      </testcase>
      <testcase name="test_camera_visible_area_stays_within_boundaries_right_edge" assertions="3" status="pass" classname="scripts/tests/wasteland_camera_boundary_test.gd" time="0.048197" >
      </testcase>
      <testcase name="test_camera_visible_area_stays_within_boundaries_top_edge" assertions="3" status="pass" classname="scripts/tests/wasteland_camera_boundary_test.gd" time="0.055122" >
      </testcase>
      <testcase name="test_camera_visible_area_stays_within_boundaries_bottom_edge" assertions="3" status="pass" classname="scripts/tests/wasteland_camera_boundary_test.gd" time="0.048221" >
      </testcase>
      <testcase name="test_camera_follows_player_smoothly" assertions="4" status="pass" classname="scripts/tests/wasteland_camera_boundary_test.gd" time="0.048385" >
      </testcase>
      <testcase name="test_camera_and_player_boundaries_work_together" assertions="4" status="pass" classname="scripts/tests/wasteland_camera_boundary_test.gd" time="0.048515" >
      </testcase>
      <testcase name="test_camera_screen_shake_still_works" assertions="4" status="pass" classname="scripts/tests/wasteland_camera_boundary_test.gd" time="0.047944" >
      </testcase>
      <testcase name="test_camera_smooth_follow_preserved" assertions="3" status="pass" classname="scripts/tests/wasteland_camera_boundary_test.gd" time="0.05511" >
      </testcase>
  </testsuite>
  <testsuite name="scripts/tests/wave_manager_test.gd" tests="13" failures="0" skipped="0" time="5.43397" >
      <testcase name="test_wave_manager_initializes_correctly" assertions="3" status="pass" classname="scripts/tests/wave_manager_test.gd" time="0.000197" >
      </testcase>
      <testcase name="test_wave_manager_starts_wave" assertions="3" status="pass" classname="scripts/tests/wave_manager_test.gd" time="0.001543" >
      </testcase>
      <testcase name="test_wave_manager_spawns_correct_enemy_count" assertions="1" status="pass" classname="scripts/tests/wave_manager_test.gd" time="3.878639" >
      </testcase>
      <testcase name="test_minimum_spawn_guarantee_triggers" assertions="2" status="pass" classname="scripts/tests/wave_manager_test.gd" time="0.007519" >
      </testcase>
      <testcase name="test_wave_manager_completes_wave_when_all_killed" assertions="3" status="pass" classname="scripts/tests/wave_manager_test.gd" time="0.00379" >
      </testcase>
      <testcase name="test_wave_manager_tracks_wave_stats" assertions="4" status="pass" classname="scripts/tests/wave_manager_test.gd" time="0.002454" >
      </testcase>
      <testcase name="test_wave_manager_increments_wave_number" assertions="3" status="pass" classname="scripts/tests/wave_manager_test.gd" time="1.520432" >
      </testcase>
      <testcase name="test_wave_manager_game_over_state" assertions="1" status="pass" classname="scripts/tests/wave_manager_test.gd" time="0.000839" >
      </testcase>
      <testcase name="test_wave_manager_emits_wave_completed_with_stats" assertions="4" status="pass" classname="scripts/tests/wave_manager_test.gd" time="0.004827" >
      </testcase>
      <testcase name="test_wave_manager_tracks_living_enemies" assertions="3" status="pass" classname="scripts/tests/wave_manager_test.gd" time="0.00045" >
      </testcase>
      <testcase name="test_wave_manager_calculates_wave_time" assertions="3" status="pass" classname="scripts/tests/wave_manager_test.gd" time="0.005639" >
      </testcase>
      <testcase name="test_wave_manager_only_completes_in_combat_state" assertions="2" status="pass" classname="scripts/tests/wave_manager_test.gd" time="0.007452" >
      </testcase>
      <testcase name="test_next_wave_increases_enemy_count" assertions="1" status="pass" classname="scripts/tests/wave_manager_test.gd" time="0.000189" >
      </testcase>
  </testsuite>
  <testsuite name="scripts/tests/weapon_service_test.gd" tests="27" failures="0" skipped="0" time="0.034734" >
      <testcase name="test_weapon_exists_returns_true_for_valid_weapon" assertions="1" status="pass" classname="scripts/tests/weapon_service_test.gd" time="0.002098" >
      </testcase>
      <testcase name="test_weapon_exists_returns_false_for_invalid_weapon" assertions="1" status="pass" classname="scripts/tests/weapon_service_test.gd" time="0.00135" >
      </testcase>
      <testcase name="test_get_weapon_returns_valid_data" assertions="5" status="pass" classname="scripts/tests/weapon_service_test.gd" time="0.001453" >
      </testcase>
      <testcase name="test_get_weapon_returns_empty_for_invalid_weapon" assertions="1" status="pass" classname="scripts/tests/weapon_service_test.gd" time="0.001939" >
      </testcase>
      <testcase name="test_equip_weapon_success" assertions="2" status="pass" classname="scripts/tests/weapon_service_test.gd" time="0.001737" >
      </testcase>
      <testcase name="test_equip_weapon_with_empty_character_id_fails" assertions="1" status="pass" classname="scripts/tests/weapon_service_test.gd" time="0.001607" >
      </testcase>
      <testcase name="test_equip_weapon_with_invalid_weapon_id_fails" assertions="1" status="pass" classname="scripts/tests/weapon_service_test.gd" time="0.001592" >
      </testcase>
      <testcase name="test_equip_weapon_with_tier_restriction" assertions="2" status="pass" classname="scripts/tests/weapon_service_test.gd" time="0.002057" >
      </testcase>
      <testcase name="test_equip_weapon_replaces_previous_weapon" assertions="2" status="pass" classname="scripts/tests/weapon_service_test.gd" time="0.001912" >
      </testcase>
      <testcase name="test_unequip_weapon" assertions="1" status="pass" classname="scripts/tests/weapon_service_test.gd" time="0.001905" >
      </testcase>
      <testcase name="test_get_weapon_damage_with_base_stats_only" assertions="1" status="pass" classname="scripts/tests/weapon_service_test.gd" time="0.000997" >
      </testcase>
      <testcase name="test_get_weapon_damage_with_character_damage_bonus" assertions="1" status="pass" classname="scripts/tests/weapon_service_test.gd" time="0.000885" >
      </testcase>
      <testcase name="test_get_weapon_damage_with_melee_bonus" assertions="1" status="pass" classname="scripts/tests/weapon_service_test.gd" time="0.000877" >
      </testcase>
      <testcase name="test_get_weapon_damage_with_ranged_bonus" assertions="1" status="pass" classname="scripts/tests/weapon_service_test.gd" time="0.000884" >
      </testcase>
      <testcase name="test_get_weapon_damage_ignores_wrong_type_bonus" assertions="1" status="pass" classname="scripts/tests/weapon_service_test.gd" time="0.000879" >
      </testcase>
      <testcase name="test_get_weapon_cooldown_with_zero_attack_speed" assertions="1" status="pass" classname="scripts/tests/weapon_service_test.gd" time="0.000884" >
      </testcase>
      <testcase name="test_attack_speed_reduces_cooldown" assertions="1" status="pass" classname="scripts/tests/weapon_service_test.gd" time="0.000878" >
      </testcase>
      <testcase name="test_attack_speed_caps_at_75_percent" assertions="1" status="pass" classname="scripts/tests/weapon_service_test.gd" time="0.000887" >
      </testcase>
      <testcase name="test_attack_speed_50_percent_reduction" assertions="1" status="pass" classname="scripts/tests/weapon_service_test.gd" time="0.000871" >
      </testcase>
      <testcase name="test_can_fire_weapon_when_ready" assertions="1" status="pass" classname="scripts/tests/weapon_service_test.gd" time="0.000878" >
      </testcase>
      <testcase name="test_can_fire_weapon_returns_false_during_cooldown" assertions="1" status="pass" classname="scripts/tests/weapon_service_test.gd" time="0.001175" >
      </testcase>
      <testcase name="test_fire_weapon_success" assertions="2" status="pass" classname="scripts/tests/weapon_service_test.gd" time="0.001181" >
      </testcase>
      <testcase name="test_fire_weapon_with_invalid_weapon_id_fails" assertions="1" status="pass" classname="scripts/tests/weapon_service_test.gd" time="0.001155" >
      </testcase>
      <testcase name="test_fire_weapon_respects_cooldown" assertions="1" status="pass" classname="scripts/tests/weapon_service_test.gd" time="0.00116" >
      </testcase>
      <testcase name="test_get_cooldown_remaining" assertions="1" status="pass" classname="scripts/tests/weapon_service_test.gd" time="0.001167" >
      </testcase>
      <testcase name="test_get_available_weapons_for_free_tier" assertions="3" status="pass" classname="scripts/tests/weapon_service_test.gd" time="0.001174" >
      </testcase>
      <testcase name="test_get_available_weapons_for_premium_tier" assertions="4" status="pass" classname="scripts/tests/weapon_service_test.gd" time="0.001152" >
      </testcase>
  </testsuite>
</testsuites>