<?xml version="1.0" encoding="UTF-8"?>
<testsuites name="GutTests" failures="0" tests="466" >
  <testsuite name="scripts/tests/aura_foundation_test.gd" tests="19" failures="0" skipped="0" time="0.594816" >
      <testcase name="test_aura_data_stored_in_character" assertions="4" status="pass" classname="scripts/tests/aura_foundation_test.gd" time="0.001121" >
      </testcase>
      <testcase name="test_aura_type_matches_character_type" assertions="1" status="pass" classname="scripts/tests/aura_foundation_test.gd" time="0.000902" >
      </testcase>
      <testcase name="test_scavenger_has_collect_aura" assertions="3" status="pass" classname="scripts/tests/aura_foundation_test.gd" time="0.000869" >
      </testcase>
      <testcase name="test_tank_has_shield_aura" assertions="2" status="pass" classname="scripts/tests/aura_foundation_test.gd" time="0.000869" >
      </testcase>
      <testcase name="test_commando_has_no_aura" assertions="1" status="pass" classname="scripts/tests/aura_foundation_test.gd" time="0.000828" >
      </testcase>
      <testcase name="test_calculate_aura_power_with_resonance" assertions="4" status="pass" classname="scripts/tests/aura_foundation_test.gd" time="0.000334" >
      </testcase>
      <testcase name="test_calculate_aura_power_for_all_types" assertions="6" status="pass" classname="scripts/tests/aura_foundation_test.gd" time="0.000328" >
      </testcase>
      <testcase name="test_calculate_aura_radius_from_pickup_range" assertions="3" status="pass" classname="scripts/tests/aura_foundation_test.gd" time="0.000311" >
      </testcase>
      <testcase name="test_invalid_aura_type_returns_zero" assertions="1" status="pass" classname="scripts/tests/aura_foundation_test.gd" time="0.000313" >
      </testcase>
      <testcase name="test_aura_persists_after_save_load" assertions="4" status="pass" classname="scripts/tests/aura_foundation_test.gd" time="0.001386" >
      </testcase>
      <testcase name="test_multiple_characters_with_different_auras_persist" assertions="3" status="pass" classname="scripts/tests/aura_foundation_test.gd" time="0.001925" >
      </testcase>
      <testcase name="test_all_aura_types_have_required_fields" assertions="48" status="pass" classname="scripts/tests/aura_foundation_test.gd" time="0.000391" >
      </testcase>
      <testcase name="test_aura_visual_can_be_instantiated" assertions="3" status="pass" classname="scripts/tests/aura_foundation_test.gd" time="0.000355" >
      </testcase>
      <testcase name="test_aura_visual_creates_child_nodes" assertions="2" status="pass" classname="scripts/tests/aura_foundation_test.gd" time="0.003543" >
      </testcase>
      <testcase name="test_aura_visual_update_changes_parameters" assertions="3" status="pass" classname="scripts/tests/aura_foundation_test.gd" time="0.02203" >
      </testcase>
      <testcase name="test_aura_visual_set_emitting" assertions="3" status="pass" classname="scripts/tests/aura_foundation_test.gd" time="0.0623" >
      </testcase>
      <testcase name="test_aura_visual_colors_match_aura_types" assertions="6" status="pass" classname="scripts/tests/aura_foundation_test.gd" time="0.39418" >
      </testcase>
      <testcase name="test_aura_visual_ring_has_correct_point_count" assertions="2" status="pass" classname="scripts/tests/aura_foundation_test.gd" time="0.054523" >
      </testcase>
      <testcase name="test_mutant_has_damage_aura_visual" assertions="4" status="pass" classname="scripts/tests/aura_foundation_test.gd" time="0.048308" >
      </testcase>
  </testsuite>
  <testsuite name="scripts/tests/banking_service_test.gd" tests="13" failures="0" skipped="0" time="0.044206" >
      <testcase name="test_initial_state_all_balances_are_zero" assertions="2" status="pass" classname="scripts/tests/banking_service_test.gd" time="0.007582" >
      </testcase>
      <testcase name="test_add_currency_increases_balance" assertions="4" status="pass" classname="scripts/tests/banking_service_test.gd" time="0.005519" >
      </testcase>
      <testcase name="test_subtract_currency_decreases_balance" assertions="2" status="pass" classname="scripts/tests/banking_service_test.gd" time="0.005295" >
      </testcase>
      <testcase name="test_subtract_currency_with_insufficient_funds_fails" assertions="2" status="pass" classname="scripts/tests/banking_service_test.gd" time="0.003624" >
      </testcase>
      <testcase name="test_tier_gating_free_tier_denies_access" assertions="1" status="pass" classname="scripts/tests/banking_service_test.gd" time="0.002306" >
      </testcase>
      <testcase name="test_tier_gating_premium_tier_grants_access" assertions="1" status="pass" classname="scripts/tests/banking_service_test.gd" time="0.001894" >
      </testcase>
      <testcase name="test_tier_gating_subscription_tier_grants_access" assertions="1" status="pass" classname="scripts/tests/banking_service_test.gd" time="0.001836" >
      </testcase>
      <testcase name="test_balance_caps_premium_tier_enforces_10k_limit" assertions="3" status="pass" classname="scripts/tests/banking_service_test.gd" time="0.002788" >
      </testcase>
      <testcase name="test_balance_caps_subscription_tier_enforces_100k_limit" assertions="1" status="pass" classname="scripts/tests/banking_service_test.gd" time="0.001866" >
      </testcase>
      <testcase name="test_transaction_history_records_all_operations" assertions="4" status="pass" classname="scripts/tests/banking_service_test.gd" time="0.00387" >
      </testcase>
      <testcase name="test_get_tier_returns_current_tier" assertions="3" status="pass" classname="scripts/tests/banking_service_test.gd" time="0.002076" >
      </testcase>
      <testcase name="test_currency_changed_signal_emits_on_add" assertions="4" status="pass" classname="scripts/tests/banking_service_test.gd" time="0.002513" >
      </testcase>
      <testcase name="test_currency_changed_signal_emits_on_subtract" assertions="2" status="pass" classname="scripts/tests/banking_service_test.gd" time="0.003037" >
      </testcase>
  </testsuite>
  <testsuite name="scripts/tests/character_service_test.gd" tests="43" failures="0" skipped="0" time="0.065847" >
      <testcase name="test_create_character_returns_valid_id" assertions="2" status="pass" classname="scripts/tests/character_service_test.gd" time="0.00107" >
      </testcase>
      <testcase name="test_create_character_stores_correct_data" assertions="5" status="pass" classname="scripts/tests/character_service_test.gd" time="0.001084" >
      </testcase>
      <testcase name="test_create_character_with_empty_name_fails" assertions="2" status="pass" classname="scripts/tests/character_service_test.gd" time="0.001011" >
      </testcase>
      <testcase name="test_create_character_sets_default_stats" assertions="5" status="pass" classname="scripts/tests/character_service_test.gd" time="0.001022" >
      </testcase>
      <testcase name="test_first_character_becomes_active" assertions="1" status="pass" classname="scripts/tests/character_service_test.gd" time="0.000989" >
      </testcase>
      <testcase name="test_get_character_returns_correct_data" assertions="2" status="pass" classname="scripts/tests/character_service_test.gd" time="0.001236" >
      </testcase>
      <testcase name="test_get_nonexistent_character_returns_empty_dict" assertions="1" status="pass" classname="scripts/tests/character_service_test.gd" time="0.001004" >
      </testcase>
      <testcase name="test_get_all_characters_returns_all_created" assertions="1" status="pass" classname="scripts/tests/character_service_test.gd" time="0.001621" >
      </testcase>
      <testcase name="test_update_character_modifies_data" assertions="3" status="pass" classname="scripts/tests/character_service_test.gd" time="0.001254" >
      </testcase>
      <testcase name="test_update_nonexistent_character_fails" assertions="1" status="pass" classname="scripts/tests/character_service_test.gd" time="0.000908" >
      </testcase>
      <testcase name="test_delete_character_removes_from_storage" assertions="2" status="pass" classname="scripts/tests/character_service_test.gd" time="0.001601" >
      </testcase>
      <testcase name="test_delete_active_character_clears_active_state" assertions="1" status="pass" classname="scripts/tests/character_service_test.gd" time="0.001954" >
      </testcase>
      <testcase name="test_delete_only_character_clears_active" assertions="1" status="pass" classname="scripts/tests/character_service_test.gd" time="0.001213" >
      </testcase>
      <testcase name="test_set_active_character_changes_active" assertions="2" status="pass" classname="scripts/tests/character_service_test.gd" time="0.001514" >
      </testcase>
      <testcase name="test_set_active_nonexistent_character_fails" assertions="2" status="pass" classname="scripts/tests/character_service_test.gd" time="0.000893" >
      </testcase>
      <testcase name="test_get_active_character_returns_correct_data" assertions="2" status="pass" classname="scripts/tests/character_service_test.gd" time="0.001371" >
      </testcase>
      <testcase name="test_free_tier_allows_3_characters" assertions="5" status="pass" classname="scripts/tests/character_service_test.gd" time="0.002085" >
      </testcase>
      <testcase name="test_premium_tier_allows_10_characters" assertions="12" status="pass" classname="scripts/tests/character_service_test.gd" time="0.004295" >
      </testcase>
      <testcase name="test_subscription_tier_allows_unlimited_characters" assertions="16" status="pass" classname="scripts/tests/character_service_test.gd" time="0.005342" >
      </testcase>
      <testcase name="test_can_create_character_respects_tier_limits" assertions="4" status="pass" classname="scripts/tests/character_service_test.gd" time="0.001817" >
      </testcase>
      <testcase name="test_get_available_slots_returns_correct_count" assertions="4" status="pass" classname="scripts/tests/character_service_test.gd" time="0.001835" >
      </testcase>
      <testcase name="test_add_experience_increases_xp" assertions="3" status="pass" classname="scripts/tests/character_service_test.gd" time="0.000938" >
      </testcase>
      <testcase name="test_level_up_at_100_xp" assertions="3" status="pass" classname="scripts/tests/character_service_test.gd" time="0.001218" >
      </testcase>
      <testcase name="test_level_up_increases_stats" assertions="3" status="pass" classname="scripts/tests/character_service_test.gd" time="0.001209" >
      </testcase>
      <testcase name="test_multiple_level_ups_from_single_xp_gain" assertions="2" status="pass" classname="scripts/tests/character_service_test.gd" time="0.001433" >
      </testcase>
      <testcase name="test_add_zero_or_negative_xp_does_nothing" assertions="3" status="pass" classname="scripts/tests/character_service_test.gd" time="0.000937" >
      </testcase>
      <testcase name="test_character_death_increments_death_count" assertions="2" status="pass" classname="scripts/tests/character_service_test.gd" time="0.001174" >
      </testcase>
      <testcase name="test_multiple_deaths_increment_count" assertions="1" status="pass" classname="scripts/tests/character_service_test.gd" time="0.001623" >
      </testcase>
      <testcase name="test_character_create_pre_hook_fires" assertions="1" status="pass" classname="scripts/tests/character_service_test.gd" time="0.000995" >
      </testcase>
      <testcase name="test_character_create_post_hook_fires" assertions="1" status="pass" classname="scripts/tests/character_service_test.gd" time="0.000957" >
      </testcase>
      <testcase name="test_character_level_up_pre_hook_fires" assertions="1" status="pass" classname="scripts/tests/character_service_test.gd" time="0.001223" >
      </testcase>
      <testcase name="test_character_level_up_post_hook_fires" assertions="1" status="pass" classname="scripts/tests/character_service_test.gd" time="0.001218" >
      </testcase>
      <testcase name="test_character_death_pre_hook_fires" assertions="1" status="pass" classname="scripts/tests/character_service_test.gd" time="0.001208" >
      </testcase>
      <testcase name="test_character_death_post_hook_fires" assertions="1" status="pass" classname="scripts/tests/character_service_test.gd" time="0.001223" >
      </testcase>
      <testcase name="test_serialize_returns_valid_data" assertions="4" status="pass" classname="scripts/tests/character_service_test.gd" time="0.001117" >
      </testcase>
      <testcase name="test_deserialize_restores_characters" assertions="2" status="pass" classname="scripts/tests/character_service_test.gd" time="0.001908" >
      </testcase>
      <testcase name="test_deserialize_restores_character_stats" assertions="3" status="pass" classname="scripts/tests/character_service_test.gd" time="0.001893" >
      </testcase>
      <testcase name="test_full_save_load_cycle_with_save_manager" assertions="5" status="pass" classname="scripts/tests/character_service_test.gd" time="0.004727" >
      </testcase>
      <testcase name="test_character_created_signal_fires" assertions="1" status="pass" classname="scripts/tests/character_service_test.gd" time="0.000911" >
      </testcase>
      <testcase name="test_character_deleted_signal_fires" assertions="1" status="pass" classname="scripts/tests/character_service_test.gd" time="0.001144" >
      </testcase>
      <testcase name="test_active_character_changed_signal_fires" assertions="1" status="pass" classname="scripts/tests/character_service_test.gd" time="0.001391" >
      </testcase>
      <testcase name="test_character_stats_changed_signal_fires_on_update" assertions="1" status="pass" classname="scripts/tests/character_service_test.gd" time="0.001131" >
      </testcase>
      <testcase name="test_character_stats_changed_signal_fires_on_level_up" assertions="1" status="pass" classname="scripts/tests/character_service_test.gd" time="0.00115" >
      </testcase>
  </testsuite>
  <testsuite name="scripts/tests/character_stats_expansion_test.gd" tests="24" failures="0" skipped="0" time="0.021697" >
      <testcase name="test_hp_regen_exists_in_default_stats" assertions="2" status="pass" classname="scripts/tests/character_stats_expansion_test.gd" time="0.000547" >
      </testcase>
      <testcase name="test_life_steal_exists_in_default_stats" assertions="2" status="pass" classname="scripts/tests/character_stats_expansion_test.gd" time="0.000546" >
      </testcase>
      <testcase name="test_attack_speed_exists_in_default_stats" assertions="2" status="pass" classname="scripts/tests/character_stats_expansion_test.gd" time="0.00055" >
      </testcase>
      <testcase name="test_melee_damage_exists_in_default_stats" assertions="2" status="pass" classname="scripts/tests/character_stats_expansion_test.gd" time="0.000529" >
      </testcase>
      <testcase name="test_ranged_damage_exists_in_default_stats" assertions="2" status="pass" classname="scripts/tests/character_stats_expansion_test.gd" time="0.000543" >
      </testcase>
      <testcase name="test_scavenging_exists_in_default_stats" assertions="2" status="pass" classname="scripts/tests/character_stats_expansion_test.gd" time="0.000541" >
      </testcase>
      <testcase name="test_resonance_exists_in_default_stats" assertions="2" status="pass" classname="scripts/tests/character_stats_expansion_test.gd" time="0.000533" >
      </testcase>
      <testcase name="test_new_character_has_hp_regen" assertions="2" status="pass" classname="scripts/tests/character_stats_expansion_test.gd" time="0.000801" >
      </testcase>
      <testcase name="test_new_character_has_life_steal" assertions="2" status="pass" classname="scripts/tests/character_stats_expansion_test.gd" time="0.000801" >
      </testcase>
      <testcase name="test_new_character_has_attack_speed" assertions="2" status="pass" classname="scripts/tests/character_stats_expansion_test.gd" time="0.000804" >
      </testcase>
      <testcase name="test_new_character_has_melee_and_ranged_damage" assertions="4" status="pass" classname="scripts/tests/character_stats_expansion_test.gd" time="0.000838" >
      </testcase>
      <testcase name="test_new_character_has_scavenging" assertions="2" status="pass" classname="scripts/tests/character_stats_expansion_test.gd" time="0.000817" >
      </testcase>
      <testcase name="test_new_character_has_resonance" assertions="2" status="pass" classname="scripts/tests/character_stats_expansion_test.gd" time="0.000815" >
      </testcase>
      <testcase name="test_can_update_hp_regen_stat" assertions="1" status="pass" classname="scripts/tests/character_stats_expansion_test.gd" time="0.001097" >
      </testcase>
      <testcase name="test_can_update_life_steal_stat" assertions="1" status="pass" classname="scripts/tests/character_stats_expansion_test.gd" time="0.001074" >
      </testcase>
      <testcase name="test_can_update_attack_speed_stat" assertions="1" status="pass" classname="scripts/tests/character_stats_expansion_test.gd" time="0.001081" >
      </testcase>
      <testcase name="test_can_update_melee_damage_stat" assertions="1" status="pass" classname="scripts/tests/character_stats_expansion_test.gd" time="0.001087" >
      </testcase>
      <testcase name="test_can_update_ranged_damage_stat" assertions="1" status="pass" classname="scripts/tests/character_stats_expansion_test.gd" time="0.00109" >
      </testcase>
      <testcase name="test_can_update_scavenging_stat" assertions="1" status="pass" classname="scripts/tests/character_stats_expansion_test.gd" time="0.001087" >
      </testcase>
      <testcase name="test_can_update_resonance_stat" assertions="1" status="pass" classname="scripts/tests/character_stats_expansion_test.gd" time="0.001084" >
      </testcase>
      <testcase name="test_scavenging_in_level_up_gains" assertions="2" status="pass" classname="scripts/tests/character_stats_expansion_test.gd" time="0.000565" >
      </testcase>
      <testcase name="test_scavenging_increases_on_level_up" assertions="2" status="pass" classname="scripts/tests/character_stats_expansion_test.gd" time="0.001102" >
      </testcase>
      <testcase name="test_scavenging_increases_multiple_levels" assertions="2" status="pass" classname="scripts/tests/character_stats_expansion_test.gd" time="0.002122" >
      </testcase>
      <testcase name="test_new_stats_persist_through_save_load" assertions="7" status="pass" classname="scripts/tests/character_stats_expansion_test.gd" time="0.001643" >
      </testcase>
  </testsuite>
  <testsuite name="scripts/tests/character_types_test.gd" tests="24" failures="0" skipped="0" time="0.02369" >
      <testcase name="test_scavenger_has_correct_stat_modifiers" assertions="2" status="pass" classname="scripts/tests/character_types_test.gd" time="0.000866" >
      </testcase>
      <testcase name="test_tank_has_correct_stat_modifiers" assertions="3" status="pass" classname="scripts/tests/character_types_test.gd" time="0.000858" >
      </testcase>
      <testcase name="test_commando_has_correct_stat_modifiers" assertions="3" status="pass" classname="scripts/tests/character_types_test.gd" time="0.000858" >
      </testcase>
      <testcase name="test_mutant_has_correct_stat_modifiers" assertions="3" status="pass" classname="scripts/tests/character_types_test.gd" time="0.000855" >
      </testcase>
      <testcase name="test_character_type_stored_correctly" assertions="1" status="pass" classname="scripts/tests/character_types_test.gd" time="0.00084" >
      </testcase>
      <testcase name="test_free_tier_can_create_scavenger" assertions="1" status="pass" classname="scripts/tests/character_types_test.gd" time="0.000829" >
      </testcase>
      <testcase name="test_free_tier_cannot_create_tank" assertions="1" status="pass" classname="scripts/tests/character_types_test.gd" time="0.00083" >
      </testcase>
      <testcase name="test_free_tier_cannot_create_commando" assertions="1" status="pass" classname="scripts/tests/character_types_test.gd" time="0.000835" >
      </testcase>
      <testcase name="test_free_tier_cannot_create_mutant" assertions="1" status="pass" classname="scripts/tests/character_types_test.gd" time="0.000837" >
      </testcase>
      <testcase name="test_premium_tier_can_create_scavenger" assertions="1" status="pass" classname="scripts/tests/character_types_test.gd" time="0.000839" >
      </testcase>
      <testcase name="test_premium_tier_can_create_tank" assertions="1" status="pass" classname="scripts/tests/character_types_test.gd" time="0.000835" >
      </testcase>
      <testcase name="test_premium_tier_cannot_create_commando" assertions="1" status="pass" classname="scripts/tests/character_types_test.gd" time="0.00082" >
      </testcase>
      <testcase name="test_premium_tier_cannot_create_mutant" assertions="1" status="pass" classname="scripts/tests/character_types_test.gd" time="0.000822" >
      </testcase>
      <testcase name="test_subscription_tier_can_create_all_types" assertions="4" status="pass" classname="scripts/tests/character_types_test.gd" time="0.001641" >
      </testcase>
      <testcase name="test_scavenger_has_collect_aura" assertions="4" status="pass" classname="scripts/tests/character_types_test.gd" time="0.000849" >
      </testcase>
      <testcase name="test_tank_has_shield_aura" assertions="1" status="pass" classname="scripts/tests/character_types_test.gd" time="0.000842" >
      </testcase>
      <testcase name="test_commando_has_no_aura" assertions="1" status="pass" classname="scripts/tests/character_types_test.gd" time="0.000839" >
      </testcase>
      <testcase name="test_mutant_has_damage_aura" assertions="3" status="pass" classname="scripts/tests/character_types_test.gd" time="0.000859" >
      </testcase>
      <testcase name="test_character_type_persists_after_save_load" assertions="4" status="pass" classname="scripts/tests/character_types_test.gd" time="0.001631" >
      </testcase>
      <testcase name="test_aura_type_persists_after_save_load" assertions="2" status="pass" classname="scripts/tests/character_types_test.gd" time="0.001368" >
      </testcase>
      <testcase name="test_invalid_character_type_fails" assertions="1" status="pass" classname="scripts/tests/character_types_test.gd" time="0.000809" >
      </testcase>
      <testcase name="test_multiple_characters_with_different_types" assertions="5" status="pass" classname="scripts/tests/character_types_test.gd" time="0.001694" >
      </testcase>
      <testcase name="test_character_type_defaults_to_scavenger" assertions="2" status="pass" classname="scripts/tests/character_types_test.gd" time="0.000858" >
      </testcase>
      <testcase name="test_mutant_type_persists_after_save_load" assertions="4" status="pass" classname="scripts/tests/character_types_test.gd" time="0.001376" >
      </testcase>
  </testsuite>
  <testsuite name="scripts/tests/combat_service_test.gd" tests="15" failures="0" skipped="0" time="0.025011" >
      <testcase name="test_calculate_damage_includes_character_stats" assertions="1" status="pass" classname="scripts/tests/combat_service_test.gd" time="0.001328" >
      </testcase>
      <testcase name="test_calculate_damage_adds_melee_bonus" assertions="1" status="pass" classname="scripts/tests/combat_service_test.gd" time="0.001323" >
      </testcase>
      <testcase name="test_calculate_damage_adds_ranged_bonus" assertions="1" status="pass" classname="scripts/tests/combat_service_test.gd" time="0.001325" >
      </testcase>
      <testcase name="test_apply_damage_to_enemy_reduces_hp" assertions="2" status="pass" classname="scripts/tests/combat_service_test.gd" time="0.001592" >
      </testcase>
      <testcase name="test_apply_damage_to_enemy_returns_drops_when_killed" assertions="4" status="pass" classname="scripts/tests/combat_service_test.gd" time="0.001851" >
      </testcase>
      <testcase name="test_apply_damage_to_invalid_enemy_returns_safe_result" assertions="2" status="pass" classname="scripts/tests/combat_service_test.gd" time="0.001882" >
      </testcase>
      <testcase name="test_calculate_aura_damage_scales_with_resonance" assertions="2" status="pass" classname="scripts/tests/combat_service_test.gd" time="0.00133" >
      </testcase>
      <testcase name="test_calculate_aura_damage_with_no_resonance_stat" assertions="1" status="pass" classname="scripts/tests/combat_service_test.gd" time="0.00132" >
      </testcase>
      <testcase name="test_apply_aura_damage_to_nearby_enemies" assertions="3" status="pass" classname="scripts/tests/combat_service_test.gd" time="0.002381" >
      </testcase>
      <testcase name="test_apply_aura_damage_can_kill_enemies" assertions="2" status="pass" classname="scripts/tests/combat_service_test.gd" time="0.002099" >
      </testcase>
      <testcase name="test_apply_aura_damage_to_empty_area" assertions="1" status="pass" classname="scripts/tests/combat_service_test.gd" time="0.001311" >
      </testcase>
      <testcase name="test_get_weapon_attack_damage" assertions="1" status="pass" classname="scripts/tests/combat_service_test.gd" time="0.001586" >
      </testcase>
      <testcase name="test_get_weapon_attack_damage_with_invalid_character" assertions="1" status="pass" classname="scripts/tests/combat_service_test.gd" time="0.001802" >
      </testcase>
      <testcase name="test_apply_weapon_attack" assertions="3" status="pass" classname="scripts/tests/combat_service_test.gd" time="0.001814" >
      </testcase>
      <testcase name="test_apply_weapon_attack_can_kill" assertions="2" status="pass" classname="scripts/tests/combat_service_test.gd" time="0.002067" >
      </testcase>
  </testsuite>
  <testsuite name="scripts/tests/drop_system_test.gd" tests="14" failures="0" skipped="0" time="0.147" >
      <testcase name="test_generate_drops_returns_valid_currency" assertions="2" status="pass" classname="scripts/tests/drop_system_test.gd" time="0.00111" >
      </testcase>
      <testcase name="test_generate_drops_with_invalid_enemy_type" assertions="1" status="pass" classname="scripts/tests/drop_system_test.gd" time="0.001314" >
      </testcase>
      <testcase name="test_scavenging_multiplies_drop_amounts" assertions="2" status="pass" classname="scripts/tests/drop_system_test.gd" time="0.120256" >
      </testcase>
      <testcase name="test_scavenging_caps_at_50_percent" assertions="2" status="pass" classname="scripts/tests/drop_system_test.gd" time="0.000862" >
      </testcase>
      <testcase name="test_scavenging_zero_gives_base_drops" assertions="1" status="pass" classname="scripts/tests/drop_system_test.gd" time="0.001115" >
      </testcase>
      <testcase name="test_award_xp_for_kill_grants_xp" assertions="1" status="pass" classname="scripts/tests/drop_system_test.gd" time="0.001346" >
      </testcase>
      <testcase name="test_award_xp_for_kill_triggers_level_up" assertions="2" status="pass" classname="scripts/tests/drop_system_test.gd" time="0.001597" >
      </testcase>
      <testcase name="test_award_xp_for_kill_returns_false_when_no_level_up" assertions="1" status="pass" classname="scripts/tests/drop_system_test.gd" time="0.001309" >
      </testcase>
      <testcase name="test_award_xp_with_invalid_enemy_type" assertions="1" status="pass" classname="scripts/tests/drop_system_test.gd" time="0.001574" >
      </testcase>
      <testcase name="test_process_enemy_kill_returns_complete_data" assertions="5" status="pass" classname="scripts/tests/drop_system_test.gd" time="0.001637" >
      </testcase>
      <testcase name="test_process_enemy_kill_with_level_up" assertions="2" status="pass" classname="scripts/tests/drop_system_test.gd" time="0.0019" >
      </testcase>
      <testcase name="test_process_enemy_kill_applies_scavenging_to_drops" assertions="1" status="pass" classname="scripts/tests/drop_system_test.gd" time="0.001617" >
      </testcase>
      <testcase name="test_mutant_rat_drops_different_currencies" assertions="1" status="pass" classname="scripts/tests/drop_system_test.gd" time="0.009711" >
      </testcase>
      <testcase name="test_rust_spider_awards_different_xp" assertions="1" status="pass" classname="scripts/tests/drop_system_test.gd" time="0.001652" >
      </testcase>
  </testsuite>
  <testsuite name="scripts/tests/enemy_service_test.gd" tests="25" failures="0" skipped="0" time="0.017358" >
      <testcase name="test_enemy_type_exists_returns_true_for_valid_type" assertions="1" status="pass" classname="scripts/tests/enemy_service_test.gd" time="0.000315" >
      </testcase>
      <testcase name="test_enemy_type_exists_returns_false_for_invalid_type" assertions="1" status="pass" classname="scripts/tests/enemy_service_test.gd" time="0.000312" >
      </testcase>
      <testcase name="test_get_enemy_type_returns_valid_data" assertions="5" status="pass" classname="scripts/tests/enemy_service_test.gd" time="0.000348" >
      </testcase>
      <testcase name="test_get_enemy_type_returns_empty_for_invalid_type" assertions="1" status="pass" classname="scripts/tests/enemy_service_test.gd" time="0.000571" >
      </testcase>
      <testcase name="test_spawn_enemy_returns_valid_id" assertions="2" status="pass" classname="scripts/tests/enemy_service_test.gd" time="0.00057" >
      </testcase>
      <testcase name="test_spawn_enemy_creates_valid_enemy" assertions="7" status="pass" classname="scripts/tests/enemy_service_test.gd" time="0.000627" >
      </testcase>
      <testcase name="test_spawn_enemy_with_invalid_type_fails" assertions="1" status="pass" classname="scripts/tests/enemy_service_test.gd" time="0.000559" >
      </testcase>
      <testcase name="test_spawn_enemy_increments_id" assertions="1" status="pass" classname="scripts/tests/enemy_service_test.gd" time="0.000835" >
      </testcase>
      <testcase name="test_damage_enemy_reduces_hp" assertions="3" status="pass" classname="scripts/tests/enemy_service_test.gd" time="0.000578" >
      </testcase>
      <testcase name="test_damage_enemy_returns_true_when_killed" assertions="3" status="pass" classname="scripts/tests/enemy_service_test.gd" time="0.000848" >
      </testcase>
      <testcase name="test_damage_enemy_caps_hp_at_zero" assertions="1" status="pass" classname="scripts/tests/enemy_service_test.gd" time="0.001006" >
      </testcase>
      <testcase name="test_damage_enemy_with_invalid_id_returns_false" assertions="1" status="pass" classname="scripts/tests/enemy_service_test.gd" time="0.000572" >
      </testcase>
      <testcase name="test_damage_dead_enemy_fails" assertions="1" status="pass" classname="scripts/tests/enemy_service_test.gd" time="0.001087" >
      </testcase>
      <testcase name="test_kill_enemy_returns_drop_data" assertions="5" status="pass" classname="scripts/tests/enemy_service_test.gd" time="0.000624" >
      </testcase>
      <testcase name="test_get_living_enemies_returns_all_alive" assertions="3" status="pass" classname="scripts/tests/enemy_service_test.gd" time="0.000843" >
      </testcase>
      <testcase name="test_get_living_enemies_excludes_dead" assertions="3" status="pass" classname="scripts/tests/enemy_service_test.gd" time="0.001119" >
      </testcase>
      <testcase name="test_get_enemy_count" assertions="1" status="pass" classname="scripts/tests/enemy_service_test.gd" time="0.001113" >
      </testcase>
      <testcase name="test_remove_enemy" assertions="1" status="pass" classname="scripts/tests/enemy_service_test.gd" time="0.001104" >
      </testcase>
      <testcase name="test_wave_scaling_increases_enemy_count" assertions="3" status="pass" classname="scripts/tests/enemy_service_test.gd" time="0.000334" >
      </testcase>
      <testcase name="test_wave_scaling_increases_enemy_hp" assertions="3" status="pass" classname="scripts/tests/enemy_service_test.gd" time="0.000316" >
      </testcase>
      <testcase name="test_spawn_enemy_applies_wave_scaling" assertions="1" status="pass" classname="scripts/tests/enemy_service_test.gd" time="0.000568" >
      </testcase>
      <testcase name="test_get_spawn_rate_decreases_with_wave" assertions="3" status="pass" classname="scripts/tests/enemy_service_test.gd" time="0.000324" >
      </testcase>
      <testcase name="test_update_enemy_ai_moves_toward_player" assertions="2" status="pass" classname="scripts/tests/enemy_service_test.gd" time="0.000571" >
      </testcase>
      <testcase name="test_get_enemies_in_radius" assertions="3" status="pass" classname="scripts/tests/enemy_service_test.gd" time="0.001109" >
      </testcase>
      <testcase name="test_get_enemies_in_radius_excludes_dead" assertions="3" status="pass" classname="scripts/tests/enemy_service_test.gd" time="0.001105" >
      </testcase>
  </testsuite>
  <testsuite name="scripts/tests/entity_classes_test.gd" tests="30" failures="0" skipped="24" time="0.250951" >
      <testcase name="test_player_initial_max_health_is_100" assertions="1" status="pass" classname="scripts/tests/entity_classes_test.gd" time="0.002839" >
      </testcase>
      <testcase name="test_player_initial_current_health_is_100" assertions="1" status="pass" classname="scripts/tests/entity_classes_test.gd" time="0.04286" >
      </testcase>
      <testcase name="test_player_base_speed_is_200" assertions="1" status="pass" classname="scripts/tests/entity_classes_test.gd" time="0.055173" >
      </testcase>
      <testcase name="test_player_takes_damage_correctly" assertions="1" status="pass" classname="scripts/tests/entity_classes_test.gd" time="0.049131" >
      </testcase>
      <testcase name="test_player_heals_correctly" assertions="1" status="pass" classname="scripts/tests/entity_classes_test.gd" time="0.047951" >
      </testcase>
      <testcase name="test_player_applies_health_item_modifiers" assertions="0" status="pending" classname="scripts/tests/entity_classes_test.gd" time="0.00108" >
      <skipped message="pending"><![CDATA[Disabled - CharacterService handles stat modifiers, not Player directly]]></skipped></testcase>
      <testcase name="test_player_applies_speed_item_modifiers" assertions="0" status="pending" classname="scripts/tests/entity_classes_test.gd" time="0.001039" >
      <skipped message="pending"><![CDATA[Disabled - CharacterService handles stat modifiers, not Player directly]]></skipped></testcase>
      <testcase name="test_player_equips_weapon" assertions="0" status="pending" classname="scripts/tests/entity_classes_test.gd" time="0.001019" >
      <skipped message="pending"><![CDATA[Disabled - WeaponService integration tested in scene_integration_test.gd]]></skipped></testcase>
      <testcase name="test_player_invulnerability_blocks_damage" assertions="0" status="pending" classname="scripts/tests/entity_classes_test.gd" time="0.000995" >
      <skipped message="pending"><![CDATA[Disabled - Week 10 Player doesn't have invulnerability (simplified)]]></skipped></testcase>
      <testcase name="test_enemy_resource_loads" assertions="0" status="pending" classname="scripts/tests/entity_classes_test.gd" time="0.001211" >
      <skipped message="pending"><![CDATA[Disabled for headless CI - set ENABLE_RESOURCE_TESTS=true to run in Godot Editor]]></skipped></testcase>
      <testcase name="test_enemy_initializes_with_wave_1" assertions="0" status="pending" classname="scripts/tests/entity_classes_test.gd" time="0.001005" >
      <skipped message="pending"><![CDATA[Disabled for headless CI - set ENABLE_RESOURCE_TESTS=true to run in Godot Editor]]></skipped></testcase>
      <testcase name="test_enemy_scales_health_with_wave" assertions="0" status="pending" classname="scripts/tests/entity_classes_test.gd" time="0.001268" >
      <skipped message="pending"><![CDATA[Disabled for headless CI - set ENABLE_RESOURCE_TESTS=true to run in Godot Editor]]></skipped></testcase>
      <testcase name="test_enemy_takes_damage" assertions="0" status="pending" classname="scripts/tests/entity_classes_test.gd" time="0.001051" >
      <skipped message="pending"><![CDATA[Disabled for headless CI - set ENABLE_RESOURCE_TESTS=true to run in Godot Editor]]></skipped></testcase>
      <testcase name="test_enemy_health_percentage_calculation" assertions="0" status="pending" classname="scripts/tests/entity_classes_test.gd" time="0.001038" >
      <skipped message="pending"><![CDATA[Disabled for headless CI - set ENABLE_RESOURCE_TESTS=true to run in Godot Editor]]></skipped></testcase>
      <testcase name="test_enemy_is_alive_when_health_positive" assertions="0" status="pending" classname="scripts/tests/entity_classes_test.gd" time="0.001091" >
      <skipped message="pending"><![CDATA[Disabled for headless CI - set ENABLE_RESOURCE_TESTS=true to run in Godot Editor]]></skipped></testcase>
      <testcase name="test_enemy_is_dead_when_health_zero" assertions="0" status="pending" classname="scripts/tests/entity_classes_test.gd" time="0.001181" >
      <skipped message="pending"><![CDATA[Disabled for headless CI - set ENABLE_RESOURCE_TESTS=true to run in Godot Editor]]></skipped></testcase>
      <testcase name="test_projectile_activates_with_parameters" assertions="0" status="pending" classname="scripts/tests/entity_classes_test.gd" time="0.001034" >
      <skipped message="pending"><![CDATA[Disabled - Projectile implementation pending Week 10 Phase 2]]></skipped></testcase>
      <testcase name="test_projectile_velocity_is_set" assertions="0" status="pending" classname="scripts/tests/entity_classes_test.gd" time="0.001029" >
      <skipped message="pending"><![CDATA[Disabled - Projectile implementation pending Week 10 Phase 2]]></skipped></testcase>
      <testcase name="test_projectile_pierce_is_set" assertions="0" status="pending" classname="scripts/tests/entity_classes_test.gd" time="0.00101" >
      <skipped message="pending"><![CDATA[Disabled - Projectile implementation pending Week 10 Phase 2]]></skipped></testcase>
      <testcase name="test_projectile_remaining_range_is_full" assertions="0" status="pending" classname="scripts/tests/entity_classes_test.gd" time="0.000991" >
      <skipped message="pending"><![CDATA[Disabled - Projectile implementation pending Week 10 Phase 2]]></skipped></testcase>
      <testcase name="test_projectile_deactivates" assertions="0" status="pending" classname="scripts/tests/entity_classes_test.gd" time="0.000986" >
      <skipped message="pending"><![CDATA[Disabled - Projectile implementation pending Week 10 Phase 2]]></skipped></testcase>
      <testcase name="test_enemy_targets_player" assertions="0" status="pending" classname="scripts/tests/entity_classes_test.gd" time="0.000981" >
      <skipped message="pending"><![CDATA[Disabled for headless CI - set ENABLE_RESOURCE_TESTS=true to run in Godot Editor]]></skipped></testcase>
      <testcase name="test_player_fires_weapon" assertions="0" status="pending" classname="scripts/tests/entity_classes_test.gd" time="0.000983" >
      <skipped message="pending"><![CDATA[Disabled - Weapon firing tested in scene_integration_test.gd]]></skipped></testcase>
      <testcase name="test_enemy_calculates_distance_to_player" assertions="0" status="pending" classname="scripts/tests/entity_classes_test.gd" time="0.000981" >
      <skipped message="pending"><![CDATA[Disabled - AI tested in scene_integration_test.gd]]></skipped></testcase>
      <testcase name="test_player_armor_reduces_damage" assertions="2" status="pass" classname="scripts/tests/entity_classes_test.gd" time="0.026015" >
      </testcase>
      <testcase name="test_player_life_steal_modifier" assertions="0" status="pending" classname="scripts/tests/entity_classes_test.gd" time="0.001484" >
      <skipped message="pending"><![CDATA[Disabled - Life steal not yet implemented in Week 10]]></skipped></testcase>
      <testcase name="test_weapon_resource_loads" assertions="0" status="pending" classname="scripts/tests/entity_classes_test.gd" time="0.00143" >
      <skipped message="pending"><![CDATA[Disabled for headless CI - set ENABLE_RESOURCE_TESTS=true to run in Godot Editor]]></skipped></testcase>
      <testcase name="test_enemy_resource_basic_loads" assertions="0" status="pending" classname="scripts/tests/entity_classes_test.gd" time="0.001454" >
      <skipped message="pending"><![CDATA[Disabled for headless CI - set ENABLE_RESOURCE_TESTS=true to run in Godot Editor]]></skipped></testcase>
      <testcase name="test_health_boost_item_loads" assertions="0" status="pending" classname="scripts/tests/entity_classes_test.gd" time="0.00136" >
      <skipped message="pending"><![CDATA[Disabled for headless CI - set ENABLE_RESOURCE_TESTS=true to run in Godot Editor]]></skipped></testcase>
      <testcase name="test_vampiric_fangs_item_loads" assertions="0" status="pending" classname="scripts/tests/entity_classes_test.gd" time="0.001281" >
      <skipped message="pending"><![CDATA[Disabled for headless CI - set ENABLE_RESOURCE_TESTS=true to run in Godot Editor]]></skipped></testcase>
  </testsuite>
  <testsuite name="scripts/tests/error_service_test.gd" tests="3" failures="0" skipped="0" time="0.000847" >
      <testcase name="test_error_occurred_signal_emits_on_error" assertions="3" status="pass" classname="scripts/tests/error_service_test.gd" time="0.000333" >
      </testcase>
      <testcase name="test_critical_error_occurred_signal_emits_on_critical" assertions="3" status="pass" classname="scripts/tests/error_service_test.gd" time="0.000268" >
      </testcase>
      <testcase name="test_godot_error_capture_includes_stack_trace_in_metadata" assertions="2" status="pass" classname="scripts/tests/error_service_test.gd" time="0.000246" >
      </testcase>
  </testsuite>
  <testsuite name="scripts/tests/game_state_test.gd" tests="28" failures="0" skipped="0" time="0.003274" >
      <testcase name="test_initial_wave_is_zero" assertions="1" status="pass" classname="scripts/tests/game_state_test.gd" time="0.000085" >
      </testcase>
      <testcase name="test_set_current_wave_updates_wave" assertions="1" status="pass" classname="scripts/tests/game_state_test.gd" time="0.000081" >
      </testcase>
      <testcase name="test_set_current_wave_emits_signal" assertions="3" status="pass" classname="scripts/tests/game_state_test.gd" time="0.000288" >
      </testcase>
      <testcase name="test_set_current_wave_no_signal_for_same_value" assertions="1" status="pass" classname="scripts/tests/game_state_test.gd" time="0.000202" >
      </testcase>
      <testcase name="test_initial_score_is_zero" assertions="1" status="pass" classname="scripts/tests/game_state_test.gd" time="0.000074" >
      </testcase>
      <testcase name="test_set_score_updates_score" assertions="1" status="pass" classname="scripts/tests/game_state_test.gd" time="0.000074" >
      </testcase>
      <testcase name="test_set_score_updates_high_score" assertions="1" status="pass" classname="scripts/tests/game_state_test.gd" time="0.000068" >
      </testcase>
      <testcase name="test_set_score_emits_signal" assertions="3" status="pass" classname="scripts/tests/game_state_test.gd" time="0.000272" >
      </testcase>
      <testcase name="test_add_score_increases_score" assertions="1" status="pass" classname="scripts/tests/game_state_test.gd" time="0.000077" >
      </testcase>
      <testcase name="test_add_score_updates_high_score" assertions="1" status="pass" classname="scripts/tests/game_state_test.gd" time="0.000071" >
      </testcase>
      <testcase name="test_add_score_emits_signal" assertions="2" status="pass" classname="scripts/tests/game_state_test.gd" time="0.000226" >
      </testcase>
      <testcase name="test_high_score_does_not_decrease" assertions="1" status="pass" classname="scripts/tests/game_state_test.gd" time="0.000073" >
      </testcase>
      <testcase name="test_initial_gameplay_state_is_inactive" assertions="1" status="pass" classname="scripts/tests/game_state_test.gd" time="0.000055" >
      </testcase>
      <testcase name="test_set_gameplay_active_true_updates_state" assertions="1" status="pass" classname="scripts/tests/game_state_test.gd" time="0.000053" >
      </testcase>
      <testcase name="test_set_gameplay_active_true_emits_signal" assertions="2" status="pass" classname="scripts/tests/game_state_test.gd" time="0.000206" >
      </testcase>
      <testcase name="test_set_gameplay_active_false_updates_state" assertions="1" status="pass" classname="scripts/tests/game_state_test.gd" time="0.000057" >
      </testcase>
      <testcase name="test_set_gameplay_active_false_emits_signal" assertions="2" status="pass" classname="scripts/tests/game_state_test.gd" time="0.00021" >
      </testcase>
      <testcase name="test_initial_character_is_empty" assertions="1" status="pass" classname="scripts/tests/game_state_test.gd" time="0.000077" >
      </testcase>
      <testcase name="test_set_current_character_updates_character" assertions="1" status="pass" classname="scripts/tests/game_state_test.gd" time="0.000073" >
      </testcase>
      <testcase name="test_set_current_character_emits_signal" assertions="2" status="pass" classname="scripts/tests/game_state_test.gd" time="0.000223" >
      </testcase>
      <testcase name="test_set_current_character_no_signal_for_same_value" assertions="1" status="pass" classname="scripts/tests/game_state_test.gd" time="0.000203" >
      </testcase>
      <testcase name="test_reset_clears_wave" assertions="1" status="pass" classname="scripts/tests/game_state_test.gd" time="0.00008" >
      </testcase>
      <testcase name="test_reset_clears_score" assertions="1" status="pass" classname="scripts/tests/game_state_test.gd" time="0.00007" >
      </testcase>
      <testcase name="test_reset_preserves_high_score" assertions="1" status="pass" classname="scripts/tests/game_state_test.gd" time="0.000068" >
      </testcase>
      <testcase name="test_reset_deactivates_gameplay" assertions="1" status="pass" classname="scripts/tests/game_state_test.gd" time="0.000054" >
      </testcase>
      <testcase name="test_reset_clears_character" assertions="1" status="pass" classname="scripts/tests/game_state_test.gd" time="0.000076" >
      </testcase>
      <testcase name="test_reset_unpauses_game" assertions="1" status="pass" classname="scripts/tests/game_state_test.gd" time="0.000053" >
      </testcase>
      <testcase name="test_reset_full_state" assertions="6" status="pass" classname="scripts/tests/game_state_test.gd" time="0.000125" >
      </testcase>
  </testsuite>
  <testsuite name="scripts/tests/hud_service_test.gd" tests="11" failures="0" skipped="0" time="0.043534" >
      <testcase name="test_hud_service_updates_hp_on_damage" assertions="2" status="pass" classname="scripts/tests/hud_service_test.gd" time="0.002974" >
      </testcase>
      <testcase name="test_hud_service_updates_hp_on_heal" assertions="2" status="pass" classname="scripts/tests/hud_service_test.gd" time="0.001732" >
      </testcase>
      <testcase name="test_hud_service_updates_xp_on_gain" assertions="3" status="pass" classname="scripts/tests/hud_service_test.gd" time="0.002728" >
      </testcase>
      <testcase name="test_hud_service_updates_xp_on_level_up" assertions="2" status="pass" classname="scripts/tests/hud_service_test.gd" time="0.004891" >
      </testcase>
      <testcase name="test_hud_service_updates_currency_on_collection" assertions="1" status="pass" classname="scripts/tests/hud_service_test.gd" time="0.006892" >
      </testcase>
      <testcase name="test_hud_service_updates_wave_on_change" assertions="3" status="pass" classname="scripts/tests/hud_service_test.gd" time="0.007031" >
      </testcase>
      <testcase name="test_hud_service_can_set_player" assertions="1" status="pass" classname="scripts/tests/hud_service_test.gd" time="0.001231" >
      </testcase>
      <testcase name="test_hud_service_disconnects_previous_player" assertions="2" status="pass" classname="scripts/tests/hud_service_test.gd" time="0.013205" >
      </testcase>
      <testcase name="test_hud_service_returns_current_hp_state" assertions="2" status="pass" classname="scripts/tests/hud_service_test.gd" time="0.001086" >
      </testcase>
      <testcase name="test_hud_service_returns_current_xp_state" assertions="3" status="pass" classname="scripts/tests/hud_service_test.gd" time="0.00139" >
      </testcase>
      <testcase name="test_hud_service_returns_current_wave" assertions="1" status="pass" classname="scripts/tests/hud_service_test.gd" time="0.000374" >
      </testcase>
  </testsuite>
  <testsuite name="scripts/tests/input_system_test.gd" tests="6" failures="0" skipped="0" time="0.000719" >
      <testcase name="test_camera_follows_player_smoothly" assertions="2" status="pass" classname="scripts/tests/input_system_test.gd" time="0.000143" >
      </testcase>
      <testcase name="test_camera_respects_boundaries" assertions="4" status="pass" classname="scripts/tests/input_system_test.gd" time="0.000088" >
      </testcase>
      <testcase name="test_camera_shake_on_weapon_fire" assertions="2" status="pass" classname="scripts/tests/input_system_test.gd" time="0.000084" >
      </testcase>
      <testcase name="test_camera_shake_decays_over_time" assertions="1" status="pass" classname="scripts/tests/input_system_test.gd" time="0.000082" >
      </testcase>
      <testcase name="test_input_handler_emits_movement_signal" assertions="1" status="pass" classname="scripts/tests/input_system_test.gd" time="0.000163" >
      </testcase>
      <testcase name="test_input_handler_emits_aim_signal" assertions="1" status="pass" classname="scripts/tests/input_system_test.gd" time="0.000159" >
      </testcase>
  </testsuite>
  <testsuite name="scripts/tests/logger_test.gd" tests="11" failures="0" skipped="0" time="1.38165" >
      <testcase name="test_log_file_is_created" assertions="1" status="pass" classname="scripts/tests/logger_test.gd" time="0.000877" >
      </testcase>
      <testcase name="test_log_file_is_not_empty" assertions="1" status="pass" classname="scripts/tests/logger_test.gd" time="0.000713" >
      </testcase>
      <testcase name="test_log_path_returns_valid_path" assertions="2" status="pass" classname="scripts/tests/logger_test.gd" time="0.000349" >
      </testcase>
      <testcase name="test_debug_level_is_recorded" assertions="2" status="pass" classname="scripts/tests/logger_test.gd" time="0.00064" >
      </testcase>
      <testcase name="test_info_level_is_recorded" assertions="2" status="pass" classname="scripts/tests/logger_test.gd" time="0.000686" >
      </testcase>
      <testcase name="test_warning_level_is_recorded" assertions="2" status="pass" classname="scripts/tests/logger_test.gd" time="0.000686" >
      </testcase>
      <testcase name="test_error_level_is_recorded" assertions="2" status="pass" classname="scripts/tests/logger_test.gd" time="0.000701" >
      </testcase>
      <testcase name="test_multiple_log_levels_are_recorded" assertions="6" status="pass" classname="scripts/tests/logger_test.gd" time="0.001611" >
      </testcase>
      <testcase name="test_log_rotation_respects_max_files" assertions="1" status="pass" classname="scripts/tests/logger_test.gd" time="0.62845" >
      </testcase>
      <testcase name="test_log_rotation_keeps_most_recent_files" assertions="1" status="pass" classname="scripts/tests/logger_test.gd" time="0.745744" >
      </testcase>
      <testcase name="test_error_service_integration_placeholder" assertions="1" status="pass" classname="scripts/tests/logger_test.gd" time="0.001193" >
      </testcase>
  </testsuite>
  <testsuite name="scripts/tests/recycler_service_test.gd" tests="26" failures="0" skipped="0" time="0.018297" >
      <testcase name="test_rarity_enum_values_are_correct" assertions="5" status="pass" classname="scripts/tests/recycler_service_test.gd" time="0.001068" >
      </testcase>
      <testcase name="test_scrap_base_values_by_rarity" assertions="2" status="pass" classname="scripts/tests/recycler_service_test.gd" time="0.000819" >
      </testcase>
      <testcase name="test_component_base_values_by_rarity" assertions="2" status="pass" classname="scripts/tests/recycler_service_test.gd" time="0.000746" >
      </testcase>
      <testcase name="test_dismantle_common_non_weapon_gives_base_scrap" assertions="1" status="pass" classname="scripts/tests/recycler_service_test.gd" time="0.001173" >
      </testcase>
      <testcase name="test_dismantle_common_weapon_applies_multiplier" assertions="1" status="pass" classname="scripts/tests/recycler_service_test.gd" time="0.001135" >
      </testcase>
      <testcase name="test_dismantle_rare_non_weapon_gives_higher_scrap" assertions="1" status="pass" classname="scripts/tests/recycler_service_test.gd" time="0.001162" >
      </testcase>
      <testcase name="test_dismantle_rare_weapon_applies_multiplier_and_rounds" assertions="1" status="pass" classname="scripts/tests/recycler_service_test.gd" time="0.001131" >
      </testcase>
      <testcase name="test_common_items_never_drop_components" assertions="2" status="pass" classname="scripts/tests/recycler_service_test.gd" time="0.001148" >
      </testcase>
      <testcase name="test_uncommon_has_correct_component_chance_and_potential" assertions="2" status="pass" classname="scripts/tests/recycler_service_test.gd" time="0.000581" >
      </testcase>
      <testcase name="test_rare_has_correct_component_chance_and_potential" assertions="2" status="pass" classname="scripts/tests/recycler_service_test.gd" time="0.000568" >
      </testcase>
      <testcase name="test_epic_has_correct_component_chance_and_potential" assertions="2" status="pass" classname="scripts/tests/recycler_service_test.gd" time="0.000555" >
      </testcase>
      <testcase name="test_legendary_has_correct_component_chance_and_potential" assertions="2" status="pass" classname="scripts/tests/recycler_service_test.gd" time="0.000497" >
      </testcase>
      <testcase name="test_luck_40_adds_10_percent_component_chance" assertions="1" status="pass" classname="scripts/tests/recycler_service_test.gd" time="0.000449" >
      </testcase>
      <testcase name="test_luck_chance_bonus_caps_at_25_percent" assertions="1" status="pass" classname="scripts/tests/recycler_service_test.gd" time="0.000428" >
      </testcase>
      <testcase name="test_luck_120_adds_one_component" assertions="1" status="pass" classname="scripts/tests/recycler_service_test.gd" time="0.000444" >
      </testcase>
      <testcase name="test_luck_240_adds_two_components" assertions="1" status="pass" classname="scripts/tests/recycler_service_test.gd" time="0.000433" >
      </testcase>
      <testcase name="test_component_chance_caps_at_95_percent" assertions="1" status="pass" classname="scripts/tests/recycler_service_test.gd" time="0.000425" >
      </testcase>
      <testcase name="test_preview_shows_potential_components" assertions="2" status="pass" classname="scripts/tests/recycler_service_test.gd" time="0.000455" >
      </testcase>
      <testcase name="test_dismantle_uses_randomness_for_components" assertions="1" status="pass" classname="scripts/tests/recycler_service_test.gd" time="0.000799" >
      </testcase>
      <testcase name="test_broken_item_gives_zero_scrap" assertions="1" status="pass" classname="scripts/tests/recycler_service_test.gd" time="0.000793" >
      </testcase>
      <testcase name="test_negative_luck_normalized_to_zero" assertions="1" status="pass" classname="scripts/tests/recycler_service_test.gd" time="0.000403" >
      </testcase>
      <testcase name="test_empty_template_id_returns_zero_outcome" assertions="2" status="pass" classname="scripts/tests/recycler_service_test.gd" time="0.000751" >
      </testcase>
      <testcase name="test_base_scrap_override_works" assertions="1" status="pass" classname="scripts/tests/recycler_service_test.gd" time="0.000744" >
      </testcase>
      <testcase name="test_rarity_from_string_converts_correctly" assertions="3" status="pass" classname="scripts/tests/recycler_service_test.gd" time="0.000436" >
      </testcase>
      <testcase name="test_rarity_to_string_converts_correctly" assertions="2" status="pass" classname="scripts/tests/recycler_service_test.gd" time="0.000422" >
      </testcase>
      <testcase name="test_unknown_rarity_string_defaults_to_common" assertions="1" status="pass" classname="scripts/tests/recycler_service_test.gd" time="0.000732" >
      </testcase>
  </testsuite>
  <testsuite name="scripts/tests/save_integration_test.gd" tests="22" failures="0" skipped="0" time="0.150515" >
      <testcase name="test_save_all_services_succeeds" assertions="2" status="pass" classname="scripts/tests/save_integration_test.gd" time="0.008029" >
      </testcase>
      <testcase name="test_load_all_services_restores_state" assertions="4" status="pass" classname="scripts/tests/save_integration_test.gd" time="0.011159" >
      </testcase>
      <testcase name="test_multiple_services_save_and_load" assertions="2" status="pass" classname="scripts/tests/save_integration_test.gd" time="0.010076" >
      </testcase>
      <testcase name="test_transaction_history_persists" assertions="7" status="pass" classname="scripts/tests/save_integration_test.gd" time="0.010278" >
      </testcase>
      <testcase name="test_save_started_signal_emits" assertions="1" status="pass" classname="scripts/tests/save_integration_test.gd" time="0.006184" >
      </testcase>
      <testcase name="test_save_completed_signal_emits" assertions="2" status="pass" classname="scripts/tests/save_integration_test.gd" time="0.005982" >
      </testcase>
      <testcase name="test_load_started_signal_emits" assertions="1" status="pass" classname="scripts/tests/save_integration_test.gd" time="0.00824" >
      </testcase>
      <testcase name="test_load_completed_signal_emits" assertions="2" status="pass" classname="scripts/tests/save_integration_test.gd" time="0.007956" >
      </testcase>
      <testcase name="test_unsaved_changes_tracked_after_modification" assertions="1" status="pass" classname="scripts/tests/save_integration_test.gd" time="0.004044" >
      </testcase>
      <testcase name="test_unsaved_changes_cleared_after_save" assertions="1" status="pass" classname="scripts/tests/save_integration_test.gd" time="0.00538" >
      </testcase>
      <testcase name="test_load_nonexistent_save_fails_gracefully" assertions="1" status="pass" classname="scripts/tests/save_integration_test.gd" time="0.00426" >
      </testcase>
      <testcase name="test_metadata_shows_no_save_initially" assertions="1" status="pass" classname="scripts/tests/save_integration_test.gd" time="0.003453" >
      </testcase>
      <testcase name="test_metadata_populated_after_save" assertions="4" status="pass" classname="scripts/tests/save_integration_test.gd" time="0.005588" >
      </testcase>
      <testcase name="test_save_deleted_successfully" assertions="3" status="pass" classname="scripts/tests/save_integration_test.gd" time="0.00566" >
      </testcase>
      <testcase name="test_cross_service_state_consistency" assertions="3" status="pass" classname="scripts/tests/save_integration_test.gd" time="0.009316" >
      </testcase>
      <testcase name="test_stateless_service_save_succeeds" assertions="1" status="pass" classname="scripts/tests/save_integration_test.gd" time="0.006471" >
      </testcase>
      <testcase name="test_stateless_service_load_succeeds" assertions="1" status="pass" classname="scripts/tests/save_integration_test.gd" time="0.008818" >
      </testcase>
      <testcase name="test_recycler_service_functional_after_load" assertions="1" status="pass" classname="scripts/tests/save_integration_test.gd" time="0.008783" >
      </testcase>
      <testcase name="test_auto_save_enabled" assertions="1" status="pass" classname="scripts/tests/save_integration_test.gd" time="0.004653" >
      </testcase>
      <testcase name="test_auto_save_trigger_signal_emits" assertions="1" status="pass" classname="scripts/tests/save_integration_test.gd" time="0.006128" >
      </testcase>
      <testcase name="test_auto_save_creates_save_in_slot_0" assertions="2" status="pass" classname="scripts/tests/save_integration_test.gd" time="0.005774" >
      </testcase>
      <testcase name="test_auto_save_skips_when_no_changes" assertions="1" status="pass" classname="scripts/tests/save_integration_test.gd" time="0.004283" >
      </testcase>
  </testsuite>
  <testsuite name="scripts/tests/save_system_test.gd" tests="20" failures="0" skipped="0" time="0.138851" >
      <testcase name="test_save_game_succeeds" assertions="2" status="pass" classname="scripts/tests/save_system_test.gd" time="0.00737" >
      </testcase>
      <testcase name="test_load_game_succeeds" assertions="2" status="pass" classname="scripts/tests/save_system_test.gd" time="0.006599" >
      </testcase>
      <testcase name="test_loaded_data_matches_saved_data" assertions="4" status="pass" classname="scripts/tests/save_system_test.gd" time="0.006976" >
      </testcase>
      <testcase name="test_save_to_multiple_slots" assertions="3" status="pass" classname="scripts/tests/save_system_test.gd" time="0.007581" >
      </testcase>
      <testcase name="test_load_from_multiple_slots" assertions="9" status="pass" classname="scripts/tests/save_system_test.gd" time="0.00767" >
      </testcase>
      <testcase name="test_non_existent_save_metadata" assertions="1" status="pass" classname="scripts/tests/save_system_test.gd" time="0.006514" >
      </testcase>
      <testcase name="test_existing_save_metadata" assertions="5" status="pass" classname="scripts/tests/save_system_test.gd" time="0.007176" >
      </testcase>
      <testcase name="test_second_save_creates_backup" assertions="1" status="pass" classname="scripts/tests/save_system_test.gd" time="0.007744" >
      </testcase>
      <testcase name="test_save_exists_after_creation" assertions="1" status="pass" classname="scripts/tests/save_system_test.gd" time="0.007184" >
      </testcase>
      <testcase name="test_save_deleted_successfully" assertions="2" status="pass" classname="scripts/tests/save_system_test.gd" time="0.007526" >
      </testcase>
      <testcase name="test_has_save_detects_empty_slots" assertions="2" status="pass" classname="scripts/tests/save_system_test.gd" time="0.006726" >
      </testcase>
      <testcase name="test_has_save_detects_existing_save" assertions="2" status="pass" classname="scripts/tests/save_system_test.gd" time="0.007189" >
      </testcase>
      <testcase name="test_negative_slot_save_fails" assertions="2" status="pass" classname="scripts/tests/save_system_test.gd" time="0.006396" >
      </testcase>
      <testcase name="test_too_large_slot_save_fails" assertions="1" status="pass" classname="scripts/tests/save_system_test.gd" time="0.00646" >
      </testcase>
      <testcase name="test_invalid_slot_load_fails" assertions="1" status="pass" classname="scripts/tests/save_system_test.gd" time="0.006149" >
      </testcase>
      <testcase name="test_invalid_slot_has_save_returns_false" assertions="1" status="pass" classname="scripts/tests/save_system_test.gd" time="0.006474" >
      </testcase>
      <testcase name="test_corruption_recovers_from_backup" assertions="2" status="pass" classname="scripts/tests/save_system_test.gd" time="0.007421" >
      </testcase>
      <testcase name="test_save_with_current_version" assertions="1" status="pass" classname="scripts/tests/save_system_test.gd" time="0.006678" >
      </testcase>
      <testcase name="test_load_verifies_version" assertions="2" status="pass" classname="scripts/tests/save_system_test.gd" time="0.006539" >
      </testcase>
      <testcase name="test_future_version_rejected" assertions="2" status="pass" classname="scripts/tests/save_system_test.gd" time="0.006479" >
      </testcase>
  </testsuite>
  <testsuite name="scripts/tests/scene_integration_test.gd" tests="15" failures="0" skipped="0" time="1.107068" >
      <testcase name="test_player_entity_loads_character_stats" assertions="6" status="pass" classname="scripts/tests/scene_integration_test.gd" time="0.119002" >
      </testcase>
      <testcase name="test_player_movement_uses_speed_stat" assertions="3" status="pass" classname="scripts/tests/scene_integration_test.gd" time="0.133348" >
      </testcase>
      <testcase name="test_player_take_damage_applies_armor" assertions="3" status="pass" classname="scripts/tests/scene_integration_test.gd" time="0.095862" >
      </testcase>
      <testcase name="test_player_death_triggers_signal" assertions="4" status="pass" classname="scripts/tests/scene_integration_test.gd" time="0.106106" >
      </testcase>
      <testcase name="test_player_heal_respects_max_hp" assertions="3" status="pass" classname="scripts/tests/scene_integration_test.gd" time="0.092935" >
      </testcase>
      <testcase name="test_player_equips_weapon" assertions="4" status="pass" classname="scripts/tests/scene_integration_test.gd" time="0.105309" >
      </testcase>
      <testcase name="test_enemy_entity_scales_with_wave" assertions="4" status="pass" classname="scripts/tests/scene_integration_test.gd" time="0.003592" >
      </testcase>
      <testcase name="test_enemy_moves_toward_player" assertions="4" status="pass" classname="scripts/tests/scene_integration_test.gd" time="0.159243" >
      </testcase>
      <testcase name="test_enemy_death_emits_signal" assertions="4" status="pass" classname="scripts/tests/scene_integration_test.gd" time="0.006917" >
      </testcase>
      <testcase name="test_enemy_updates_health_bar_on_damage" assertions="5" status="pass" classname="scripts/tests/scene_integration_test.gd" time="0.002047" >
      </testcase>
      <testcase name="test_enemy_has_correct_speed_from_type" assertions="3" status="pass" classname="scripts/tests/scene_integration_test.gd" time="0.001506" >
      </testcase>
      <testcase name="test_player_damage_triggers_health_signal" assertions="4" status="pass" classname="scripts/tests/scene_integration_test.gd" time="0.077015" >
      </testcase>
      <testcase name="test_enemy_type_colors_differ" assertions="4" status="pass" classname="scripts/tests/scene_integration_test.gd" time="0.005332" >
      </testcase>
      <testcase name="test_player_level_up_reloads_stats" assertions="4" status="pass" classname="scripts/tests/scene_integration_test.gd" time="0.194801" >
      </testcase>
      <testcase name="test_enemy_get_health_percentage" assertions="5" status="pass" classname="scripts/tests/scene_integration_test.gd" time="0.004053" >
      </testcase>
  </testsuite>
  <testsuite name="scripts/tests/service_integration_test.gd" tests="15" failures="0" skipped="0" time="0.154035" >
      <testcase name="test_dismantle_rare_weapon_grants_scrap" assertions="1" status="pass" classname="scripts/tests/service_integration_test.gd" time="0.003788" >
      </testcase>
      <testcase name="test_add_recycled_scrap_to_bank" assertions="2" status="pass" classname="scripts/tests/service_integration_test.gd" time="0.003094" >
      </testcase>
      <testcase name="test_player_can_afford_first_reroll" assertions="2" status="pass" classname="scripts/tests/service_integration_test.gd" time="0.002498" >
      </testcase>
      <testcase name="test_reroll_deducts_cost_from_bank" assertions="2" status="pass" classname="scripts/tests/service_integration_test.gd" time="0.003325" >
      </testcase>
      <testcase name="test_second_reroll_costs_more" assertions="1" status="pass" classname="scripts/tests/service_integration_test.gd" time="0.001655" >
      </testcase>
      <testcase name="test_free_tier_rejects_scrap" assertions="2" status="pass" classname="scripts/tests/service_integration_test.gd" time="0.001309" >
      </testcase>
      <testcase name="test_premium_tier_accepts_scrap" assertions="2" status="pass" classname="scripts/tests/service_integration_test.gd" time="0.002234" >
      </testcase>
      <testcase name="test_premium_tier_enforces_cap" assertions="1" status="pass" classname="scripts/tests/service_integration_test.gd" time="0.112936" >
      </testcase>
      <testcase name="test_banking_currency_changed_signal" assertions="1" status="pass" classname="scripts/tests/service_integration_test.gd" time="0.00212" >
      </testcase>
      <testcase name="test_recycler_item_dismantled_signal" assertions="1" status="pass" classname="scripts/tests/service_integration_test.gd" time="0.001503" >
      </testcase>
      <testcase name="test_shop_reroll_executed_signal" assertions="1" status="pass" classname="scripts/tests/service_integration_test.gd" time="0.001405" >
      </testcase>
      <testcase name="test_player_dismantles_multiple_items" assertions="1" status="pass" classname="scripts/tests/service_integration_test.gd" time="0.005537" >
      </testcase>
      <testcase name="test_player_runs_out_of_scrap_rerolling" assertions="1" status="pass" classname="scripts/tests/service_integration_test.gd" time="0.002661" >
      </testcase>
      <testcase name="test_legendary_weapon_grants_high_scrap" assertions="1" status="pass" classname="scripts/tests/service_integration_test.gd" time="0.002231" >
      </testcase>
      <testcase name="test_complete_gameplay_scenario" assertions="5" status="pass" classname="scripts/tests/service_integration_test.gd" time="0.007739" >
      </testcase>
  </testsuite>
  <testsuite name="scripts/tests/shop_reroll_service_test.gd" tests="35" failures="0" skipped="0" time="0.012586" >
      <testcase name="test_base_cost_constant_is_50" assertions="1" status="pass" classname="scripts/tests/shop_reroll_service_test.gd" time="0.000056" >
      </testcase>
      <testcase name="test_cost_multiplier_constant_is_2" assertions="1" status="pass" classname="scripts/tests/shop_reroll_service_test.gd" time="0.00005" >
      </testcase>
      <testcase name="test_max_reroll_count_constant_is_99" assertions="1" status="pass" classname="scripts/tests/shop_reroll_service_test.gd" time="0.000052" >
      </testcase>
      <testcase name="test_calculate_cost_for_reroll_0_equals_50" assertions="1" status="pass" classname="scripts/tests/shop_reroll_service_test.gd" time="0.000046" >
      </testcase>
      <testcase name="test_calculate_cost_for_reroll_1_equals_100" assertions="1" status="pass" classname="scripts/tests/shop_reroll_service_test.gd" time="0.000045" >
      </testcase>
      <testcase name="test_calculate_cost_for_reroll_2_equals_200" assertions="1" status="pass" classname="scripts/tests/shop_reroll_service_test.gd" time="0.000048" >
      </testcase>
      <testcase name="test_calculate_cost_for_reroll_3_equals_400" assertions="1" status="pass" classname="scripts/tests/shop_reroll_service_test.gd" time="0.000046" >
      </testcase>
      <testcase name="test_calculate_cost_for_reroll_5_equals_1600" assertions="1" status="pass" classname="scripts/tests/shop_reroll_service_test.gd" time="0.000045" >
      </testcase>
      <testcase name="test_calculate_cost_for_reroll_10_equals_51200" assertions="1" status="pass" classname="scripts/tests/shop_reroll_service_test.gd" time="0.000045" >
      </testcase>
      <testcase name="test_initial_reroll_count_is_zero" assertions="1" status="pass" classname="scripts/tests/shop_reroll_service_test.gd" time="0.000046" >
      </testcase>
      <testcase name="test_initial_preview_shows_zero_rerolls" assertions="1" status="pass" classname="scripts/tests/shop_reroll_service_test.gd" time="0.000053" >
      </testcase>
      <testcase name="test_initial_preview_cost_is_50" assertions="1" status="pass" classname="scripts/tests/shop_reroll_service_test.gd" time="0.000048" >
      </testcase>
      <testcase name="test_initial_preview_next_cost_is_100" assertions="1" status="pass" classname="scripts/tests/shop_reroll_service_test.gd" time="0.000047" >
      </testcase>
      <testcase name="test_preview_does_not_mutate_state" assertions="3" status="pass" classname="scripts/tests/shop_reroll_service_test.gd" time="0.000071" >
      </testcase>
      <testcase name="test_preview_shows_accurate_costs" assertions="2" status="pass" classname="scripts/tests/shop_reroll_service_test.gd" time="0.000057" >
      </testcase>
      <testcase name="test_execute_first_reroll_increments_count" assertions="1" status="pass" classname="scripts/tests/shop_reroll_service_test.gd" time="0.000346" >
      </testcase>
      <testcase name="test_execute_first_reroll_charges_50" assertions="1" status="pass" classname="scripts/tests/shop_reroll_service_test.gd" time="0.000323" >
      </testcase>
      <testcase name="test_execute_first_reroll_next_cost_is_200" assertions="1" status="pass" classname="scripts/tests/shop_reroll_service_test.gd" time="0.000325" >
      </testcase>
      <testcase name="test_execute_second_reroll_increments_count" assertions="1" status="pass" classname="scripts/tests/shop_reroll_service_test.gd" time="0.000603" >
      </testcase>
      <testcase name="test_execute_second_reroll_charges_100" assertions="1" status="pass" classname="scripts/tests/shop_reroll_service_test.gd" time="0.0006" >
      </testcase>
      <testcase name="test_execute_second_reroll_next_cost_is_400" assertions="1" status="pass" classname="scripts/tests/shop_reroll_service_test.gd" time="0.000608" >
      </testcase>
      <testcase name="test_execute_third_reroll_increments_count" assertions="1" status="pass" classname="scripts/tests/shop_reroll_service_test.gd" time="0.000787" >
      </testcase>
      <testcase name="test_execute_third_reroll_charges_200" assertions="1" status="pass" classname="scripts/tests/shop_reroll_service_test.gd" time="0.00081" >
      </testcase>
      <testcase name="test_execute_third_reroll_next_cost_is_800" assertions="1" status="pass" classname="scripts/tests/shop_reroll_service_test.gd" time="0.000801" >
      </testcase>
      <testcase name="test_get_reroll_count_tracks_executions" assertions="1" status="pass" classname="scripts/tests/shop_reroll_service_test.gd" time="0.000816" >
      </testcase>
      <testcase name="test_exponential_cost_progression" assertions="6" status="pass" classname="scripts/tests/shop_reroll_service_test.gd" time="0.001627" >
      </testcase>
      <testcase name="test_reroll_count_reaches_max" assertions="1" status="pass" classname="scripts/tests/shop_reroll_service_test.gd" time="0.000304" >
      </testcase>
      <testcase name="test_reroll_count_does_not_exceed_max" assertions="1" status="pass" classname="scripts/tests/shop_reroll_service_test.gd" time="0.000581" >
      </testcase>
      <testcase name="test_max_cost_still_calculated_correctly" assertions="1" status="pass" classname="scripts/tests/shop_reroll_service_test.gd" time="0.000041" >
      </testcase>
      <testcase name="test_reset_clears_reroll_count" assertions="2" status="pass" classname="scripts/tests/shop_reroll_service_test.gd" time="0.000822" >
      </testcase>
      <testcase name="test_reset_restores_initial_costs" assertions="1" status="pass" classname="scripts/tests/shop_reroll_service_test.gd" time="0.000826" >
      </testcase>
      <testcase name="test_reroll_executed_signal_emits_on_execution" assertions="2" status="pass" classname="scripts/tests/shop_reroll_service_test.gd" time="0.000415" >
      </testcase>
      <testcase name="test_reroll_executed_signal_contains_correct_data" assertions="2" status="pass" classname="scripts/tests/shop_reroll_service_test.gd" time="0.000383" >
      </testcase>
      <testcase name="test_reroll_executed_signal_emits_multiple_times" assertions="3" status="pass" classname="scripts/tests/shop_reroll_service_test.gd" time="0.000657" >
      </testcase>
      <testcase name="test_reroll_count_reset_signal_emits_on_reset" assertions="2" status="pass" classname="scripts/tests/shop_reroll_service_test.gd" time="0.000156" >
      </testcase>
  </testsuite>
  <testsuite name="scripts/tests/stat_service_test.gd" tests="17" failures="0" skipped="0" time="0.000774" >
      <testcase name="test_calculate_damage_with_base_only" assertions="1" status="pass" classname="scripts/tests/stat_service_test.gd" time="0.00005" >
      </testcase>
      <testcase name="test_calculate_damage_with_strength_bonus" assertions="1" status="pass" classname="scripts/tests/stat_service_test.gd" time="0.000044" >
      </testcase>
      <testcase name="test_calculate_damage_with_weapon_bonus" assertions="1" status="pass" classname="scripts/tests/stat_service_test.gd" time="0.000043" >
      </testcase>
      <testcase name="test_calculate_health_with_base_only" assertions="1" status="pass" classname="scripts/tests/stat_service_test.gd" time="0.000042" >
      </testcase>
      <testcase name="test_calculate_health_with_vitality_bonus" assertions="1" status="pass" classname="scripts/tests/stat_service_test.gd" time="0.000047" >
      </testcase>
      <testcase name="test_calculate_speed_with_base_only" assertions="1" status="pass" classname="scripts/tests/stat_service_test.gd" time="0.000047" >
      </testcase>
      <testcase name="test_calculate_speed_with_agility_bonus" assertions="1" status="pass" classname="scripts/tests/stat_service_test.gd" time="0.000044" >
      </testcase>
      <testcase name="test_apply_stat_modifiers_increases_and_decreases_stats" assertions="4" status="pass" classname="scripts/tests/stat_service_test.gd" time="0.000071" >
      </testcase>
      <testcase name="test_apply_stat_modifiers_clamps_negative_values_to_zero" assertions="1" status="pass" classname="scripts/tests/stat_service_test.gd" time="0.000046" >
      </testcase>
      <testcase name="test_calculate_armor_reduction_with_zero_armor" assertions="1" status="pass" classname="scripts/tests/stat_service_test.gd" time="0.000047" >
      </testcase>
      <testcase name="test_calculate_armor_reduction_with_normal_armor" assertions="1" status="pass" classname="scripts/tests/stat_service_test.gd" time="0.000042" >
      </testcase>
      <testcase name="test_calculate_armor_reduction_caps_at_80_percent" assertions="1" status="pass" classname="scripts/tests/stat_service_test.gd" time="0.00004" >
      </testcase>
      <testcase name="test_calculate_dodge_chance_scales_with_agility" assertions="1" status="pass" classname="scripts/tests/stat_service_test.gd" time="0.000042" >
      </testcase>
      <testcase name="test_calculate_dodge_chance_caps_at_50_percent" assertions="1" status="pass" classname="scripts/tests/stat_service_test.gd" time="0.00004" >
      </testcase>
      <testcase name="test_calculate_crit_chance_scales_with_luck" assertions="1" status="pass" classname="scripts/tests/stat_service_test.gd" time="0.000043" >
      </testcase>
      <testcase name="test_calculate_crit_chance_caps_at_30_percent" assertions="1" status="pass" classname="scripts/tests/stat_service_test.gd" time="0.000043" >
      </testcase>
      <testcase name="test_calculate_life_steal_percentage_of_damage" assertions="1" status="pass" classname="scripts/tests/stat_service_test.gd" time="0.000043" >
      </testcase>
  </testsuite>
  <testsuite name="scripts/tests/targeting_service_test.gd" tests="15" failures="0" skipped="0" time="0.182704" >
      <testcase name="test_get_nearest_enemy_returns_closest" assertions="2" status="pass" classname="scripts/tests/targeting_service_test.gd" time="0.010323" >
      </testcase>
      <testcase name="test_get_nearest_enemy_excludes_dead_enemies" assertions="2" status="pass" classname="scripts/tests/targeting_service_test.gd" time="0.013575" >
      </testcase>
      <testcase name="test_get_nearest_enemy_filters_by_range" assertions="2" status="pass" classname="scripts/tests/targeting_service_test.gd" time="0.013765" >
      </testcase>
      <testcase name="test_get_nearest_enemy_returns_null_when_none_in_range" assertions="1" status="pass" classname="scripts/tests/targeting_service_test.gd" time="0.006659" >
      </testcase>
      <testcase name="test_get_nearest_enemy_returns_null_when_no_enemies_exist" assertions="1" status="pass" classname="scripts/tests/targeting_service_test.gd" time="0.000047" >
      </testcase>
      <testcase name="test_get_enemies_in_radius_returns_all_in_range" assertions="1" status="pass" classname="scripts/tests/targeting_service_test.gd" time="0.020805" >
      </testcase>
      <testcase name="test_get_enemies_in_radius_excludes_dead_enemies" assertions="2" status="pass" classname="scripts/tests/targeting_service_test.gd" time="0.013868" >
      </testcase>
      <testcase name="test_get_enemies_in_radius_returns_empty_when_none_in_range" assertions="1" status="pass" classname="scripts/tests/targeting_service_test.gd" time="0.006766" >
      </testcase>
      <testcase name="test_get_all_enemies_returns_all_living_enemies" assertions="1" status="pass" classname="scripts/tests/targeting_service_test.gd" time="0.020817" >
      </testcase>
      <testcase name="test_get_enemy_count_returns_correct_count" assertions="1" status="pass" classname="scripts/tests/targeting_service_test.gd" time="0.02069" >
      </testcase>
      <testcase name="test_has_enemies_in_range_returns_true_when_enemy_in_range" assertions="1" status="pass" classname="scripts/tests/targeting_service_test.gd" time="0.00661" >
      </testcase>
      <testcase name="test_has_enemies_in_range_returns_false_when_no_enemy_in_range" assertions="1" status="pass" classname="scripts/tests/targeting_service_test.gd" time="0.007022" >
      </testcase>
      <testcase name="test_plasma_pistol_range_targets_enemies_within_500px" assertions="2" status="pass" classname="scripts/tests/targeting_service_test.gd" time="0.013966" >
      </testcase>
      <testcase name="test_melee_weapon_range_only_targets_very_close_enemies" assertions="2" status="pass" classname="scripts/tests/targeting_service_test.gd" time="0.013797" >
      </testcase>
      <testcase name="test_long_range_weapon_targets_distant_enemies" assertions="2" status="pass" classname="scripts/tests/targeting_service_test.gd" time="0.013994" >
      </testcase>
  </testsuite>
  <testsuite name="scripts/tests/wave_manager_test.gd" tests="8" failures="0" skipped="0" time="1.523758" >
      <testcase name="test_wave_manager_initializes_correctly" assertions="3" status="pass" classname="scripts/tests/wave_manager_test.gd" time="0.000244" >
      </testcase>
      <testcase name="test_wave_manager_starts_wave" assertions="3" status="pass" classname="scripts/tests/wave_manager_test.gd" time="0.001534" >
      </testcase>
      <testcase name="test_wave_manager_spawns_correct_enemy_count" assertions="1" status="pass" classname="scripts/tests/wave_manager_test.gd" time="0.001036" >
      </testcase>
      <testcase name="test_wave_manager_completes_wave_when_all_killed" assertions="3" status="pass" classname="scripts/tests/wave_manager_test.gd" time="0.002684" >
      </testcase>
      <testcase name="test_wave_manager_tracks_wave_stats" assertions="4" status="pass" classname="scripts/tests/wave_manager_test.gd" time="0.007878" >
      </testcase>
      <testcase name="test_wave_manager_increments_wave_number" assertions="3" status="pass" classname="scripts/tests/wave_manager_test.gd" time="1.505274" >
      </testcase>
      <testcase name="test_wave_manager_game_over_state" assertions="1" status="pass" classname="scripts/tests/wave_manager_test.gd" time="0.000679" >
      </testcase>
      <testcase name="test_wave_manager_emits_wave_completed_with_stats" assertions="4" status="pass" classname="scripts/tests/wave_manager_test.gd" time="0.004429" >
      </testcase>
  </testsuite>
  <testsuite name="scripts/tests/weapon_service_test.gd" tests="27" failures="0" skipped="0" time="0.03136" >
      <testcase name="test_weapon_exists_returns_true_for_valid_weapon" assertions="1" status="pass" classname="scripts/tests/weapon_service_test.gd" time="0.003501" >
      </testcase>
      <testcase name="test_weapon_exists_returns_false_for_invalid_weapon" assertions="1" status="pass" classname="scripts/tests/weapon_service_test.gd" time="0.001544" >
      </testcase>
      <testcase name="test_get_weapon_returns_valid_data" assertions="5" status="pass" classname="scripts/tests/weapon_service_test.gd" time="0.001941" >
      </testcase>
      <testcase name="test_get_weapon_returns_empty_for_invalid_weapon" assertions="1" status="pass" classname="scripts/tests/weapon_service_test.gd" time="0.000923" >
      </testcase>
      <testcase name="test_equip_weapon_success" assertions="2" status="pass" classname="scripts/tests/weapon_service_test.gd" time="0.0009" >
      </testcase>
      <testcase name="test_equip_weapon_with_empty_character_id_fails" assertions="1" status="pass" classname="scripts/tests/weapon_service_test.gd" time="0.001057" >
      </testcase>
      <testcase name="test_equip_weapon_with_invalid_weapon_id_fails" assertions="1" status="pass" classname="scripts/tests/weapon_service_test.gd" time="0.001876" >
      </testcase>
      <testcase name="test_equip_weapon_with_tier_restriction" assertions="2" status="pass" classname="scripts/tests/weapon_service_test.gd" time="0.001371" >
      </testcase>
      <testcase name="test_equip_weapon_replaces_previous_weapon" assertions="2" status="pass" classname="scripts/tests/weapon_service_test.gd" time="0.001213" >
      </testcase>
      <testcase name="test_unequip_weapon" assertions="1" status="pass" classname="scripts/tests/weapon_service_test.gd" time="0.001375" >
      </testcase>
      <testcase name="test_get_weapon_damage_with_base_stats_only" assertions="1" status="pass" classname="scripts/tests/weapon_service_test.gd" time="0.001086" >
      </testcase>
      <testcase name="test_get_weapon_damage_with_character_damage_bonus" assertions="1" status="pass" classname="scripts/tests/weapon_service_test.gd" time="0.00068" >
      </testcase>
      <testcase name="test_get_weapon_damage_with_melee_bonus" assertions="1" status="pass" classname="scripts/tests/weapon_service_test.gd" time="0.000613" >
      </testcase>
      <testcase name="test_get_weapon_damage_with_ranged_bonus" assertions="1" status="pass" classname="scripts/tests/weapon_service_test.gd" time="0.000616" >
      </testcase>
      <testcase name="test_get_weapon_damage_ignores_wrong_type_bonus" assertions="1" status="pass" classname="scripts/tests/weapon_service_test.gd" time="0.000781" >
      </testcase>
      <testcase name="test_get_weapon_cooldown_with_zero_attack_speed" assertions="1" status="pass" classname="scripts/tests/weapon_service_test.gd" time="0.001077" >
      </testcase>
      <testcase name="test_attack_speed_reduces_cooldown" assertions="1" status="pass" classname="scripts/tests/weapon_service_test.gd" time="0.000682" >
      </testcase>
      <testcase name="test_attack_speed_caps_at_75_percent" assertions="1" status="pass" classname="scripts/tests/weapon_service_test.gd" time="0.000639" >
      </testcase>
      <testcase name="test_attack_speed_50_percent_reduction" assertions="1" status="pass" classname="scripts/tests/weapon_service_test.gd" time="0.000629" >
      </testcase>
      <testcase name="test_can_fire_weapon_when_ready" assertions="1" status="pass" classname="scripts/tests/weapon_service_test.gd" time="0.000755" >
      </testcase>
      <testcase name="test_can_fire_weapon_returns_false_during_cooldown" assertions="1" status="pass" classname="scripts/tests/weapon_service_test.gd" time="0.001276" >
      </testcase>
      <testcase name="test_fire_weapon_success" assertions="2" status="pass" classname="scripts/tests/weapon_service_test.gd" time="0.001203" >
      </testcase>
      <testcase name="test_fire_weapon_with_invalid_weapon_id_fails" assertions="1" status="pass" classname="scripts/tests/weapon_service_test.gd" time="0.001141" >
      </testcase>
      <testcase name="test_fire_weapon_respects_cooldown" assertions="1" status="pass" classname="scripts/tests/weapon_service_test.gd" time="0.000921" >
      </testcase>
      <testcase name="test_get_cooldown_remaining" assertions="1" status="pass" classname="scripts/tests/weapon_service_test.gd" time="0.001075" >
      </testcase>
      <testcase name="test_get_available_weapons_for_free_tier" assertions="3" status="pass" classname="scripts/tests/weapon_service_test.gd" time="0.001276" >
      </testcase>
      <testcase name="test_get_available_weapons_for_premium_tier" assertions="4" status="pass" classname="scripts/tests/weapon_service_test.gd" time="0.001209" >
      </testcase>
  </testsuite>
</testsuites>