<?xml version="1.0" encoding="UTF-8"?>
<testsuites name="GutTests" failures="94" tests="408" >
  <testsuite name="scripts/tests/aura_foundation_test.gd" tests="19" failures="0" skipped="0" time="0.596231" >
      <testcase name="test_aura_data_stored_in_character" assertions="4" status="pass" classname="scripts/tests/aura_foundation_test.gd" time="0.002183" >
      </testcase>
      <testcase name="test_aura_type_matches_character_type" assertions="1" status="pass" classname="scripts/tests/aura_foundation_test.gd" time="0.000899" >
      </testcase>
      <testcase name="test_scavenger_has_collect_aura" assertions="3" status="pass" classname="scripts/tests/aura_foundation_test.gd" time="0.000896" >
      </testcase>
      <testcase name="test_tank_has_shield_aura" assertions="2" status="pass" classname="scripts/tests/aura_foundation_test.gd" time="0.000889" >
      </testcase>
      <testcase name="test_commando_has_no_aura" assertions="1" status="pass" classname="scripts/tests/aura_foundation_test.gd" time="0.000867" >
      </testcase>
      <testcase name="test_calculate_aura_power_with_resonance" assertions="4" status="pass" classname="scripts/tests/aura_foundation_test.gd" time="0.000363" >
      </testcase>
      <testcase name="test_calculate_aura_power_for_all_types" assertions="6" status="pass" classname="scripts/tests/aura_foundation_test.gd" time="0.000358" >
      </testcase>
      <testcase name="test_calculate_aura_radius_from_pickup_range" assertions="3" status="pass" classname="scripts/tests/aura_foundation_test.gd" time="0.000326" >
      </testcase>
      <testcase name="test_invalid_aura_type_returns_zero" assertions="1" status="pass" classname="scripts/tests/aura_foundation_test.gd" time="0.000315" >
      </testcase>
      <testcase name="test_aura_persists_after_save_load" assertions="4" status="pass" classname="scripts/tests/aura_foundation_test.gd" time="0.00145" >
      </testcase>
      <testcase name="test_multiple_characters_with_different_auras_persist" assertions="3" status="pass" classname="scripts/tests/aura_foundation_test.gd" time="0.001995" >
      </testcase>
      <testcase name="test_all_aura_types_have_required_fields" assertions="48" status="pass" classname="scripts/tests/aura_foundation_test.gd" time="0.000382" >
      </testcase>
      <testcase name="test_aura_visual_can_be_instantiated" assertions="3" status="pass" classname="scripts/tests/aura_foundation_test.gd" time="0.000408" >
      </testcase>
      <testcase name="test_aura_visual_creates_child_nodes" assertions="2" status="pass" classname="scripts/tests/aura_foundation_test.gd" time="0.003959" >
      </testcase>
      <testcase name="test_aura_visual_update_changes_parameters" assertions="3" status="pass" classname="scripts/tests/aura_foundation_test.gd" time="0.022068" >
      </testcase>
      <testcase name="test_aura_visual_set_emitting" assertions="3" status="pass" classname="scripts/tests/aura_foundation_test.gd" time="0.061073" >
      </testcase>
      <testcase name="test_aura_visual_colors_match_aura_types" assertions="6" status="pass" classname="scripts/tests/aura_foundation_test.gd" time="0.402668" >
      </testcase>
      <testcase name="test_aura_visual_ring_has_correct_point_count" assertions="2" status="pass" classname="scripts/tests/aura_foundation_test.gd" time="0.046768" >
      </testcase>
      <testcase name="test_mutant_has_damage_aura_visual" assertions="4" status="pass" classname="scripts/tests/aura_foundation_test.gd" time="0.048364" >
      </testcase>
  </testsuite>
  <testsuite name="scripts/tests/banking_service_test.gd" tests="13" failures="0" skipped="0" time="0.0227" >
      <testcase name="test_initial_state_all_balances_are_zero" assertions="2" status="pass" classname="scripts/tests/banking_service_test.gd" time="0.002056" >
      </testcase>
      <testcase name="test_add_currency_increases_balance" assertions="4" status="pass" classname="scripts/tests/banking_service_test.gd" time="0.003084" >
      </testcase>
      <testcase name="test_subtract_currency_decreases_balance" assertions="2" status="pass" classname="scripts/tests/banking_service_test.gd" time="0.002374" >
      </testcase>
      <testcase name="test_subtract_currency_with_insufficient_funds_fails" assertions="2" status="pass" classname="scripts/tests/banking_service_test.gd" time="0.001585" >
      </testcase>
      <testcase name="test_tier_gating_free_tier_denies_access" assertions="1" status="pass" classname="scripts/tests/banking_service_test.gd" time="0.001186" >
      </testcase>
      <testcase name="test_tier_gating_premium_tier_grants_access" assertions="1" status="pass" classname="scripts/tests/banking_service_test.gd" time="0.001427" >
      </testcase>
      <testcase name="test_tier_gating_subscription_tier_grants_access" assertions="1" status="pass" classname="scripts/tests/banking_service_test.gd" time="0.001144" >
      </testcase>
      <testcase name="test_balance_caps_premium_tier_enforces_10k_limit" assertions="3" status="pass" classname="scripts/tests/banking_service_test.gd" time="0.001517" >
      </testcase>
      <testcase name="test_balance_caps_subscription_tier_enforces_100k_limit" assertions="1" status="pass" classname="scripts/tests/banking_service_test.gd" time="0.001107" >
      </testcase>
      <testcase name="test_transaction_history_records_all_operations" assertions="4" status="pass" classname="scripts/tests/banking_service_test.gd" time="0.002187" >
      </testcase>
      <testcase name="test_get_tier_returns_current_tier" assertions="3" status="pass" classname="scripts/tests/banking_service_test.gd" time="0.001589" >
      </testcase>
      <testcase name="test_currency_changed_signal_emits_on_add" assertions="4" status="pass" classname="scripts/tests/banking_service_test.gd" time="0.001644" >
      </testcase>
      <testcase name="test_currency_changed_signal_emits_on_subtract" assertions="2" status="pass" classname="scripts/tests/banking_service_test.gd" time="0.0018" >
      </testcase>
  </testsuite>
  <testsuite name="scripts/tests/character_service_test.gd" tests="43" failures="0" skipped="0" time="0.069683" >
      <testcase name="test_create_character_returns_valid_id" assertions="2" status="pass" classname="scripts/tests/character_service_test.gd" time="0.001095" >
      </testcase>
      <testcase name="test_create_character_stores_correct_data" assertions="5" status="pass" classname="scripts/tests/character_service_test.gd" time="0.001119" >
      </testcase>
      <testcase name="test_create_character_with_empty_name_fails" assertions="2" status="pass" classname="scripts/tests/character_service_test.gd" time="0.001265" >
      </testcase>
      <testcase name="test_create_character_sets_default_stats" assertions="5" status="pass" classname="scripts/tests/character_service_test.gd" time="0.001139" >
      </testcase>
      <testcase name="test_first_character_becomes_active" assertions="1" status="pass" classname="scripts/tests/character_service_test.gd" time="0.001039" >
      </testcase>
      <testcase name="test_get_character_returns_correct_data" assertions="2" status="pass" classname="scripts/tests/character_service_test.gd" time="0.001254" >
      </testcase>
      <testcase name="test_get_nonexistent_character_returns_empty_dict" assertions="1" status="pass" classname="scripts/tests/character_service_test.gd" time="0.001031" >
      </testcase>
      <testcase name="test_get_all_characters_returns_all_created" assertions="1" status="pass" classname="scripts/tests/character_service_test.gd" time="0.001705" >
      </testcase>
      <testcase name="test_update_character_modifies_data" assertions="3" status="pass" classname="scripts/tests/character_service_test.gd" time="0.001321" >
      </testcase>
      <testcase name="test_update_nonexistent_character_fails" assertions="1" status="pass" classname="scripts/tests/character_service_test.gd" time="0.000918" >
      </testcase>
      <testcase name="test_delete_character_removes_from_storage" assertions="2" status="pass" classname="scripts/tests/character_service_test.gd" time="0.001566" >
      </testcase>
      <testcase name="test_delete_active_character_clears_active_state" assertions="1" status="pass" classname="scripts/tests/character_service_test.gd" time="0.001865" >
      </testcase>
      <testcase name="test_delete_only_character_clears_active" assertions="1" status="pass" classname="scripts/tests/character_service_test.gd" time="0.001299" >
      </testcase>
      <testcase name="test_set_active_character_changes_active" assertions="2" status="pass" classname="scripts/tests/character_service_test.gd" time="0.001602" >
      </testcase>
      <testcase name="test_set_active_nonexistent_character_fails" assertions="2" status="pass" classname="scripts/tests/character_service_test.gd" time="0.000946" >
      </testcase>
      <testcase name="test_get_active_character_returns_correct_data" assertions="2" status="pass" classname="scripts/tests/character_service_test.gd" time="0.001476" >
      </testcase>
      <testcase name="test_free_tier_allows_3_characters" assertions="5" status="pass" classname="scripts/tests/character_service_test.gd" time="0.002334" >
      </testcase>
      <testcase name="test_premium_tier_allows_10_characters" assertions="12" status="pass" classname="scripts/tests/character_service_test.gd" time="0.004572" >
      </testcase>
      <testcase name="test_subscription_tier_allows_unlimited_characters" assertions="16" status="pass" classname="scripts/tests/character_service_test.gd" time="0.005996" >
      </testcase>
      <testcase name="test_can_create_character_respects_tier_limits" assertions="4" status="pass" classname="scripts/tests/character_service_test.gd" time="0.001901" >
      </testcase>
      <testcase name="test_get_available_slots_returns_correct_count" assertions="4" status="pass" classname="scripts/tests/character_service_test.gd" time="0.001875" >
      </testcase>
      <testcase name="test_add_experience_increases_xp" assertions="3" status="pass" classname="scripts/tests/character_service_test.gd" time="0.000967" >
      </testcase>
      <testcase name="test_level_up_at_100_xp" assertions="3" status="pass" classname="scripts/tests/character_service_test.gd" time="0.001274" >
      </testcase>
      <testcase name="test_level_up_increases_stats" assertions="3" status="pass" classname="scripts/tests/character_service_test.gd" time="0.001271" >
      </testcase>
      <testcase name="test_multiple_level_ups_from_single_xp_gain" assertions="2" status="pass" classname="scripts/tests/character_service_test.gd" time="0.001502" >
      </testcase>
      <testcase name="test_add_zero_or_negative_xp_does_nothing" assertions="3" status="pass" classname="scripts/tests/character_service_test.gd" time="0.000911" >
      </testcase>
      <testcase name="test_character_death_increments_death_count" assertions="2" status="pass" classname="scripts/tests/character_service_test.gd" time="0.001429" >
      </testcase>
      <testcase name="test_multiple_deaths_increment_count" assertions="1" status="pass" classname="scripts/tests/character_service_test.gd" time="0.001815" >
      </testcase>
      <testcase name="test_character_create_pre_hook_fires" assertions="1" status="pass" classname="scripts/tests/character_service_test.gd" time="0.001095" >
      </testcase>
      <testcase name="test_character_create_post_hook_fires" assertions="1" status="pass" classname="scripts/tests/character_service_test.gd" time="0.001037" >
      </testcase>
      <testcase name="test_character_level_up_pre_hook_fires" assertions="1" status="pass" classname="scripts/tests/character_service_test.gd" time="0.001297" >
      </testcase>
      <testcase name="test_character_level_up_post_hook_fires" assertions="1" status="pass" classname="scripts/tests/character_service_test.gd" time="0.001319" >
      </testcase>
      <testcase name="test_character_death_pre_hook_fires" assertions="1" status="pass" classname="scripts/tests/character_service_test.gd" time="0.001279" >
      </testcase>
      <testcase name="test_character_death_post_hook_fires" assertions="1" status="pass" classname="scripts/tests/character_service_test.gd" time="0.001278" >
      </testcase>
      <testcase name="test_serialize_returns_valid_data" assertions="4" status="pass" classname="scripts/tests/character_service_test.gd" time="0.001168" >
      </testcase>
      <testcase name="test_deserialize_restores_characters" assertions="2" status="pass" classname="scripts/tests/character_service_test.gd" time="0.001998" >
      </testcase>
      <testcase name="test_deserialize_restores_character_stats" assertions="3" status="pass" classname="scripts/tests/character_service_test.gd" time="0.001984" >
      </testcase>
      <testcase name="test_full_save_load_cycle_with_save_manager" assertions="5" status="pass" classname="scripts/tests/character_service_test.gd" time="0.004459" >
      </testcase>
      <testcase name="test_character_created_signal_fires" assertions="1" status="pass" classname="scripts/tests/character_service_test.gd" time="0.001004" >
      </testcase>
      <testcase name="test_character_deleted_signal_fires" assertions="1" status="pass" classname="scripts/tests/character_service_test.gd" time="0.00126" >
      </testcase>
      <testcase name="test_active_character_changed_signal_fires" assertions="1" status="pass" classname="scripts/tests/character_service_test.gd" time="0.001544" >
      </testcase>
      <testcase name="test_character_stats_changed_signal_fires_on_update" assertions="1" status="pass" classname="scripts/tests/character_service_test.gd" time="0.00124" >
      </testcase>
      <testcase name="test_character_stats_changed_signal_fires_on_level_up" assertions="1" status="pass" classname="scripts/tests/character_service_test.gd" time="0.001234" >
      </testcase>
  </testsuite>
  <testsuite name="scripts/tests/character_stats_expansion_test.gd" tests="24" failures="0" skipped="0" time="0.023346" >
      <testcase name="test_hp_regen_exists_in_default_stats" assertions="2" status="pass" classname="scripts/tests/character_stats_expansion_test.gd" time="0.000595" >
      </testcase>
      <testcase name="test_life_steal_exists_in_default_stats" assertions="2" status="pass" classname="scripts/tests/character_stats_expansion_test.gd" time="0.000584" >
      </testcase>
      <testcase name="test_attack_speed_exists_in_default_stats" assertions="2" status="pass" classname="scripts/tests/character_stats_expansion_test.gd" time="0.000596" >
      </testcase>
      <testcase name="test_melee_damage_exists_in_default_stats" assertions="2" status="pass" classname="scripts/tests/character_stats_expansion_test.gd" time="0.000636" >
      </testcase>
      <testcase name="test_ranged_damage_exists_in_default_stats" assertions="2" status="pass" classname="scripts/tests/character_stats_expansion_test.gd" time="0.0006" >
      </testcase>
      <testcase name="test_scavenging_exists_in_default_stats" assertions="2" status="pass" classname="scripts/tests/character_stats_expansion_test.gd" time="0.000582" >
      </testcase>
      <testcase name="test_resonance_exists_in_default_stats" assertions="2" status="pass" classname="scripts/tests/character_stats_expansion_test.gd" time="0.00058" >
      </testcase>
      <testcase name="test_new_character_has_hp_regen" assertions="2" status="pass" classname="scripts/tests/character_stats_expansion_test.gd" time="0.000879" >
      </testcase>
      <testcase name="test_new_character_has_life_steal" assertions="2" status="pass" classname="scripts/tests/character_stats_expansion_test.gd" time="0.000818" >
      </testcase>
      <testcase name="test_new_character_has_attack_speed" assertions="2" status="pass" classname="scripts/tests/character_stats_expansion_test.gd" time="0.000885" >
      </testcase>
      <testcase name="test_new_character_has_melee_and_ranged_damage" assertions="4" status="pass" classname="scripts/tests/character_stats_expansion_test.gd" time="0.000894" >
      </testcase>
      <testcase name="test_new_character_has_scavenging" assertions="2" status="pass" classname="scripts/tests/character_stats_expansion_test.gd" time="0.000876" >
      </testcase>
      <testcase name="test_new_character_has_resonance" assertions="2" status="pass" classname="scripts/tests/character_stats_expansion_test.gd" time="0.000887" >
      </testcase>
      <testcase name="test_can_update_hp_regen_stat" assertions="1" status="pass" classname="scripts/tests/character_stats_expansion_test.gd" time="0.001129" >
      </testcase>
      <testcase name="test_can_update_life_steal_stat" assertions="1" status="pass" classname="scripts/tests/character_stats_expansion_test.gd" time="0.001125" >
      </testcase>
      <testcase name="test_can_update_attack_speed_stat" assertions="1" status="pass" classname="scripts/tests/character_stats_expansion_test.gd" time="0.001187" >
      </testcase>
      <testcase name="test_can_update_melee_damage_stat" assertions="1" status="pass" classname="scripts/tests/character_stats_expansion_test.gd" time="0.001224" >
      </testcase>
      <testcase name="test_can_update_ranged_damage_stat" assertions="1" status="pass" classname="scripts/tests/character_stats_expansion_test.gd" time="0.00115" >
      </testcase>
      <testcase name="test_can_update_scavenging_stat" assertions="1" status="pass" classname="scripts/tests/character_stats_expansion_test.gd" time="0.001136" >
      </testcase>
      <testcase name="test_can_update_resonance_stat" assertions="1" status="pass" classname="scripts/tests/character_stats_expansion_test.gd" time="0.001136" >
      </testcase>
      <testcase name="test_scavenging_in_level_up_gains" assertions="2" status="pass" classname="scripts/tests/character_stats_expansion_test.gd" time="0.000596" >
      </testcase>
      <testcase name="test_scavenging_increases_on_level_up" assertions="2" status="pass" classname="scripts/tests/character_stats_expansion_test.gd" time="0.001157" >
      </testcase>
      <testcase name="test_scavenging_increases_multiple_levels" assertions="2" status="pass" classname="scripts/tests/character_stats_expansion_test.gd" time="0.002288" >
      </testcase>
      <testcase name="test_new_stats_persist_through_save_load" assertions="7" status="pass" classname="scripts/tests/character_stats_expansion_test.gd" time="0.001806" >
      </testcase>
  </testsuite>
  <testsuite name="scripts/tests/character_types_test.gd" tests="24" failures="0" skipped="0" time="0.025361" >
      <testcase name="test_scavenger_has_correct_stat_modifiers" assertions="2" status="pass" classname="scripts/tests/character_types_test.gd" time="0.000985" >
      </testcase>
      <testcase name="test_tank_has_correct_stat_modifiers" assertions="3" status="pass" classname="scripts/tests/character_types_test.gd" time="0.000985" >
      </testcase>
      <testcase name="test_commando_has_correct_stat_modifiers" assertions="3" status="pass" classname="scripts/tests/character_types_test.gd" time="0.000943" >
      </testcase>
      <testcase name="test_mutant_has_correct_stat_modifiers" assertions="3" status="pass" classname="scripts/tests/character_types_test.gd" time="0.000974" >
      </testcase>
      <testcase name="test_character_type_stored_correctly" assertions="1" status="pass" classname="scripts/tests/character_types_test.gd" time="0.000905" >
      </testcase>
      <testcase name="test_free_tier_can_create_scavenger" assertions="1" status="pass" classname="scripts/tests/character_types_test.gd" time="0.000883" >
      </testcase>
      <testcase name="test_free_tier_cannot_create_tank" assertions="1" status="pass" classname="scripts/tests/character_types_test.gd" time="0.000857" >
      </testcase>
      <testcase name="test_free_tier_cannot_create_commando" assertions="1" status="pass" classname="scripts/tests/character_types_test.gd" time="0.000851" >
      </testcase>
      <testcase name="test_free_tier_cannot_create_mutant" assertions="1" status="pass" classname="scripts/tests/character_types_test.gd" time="0.000846" >
      </testcase>
      <testcase name="test_premium_tier_can_create_scavenger" assertions="1" status="pass" classname="scripts/tests/character_types_test.gd" time="0.000868" >
      </testcase>
      <testcase name="test_premium_tier_can_create_tank" assertions="1" status="pass" classname="scripts/tests/character_types_test.gd" time="0.000861" >
      </testcase>
      <testcase name="test_premium_tier_cannot_create_commando" assertions="1" status="pass" classname="scripts/tests/character_types_test.gd" time="0.000859" >
      </testcase>
      <testcase name="test_premium_tier_cannot_create_mutant" assertions="1" status="pass" classname="scripts/tests/character_types_test.gd" time="0.00095" >
      </testcase>
      <testcase name="test_subscription_tier_can_create_all_types" assertions="4" status="pass" classname="scripts/tests/character_types_test.gd" time="0.001745" >
      </testcase>
      <testcase name="test_scavenger_has_collect_aura" assertions="4" status="pass" classname="scripts/tests/character_types_test.gd" time="0.000923" >
      </testcase>
      <testcase name="test_tank_has_shield_aura" assertions="1" status="pass" classname="scripts/tests/character_types_test.gd" time="0.000877" >
      </testcase>
      <testcase name="test_commando_has_no_aura" assertions="1" status="pass" classname="scripts/tests/character_types_test.gd" time="0.000888" >
      </testcase>
      <testcase name="test_mutant_has_damage_aura" assertions="3" status="pass" classname="scripts/tests/character_types_test.gd" time="0.000912" >
      </testcase>
      <testcase name="test_character_type_persists_after_save_load" assertions="4" status="pass" classname="scripts/tests/character_types_test.gd" time="0.001839" >
      </testcase>
      <testcase name="test_aura_type_persists_after_save_load" assertions="2" status="pass" classname="scripts/tests/character_types_test.gd" time="0.001427" >
      </testcase>
      <testcase name="test_invalid_character_type_fails" assertions="1" status="pass" classname="scripts/tests/character_types_test.gd" time="0.000853" >
      </testcase>
      <testcase name="test_multiple_characters_with_different_types" assertions="5" status="pass" classname="scripts/tests/character_types_test.gd" time="0.001758" >
      </testcase>
      <testcase name="test_character_type_defaults_to_scavenger" assertions="2" status="pass" classname="scripts/tests/character_types_test.gd" time="0.000885" >
      </testcase>
      <testcase name="test_mutant_type_persists_after_save_load" assertions="4" status="pass" classname="scripts/tests/character_types_test.gd" time="0.001487" >
      </testcase>
  </testsuite>
  <testsuite name="scripts/tests/enemy_loading_test.gd" tests="23" failures="26" skipped="0" time="0.006142" >
      <testcase name="test_basic_enemy_resource_loads" assertions="2" status="fail" classname="scripts/tests/enemy_loading_test.gd" time="0.000482" >
      <failure message="failed"><![CDATA[Expected [<null>] to be anything but NULL:  Basic enemy resource should load
            at line 44]]></failure></testcase>
      <testcase name="test_fast_enemy_resource_loads" assertions="2" status="fail" classname="scripts/tests/enemy_loading_test.gd" time="0.000435" >
      <failure message="failed"><![CDATA[Expected [<null>] to be anything but NULL:  Fast enemy resource should load
            at line 53]]></failure></testcase>
      <testcase name="test_tank_enemy_resource_loads" assertions="2" status="fail" classname="scripts/tests/enemy_loading_test.gd" time="0.000628" >
      <failure message="failed"><![CDATA[Expected [<null>] to be anything but NULL:  Tank enemy resource should load
            at line 62]]></failure></testcase>
      <testcase name="test_basic_enemy_has_valid_stats" assertions="1" status="fail" classname="scripts/tests/enemy_loading_test.gd" time="0.000215" >
      <failure message="failed"><![CDATA[Unexpected Errors:
      [1] <engine-0>Parameter "ti" is null.
      [2] <engine-0>res://resources/enemies/basic.tres:5 - Parse Error: Can't create sub resource of type 'EnemyResource'.
      [3] <engine-0>Condition "found" is true. Returning: Ref<Resource>()
      [4] <engine-2>Invalid access to property or key 'base_hp' on a base object of type 'null instance'.
            at line -1]]></failure></testcase>
      <testcase name="test_fast_enemy_has_valid_stats" assertions="1" status="fail" classname="scripts/tests/enemy_loading_test.gd" time="0.000232" >
      <failure message="failed"><![CDATA[Unexpected Errors:
      [1] <engine-0>Parameter "ti" is null.
      [2] <engine-0>res://resources/enemies/fast.tres:5 - Parse Error: Can't create sub resource of type 'EnemyResource'.
      [3] <engine-0>Condition "found" is true. Returning: Ref<Resource>()
      [4] <engine-2>Invalid access to property or key 'base_hp' on a base object of type 'null instance'.
            at line -1]]></failure></testcase>
      <testcase name="test_tank_enemy_has_valid_stats" assertions="1" status="fail" classname="scripts/tests/enemy_loading_test.gd" time="0.000218" >
      <failure message="failed"><![CDATA[Unexpected Errors:
      [1] <engine-0>Parameter "ti" is null.
      [2] <engine-0>res://resources/enemies/tank.tres:5 - Parse Error: Can't create sub resource of type 'EnemyResource'.
      [3] <engine-0>Condition "found" is true. Returning: Ref<Resource>()
      [4] <engine-2>Invalid access to property or key 'base_hp' on a base object of type 'null instance'.
            at line -1]]></failure></testcase>
      <testcase name="test_wave_1_stats_equal_base_stats" assertions="1" status="fail" classname="scripts/tests/enemy_loading_test.gd" time="0.000229" >
      <failure message="failed"><![CDATA[Unexpected Errors:
      [1] <engine-0>Parameter "ti" is null.
      [2] <engine-0>res://resources/enemies/basic.tres:5 - Parse Error: Can't create sub resource of type 'EnemyResource'.
      [3] <engine-0>Condition "found" is true. Returning: Ref<Resource>()
      [4] <engine-2>Attempt to call function 'get_scaled_stats' in base 'null instance' on a null instance.
            at line -1]]></failure></testcase>
      <testcase name="test_wave_5_hp_scales_correctly" assertions="1" status="fail" classname="scripts/tests/enemy_loading_test.gd" time="0.00022" >
      <failure message="failed"><![CDATA[Unexpected Errors:
      [1] <engine-0>Parameter "ti" is null.
      [2] <engine-0>res://resources/enemies/basic.tres:5 - Parse Error: Can't create sub resource of type 'EnemyResource'.
      [3] <engine-0>Condition "found" is true. Returning: Ref<Resource>()
      [4] <engine-2>Attempt to call function 'get_scaled_stats' in base 'null instance' on a null instance.
            at line -1]]></failure></testcase>
      <testcase name="test_wave_5_speed_scales_correctly" assertions="1" status="fail" classname="scripts/tests/enemy_loading_test.gd" time="0.000212" >
      <failure message="failed"><![CDATA[Unexpected Errors:
      [1] <engine-0>Parameter "ti" is null.
      [2] <engine-0>res://resources/enemies/basic.tres:5 - Parse Error: Can't create sub resource of type 'EnemyResource'.
      [3] <engine-0>Condition "found" is true. Returning: Ref<Resource>()
      [4] <engine-2>Attempt to call function 'get_scaled_stats' in base 'null instance' on a null instance.
            at line -1]]></failure></testcase>
      <testcase name="test_wave_5_damage_scales_correctly" assertions="1" status="fail" classname="scripts/tests/enemy_loading_test.gd" time="0.00022" >
      <failure message="failed"><![CDATA[Unexpected Errors:
      [1] <engine-0>Parameter "ti" is null.
      [2] <engine-0>res://resources/enemies/basic.tres:5 - Parse Error: Can't create sub resource of type 'EnemyResource'.
      [3] <engine-0>Condition "found" is true. Returning: Ref<Resource>()
      [4] <engine-2>Attempt to call function 'get_scaled_stats' in base 'null instance' on a null instance.
            at line -1]]></failure></testcase>
      <testcase name="test_wave_5_value_scales_correctly" assertions="1" status="fail" classname="scripts/tests/enemy_loading_test.gd" time="0.000211" >
      <failure message="failed"><![CDATA[Unexpected Errors:
      [1] <engine-0>Parameter "ti" is null.
      [2] <engine-0>res://resources/enemies/basic.tres:5 - Parse Error: Can't create sub resource of type 'EnemyResource'.
      [3] <engine-0>Condition "found" is true. Returning: Ref<Resource>()
      [4] <engine-2>Attempt to call function 'get_scaled_stats' in base 'null instance' on a null instance.
            at line -1]]></failure></testcase>
      <testcase name="test_wave_10_hp_greater_than_wave_1" assertions="1" status="fail" classname="scripts/tests/enemy_loading_test.gd" time="0.000215" >
      <failure message="failed"><![CDATA[Unexpected Errors:
      [1] <engine-0>Parameter "ti" is null.
      [2] <engine-0>res://resources/enemies/basic.tres:5 - Parse Error: Can't create sub resource of type 'EnemyResource'.
      [3] <engine-0>Condition "found" is true. Returning: Ref<Resource>()
      [4] <engine-2>Attempt to call function 'get_scaled_stats' in base 'null instance' on a null instance.
            at line -1]]></failure></testcase>
      <testcase name="test_wave_20_hp_greater_than_wave_10" assertions="1" status="fail" classname="scripts/tests/enemy_loading_test.gd" time="0.000209" >
      <failure message="failed"><![CDATA[Unexpected Errors:
      [1] <engine-0>Parameter "ti" is null.
      [2] <engine-0>res://resources/enemies/basic.tres:5 - Parse Error: Can't create sub resource of type 'EnemyResource'.
      [3] <engine-0>Condition "found" is true. Returning: Ref<Resource>()
      [4] <engine-2>Attempt to call function 'get_scaled_stats' in base 'null instance' on a null instance.
            at line -1]]></failure></testcase>
      <testcase name="test_spawn_weights_sum_to_100" assertions="1" status="fail" classname="scripts/tests/enemy_loading_test.gd" time="0.000454" >
      <failure message="failed"><![CDATA[Unexpected Errors:
      [1] <engine-0>Parameter "ti" is null.
      [2] <engine-0>res://resources/enemies/basic.tres:5 - Parse Error: Can't create sub resource of type 'EnemyResource'.
      [3] <engine-0>Condition "found" is true. Returning: Ref<Resource>()
      [4] <engine-0>Parameter "ti" is null.
      [5] <engine-0>res://resources/enemies/fast.tres:5 - Parse Error: Can't create sub resource of type 'EnemyResource'.
      [6] <engine-0>Condition "found" is true. Returning: Ref<Resource>()
      [7] <engine-0>Parameter "ti" is null.
      [8] <engine-0>res://resources/enemies/tank.tres:5 - Parse Error: Can't create sub resource of type 'EnemyResource'.
      [9] <engine-0>Condition "found" is true. Returning: Ref<Resource>()
      [10] <engine-2>Invalid access to property or key 'spawn_weight' on a base object of type 'null instance'.
            at line -1]]></failure></testcase>
      <testcase name="test_basic_enemy_spawn_percentage" assertions="1" status="fail" classname="scripts/tests/enemy_loading_test.gd" time="0.00021" >
      <failure message="failed"><![CDATA[Unexpected Errors:
      [1] <engine-0>Parameter "ti" is null.
      [2] <engine-0>res://resources/enemies/basic.tres:5 - Parse Error: Can't create sub resource of type 'EnemyResource'.
      [3] <engine-0>Condition "found" is true. Returning: Ref<Resource>()
      [4] <engine-2>Attempt to call function 'get_spawn_percentage' in base 'null instance' on a null instance.
            at line -1]]></failure></testcase>
      <testcase name="test_fast_enemy_spawn_percentage" assertions="1" status="fail" classname="scripts/tests/enemy_loading_test.gd" time="0.000218" >
      <failure message="failed"><![CDATA[Unexpected Errors:
      [1] <engine-0>Parameter "ti" is null.
      [2] <engine-0>res://resources/enemies/fast.tres:5 - Parse Error: Can't create sub resource of type 'EnemyResource'.
      [3] <engine-0>Condition "found" is true. Returning: Ref<Resource>()
      [4] <engine-2>Attempt to call function 'get_spawn_percentage' in base 'null instance' on a null instance.
            at line -1]]></failure></testcase>
      <testcase name="test_tank_enemy_spawn_percentage" assertions="1" status="fail" classname="scripts/tests/enemy_loading_test.gd" time="0.000211" >
      <failure message="failed"><![CDATA[Unexpected Errors:
      [1] <engine-0>Parameter "ti" is null.
      [2] <engine-0>res://resources/enemies/tank.tres:5 - Parse Error: Can't create sub resource of type 'EnemyResource'.
      [3] <engine-0>Condition "found" is true. Returning: Ref<Resource>()
      [4] <engine-2>Attempt to call function 'get_spawn_percentage' in base 'null instance' on a null instance.
            at line -1]]></failure></testcase>
      <testcase name="test_basic_enemy_has_drop_chance" assertions="1" status="fail" classname="scripts/tests/enemy_loading_test.gd" time="0.000214" >
      <failure message="failed"><![CDATA[Unexpected Errors:
      [1] <engine-0>Parameter "ti" is null.
      [2] <engine-0>res://resources/enemies/basic.tres:5 - Parse Error: Can't create sub resource of type 'EnemyResource'.
      [3] <engine-0>Condition "found" is true. Returning: Ref<Resource>()
      [4] <engine-2>Invalid access to property or key 'drop_chance' on a base object of type 'null instance'.
            at line -1]]></failure></testcase>
      <testcase name="test_fast_enemy_has_drop_chance" assertions="1" status="fail" classname="scripts/tests/enemy_loading_test.gd" time="0.000213" >
      <failure message="failed"><![CDATA[Unexpected Errors:
      [1] <engine-0>Parameter "ti" is null.
      [2] <engine-0>res://resources/enemies/fast.tres:5 - Parse Error: Can't create sub resource of type 'EnemyResource'.
      [3] <engine-0>Condition "found" is true. Returning: Ref<Resource>()
      [4] <engine-2>Invalid access to property or key 'drop_chance' on a base object of type 'null instance'.
            at line -1]]></failure></testcase>
      <testcase name="test_tank_enemy_has_drop_chance" assertions="1" status="fail" classname="scripts/tests/enemy_loading_test.gd" time="0.00021" >
      <failure message="failed"><![CDATA[Unexpected Errors:
      [1] <engine-0>Parameter "ti" is null.
      [2] <engine-0>res://resources/enemies/tank.tres:5 - Parse Error: Can't create sub resource of type 'EnemyResource'.
      [3] <engine-0>Condition "found" is true. Returning: Ref<Resource>()
      [4] <engine-2>Invalid access to property or key 'drop_chance' on a base object of type 'null instance'.
            at line -1]]></failure></testcase>
      <testcase name="test_should_drop_item_is_probabilistic_basic" assertions="1" status="fail" classname="scripts/tests/enemy_loading_test.gd" time="0.000227" >
      <failure message="failed"><![CDATA[Unexpected Errors:
      [1] <engine-0>Parameter "ti" is null.
      [2] <engine-0>res://resources/enemies/basic.tres:5 - Parse Error: Can't create sub resource of type 'EnemyResource'.
      [3] <engine-0>Condition "found" is true. Returning: Ref<Resource>()
      [4] <engine-2>Attempt to call function 'should_drop_item' in base 'null instance' on a null instance.
            at line -1]]></failure></testcase>
      <testcase name="test_should_drop_item_is_probabilistic_fast" assertions="1" status="fail" classname="scripts/tests/enemy_loading_test.gd" time="0.000229" >
      <failure message="failed"><![CDATA[Unexpected Errors:
      [1] <engine-0>Parameter "ti" is null.
      [2] <engine-0>res://resources/enemies/fast.tres:5 - Parse Error: Can't create sub resource of type 'EnemyResource'.
      [3] <engine-0>Condition "found" is true. Returning: Ref<Resource>()
      [4] <engine-2>Attempt to call function 'should_drop_item' in base 'null instance' on a null instance.
            at line -1]]></failure></testcase>
      <testcase name="test_should_drop_item_is_probabilistic_tank" assertions="1" status="fail" classname="scripts/tests/enemy_loading_test.gd" time="0.00023" >
      <failure message="failed"><![CDATA[Unexpected Errors:
      [1] <engine-0>Parameter "ti" is null.
      [2] <engine-0>res://resources/enemies/tank.tres:5 - Parse Error: Can't create sub resource of type 'EnemyResource'.
      [3] <engine-0>Condition "found" is true. Returning: Ref<Resource>()
      [4] <engine-2>Attempt to call function 'should_drop_item' in base 'null instance' on a null instance.
            at line -1]]></failure></testcase>
  </testsuite>
  <testsuite name="scripts/tests/entity_classes_test.gd" tests="30" failures="28" skipped="0" time="0.006336" >
      <testcase name="test_player_initial_max_health_is_100" assertions="1" status="pass" classname="scripts/tests/entity_classes_test.gd" time="0.0002" >
      </testcase>
      <testcase name="test_player_initial_current_health_is_100" assertions="1" status="pass" classname="scripts/tests/entity_classes_test.gd" time="0.000099" >
      </testcase>
      <testcase name="test_player_base_speed_is_200" assertions="1" status="pass" classname="scripts/tests/entity_classes_test.gd" time="0.00007" >
      </testcase>
      <testcase name="test_player_takes_damage_correctly" assertions="1" status="pass" classname="scripts/tests/entity_classes_test.gd" time="0.000074" >
      </testcase>
      <testcase name="test_player_heals_correctly" assertions="1" status="pass" classname="scripts/tests/entity_classes_test.gd" time="0.000064" >
      </testcase>
      <testcase name="test_player_applies_health_item_modifiers" assertions="2" status="fail" classname="scripts/tests/entity_classes_test.gd" time="0.000677" >
      <failure message="failed"><![CDATA[[100.0] expected to equal [120.0]:  Max health should increase to 120 with +20 modifier
            at line 91]]></failure></testcase>
      <testcase name="test_player_applies_speed_item_modifiers" assertions="2" status="fail" classname="scripts/tests/entity_classes_test.gd" time="0.000555" >
      <failure message="failed"><![CDATA[[200.0] expected to equal [210.0]:  Speed should be 210 with +10 modifier
            at line 105]]></failure></testcase>
      <testcase name="test_player_equips_weapon" assertions="2" status="fail" classname="scripts/tests/entity_classes_test.gd" time="0.000289" >
      <failure message="failed"><![CDATA[Unexpected Errors:
      [1] <engine-0>Parameter "ti" is null.
      [2] <engine-0>res://resources/weapons/rusty_pistol.tres:5 - Parse Error: Can't create sub resource of type 'WeaponResource'.
      [3] <engine-0>Condition "found" is true. Returning: Ref<Resource>()
            at line -1]]></failure></testcase>
      <testcase name="test_player_invulnerability_blocks_damage" assertions="1" status="pass" classname="scripts/tests/entity_classes_test.gd" time="0.00007" >
      </testcase>
      <testcase name="test_enemy_resource_loads" assertions="2" status="fail" classname="scripts/tests/entity_classes_test.gd" time="0.000207" >
      <failure message="failed"><![CDATA[Expected [<null>] to be anything but NULL:  Enemy resource should load
            at line 145]]></failure></testcase>
      <testcase name="test_enemy_initializes_with_wave_1" assertions="3" status="fail" classname="scripts/tests/entity_classes_test.gd" time="0.000237" >
      <failure message="failed"><![CDATA[Unexpected Errors:
      [1] <engine-0>Condition "err != OK" is true. Returning: Ref<Resource>()
      [2] <engine-0>Condition "found" is true. Returning: Ref<Resource>()
      [3] <push_error>Enemy: No resource provided
            at line -1]]></failure></testcase>
      <testcase name="test_enemy_scales_health_with_wave" assertions="2" status="fail" classname="scripts/tests/entity_classes_test.gd" time="0.000262" >
      <failure message="failed"><![CDATA[[100.0] expected to be > than [100.0]:  Wave 5 should have more health than wave 1
            at line 178]]></failure></testcase>
      <testcase name="test_enemy_takes_damage" assertions="2" status="fail" classname="scripts/tests/entity_classes_test.gd" time="0.000204" >
      <failure message="failed"><![CDATA[Unexpected Errors:
      [1] <engine-0>Condition "err != OK" is true. Returning: Ref<Resource>()
      [2] <engine-0>Condition "found" is true. Returning: Ref<Resource>()
      [3] <push_error>Enemy: No resource provided
            at line -1]]></failure></testcase>
      <testcase name="test_enemy_health_percentage_calculation" assertions="2" status="fail" classname="scripts/tests/entity_classes_test.gd" time="0.000189" >
      <failure message="failed"><![CDATA[Unexpected Errors:
      [1] <engine-0>Condition "err != OK" is true. Returning: Ref<Resource>()
      [2] <engine-0>Condition "found" is true. Returning: Ref<Resource>()
      [3] <push_error>Enemy: No resource provided
            at line -1]]></failure></testcase>
      <testcase name="test_enemy_is_alive_when_health_positive" assertions="2" status="fail" classname="scripts/tests/entity_classes_test.gd" time="0.00019" >
      <failure message="failed"><![CDATA[Unexpected Errors:
      [1] <engine-0>Condition "err != OK" is true. Returning: Ref<Resource>()
      [2] <engine-0>Condition "found" is true. Returning: Ref<Resource>()
      [3] <push_error>Enemy: No resource provided
            at line -1]]></failure></testcase>
      <testcase name="test_enemy_is_dead_when_health_zero" assertions="2" status="fail" classname="scripts/tests/entity_classes_test.gd" time="0.000179" >
      <failure message="failed"><![CDATA[Unexpected Errors:
      [1] <engine-0>Condition "err != OK" is true. Returning: Ref<Resource>()
      [2] <engine-0>Condition "found" is true. Returning: Ref<Resource>()
      [3] <push_error>Enemy: No resource provided
            at line -1]]></failure></testcase>
      <testcase name="test_projectile_activates_with_parameters" assertions="4" status="pass" classname="scripts/tests/entity_classes_test.gd" time="0.000159" >
      </testcase>
      <testcase name="test_projectile_velocity_is_set" assertions="2" status="pass" classname="scripts/tests/entity_classes_test.gd" time="0.000126" >
      </testcase>
      <testcase name="test_projectile_pierce_is_set" assertions="1" status="pass" classname="scripts/tests/entity_classes_test.gd" time="0.00008" >
      </testcase>
      <testcase name="test_projectile_remaining_range_is_full" assertions="1" status="pass" classname="scripts/tests/entity_classes_test.gd" time="0.000079" >
      </testcase>
      <testcase name="test_projectile_deactivates" assertions="1" status="pass" classname="scripts/tests/entity_classes_test.gd" time="0.00007" >
      </testcase>
      <testcase name="test_enemy_targets_player" assertions="2" status="fail" classname="scripts/tests/entity_classes_test.gd" time="0.000343" >
      <failure message="failed"><![CDATA[Unexpected Errors:
      [1] <engine-0>Parameter "ti" is null.
      [2] <engine-0>res://resources/enemies/basic.tres:5 - Parse Error: Can't create sub resource of type 'EnemyResource'.
      [3] <engine-0>Condition "found" is true. Returning: Ref<Resource>()
      [4] <push_error>Enemy: No resource provided
            at line -1]]></failure></testcase>
      <testcase name="test_player_fires_weapon" assertions="2" status="fail" classname="scripts/tests/entity_classes_test.gd" time="0.000429" >
      <failure message="failed"><![CDATA[Expected object Player(hp=100/100, spd=200, dmg=10, armor=0)(player.gd) to have emitted signal [weapon_fired]:  Player should fire weapon signal (Signals emitted: [])
            at line 336]]></failure></testcase>
      <testcase name="test_enemy_calculates_distance_to_player" assertions="2" status="fail" classname="scripts/tests/entity_classes_test.gd" time="0.000237" >
      <failure message="failed"><![CDATA[Unexpected Errors:
      [1] <engine-0>Parameter "ti" is null.
      [2] <engine-0>res://resources/enemies/basic.tres:5 - Parse Error: Can't create sub resource of type 'EnemyResource'.
      [3] <engine-0>Condition "found" is true. Returning: Ref<Resource>()
      [4] <push_error>Enemy: No resource provided
            at line -1]]></failure></testcase>
      <testcase name="test_player_armor_reduces_damage" assertions="1" status="pass" classname="scripts/tests/entity_classes_test.gd" time="0.000052" >
      </testcase>
      <testcase name="test_player_life_steal_modifier" assertions="2" status="fail" classname="scripts/tests/entity_classes_test.gd" time="0.000291" >
      <failure message="failed"><![CDATA[[0] expected to equal [3]:  Player should have 3 life steal
            at line 382]]></failure></testcase>
      <testcase name="test_weapon_resource_loads" assertions="2" status="fail" classname="scripts/tests/entity_classes_test.gd" time="0.000244" >
      <failure message="failed"><![CDATA[Expected [<null>] to be anything but NULL:  Weapon resource should load
            at line 392]]></failure></testcase>
      <testcase name="test_enemy_resource_basic_loads" assertions="2" status="fail" classname="scripts/tests/entity_classes_test.gd" time="0.000209" >
      <failure message="failed"><![CDATA[Expected [<null>] to be anything but NULL:  Enemy resource should load
            at line 402]]></failure></testcase>
      <testcase name="test_health_boost_item_loads" assertions="2" status="fail" classname="scripts/tests/entity_classes_test.gd" time="0.000224" >
      <failure message="failed"><![CDATA[Expected [<null>] to be anything but NULL:  Health boost item should load
            at line 411]]></failure></testcase>
      <testcase name="test_vampiric_fangs_item_loads" assertions="2" status="fail" classname="scripts/tests/entity_classes_test.gd" time="0.000227" >
      <failure message="failed"><![CDATA[Expected [<null>] to be anything but NULL:  Vampiric fangs item should load
            at line 420]]></failure></testcase>
  </testsuite>
  <testsuite name="scripts/tests/error_service_test.gd" tests="3" failures="0" skipped="0" time="0.000576" >
      <testcase name="test_error_occurred_signal_emits_on_error" assertions="3" status="pass" classname="scripts/tests/error_service_test.gd" time="0.000199" >
      </testcase>
      <testcase name="test_critical_error_occurred_signal_emits_on_critical" assertions="3" status="pass" classname="scripts/tests/error_service_test.gd" time="0.000181" >
      </testcase>
      <testcase name="test_godot_error_capture_includes_stack_trace_in_metadata" assertions="2" status="pass" classname="scripts/tests/error_service_test.gd" time="0.000196" >
      </testcase>
  </testsuite>
  <testsuite name="scripts/tests/game_state_test.gd" tests="28" failures="0" skipped="0" time="0.002309" >
      <testcase name="test_initial_wave_is_zero" assertions="1" status="pass" classname="scripts/tests/game_state_test.gd" time="0.000082" >
      </testcase>
      <testcase name="test_set_current_wave_updates_wave" assertions="1" status="pass" classname="scripts/tests/game_state_test.gd" time="0.000063" >
      </testcase>
      <testcase name="test_set_current_wave_emits_signal" assertions="3" status="pass" classname="scripts/tests/game_state_test.gd" time="0.000187" >
      </testcase>
      <testcase name="test_set_current_wave_no_signal_for_same_value" assertions="1" status="pass" classname="scripts/tests/game_state_test.gd" time="0.000129" >
      </testcase>
      <testcase name="test_initial_score_is_zero" assertions="1" status="pass" classname="scripts/tests/game_state_test.gd" time="0.000054" >
      </testcase>
      <testcase name="test_set_score_updates_score" assertions="1" status="pass" classname="scripts/tests/game_state_test.gd" time="0.000052" >
      </testcase>
      <testcase name="test_set_score_updates_high_score" assertions="1" status="pass" classname="scripts/tests/game_state_test.gd" time="0.000055" >
      </testcase>
      <testcase name="test_set_score_emits_signal" assertions="3" status="pass" classname="scripts/tests/game_state_test.gd" time="0.000175" >
      </testcase>
      <testcase name="test_add_score_increases_score" assertions="1" status="pass" classname="scripts/tests/game_state_test.gd" time="0.000059" >
      </testcase>
      <testcase name="test_add_score_updates_high_score" assertions="1" status="pass" classname="scripts/tests/game_state_test.gd" time="0.000055" >
      </testcase>
      <testcase name="test_add_score_emits_signal" assertions="2" status="pass" classname="scripts/tests/game_state_test.gd" time="0.000143" >
      </testcase>
      <testcase name="test_high_score_does_not_decrease" assertions="1" status="pass" classname="scripts/tests/game_state_test.gd" time="0.000053" >
      </testcase>
      <testcase name="test_initial_gameplay_state_is_inactive" assertions="1" status="pass" classname="scripts/tests/game_state_test.gd" time="0.000042" >
      </testcase>
      <testcase name="test_set_gameplay_active_true_updates_state" assertions="1" status="pass" classname="scripts/tests/game_state_test.gd" time="0.000041" >
      </testcase>
      <testcase name="test_set_gameplay_active_true_emits_signal" assertions="2" status="pass" classname="scripts/tests/game_state_test.gd" time="0.000131" >
      </testcase>
      <testcase name="test_set_gameplay_active_false_updates_state" assertions="1" status="pass" classname="scripts/tests/game_state_test.gd" time="0.000043" >
      </testcase>
      <testcase name="test_set_gameplay_active_false_emits_signal" assertions="2" status="pass" classname="scripts/tests/game_state_test.gd" time="0.000131" >
      </testcase>
      <testcase name="test_initial_character_is_empty" assertions="1" status="pass" classname="scripts/tests/game_state_test.gd" time="0.000067" >
      </testcase>
      <testcase name="test_set_current_character_updates_character" assertions="1" status="pass" classname="scripts/tests/game_state_test.gd" time="0.000059" >
      </testcase>
      <testcase name="test_set_current_character_emits_signal" assertions="2" status="pass" classname="scripts/tests/game_state_test.gd" time="0.000163" >
      </testcase>
      <testcase name="test_set_current_character_no_signal_for_same_value" assertions="1" status="pass" classname="scripts/tests/game_state_test.gd" time="0.000139" >
      </testcase>
      <testcase name="test_reset_clears_wave" assertions="1" status="pass" classname="scripts/tests/game_state_test.gd" time="0.000059" >
      </testcase>
      <testcase name="test_reset_clears_score" assertions="1" status="pass" classname="scripts/tests/game_state_test.gd" time="0.000051" >
      </testcase>
      <testcase name="test_reset_preserves_high_score" assertions="1" status="pass" classname="scripts/tests/game_state_test.gd" time="0.00005" >
      </testcase>
      <testcase name="test_reset_deactivates_gameplay" assertions="1" status="pass" classname="scripts/tests/game_state_test.gd" time="0.00004" >
      </testcase>
      <testcase name="test_reset_clears_character" assertions="1" status="pass" classname="scripts/tests/game_state_test.gd" time="0.000053" >
      </testcase>
      <testcase name="test_reset_unpauses_game" assertions="1" status="pass" classname="scripts/tests/game_state_test.gd" time="0.000041" >
      </testcase>
      <testcase name="test_reset_full_state" assertions="6" status="pass" classname="scripts/tests/game_state_test.gd" time="0.000092" >
      </testcase>
  </testsuite>
  <testsuite name="scripts/tests/item_resources_test.gd" tests="41" failures="43" skipped="0" time="0.010291" >
      <testcase name="test_health_boost_loads" assertions="2" status="fail" classname="scripts/tests/item_resources_test.gd" time="0.000291" >
      <failure message="failed"><![CDATA[Expected [<null>] to be anything but NULL:  health_boost should load
            at line 45]]></failure></testcase>
      <testcase name="test_health_boost_has_correct_id" assertions="1" status="fail" classname="scripts/tests/item_resources_test.gd" time="0.000264" >
      <failure message="failed"><![CDATA[Unexpected Errors:
      [1] <engine-0>Parameter "ti" is null.
      [2] <engine-0>res://resources/items/health_boost.tres:5 - Parse Error: Can't create sub resource of type 'ItemResource'.
      [3] <engine-0>Condition "found" is true. Returning: Ref<Resource>()
      [4] <engine-2>Invalid access to property or key 'item_id' on a base object of type 'null instance'.
            at line -1]]></failure></testcase>
      <testcase name="test_health_boost_has_correct_name" assertions="1" status="fail" classname="scripts/tests/item_resources_test.gd" time="0.000236" >
      <failure message="failed"><![CDATA[Unexpected Errors:
      [1] <engine-0>Parameter "ti" is null.
      [2] <engine-0>res://resources/items/health_boost.tres:5 - Parse Error: Can't create sub resource of type 'ItemResource'.
      [3] <engine-0>Condition "found" is true. Returning: Ref<Resource>()
      [4] <engine-2>Invalid access to property or key 'item_name' on a base object of type 'null instance'.
            at line -1]]></failure></testcase>
      <testcase name="test_health_boost_is_upgrade_type" assertions="1" status="fail" classname="scripts/tests/item_resources_test.gd" time="0.000207" >
      <failure message="failed"><![CDATA[Unexpected Errors:
      [1] <engine-0>Parameter "ti" is null.
      [2] <engine-0>res://resources/items/health_boost.tres:5 - Parse Error: Can't create sub resource of type 'ItemResource'.
      [3] <engine-0>Condition "found" is true. Returning: Ref<Resource>()
      [4] <engine-2>Attempt to call function 'is_upgrade' in base 'null instance' on a null instance.
            at line -1]]></failure></testcase>
      <testcase name="test_health_boost_has_maxhp_modifier" assertions="1" status="fail" classname="scripts/tests/item_resources_test.gd" time="0.000209" >
      <failure message="failed"><![CDATA[Unexpected Errors:
      [1] <engine-0>Parameter "ti" is null.
      [2] <engine-0>res://resources/items/health_boost.tres:5 - Parse Error: Can't create sub resource of type 'ItemResource'.
      [3] <engine-0>Condition "found" is true. Returning: Ref<Resource>()
      [4] <engine-2>Attempt to call function 'get_stat_modifier' in base 'null instance' on a null instance.
            at line -1]]></failure></testcase>
      <testcase name="test_health_boost_has_no_trade_offs" assertions="1" status="fail" classname="scripts/tests/item_resources_test.gd" time="0.0002" >
      <failure message="failed"><![CDATA[Unexpected Errors:
      [1] <engine-0>Parameter "ti" is null.
      [2] <engine-0>res://resources/items/health_boost.tres:5 - Parse Error: Can't create sub resource of type 'ItemResource'.
      [3] <engine-0>Condition "found" is true. Returning: Ref<Resource>()
      [4] <engine-2>Attempt to call function 'has_trade_offs' in base 'null instance' on a null instance.
            at line -1]]></failure></testcase>
      <testcase name="test_damage_up_has_damage_modifier" assertions="1" status="fail" classname="scripts/tests/item_resources_test.gd" time="0.000279" >
      <failure message="failed"><![CDATA[Unexpected Errors:
      [1] <engine-0>Parameter "ti" is null.
      [2] <engine-0>res://resources/items/damage_up.tres:5 - Parse Error: Can't create sub resource of type 'ItemResource'.
      [3] <engine-0>Condition "found" is true. Returning: Ref<Resource>()
      [4] <engine-2>Attempt to call function 'get_stat_modifier' in base 'null instance' on a null instance.
            at line -1]]></failure></testcase>
      <testcase name="test_speed_boost_is_uncommon" assertions="1" status="fail" classname="scripts/tests/item_resources_test.gd" time="0.000226" >
      <failure message="failed"><![CDATA[Unexpected Errors:
      [1] <engine-0>Parameter "ti" is null.
      [2] <engine-0>res://resources/items/speed_boost.tres:5 - Parse Error: Can't create sub resource of type 'ItemResource'.
      [3] <engine-0>Condition "found" is true. Returning: Ref<Resource>()
      [4] <engine-2>Invalid access to property or key 'rarity' on a base object of type 'null instance'.
            at line -1]]></failure></testcase>
      <testcase name="test_speed_boost_has_speed_modifier" assertions="1" status="fail" classname="scripts/tests/item_resources_test.gd" time="0.000212" >
      <failure message="failed"><![CDATA[Unexpected Errors:
      [1] <engine-0>Parameter "ti" is null.
      [2] <engine-0>res://resources/items/speed_boost.tres:5 - Parse Error: Can't create sub resource of type 'ItemResource'.
      [3] <engine-0>Condition "found" is true. Returning: Ref<Resource>()
      [4] <engine-2>Attempt to call function 'get_stat_modifier' in base 'null instance' on a null instance.
            at line -1]]></failure></testcase>
      <testcase name="test_armor_plate_is_rare" assertions="1" status="fail" classname="scripts/tests/item_resources_test.gd" time="0.000263" >
      <failure message="failed"><![CDATA[Unexpected Errors:
      [1] <engine-0>Parameter "ti" is null.
      [2] <engine-0>res://resources/items/armor_plate.tres:5 - Parse Error: Can't create sub resource of type 'ItemResource'.
      [3] <engine-0>Condition "found" is true. Returning: Ref<Resource>()
      [4] <engine-2>Invalid access to property or key 'rarity' on a base object of type 'null instance'.
            at line -1]]></failure></testcase>
      <testcase name="test_armor_plate_has_armor_modifier" assertions="1" status="fail" classname="scripts/tests/item_resources_test.gd" time="0.000228" >
      <failure message="failed"><![CDATA[Unexpected Errors:
      [1] <engine-0>Parameter "ti" is null.
      [2] <engine-0>res://resources/items/armor_plate.tres:5 - Parse Error: Can't create sub resource of type 'ItemResource'.
      [3] <engine-0>Condition "found" is true. Returning: Ref<Resource>()
      [4] <engine-2>Attempt to call function 'get_stat_modifier' in base 'null instance' on a null instance.
            at line -1]]></failure></testcase>
      <testcase name="test_lucky_charm_is_consumable_type" assertions="1" status="fail" classname="scripts/tests/item_resources_test.gd" time="0.000272" >
      <failure message="failed"><![CDATA[Unexpected Errors:
      [1] <engine-0>Parameter "ti" is null.
      [2] <engine-0>res://resources/items/lucky_charm.tres:5 - Parse Error: Can't create sub resource of type 'ItemResource'.
      [3] <engine-0>Condition "found" is true. Returning: Ref<Resource>()
      [4] <engine-2>Attempt to call function 'is_consumable' in base 'null instance' on a null instance.
            at line -1]]></failure></testcase>
      <testcase name="test_lucky_charm_is_epic" assertions="1" status="fail" classname="scripts/tests/item_resources_test.gd" time="0.000224" >
      <failure message="failed"><![CDATA[Unexpected Errors:
      [1] <engine-0>Parameter "ti" is null.
      [2] <engine-0>res://resources/items/lucky_charm.tres:5 - Parse Error: Can't create sub resource of type 'ItemResource'.
      [3] <engine-0>Condition "found" is true. Returning: Ref<Resource>()
      [4] <engine-2>Invalid access to property or key 'rarity' on a base object of type 'null instance'.
            at line -1]]></failure></testcase>
      <testcase name="test_lucky_charm_has_luck_modifier" assertions="1" status="fail" classname="scripts/tests/item_resources_test.gd" time="0.000237" >
      <failure message="failed"><![CDATA[Unexpected Errors:
      [1] <engine-0>Parameter "ti" is null.
      [2] <engine-0>res://resources/items/lucky_charm.tres:5 - Parse Error: Can't create sub resource of type 'ItemResource'.
      [3] <engine-0>Condition "found" is true. Returning: Ref<Resource>()
      [4] <engine-2>Attempt to call function 'get_stat_modifier' in base 'null instance' on a null instance.
            at line -1]]></failure></testcase>
      <testcase name="test_vampiric_fangs_is_legendary" assertions="1" status="fail" classname="scripts/tests/item_resources_test.gd" time="0.000233" >
      <failure message="failed"><![CDATA[Unexpected Errors:
      [1] <engine-0>Parameter "ti" is null.
      [2] <engine-0>res://resources/items/vampiric_fangs.tres:5 - Parse Error: Can't create sub resource of type 'ItemResource'.
      [3] <engine-0>Condition "found" is true. Returning: Ref<Resource>()
      [4] <engine-2>Invalid access to property or key 'rarity' on a base object of type 'null instance'.
            at line -1]]></failure></testcase>
      <testcase name="test_vampiric_fangs_has_lifesteal_modifier" assertions="1" status="fail" classname="scripts/tests/item_resources_test.gd" time="0.000231" >
      <failure message="failed"><![CDATA[Unexpected Errors:
      [1] <engine-0>Parameter "ti" is null.
      [2] <engine-0>res://resources/items/vampiric_fangs.tres:5 - Parse Error: Can't create sub resource of type 'ItemResource'.
      [3] <engine-0>Condition "found" is true. Returning: Ref<Resource>()
      [4] <engine-2>Attempt to call function 'get_stat_modifier' in base 'null instance' on a null instance.
            at line -1]]></failure></testcase>
      <testcase name="test_scrap_magnet_has_multiple_modifiers" assertions="1" status="fail" classname="scripts/tests/item_resources_test.gd" time="0.000384" >
      <failure message="failed"><![CDATA[Unexpected Errors:
      [1] <engine-0>Parameter "ti" is null.
      [2] <engine-0>res://resources/items/scrap_magnet.tres:5 - Parse Error: Can't create sub resource of type 'ItemResource'.
      [3] <engine-0>Condition "found" is true. Returning: Ref<Resource>()
      [4] <engine-2>Attempt to call function 'get_stat_modifier' in base 'null instance' on a null instance.
            at line -1]]></failure></testcase>
      <testcase name="test_reactor_coolant_has_trade_offs" assertions="1" status="fail" classname="scripts/tests/item_resources_test.gd" time="0.00032" >
      <failure message="failed"><![CDATA[Unexpected Errors:
      [1] <engine-0>Parameter "ti" is null.
      [2] <engine-0>res://resources/items/reactor_coolant.tres:5 - Parse Error: Can't create sub resource of type 'ItemResource'.
      [3] <engine-0>Condition "found" is true. Returning: Ref<Resource>()
      [4] <engine-2>Attempt to call function 'has_trade_offs' in base 'null instance' on a null instance.
            at line -1]]></failure></testcase>
      <testcase name="test_reactor_coolant_positive_and_negative_stats" assertions="1" status="fail" classname="scripts/tests/item_resources_test.gd" time="0.000261" >
      <failure message="failed"><![CDATA[Unexpected Errors:
      [1] <engine-0>Parameter "ti" is null.
      [2] <engine-0>res://resources/items/reactor_coolant.tres:5 - Parse Error: Can't create sub resource of type 'ItemResource'.
      [3] <engine-0>Condition "found" is true. Returning: Ref<Resource>()
      [4] <engine-2>Attempt to call function 'get_stat_modifier' in base 'null instance' on a null instance.
            at line -1]]></failure></testcase>
      <testcase name="test_unstable_serum_has_trade_offs" assertions="1" status="fail" classname="scripts/tests/item_resources_test.gd" time="0.000274" >
      <failure message="failed"><![CDATA[Unexpected Errors:
      [1] <engine-0>Parameter "ti" is null.
      [2] <engine-0>res://resources/items/unstable_serum.tres:5 - Parse Error: Can't create sub resource of type 'ItemResource'.
      [3] <engine-0>Condition "found" is true. Returning: Ref<Resource>()
      [4] <engine-2>Attempt to call function 'has_trade_offs' in base 'null instance' on a null instance.
            at line -1]]></failure></testcase>
      <testcase name="test_unstable_serum_positive_and_negative_stats" assertions="1" status="fail" classname="scripts/tests/item_resources_test.gd" time="0.000222" >
      <failure message="failed"><![CDATA[Unexpected Errors:
      [1] <engine-0>Parameter "ti" is null.
      [2] <engine-0>res://resources/items/unstable_serum.tres:5 - Parse Error: Can't create sub resource of type 'ItemResource'.
      [3] <engine-0>Condition "found" is true. Returning: Ref<Resource>()
      [4] <engine-2>Attempt to call function 'get_stat_modifier' in base 'null instance' on a null instance.
            at line -1]]></failure></testcase>
      <testcase name="test_scavenger_toolkit_has_trade_offs" assertions="1" status="fail" classname="scripts/tests/item_resources_test.gd" time="0.000368" >
      <failure message="failed"><![CDATA[Unexpected Errors:
      [1] <engine-0>Parameter "ti" is null.
      [2] <engine-0>res://resources/items/scavenger_toolkit.tres:5 - Parse Error: Can't create sub resource of type 'ItemResource'.
      [3] <engine-0>Condition "found" is true. Returning: Ref<Resource>()
      [4] <engine-2>Attempt to call function 'has_trade_offs' in base 'null instance' on a null instance.
            at line -1]]></failure></testcase>
      <testcase name="test_scavenger_toolkit_multiple_stats" assertions="1" status="fail" classname="scripts/tests/item_resources_test.gd" time="0.000229" >
      <failure message="failed"><![CDATA[Unexpected Errors:
      [1] <engine-0>Parameter "ti" is null.
      [2] <engine-0>res://resources/items/scavenger_toolkit.tres:5 - Parse Error: Can't create sub resource of type 'ItemResource'.
      [3] <engine-0>Condition "found" is true. Returning: Ref<Resource>()
      [4] <engine-2>Attempt to call function 'get_stat_modifier' in base 'null instance' on a null instance.
            at line -1]]></failure></testcase>
      <testcase name="test_relic_of_decay_is_legendary" assertions="1" status="fail" classname="scripts/tests/item_resources_test.gd" time="0.000489" >
      <failure message="failed"><![CDATA[Unexpected Errors:
      [1] <engine-0>Parameter "ti" is null.
      [2] <engine-0>res://resources/items/relic_of_decay.tres:5 - Parse Error: Can't create sub resource of type 'ItemResource'.
      [3] <engine-0>Condition "found" is true. Returning: Ref<Resource>()
      [4] <engine-2>Invalid access to property or key 'rarity' on a base object of type 'null instance'.
            at line -1]]></failure></testcase>
      <testcase name="test_relic_of_decay_extreme_trade_offs" assertions="1" status="fail" classname="scripts/tests/item_resources_test.gd" time="0.000224" >
      <failure message="failed"><![CDATA[Unexpected Errors:
      [1] <engine-0>Parameter "ti" is null.
      [2] <engine-0>res://resources/items/relic_of_decay.tres:5 - Parse Error: Can't create sub resource of type 'ItemResource'.
      [3] <engine-0>Condition "found" is true. Returning: Ref<Resource>()
      [4] <engine-2>Attempt to call function 'get_stat_modifier' in base 'null instance' on a null instance.
            at line -1]]></failure></testcase>
      <testcase name="test_rusty_wrench_is_weapon_type" assertions="1" status="fail" classname="scripts/tests/item_resources_test.gd" time="0.000259" >
      <failure message="failed"><![CDATA[Unexpected Errors:
      [1] <engine-0>Parameter "ti" is null.
      [2] <engine-0>res://resources/items/rusty_wrench.tres:5 - Parse Error: Can't create sub resource of type 'ItemResource'.
      [3] <engine-0>Condition "found" is true. Returning: Ref<Resource>()
      [4] <engine-2>Attempt to call function 'is_weapon' in base 'null instance' on a null instance.
            at line -1]]></failure></testcase>
      <testcase name="test_rusty_wrench_weapon_stats" assertions="1" status="fail" classname="scripts/tests/item_resources_test.gd" time="0.000229" >
      <failure message="failed"><![CDATA[Unexpected Errors:
      [1] <engine-0>Parameter "ti" is null.
      [2] <engine-0>res://resources/items/rusty_wrench.tres:5 - Parse Error: Can't create sub resource of type 'ItemResource'.
      [3] <engine-0>Condition "found" is true. Returning: Ref<Resource>()
      [4] <engine-2>Invalid access to property or key 'base_damage' on a base object of type 'null instance'.
            at line -1]]></failure></testcase>
      <testcase name="test_rusty_sword_is_melee" assertions="1" status="fail" classname="scripts/tests/item_resources_test.gd" time="0.000266" >
      <failure message="failed"><![CDATA[Unexpected Errors:
      [1] <engine-0>Parameter "ti" is null.
      [2] <engine-0>res://resources/items/rusty_sword.tres:5 - Parse Error: Can't create sub resource of type 'ItemResource'.
      [3] <engine-0>Condition "found" is true. Returning: Ref<Resource>()
      [4] <engine-2>Invalid access to property or key 'damage_type' on a base object of type 'null instance'.
            at line -1]]></failure></testcase>
      <testcase name="test_rusty_sword_melee_properties" assertions="1" status="fail" classname="scripts/tests/item_resources_test.gd" time="0.000228" >
      <failure message="failed"><![CDATA[Unexpected Errors:
      [1] <engine-0>Parameter "ti" is null.
      [2] <engine-0>res://resources/items/rusty_sword.tres:5 - Parse Error: Can't create sub resource of type 'ItemResource'.
      [3] <engine-0>Condition "found" is true. Returning: Ref<Resource>()
      [4] <engine-2>Invalid access to property or key 'projectile_speed' on a base object of type 'null instance'.
            at line -1]]></failure></testcase>
      <testcase name="test_plasma_arc_is_legendary" assertions="1" status="fail" classname="scripts/tests/item_resources_test.gd" time="0.000243" >
      <failure message="failed"><![CDATA[Unexpected Errors:
      [1] <engine-0>Parameter "ti" is null.
      [2] <engine-0>res://resources/items/plasma_arc.tres:5 - Parse Error: Can't create sub resource of type 'ItemResource'.
      [3] <engine-0>Condition "found" is true. Returning: Ref<Resource>()
      [4] <engine-2>Invalid access to property or key 'rarity' on a base object of type 'null instance'.
            at line -1]]></failure></testcase>
      <testcase name="test_plasma_arc_legendary_stats" assertions="1" status="fail" classname="scripts/tests/item_resources_test.gd" time="0.000204" >
      <failure message="failed"><![CDATA[Unexpected Errors:
      [1] <engine-0>Parameter "ti" is null.
      [2] <engine-0>res://resources/items/plasma_arc.tres:5 - Parse Error: Can't create sub resource of type 'ItemResource'.
      [3] <engine-0>Condition "found" is true. Returning: Ref<Resource>()
      [4] <engine-2>Invalid access to property or key 'base_damage' on a base object of type 'null instance'.
            at line -1]]></failure></testcase>
      <testcase name="test_rail_slagger_is_epic" assertions="1" status="fail" classname="scripts/tests/item_resources_test.gd" time="0.00023" >
      <failure message="failed"><![CDATA[Unexpected Errors:
      [1] <engine-0>Parameter "ti" is null.
      [2] <engine-0>res://resources/items/rail_slagger.tres:5 - Parse Error: Can't create sub resource of type 'ItemResource'.
      [3] <engine-0>Condition "found" is true. Returning: Ref<Resource>()
      [4] <engine-2>Invalid access to property or key 'rarity' on a base object of type 'null instance'.
            at line -1]]></failure></testcase>
      <testcase name="test_rail_slagger_high_damage_slow_rate" assertions="1" status="fail" classname="scripts/tests/item_resources_test.gd" time="0.000215" >
      <failure message="failed"><![CDATA[Unexpected Errors:
      [1] <engine-0>Parameter "ti" is null.
      [2] <engine-0>res://resources/items/rail_slagger.tres:5 - Parse Error: Can't create sub resource of type 'ItemResource'.
      [3] <engine-0>Condition "found" is true. Returning: Ref<Resource>()
      [4] <engine-2>Invalid access to property or key 'base_damage' on a base object of type 'null instance'.
            at line -1]]></failure></testcase>
      <testcase name="test_nail_spitter_fast_fire_rate" assertions="1" status="fail" classname="scripts/tests/item_resources_test.gd" time="0.000257" >
      <failure message="failed"><![CDATA[Unexpected Errors:
      [1] <engine-0>Parameter "ti" is null.
      [2] <engine-0>res://resources/items/nail_spitter.tres:5 - Parse Error: Can't create sub resource of type 'ItemResource'.
      [3] <engine-0>Condition "found" is true. Returning: Ref<Resource>()
      [4] <engine-2>Invalid access to property or key 'fire_rate' on a base object of type 'null instance'.
            at line -1]]></failure></testcase>
      <testcase name="test_get_stat_descriptions_returns_array" assertions="1" status="fail" classname="scripts/tests/item_resources_test.gd" time="0.000219" >
      <failure message="failed"><![CDATA[Unexpected Errors:
      [1] <engine-0>Parameter "ti" is null.
      [2] <engine-0>res://resources/items/scavenger_toolkit.tres:5 - Parse Error: Can't create sub resource of type 'ItemResource'.
      [3] <engine-0>Condition "found" is true. Returning: Ref<Resource>()
      [4] <engine-2>Attempt to call function 'get_stat_descriptions' in base 'null instance' on a null instance.
            at line -1]]></failure></testcase>
      <testcase name="test_get_rarity_tier_common_is_0" assertions="1" status="fail" classname="scripts/tests/item_resources_test.gd" time="0.000202" >
      <failure message="failed"><![CDATA[Unexpected Errors:
      [1] <engine-0>Parameter "ti" is null.
      [2] <engine-0>res://resources/items/health_boost.tres:5 - Parse Error: Can't create sub resource of type 'ItemResource'.
      [3] <engine-0>Condition "found" is true. Returning: Ref<Resource>()
      [4] <engine-2>Attempt to call function 'get_rarity_tier' in base 'null instance' on a null instance.
            at line -1]]></failure></testcase>
      <testcase name="test_get_rarity_tier_uncommon_is_1" assertions="1" status="fail" classname="scripts/tests/item_resources_test.gd" time="0.00022" >
      <failure message="failed"><![CDATA[Unexpected Errors:
      [1] <engine-0>Parameter "ti" is null.
      [2] <engine-0>res://resources/items/speed_boost.tres:5 - Parse Error: Can't create sub resource of type 'ItemResource'.
      [3] <engine-0>Condition "found" is true. Returning: Ref<Resource>()
      [4] <engine-2>Attempt to call function 'get_rarity_tier' in base 'null instance' on a null instance.
            at line -1]]></failure></testcase>
      <testcase name="test_get_rarity_tier_rare_is_2" assertions="1" status="fail" classname="scripts/tests/item_resources_test.gd" time="0.000225" >
      <failure message="failed"><![CDATA[Unexpected Errors:
      [1] <engine-0>Parameter "ti" is null.
      [2] <engine-0>res://resources/items/armor_plate.tres:5 - Parse Error: Can't create sub resource of type 'ItemResource'.
      [3] <engine-0>Condition "found" is true. Returning: Ref<Resource>()
      [4] <engine-2>Attempt to call function 'get_rarity_tier' in base 'null instance' on a null instance.
            at line -1]]></failure></testcase>
      <testcase name="test_get_rarity_tier_epic_is_3" assertions="1" status="fail" classname="scripts/tests/item_resources_test.gd" time="0.000227" >
      <failure message="failed"><![CDATA[Unexpected Errors:
      [1] <engine-0>Parameter "ti" is null.
      [2] <engine-0>res://resources/items/lucky_charm.tres:5 - Parse Error: Can't create sub resource of type 'ItemResource'.
      [3] <engine-0>Condition "found" is true. Returning: Ref<Resource>()
      [4] <engine-2>Attempt to call function 'get_rarity_tier' in base 'null instance' on a null instance.
            at line -1]]></failure></testcase>
      <testcase name="test_get_rarity_tier_legendary_is_4" assertions="1" status="fail" classname="scripts/tests/item_resources_test.gd" time="0.000245" >
      <failure message="failed"><![CDATA[Unexpected Errors:
      [1] <engine-0>Parameter "ti" is null.
      [2] <engine-0>res://resources/items/vampiric_fangs.tres:5 - Parse Error: Can't create sub resource of type 'ItemResource'.
      [3] <engine-0>Condition "found" is true. Returning: Ref<Resource>()
      [4] <engine-2>Attempt to call function 'get_rarity_tier' in base 'null instance' on a null instance.
            at line -1]]></failure></testcase>
      <testcase name="test_to_string_contains_id" assertions="2" status="fail" classname="scripts/tests/item_resources_test.gd" time="0.000239" >
      <failure message="failed"><![CDATA[String should contain ID
            at line 447]]></failure></testcase>
  </testsuite>
  <testsuite name="scripts/tests/logger_test.gd" tests="11" failures="0" skipped="0" time="1.38371" >
      <testcase name="test_log_file_is_created" assertions="1" status="pass" classname="scripts/tests/logger_test.gd" time="0.000778" >
      </testcase>
      <testcase name="test_log_file_is_not_empty" assertions="1" status="pass" classname="scripts/tests/logger_test.gd" time="0.000631" >
      </testcase>
      <testcase name="test_log_path_returns_valid_path" assertions="2" status="pass" classname="scripts/tests/logger_test.gd" time="0.000307" >
      </testcase>
      <testcase name="test_debug_level_is_recorded" assertions="2" status="pass" classname="scripts/tests/logger_test.gd" time="0.00055" >
      </testcase>
      <testcase name="test_info_level_is_recorded" assertions="2" status="pass" classname="scripts/tests/logger_test.gd" time="0.000604" >
      </testcase>
      <testcase name="test_warning_level_is_recorded" assertions="2" status="pass" classname="scripts/tests/logger_test.gd" time="0.00062" >
      </testcase>
      <testcase name="test_error_level_is_recorded" assertions="2" status="pass" classname="scripts/tests/logger_test.gd" time="0.000632" >
      </testcase>
      <testcase name="test_multiple_log_levels_are_recorded" assertions="6" status="pass" classname="scripts/tests/logger_test.gd" time="0.001406" >
      </testcase>
      <testcase name="test_log_rotation_respects_max_files" assertions="1" status="pass" classname="scripts/tests/logger_test.gd" time="0.639006" >
      </testcase>
      <testcase name="test_log_rotation_keeps_most_recent_files" assertions="1" status="pass" classname="scripts/tests/logger_test.gd" time="0.737551" >
      </testcase>
      <testcase name="test_error_service_integration_placeholder" assertions="1" status="pass" classname="scripts/tests/logger_test.gd" time="0.001625" >
      </testcase>
  </testsuite>
  <testsuite name="scripts/tests/recycler_service_test.gd" tests="26" failures="0" skipped="0" time="0.018536" >
      <testcase name="test_rarity_enum_values_are_correct" assertions="5" status="pass" classname="scripts/tests/recycler_service_test.gd" time="0.001169" >
      </testcase>
      <testcase name="test_scrap_base_values_by_rarity" assertions="2" status="pass" classname="scripts/tests/recycler_service_test.gd" time="0.000439" >
      </testcase>
      <testcase name="test_component_base_values_by_rarity" assertions="2" status="pass" classname="scripts/tests/recycler_service_test.gd" time="0.000372" >
      </testcase>
      <testcase name="test_dismantle_common_non_weapon_gives_base_scrap" assertions="1" status="pass" classname="scripts/tests/recycler_service_test.gd" time="0.001601" >
      </testcase>
      <testcase name="test_dismantle_common_weapon_applies_multiplier" assertions="1" status="pass" classname="scripts/tests/recycler_service_test.gd" time="0.000663" >
      </testcase>
      <testcase name="test_dismantle_rare_non_weapon_gives_higher_scrap" assertions="1" status="pass" classname="scripts/tests/recycler_service_test.gd" time="0.000611" >
      </testcase>
      <testcase name="test_dismantle_rare_weapon_applies_multiplier_and_rounds" assertions="1" status="pass" classname="scripts/tests/recycler_service_test.gd" time="0.000602" >
      </testcase>
      <testcase name="test_common_items_never_drop_components" assertions="2" status="pass" classname="scripts/tests/recycler_service_test.gd" time="0.000616" >
      </testcase>
      <testcase name="test_uncommon_has_correct_component_chance_and_potential" assertions="2" status="pass" classname="scripts/tests/recycler_service_test.gd" time="0.000519" >
      </testcase>
      <testcase name="test_rare_has_correct_component_chance_and_potential" assertions="2" status="pass" classname="scripts/tests/recycler_service_test.gd" time="0.00041" >
      </testcase>
      <testcase name="test_epic_has_correct_component_chance_and_potential" assertions="2" status="pass" classname="scripts/tests/recycler_service_test.gd" time="0.000782" >
      </testcase>
      <testcase name="test_legendary_has_correct_component_chance_and_potential" assertions="2" status="pass" classname="scripts/tests/recycler_service_test.gd" time="0.000788" >
      </testcase>
      <testcase name="test_luck_40_adds_10_percent_component_chance" assertions="1" status="pass" classname="scripts/tests/recycler_service_test.gd" time="0.00047" >
      </testcase>
      <testcase name="test_luck_chance_bonus_caps_at_25_percent" assertions="1" status="pass" classname="scripts/tests/recycler_service_test.gd" time="0.000366" >
      </testcase>
      <testcase name="test_luck_120_adds_one_component" assertions="1" status="pass" classname="scripts/tests/recycler_service_test.gd" time="0.000722" >
      </testcase>
      <testcase name="test_luck_240_adds_two_components" assertions="1" status="pass" classname="scripts/tests/recycler_service_test.gd" time="0.000688" >
      </testcase>
      <testcase name="test_component_chance_caps_at_95_percent" assertions="1" status="pass" classname="scripts/tests/recycler_service_test.gd" time="0.000615" >
      </testcase>
      <testcase name="test_preview_shows_potential_components" assertions="2" status="pass" classname="scripts/tests/recycler_service_test.gd" time="0.00063" >
      </testcase>
      <testcase name="test_dismantle_uses_randomness_for_components" assertions="1" status="pass" classname="scripts/tests/recycler_service_test.gd" time="0.000698" >
      </testcase>
      <testcase name="test_broken_item_gives_zero_scrap" assertions="1" status="pass" classname="scripts/tests/recycler_service_test.gd" time="0.001219" >
      </testcase>
      <testcase name="test_negative_luck_normalized_to_zero" assertions="1" status="pass" classname="scripts/tests/recycler_service_test.gd" time="0.000645" >
      </testcase>
      <testcase name="test_empty_template_id_returns_zero_outcome" assertions="2" status="pass" classname="scripts/tests/recycler_service_test.gd" time="0.001158" >
      </testcase>
      <testcase name="test_base_scrap_override_works" assertions="1" status="pass" classname="scripts/tests/recycler_service_test.gd" time="0.000839" >
      </testcase>
      <testcase name="test_rarity_from_string_converts_correctly" assertions="3" status="pass" classname="scripts/tests/recycler_service_test.gd" time="0.000357" >
      </testcase>
      <testcase name="test_rarity_to_string_converts_correctly" assertions="2" status="pass" classname="scripts/tests/recycler_service_test.gd" time="0.000549" >
      </testcase>
      <testcase name="test_unknown_rarity_string_defaults_to_common" assertions="1" status="pass" classname="scripts/tests/recycler_service_test.gd" time="0.001008" >
      </testcase>
  </testsuite>
  <testsuite name="scripts/tests/save_integration_test.gd" tests="22" failures="0" skipped="0" time="0.122055" >
      <testcase name="test_save_all_services_succeeds" assertions="2" status="pass" classname="scripts/tests/save_integration_test.gd" time="0.007918" >
      </testcase>
      <testcase name="test_load_all_services_restores_state" assertions="4" status="pass" classname="scripts/tests/save_integration_test.gd" time="0.009583" >
      </testcase>
      <testcase name="test_multiple_services_save_and_load" assertions="2" status="pass" classname="scripts/tests/save_integration_test.gd" time="0.009223" >
      </testcase>
      <testcase name="test_transaction_history_persists" assertions="7" status="pass" classname="scripts/tests/save_integration_test.gd" time="0.008534" >
      </testcase>
      <testcase name="test_save_started_signal_emits" assertions="1" status="pass" classname="scripts/tests/save_integration_test.gd" time="0.005616" >
      </testcase>
      <testcase name="test_save_completed_signal_emits" assertions="2" status="pass" classname="scripts/tests/save_integration_test.gd" time="0.00514" >
      </testcase>
      <testcase name="test_load_started_signal_emits" assertions="1" status="pass" classname="scripts/tests/save_integration_test.gd" time="0.006768" >
      </testcase>
      <testcase name="test_load_completed_signal_emits" assertions="2" status="pass" classname="scripts/tests/save_integration_test.gd" time="0.006549" >
      </testcase>
      <testcase name="test_unsaved_changes_tracked_after_modification" assertions="1" status="pass" classname="scripts/tests/save_integration_test.gd" time="0.003083" >
      </testcase>
      <testcase name="test_unsaved_changes_cleared_after_save" assertions="1" status="pass" classname="scripts/tests/save_integration_test.gd" time="0.004707" >
      </testcase>
      <testcase name="test_load_nonexistent_save_fails_gracefully" assertions="1" status="pass" classname="scripts/tests/save_integration_test.gd" time="0.003444" >
      </testcase>
      <testcase name="test_metadata_shows_no_save_initially" assertions="1" status="pass" classname="scripts/tests/save_integration_test.gd" time="0.002814" >
      </testcase>
      <testcase name="test_metadata_populated_after_save" assertions="4" status="pass" classname="scripts/tests/save_integration_test.gd" time="0.00476" >
      </testcase>
      <testcase name="test_save_deleted_successfully" assertions="3" status="pass" classname="scripts/tests/save_integration_test.gd" time="0.004402" >
      </testcase>
      <testcase name="test_cross_service_state_consistency" assertions="3" status="pass" classname="scripts/tests/save_integration_test.gd" time="0.006558" >
      </testcase>
      <testcase name="test_stateless_service_save_succeeds" assertions="1" status="pass" classname="scripts/tests/save_integration_test.gd" time="0.004316" >
      </testcase>
      <testcase name="test_stateless_service_load_succeeds" assertions="1" status="pass" classname="scripts/tests/save_integration_test.gd" time="0.006281" >
      </testcase>
      <testcase name="test_recycler_service_functional_after_load" assertions="1" status="pass" classname="scripts/tests/save_integration_test.gd" time="0.006626" >
      </testcase>
      <testcase name="test_auto_save_enabled" assertions="1" status="pass" classname="scripts/tests/save_integration_test.gd" time="0.003251" >
      </testcase>
      <testcase name="test_auto_save_trigger_signal_emits" assertions="1" status="pass" classname="scripts/tests/save_integration_test.gd" time="0.004752" >
      </testcase>
      <testcase name="test_auto_save_creates_save_in_slot_0" assertions="2" status="pass" classname="scripts/tests/save_integration_test.gd" time="0.004503" >
      </testcase>
      <testcase name="test_auto_save_skips_when_no_changes" assertions="1" status="pass" classname="scripts/tests/save_integration_test.gd" time="0.003227" >
      </testcase>
  </testsuite>
  <testsuite name="scripts/tests/save_system_test.gd" tests="20" failures="0" skipped="0" time="0.15063" >
      <testcase name="test_save_game_succeeds" assertions="2" status="pass" classname="scripts/tests/save_system_test.gd" time="0.007645" >
      </testcase>
      <testcase name="test_load_game_succeeds" assertions="2" status="pass" classname="scripts/tests/save_system_test.gd" time="0.007454" >
      </testcase>
      <testcase name="test_loaded_data_matches_saved_data" assertions="4" status="pass" classname="scripts/tests/save_system_test.gd" time="0.00791" >
      </testcase>
      <testcase name="test_save_to_multiple_slots" assertions="3" status="pass" classname="scripts/tests/save_system_test.gd" time="0.008637" >
      </testcase>
      <testcase name="test_load_from_multiple_slots" assertions="9" status="pass" classname="scripts/tests/save_system_test.gd" time="0.009097" >
      </testcase>
      <testcase name="test_non_existent_save_metadata" assertions="1" status="pass" classname="scripts/tests/save_system_test.gd" time="0.00959" >
      </testcase>
      <testcase name="test_existing_save_metadata" assertions="5" status="pass" classname="scripts/tests/save_system_test.gd" time="0.007341" >
      </testcase>
      <testcase name="test_second_save_creates_backup" assertions="1" status="pass" classname="scripts/tests/save_system_test.gd" time="0.007861" >
      </testcase>
      <testcase name="test_save_exists_after_creation" assertions="1" status="pass" classname="scripts/tests/save_system_test.gd" time="0.006815" >
      </testcase>
      <testcase name="test_save_deleted_successfully" assertions="2" status="pass" classname="scripts/tests/save_system_test.gd" time="0.007041" >
      </testcase>
      <testcase name="test_has_save_detects_empty_slots" assertions="2" status="pass" classname="scripts/tests/save_system_test.gd" time="0.006323" >
      </testcase>
      <testcase name="test_has_save_detects_existing_save" assertions="2" status="pass" classname="scripts/tests/save_system_test.gd" time="0.006723" >
      </testcase>
      <testcase name="test_negative_slot_save_fails" assertions="2" status="pass" classname="scripts/tests/save_system_test.gd" time="0.006896" >
      </testcase>
      <testcase name="test_too_large_slot_save_fails" assertions="1" status="pass" classname="scripts/tests/save_system_test.gd" time="0.007017" >
      </testcase>
      <testcase name="test_invalid_slot_load_fails" assertions="1" status="pass" classname="scripts/tests/save_system_test.gd" time="0.006911" >
      </testcase>
      <testcase name="test_invalid_slot_has_save_returns_false" assertions="1" status="pass" classname="scripts/tests/save_system_test.gd" time="0.006823" >
      </testcase>
      <testcase name="test_corruption_recovers_from_backup" assertions="2" status="pass" classname="scripts/tests/save_system_test.gd" time="0.00813" >
      </testcase>
      <testcase name="test_save_with_current_version" assertions="1" status="pass" classname="scripts/tests/save_system_test.gd" time="0.007411" >
      </testcase>
      <testcase name="test_load_verifies_version" assertions="2" status="pass" classname="scripts/tests/save_system_test.gd" time="0.007443" >
      </testcase>
      <testcase name="test_future_version_rejected" assertions="2" status="pass" classname="scripts/tests/save_system_test.gd" time="0.007562" >
      </testcase>
  </testsuite>
  <testsuite name="scripts/tests/service_integration_test.gd" tests="15" failures="0" skipped="0" time="0.077164" >
      <testcase name="test_dismantle_rare_weapon_grants_scrap" assertions="1" status="pass" classname="scripts/tests/service_integration_test.gd" time="0.000884" >
      </testcase>
      <testcase name="test_add_recycled_scrap_to_bank" assertions="2" status="pass" classname="scripts/tests/service_integration_test.gd" time="0.00135" >
      </testcase>
      <testcase name="test_player_can_afford_first_reroll" assertions="2" status="pass" classname="scripts/tests/service_integration_test.gd" time="0.001145" >
      </testcase>
      <testcase name="test_reroll_deducts_cost_from_bank" assertions="2" status="pass" classname="scripts/tests/service_integration_test.gd" time="0.001727" >
      </testcase>
      <testcase name="test_second_reroll_costs_more" assertions="1" status="pass" classname="scripts/tests/service_integration_test.gd" time="0.000892" >
      </testcase>
      <testcase name="test_free_tier_rejects_scrap" assertions="2" status="pass" classname="scripts/tests/service_integration_test.gd" time="0.000609" >
      </testcase>
      <testcase name="test_premium_tier_accepts_scrap" assertions="2" status="pass" classname="scripts/tests/service_integration_test.gd" time="0.001171" >
      </testcase>
      <testcase name="test_premium_tier_enforces_cap" assertions="1" status="pass" classname="scripts/tests/service_integration_test.gd" time="0.053948" >
      </testcase>
      <testcase name="test_banking_currency_changed_signal" assertions="1" status="pass" classname="scripts/tests/service_integration_test.gd" time="0.001288" >
      </testcase>
      <testcase name="test_recycler_item_dismantled_signal" assertions="1" status="pass" classname="scripts/tests/service_integration_test.gd" time="0.000969" >
      </testcase>
      <testcase name="test_shop_reroll_executed_signal" assertions="1" status="pass" classname="scripts/tests/service_integration_test.gd" time="0.00096" >
      </testcase>
      <testcase name="test_player_dismantles_multiple_items" assertions="1" status="pass" classname="scripts/tests/service_integration_test.gd" time="0.003843" >
      </testcase>
      <testcase name="test_player_runs_out_of_scrap_rerolling" assertions="1" status="pass" classname="scripts/tests/service_integration_test.gd" time="0.001688" >
      </testcase>
      <testcase name="test_legendary_weapon_grants_high_scrap" assertions="1" status="pass" classname="scripts/tests/service_integration_test.gd" time="0.001407" >
      </testcase>
      <testcase name="test_complete_gameplay_scenario" assertions="5" status="pass" classname="scripts/tests/service_integration_test.gd" time="0.005283" >
      </testcase>
  </testsuite>
  <testsuite name="scripts/tests/shop_reroll_service_test.gd" tests="35" failures="0" skipped="0" time="0.014803" >
      <testcase name="test_base_cost_constant_is_50" assertions="1" status="pass" classname="scripts/tests/shop_reroll_service_test.gd" time="0.000066" >
      </testcase>
      <testcase name="test_cost_multiplier_constant_is_2" assertions="1" status="pass" classname="scripts/tests/shop_reroll_service_test.gd" time="0.000054" >
      </testcase>
      <testcase name="test_max_reroll_count_constant_is_99" assertions="1" status="pass" classname="scripts/tests/shop_reroll_service_test.gd" time="0.000057" >
      </testcase>
      <testcase name="test_calculate_cost_for_reroll_0_equals_50" assertions="1" status="pass" classname="scripts/tests/shop_reroll_service_test.gd" time="0.000052" >
      </testcase>
      <testcase name="test_calculate_cost_for_reroll_1_equals_100" assertions="1" status="pass" classname="scripts/tests/shop_reroll_service_test.gd" time="0.000049" >
      </testcase>
      <testcase name="test_calculate_cost_for_reroll_2_equals_200" assertions="1" status="pass" classname="scripts/tests/shop_reroll_service_test.gd" time="0.00005" >
      </testcase>
      <testcase name="test_calculate_cost_for_reroll_3_equals_400" assertions="1" status="pass" classname="scripts/tests/shop_reroll_service_test.gd" time="0.000048" >
      </testcase>
      <testcase name="test_calculate_cost_for_reroll_5_equals_1600" assertions="1" status="pass" classname="scripts/tests/shop_reroll_service_test.gd" time="0.000048" >
      </testcase>
      <testcase name="test_calculate_cost_for_reroll_10_equals_51200" assertions="1" status="pass" classname="scripts/tests/shop_reroll_service_test.gd" time="0.000048" >
      </testcase>
      <testcase name="test_initial_reroll_count_is_zero" assertions="1" status="pass" classname="scripts/tests/shop_reroll_service_test.gd" time="0.000049" >
      </testcase>
      <testcase name="test_initial_preview_shows_zero_rerolls" assertions="1" status="pass" classname="scripts/tests/shop_reroll_service_test.gd" time="0.000053" >
      </testcase>
      <testcase name="test_initial_preview_cost_is_50" assertions="1" status="pass" classname="scripts/tests/shop_reroll_service_test.gd" time="0.000052" >
      </testcase>
      <testcase name="test_initial_preview_next_cost_is_100" assertions="1" status="pass" classname="scripts/tests/shop_reroll_service_test.gd" time="0.000049" >
      </testcase>
      <testcase name="test_preview_does_not_mutate_state" assertions="3" status="pass" classname="scripts/tests/shop_reroll_service_test.gd" time="0.000077" >
      </testcase>
      <testcase name="test_preview_shows_accurate_costs" assertions="2" status="pass" classname="scripts/tests/shop_reroll_service_test.gd" time="0.000061" >
      </testcase>
      <testcase name="test_execute_first_reroll_increments_count" assertions="1" status="pass" classname="scripts/tests/shop_reroll_service_test.gd" time="0.000383" >
      </testcase>
      <testcase name="test_execute_first_reroll_charges_50" assertions="1" status="pass" classname="scripts/tests/shop_reroll_service_test.gd" time="0.000386" >
      </testcase>
      <testcase name="test_execute_first_reroll_next_cost_is_200" assertions="1" status="pass" classname="scripts/tests/shop_reroll_service_test.gd" time="0.00037" >
      </testcase>
      <testcase name="test_execute_second_reroll_increments_count" assertions="1" status="pass" classname="scripts/tests/shop_reroll_service_test.gd" time="0.000616" >
      </testcase>
      <testcase name="test_execute_second_reroll_charges_100" assertions="1" status="pass" classname="scripts/tests/shop_reroll_service_test.gd" time="0.000624" >
      </testcase>
      <testcase name="test_execute_second_reroll_next_cost_is_400" assertions="1" status="pass" classname="scripts/tests/shop_reroll_service_test.gd" time="0.000615" >
      </testcase>
      <testcase name="test_execute_third_reroll_increments_count" assertions="1" status="pass" classname="scripts/tests/shop_reroll_service_test.gd" time="0.001225" >
      </testcase>
      <testcase name="test_execute_third_reroll_charges_200" assertions="1" status="pass" classname="scripts/tests/shop_reroll_service_test.gd" time="0.001407" >
      </testcase>
      <testcase name="test_execute_third_reroll_next_cost_is_800" assertions="1" status="pass" classname="scripts/tests/shop_reroll_service_test.gd" time="0.000982" >
      </testcase>
      <testcase name="test_get_reroll_count_tracks_executions" assertions="1" status="pass" classname="scripts/tests/shop_reroll_service_test.gd" time="0.000872" >
      </testcase>
      <testcase name="test_exponential_cost_progression" assertions="6" status="pass" classname="scripts/tests/shop_reroll_service_test.gd" time="0.001911" >
      </testcase>
      <testcase name="test_reroll_count_reaches_max" assertions="1" status="pass" classname="scripts/tests/shop_reroll_service_test.gd" time="0.000366" >
      </testcase>
      <testcase name="test_reroll_count_does_not_exceed_max" assertions="1" status="pass" classname="scripts/tests/shop_reroll_service_test.gd" time="0.000619" >
      </testcase>
      <testcase name="test_max_cost_still_calculated_correctly" assertions="1" status="pass" classname="scripts/tests/shop_reroll_service_test.gd" time="0.000047" >
      </testcase>
      <testcase name="test_reset_clears_reroll_count" assertions="2" status="pass" classname="scripts/tests/shop_reroll_service_test.gd" time="0.00092" >
      </testcase>
      <testcase name="test_reset_restores_initial_costs" assertions="1" status="pass" classname="scripts/tests/shop_reroll_service_test.gd" time="0.000875" >
      </testcase>
      <testcase name="test_reroll_executed_signal_emits_on_execution" assertions="2" status="pass" classname="scripts/tests/shop_reroll_service_test.gd" time="0.000479" >
      </testcase>
      <testcase name="test_reroll_executed_signal_contains_correct_data" assertions="2" status="pass" classname="scripts/tests/shop_reroll_service_test.gd" time="0.000407" >
      </testcase>
      <testcase name="test_reroll_executed_signal_emits_multiple_times" assertions="3" status="pass" classname="scripts/tests/shop_reroll_service_test.gd" time="0.000715" >
      </testcase>
      <testcase name="test_reroll_count_reset_signal_emits_on_reset" assertions="2" status="pass" classname="scripts/tests/shop_reroll_service_test.gd" time="0.000171" >
      </testcase>
  </testsuite>
  <testsuite name="scripts/tests/stat_service_test.gd" tests="17" failures="0" skipped="0" time="0.00103" >
      <testcase name="test_calculate_damage_with_base_only" assertions="1" status="pass" classname="scripts/tests/stat_service_test.gd" time="0.000064" >
      </testcase>
      <testcase name="test_calculate_damage_with_strength_bonus" assertions="1" status="pass" classname="scripts/tests/stat_service_test.gd" time="0.000053" >
      </testcase>
      <testcase name="test_calculate_damage_with_weapon_bonus" assertions="1" status="pass" classname="scripts/tests/stat_service_test.gd" time="0.00005" >
      </testcase>
      <testcase name="test_calculate_health_with_base_only" assertions="1" status="pass" classname="scripts/tests/stat_service_test.gd" time="0.000055" >
      </testcase>
      <testcase name="test_calculate_health_with_vitality_bonus" assertions="1" status="pass" classname="scripts/tests/stat_service_test.gd" time="0.000053" >
      </testcase>
      <testcase name="test_calculate_speed_with_base_only" assertions="1" status="pass" classname="scripts/tests/stat_service_test.gd" time="0.000051" >
      </testcase>
      <testcase name="test_calculate_speed_with_agility_bonus" assertions="1" status="pass" classname="scripts/tests/stat_service_test.gd" time="0.000051" >
      </testcase>
      <testcase name="test_apply_stat_modifiers_increases_and_decreases_stats" assertions="4" status="pass" classname="scripts/tests/stat_service_test.gd" time="0.000126" >
      </testcase>
      <testcase name="test_apply_stat_modifiers_clamps_negative_values_to_zero" assertions="1" status="pass" classname="scripts/tests/stat_service_test.gd" time="0.0001" >
      </testcase>
      <testcase name="test_calculate_armor_reduction_with_zero_armor" assertions="1" status="pass" classname="scripts/tests/stat_service_test.gd" time="0.000059" >
      </testcase>
      <testcase name="test_calculate_armor_reduction_with_normal_armor" assertions="1" status="pass" classname="scripts/tests/stat_service_test.gd" time="0.000058" >
      </testcase>
      <testcase name="test_calculate_armor_reduction_caps_at_80_percent" assertions="1" status="pass" classname="scripts/tests/stat_service_test.gd" time="0.000052" >
      </testcase>
      <testcase name="test_calculate_dodge_chance_scales_with_agility" assertions="1" status="pass" classname="scripts/tests/stat_service_test.gd" time="0.000054" >
      </testcase>
      <testcase name="test_calculate_dodge_chance_caps_at_50_percent" assertions="1" status="pass" classname="scripts/tests/stat_service_test.gd" time="0.000051" >
      </testcase>
      <testcase name="test_calculate_crit_chance_scales_with_luck" assertions="1" status="pass" classname="scripts/tests/stat_service_test.gd" time="0.000051" >
      </testcase>
      <testcase name="test_calculate_crit_chance_caps_at_30_percent" assertions="1" status="pass" classname="scripts/tests/stat_service_test.gd" time="0.000049" >
      </testcase>
      <testcase name="test_calculate_life_steal_percentage_of_damage" assertions="1" status="pass" classname="scripts/tests/stat_service_test.gd" time="0.000053" >
      </testcase>
  </testsuite>
  <testsuite name="scripts/tests/weapon_loading_test.gd" tests="14" failures="38" skipped="0" time="0.011824" >
      <testcase name="test_rusty_pistol_resource_loads" assertions="2" status="fail" classname="scripts/tests/weapon_loading_test.gd" time="0.000326" >
      <failure message="failed"><![CDATA[Expected [<null>] to be anything but NULL:  Rusty Pistol resource should load
            at line 45]]></failure></testcase>
      <testcase name="test_rusty_pistol_has_valid_dps" assertions="1" status="fail" classname="scripts/tests/weapon_loading_test.gd" time="0.000262" >
      <failure message="failed"><![CDATA[Unexpected Errors:
      [1] <engine-0>Parameter "ti" is null.
      [2] <engine-0>res://resources/weapons/rusty_pistol.tres:5 - Parse Error: Can't create sub resource of type 'WeaponResource'.
      [3] <engine-0>Condition "found" is true. Returning: Ref<Resource>()
      [4] <engine-2>Attempt to call function 'get_dps' in base 'null instance' on a null instance.
            at line -1]]></failure></testcase>
      <testcase name="test_rusty_pistol_premium_status" assertions="1" status="fail" classname="scripts/tests/weapon_loading_test.gd" time="0.00024" >
      <failure message="failed"><![CDATA[Unexpected Errors:
      [1] <engine-0>Parameter "ti" is null.
      [2] <engine-0>res://resources/weapons/rusty_pistol.tres:5 - Parse Error: Can't create sub resource of type 'WeaponResource'.
      [3] <engine-0>Condition "found" is true. Returning: Ref<Resource>()
      [4] <engine-2>Attempt to call function 'is_premium_weapon' in base 'null instance' on a null instance.
            at line -1]]></failure></testcase>
      <testcase name="test_rusty_pistol_rarity_tier" assertions="1" status="fail" classname="scripts/tests/weapon_loading_test.gd" time="0.000226" >
      <failure message="failed"><![CDATA[Unexpected Errors:
      [1] <engine-0>Parameter "ti" is null.
      [2] <engine-0>res://resources/weapons/rusty_pistol.tres:5 - Parse Error: Can't create sub resource of type 'WeaponResource'.
      [3] <engine-0>Condition "found" is true. Returning: Ref<Resource>()
      [4] <engine-2>Attempt to call function 'get_rarity_tier' in base 'null instance' on a null instance.
            at line -1]]></failure></testcase>
      <testcase name="test_void_cannon_resource_loads" assertions="2" status="fail" classname="scripts/tests/weapon_loading_test.gd" time="0.0006" >
      <failure message="failed"><![CDATA[Expected [<null>] to be anything but NULL:  Void Cannon resource should load
            at line 85]]></failure></testcase>
      <testcase name="test_void_cannon_has_valid_dps" assertions="1" status="fail" classname="scripts/tests/weapon_loading_test.gd" time="0.000248" >
      <failure message="failed"><![CDATA[Unexpected Errors:
      [1] <engine-0>Parameter "ti" is null.
      [2] <engine-0>res://resources/weapons/void_cannon.tres:5 - Parse Error: Can't create sub resource of type 'WeaponResource'.
      [3] <engine-0>Condition "found" is true. Returning: Ref<Resource>()
      [4] <engine-2>Attempt to call function 'get_dps' in base 'null instance' on a null instance.
            at line -1]]></failure></testcase>
      <testcase name="test_void_cannon_rarity_tier" assertions="1" status="fail" classname="scripts/tests/weapon_loading_test.gd" time="0.000239" >
      <failure message="failed"><![CDATA[Unexpected Errors:
      [1] <engine-0>Parameter "ti" is null.
      [2] <engine-0>res://resources/weapons/void_cannon.tres:5 - Parse Error: Can't create sub resource of type 'WeaponResource'.
      [3] <engine-0>Condition "found" is true. Returning: Ref<Resource>()
      [4] <engine-2>Attempt to call function 'get_rarity_tier' in base 'null instance' on a null instance.
            at line -1]]></failure></testcase>
      <testcase name="test_plasma_cutter_resource_loads" assertions="2" status="fail" classname="scripts/tests/weapon_loading_test.gd" time="0.000447" >
      <failure message="failed"><![CDATA[Expected [<null>] to be anything but NULL:  Plasma Cutter resource should load
            at line 115]]></failure></testcase>
      <testcase name="test_plasma_cutter_has_valid_dps" assertions="1" status="fail" classname="scripts/tests/weapon_loading_test.gd" time="0.000247" >
      <failure message="failed"><![CDATA[Unexpected Errors:
      [1] <engine-0>Parameter "ti" is null.
      [2] <engine-0>res://resources/weapons/plasma_cutter.tres:5 - Parse Error: Can't create sub resource of type 'WeaponResource'.
      [3] <engine-0>Condition "found" is true. Returning: Ref<Resource>()
      [4] <engine-2>Attempt to call function 'get_dps' in base 'null instance' on a null instance.
            at line -1]]></failure></testcase>
      <testcase name="test_plasma_cutter_rarity_tier" assertions="1" status="fail" classname="scripts/tests/weapon_loading_test.gd" time="0.000242" >
      <failure message="failed"><![CDATA[Unexpected Errors:
      [1] <engine-0>Parameter "ti" is null.
      [2] <engine-0>res://resources/weapons/plasma_cutter.tres:5 - Parse Error: Can't create sub resource of type 'WeaponResource'.
      [3] <engine-0>Condition "found" is true. Returning: Ref<Resource>()
      [4] <engine-2>Attempt to call function 'get_rarity_tier' in base 'null instance' on a null instance.
            at line -1]]></failure></testcase>
      <testcase name="test_weapons_directory_exists" assertions="1" status="pass" classname="scripts/tests/weapon_loading_test.gd" time="0.000095" >
      </testcase>
      <testcase name="test_all_weapon_resources_load" assertions="25" status="fail" classname="scripts/tests/weapon_loading_test.gd" time="0.004922" >
      <failure message="failed"><![CDATA[Expected [<null>] to be anything but NULL:  Weapon gear_launcher.tres should load
            at line 168]]></failure></testcase>
      <testcase name="test_expected_23_weapons_exist" assertions="2" status="pass" classname="scripts/tests/weapon_loading_test.gd" time="0.000475" >
      </testcase>
      <testcase name="test_all_loaded_weapons_have_valid_stats" assertions="2" status="fail" classname="scripts/tests/weapon_loading_test.gd" time="0.003255" >
      <failure message="failed"><![CDATA[Unexpected Errors:
      [1] <engine-0>Parameter "ti" is null.
      [2] <engine-0>res://resources/weapons/gear_launcher.tres:5 - Parse Error: Can't create sub resource of type 'WeaponResource'.
      [3] <engine-0>Condition "found" is true. Returning: Ref<Resource>()
      [4] <engine-0>Parameter "ti" is null.
      [5] <engine-0>res://resources/weapons/soul_harvester.tres:5 - Parse Error: Can't create sub resource of type 'WeaponResource'.
      [6] <engine-0>Condition "found" is true. Returning: Ref<Resource>()
      [7] <engine-0>Parameter "ti" is null.
      [8] <engine-0>res://resources/weapons/quantum_disruptor.tres:5 - Parse Error: Can't create sub resource of type 'WeaponResource'.
      [9] <engine-0>Condition "found" is true. Returning: Ref<Resource>()
      [10] <engine-0>Parameter "ti" is null.
      [11] <engine-0>res://resources/weapons/hydraulic_hammer.tres:5 - Parse Error: Can't create sub resource of type 'WeaponResource'.
      [12] <engine-0>Condition "found" is true. Returning: Ref<Resource>()
      [13] <engine-0>Parameter "ti" is null.
      [14] <engine-0>res://resources/weapons/matter_converter.tres:5 - Parse Error: Can't create sub resource of type 'WeaponResource'.
      [15] <engine-0>Condition "found" is true. Returning: Ref<Resource>()
      [16] <engine-0>Parameter "ti" is null.
      [17] <engine-0>res://resources/weapons/spark_pistol.tres:5 - Parse Error: Can't create sub resource of type 'WeaponResource'.
      [18] <engine-0>Condition "found" is true. Returning: Ref<Resource>()
      [19] <engine-0>Parameter "ti" is null.
      [20] <engine-0>res://resources/weapons/steam_cannon.tres:5 - Parse Error: Can't create sub resource of type 'WeaponResource'.
      [21] <engine-0>Condition "found" is true. Returning: Ref<Resource>()
      [22] <engine-0>Parameter "ti" is null.
      [23] <engine-0>res://resources/weapons/scrap_rifle.tres:5 - Parse Error: Can't create sub resource of type 'WeaponResource'.
      [24] <engine-0>Condition "found" is true. Returning: Ref<Resource>()
      [25] <engine-0>Parameter "ti" is null.
      [26] <engine-0>res://resources/weapons/plasma_cutter.tres:5 - Parse Error: Can't create sub resource of type 'WeaponResource'.
      [27] <engine-0>Condition "found" is true. Returning: Ref<Resource>()
      [28] <engine-0>Parameter "ti" is null.
      [29] <engine-0>res://resources/weapons/reality_shredder.tres:5 - Parse Error: Can't create sub resource of type 'WeaponResource'.
      [30] <engine-0>Condition "found" is true. Returning: Ref<Resource>()
      [31] <engine-0>Parameter "ti" is null.
      [32] <engine-0>res://resources/weapons/nano_swarm.tres:5 - Parse Error: Can't create sub resource of type 'WeaponResource'.
      [33] <engine-0>Condition "found" is true. Returning: Ref<Resource>()
      [34] <engine-0>Parameter "ti" is null.
      [35] <engine-0>res://resources/weapons/grease_gun.tres:5 - Parse Error: Can't create sub resource of type 'WeaponResource'.
      [36] <engine-0>Condition "found" is true. Returning: Ref<Resource>()
      [37] <engine-0>Parameter "ti" is null.
      [38] <engine-0>res://resources/weapons/bolt_thrower.tres:5 - Parse Error: Can't create sub resource of type 'WeaponResource'.
      [39] <engine-0>Condition "found" is true. Returning: Ref<Resource>()
      [40] <engine-0>Parameter "ti" is null.
      [41] <engine-0>res://resources/weapons/nail_gun.tres:5 - Parse Error: Can't create sub resource of type 'WeaponResource'.
      [42] <engine-0>Condition "found" is true. Returning: Ref<Resource>()
      [43] <engine-0>Parameter "ti" is null.
      [44] <engine-0>res://resources/weapons/void_cannon.tres:5 - Parse Error: Can't create sub resource of type 'WeaponResource'.
      [45] <engine-0>Condition "found" is true. Returning: Ref<Resource>()
      [46] <engine-0>Parameter "ti" is null.
      [47] <engine-0>res://resources/weapons/gravity_well.tres:5 - Parse Error: Can't create sub resource of type 'WeaponResource'.
      [48] <engine-0>Condition "found" is true. Returning: Ref<Resource>()
      [49] <engine-0>Parameter "ti" is null.
      [50] <engine-0>res://resources/weapons/rusty_pistol.tres:5 - Parse Error: Can't create sub resource of type 'WeaponResource'.
      [51] <engine-0>Condition "found" is true. Returning: Ref<Resource>()
      [52] <engine-0>Parameter "ti" is null.
      [53] <engine-0>res://resources/weapons/pipe_shotgun.tres:5 - Parse Error: Can't create sub resource of type 'WeaponResource'.
      [54] <engine-0>Condition "found" is true. Returning: Ref<Resource>()
      [55] <engine-0>Parameter "ti" is null.
      [56] <engine-0>res://resources/weapons/time_dilator.tres:5 - Parse Error: Can't create sub resource of type 'WeaponResource'.
      [57] <engine-0>Condition "found" is true. Returning: Ref<Resource>()
      [58] <engine-0>Parameter "ti" is null.
      [59] <engine-0>res://resources/weapons/arc_welder.tres:5 - Parse Error: Can't create sub resource of type 'WeaponResource'.
      [60] <engine-0>Condition "found" is true. Returning: Ref<Resource>()
      [61] <engine-0>Parameter "ti" is null.
      [62] <engine-0>res://resources/weapons/rivet_rifle.tres:5 - Parse Error: Can't create sub resource of type 'WeaponResource'.
      [63] <engine-0>Condition "found" is true. Returning: Ref<Resource>()
      [64] <engine-0>Parameter "ti" is null.
      [65] <engine-0>res://resources/weapons/metal_shredder.tres:5 - Parse Error: Can't create sub resource of type 'WeaponResource'.
      [66] <engine-0>Condition "found" is true. Returning: Ref<Resource>()
      [67] <engine-0>Parameter "ti" is null.
      [68] <engine-0>res://resources/weapons/oil_sprayer.tres:5 - Parse Error: Can't create sub resource of type 'WeaponResource'.
      [69] <engine-0>Condition "found" is true. Returning: Ref<Resource>()
            at line -1]]></failure></testcase>
  </testsuite>
</testsuites>