<?xml version="1.0" encoding="UTF-8"?>
<testsuites name="GutTests" failures="0" tests="479" >
  <testsuite name="scripts/tests/aura_foundation_test.gd" tests="19" failures="0" skipped="0" time="0.587111" >
      <testcase name="test_aura_data_stored_in_character" assertions="4" status="pass" classname="scripts/tests/aura_foundation_test.gd" time="0.001043" >
      </testcase>
      <testcase name="test_aura_type_matches_character_type" assertions="1" status="pass" classname="scripts/tests/aura_foundation_test.gd" time="0.001014" >
      </testcase>
      <testcase name="test_scavenger_has_collect_aura" assertions="3" status="pass" classname="scripts/tests/aura_foundation_test.gd" time="0.00095" >
      </testcase>
      <testcase name="test_tank_has_shield_aura" assertions="2" status="pass" classname="scripts/tests/aura_foundation_test.gd" time="0.000856" >
      </testcase>
      <testcase name="test_commando_has_no_aura" assertions="1" status="pass" classname="scripts/tests/aura_foundation_test.gd" time="0.000866" >
      </testcase>
      <testcase name="test_calculate_aura_power_with_resonance" assertions="4" status="pass" classname="scripts/tests/aura_foundation_test.gd" time="0.000334" >
      </testcase>
      <testcase name="test_calculate_aura_power_for_all_types" assertions="6" status="pass" classname="scripts/tests/aura_foundation_test.gd" time="0.000339" >
      </testcase>
      <testcase name="test_calculate_aura_radius_from_pickup_range" assertions="3" status="pass" classname="scripts/tests/aura_foundation_test.gd" time="0.000312" >
      </testcase>
      <testcase name="test_invalid_aura_type_returns_zero" assertions="1" status="pass" classname="scripts/tests/aura_foundation_test.gd" time="0.000309" >
      </testcase>
      <testcase name="test_aura_persists_after_save_load" assertions="4" status="pass" classname="scripts/tests/aura_foundation_test.gd" time="0.001439" >
      </testcase>
      <testcase name="test_multiple_characters_with_different_auras_persist" assertions="3" status="pass" classname="scripts/tests/aura_foundation_test.gd" time="0.001868" >
      </testcase>
      <testcase name="test_all_aura_types_have_required_fields" assertions="48" status="pass" classname="scripts/tests/aura_foundation_test.gd" time="0.000343" >
      </testcase>
      <testcase name="test_aura_visual_can_be_instantiated" assertions="3" status="pass" classname="scripts/tests/aura_foundation_test.gd" time="0.000377" >
      </testcase>
      <testcase name="test_aura_visual_creates_child_nodes" assertions="2" status="pass" classname="scripts/tests/aura_foundation_test.gd" time="0.003542" >
      </testcase>
      <testcase name="test_aura_visual_update_changes_parameters" assertions="3" status="pass" classname="scripts/tests/aura_foundation_test.gd" time="0.015599" >
      </testcase>
      <testcase name="test_aura_visual_set_emitting" assertions="3" status="pass" classname="scripts/tests/aura_foundation_test.gd" time="0.05493" >
      </testcase>
      <testcase name="test_aura_visual_colors_match_aura_types" assertions="6" status="pass" classname="scripts/tests/aura_foundation_test.gd" time="0.406367" >
      </testcase>
      <testcase name="test_aura_visual_ring_has_correct_point_count" assertions="2" status="pass" classname="scripts/tests/aura_foundation_test.gd" time="0.04893" >
      </testcase>
      <testcase name="test_mutant_has_damage_aura_visual" assertions="4" status="pass" classname="scripts/tests/aura_foundation_test.gd" time="0.047693" >
      </testcase>
  </testsuite>
  <testsuite name="scripts/tests/banking_service_test.gd" tests="22" failures="0" skipped="0" time="0.06776" >
      <testcase name="test_initial_state_all_balances_are_zero" assertions="2" status="pass" classname="scripts/tests/banking_service_test.gd" time="0.005425" >
      </testcase>
      <testcase name="test_add_currency_increases_balance" assertions="4" status="pass" classname="scripts/tests/banking_service_test.gd" time="0.003348" >
      </testcase>
      <testcase name="test_subtract_currency_decreases_balance" assertions="2" status="pass" classname="scripts/tests/banking_service_test.gd" time="0.003195" >
      </testcase>
      <testcase name="test_subtract_currency_with_insufficient_funds_fails" assertions="2" status="pass" classname="scripts/tests/banking_service_test.gd" time="0.002529" >
      </testcase>
      <testcase name="test_tier_gating_free_tier_denies_access" assertions="1" status="pass" classname="scripts/tests/banking_service_test.gd" time="0.001926" >
      </testcase>
      <testcase name="test_tier_gating_premium_tier_grants_access" assertions="1" status="pass" classname="scripts/tests/banking_service_test.gd" time="0.001883" >
      </testcase>
      <testcase name="test_tier_gating_subscription_tier_grants_access" assertions="1" status="pass" classname="scripts/tests/banking_service_test.gd" time="0.001889" >
      </testcase>
      <testcase name="test_balance_caps_premium_tier_enforces_10k_limit" assertions="3" status="pass" classname="scripts/tests/banking_service_test.gd" time="0.002648" >
      </testcase>
      <testcase name="test_balance_caps_subscription_tier_enforces_100k_limit" assertions="1" status="pass" classname="scripts/tests/banking_service_test.gd" time="0.001979" >
      </testcase>
      <testcase name="test_transaction_history_records_all_operations" assertions="4" status="pass" classname="scripts/tests/banking_service_test.gd" time="0.0035" >
      </testcase>
      <testcase name="test_get_tier_returns_current_tier" assertions="3" status="pass" classname="scripts/tests/banking_service_test.gd" time="0.002542" >
      </testcase>
      <testcase name="test_currency_changed_signal_emits_on_add" assertions="4" status="pass" classname="scripts/tests/banking_service_test.gd" time="0.003577" >
      </testcase>
      <testcase name="test_currency_changed_signal_emits_on_subtract" assertions="2" status="pass" classname="scripts/tests/banking_service_test.gd" time="0.003866" >
      </testcase>
      <testcase name="test_initial_state_all_four_currencies_are_zero" assertions="4" status="pass" classname="scripts/tests/banking_service_test.gd" time="0.002265" >
      </testcase>
      <testcase name="test_add_components_currency" assertions="2" status="pass" classname="scripts/tests/banking_service_test.gd" time="0.003203" >
      </testcase>
      <testcase name="test_add_nanites_currency" assertions="2" status="pass" classname="scripts/tests/banking_service_test.gd" time="0.003059" >
      </testcase>
      <testcase name="test_components_respects_tier_caps" assertions="3" status="pass" classname="scripts/tests/banking_service_test.gd" time="0.003035" >
      </testcase>
      <testcase name="test_nanites_respects_tier_caps" assertions="3" status="pass" classname="scripts/tests/banking_service_test.gd" time="0.002858" >
      </testcase>
      <testcase name="test_serialize_includes_all_currencies" assertions="5" status="pass" classname="scripts/tests/banking_service_test.gd" time="0.004724" >
      </testcase>
      <testcase name="test_deserialize_handles_missing_new_currencies" assertions="4" status="pass" classname="scripts/tests/banking_service_test.gd" time="0.003383" >
      </testcase>
      <testcase name="test_subtract_components_currency" assertions="2" status="pass" classname="scripts/tests/banking_service_test.gd" time="0.003563" >
      </testcase>
      <testcase name="test_subtract_nanites_currency" assertions="2" status="pass" classname="scripts/tests/banking_service_test.gd" time="0.003363" >
      </testcase>
  </testsuite>
  <testsuite name="scripts/tests/character_service_test.gd" tests="43" failures="0" skipped="0" time="0.064387" >
      <testcase name="test_create_character_returns_valid_id" assertions="2" status="pass" classname="scripts/tests/character_service_test.gd" time="0.001002" >
      </testcase>
      <testcase name="test_create_character_stores_correct_data" assertions="5" status="pass" classname="scripts/tests/character_service_test.gd" time="0.000999" >
      </testcase>
      <testcase name="test_create_character_with_empty_name_fails" assertions="2" status="pass" classname="scripts/tests/character_service_test.gd" time="0.000918" >
      </testcase>
      <testcase name="test_create_character_sets_default_stats" assertions="5" status="pass" classname="scripts/tests/character_service_test.gd" time="0.000985" >
      </testcase>
      <testcase name="test_first_character_becomes_active" assertions="1" status="pass" classname="scripts/tests/character_service_test.gd" time="0.000917" >
      </testcase>
      <testcase name="test_get_character_returns_correct_data" assertions="2" status="pass" classname="scripts/tests/character_service_test.gd" time="0.001132" >
      </testcase>
      <testcase name="test_get_nonexistent_character_returns_empty_dict" assertions="1" status="pass" classname="scripts/tests/character_service_test.gd" time="0.000917" >
      </testcase>
      <testcase name="test_get_all_characters_returns_all_created" assertions="1" status="pass" classname="scripts/tests/character_service_test.gd" time="0.001484" >
      </testcase>
      <testcase name="test_update_character_modifies_data" assertions="3" status="pass" classname="scripts/tests/character_service_test.gd" time="0.001175" >
      </testcase>
      <testcase name="test_update_nonexistent_character_fails" assertions="1" status="pass" classname="scripts/tests/character_service_test.gd" time="0.000845" >
      </testcase>
      <testcase name="test_delete_character_removes_from_storage" assertions="2" status="pass" classname="scripts/tests/character_service_test.gd" time="0.001512" >
      </testcase>
      <testcase name="test_delete_active_character_clears_active_state" assertions="1" status="pass" classname="scripts/tests/character_service_test.gd" time="0.001828" >
      </testcase>
      <testcase name="test_delete_only_character_clears_active" assertions="1" status="pass" classname="scripts/tests/character_service_test.gd" time="0.001141" >
      </testcase>
      <testcase name="test_set_active_character_changes_active" assertions="2" status="pass" classname="scripts/tests/character_service_test.gd" time="0.001413" >
      </testcase>
      <testcase name="test_set_active_nonexistent_character_fails" assertions="2" status="pass" classname="scripts/tests/character_service_test.gd" time="0.00084" >
      </testcase>
      <testcase name="test_get_active_character_returns_correct_data" assertions="2" status="pass" classname="scripts/tests/character_service_test.gd" time="0.001335" >
      </testcase>
      <testcase name="test_free_tier_allows_3_characters" assertions="5" status="pass" classname="scripts/tests/character_service_test.gd" time="0.002103" >
      </testcase>
      <testcase name="test_premium_tier_allows_10_characters" assertions="12" status="pass" classname="scripts/tests/character_service_test.gd" time="0.004156" >
      </testcase>
      <testcase name="test_subscription_tier_allows_unlimited_characters" assertions="16" status="pass" classname="scripts/tests/character_service_test.gd" time="0.005246" >
      </testcase>
      <testcase name="test_can_create_character_respects_tier_limits" assertions="4" status="pass" classname="scripts/tests/character_service_test.gd" time="0.001689" >
      </testcase>
      <testcase name="test_get_available_slots_returns_correct_count" assertions="4" status="pass" classname="scripts/tests/character_service_test.gd" time="0.001708" >
      </testcase>
      <testcase name="test_add_experience_increases_xp" assertions="3" status="pass" classname="scripts/tests/character_service_test.gd" time="0.000861" >
      </testcase>
      <testcase name="test_level_up_at_100_xp" assertions="3" status="pass" classname="scripts/tests/character_service_test.gd" time="0.001149" >
      </testcase>
      <testcase name="test_level_up_increases_stats" assertions="3" status="pass" classname="scripts/tests/character_service_test.gd" time="0.001093" >
      </testcase>
      <testcase name="test_multiple_level_ups_from_single_xp_gain" assertions="2" status="pass" classname="scripts/tests/character_service_test.gd" time="0.00143" >
      </testcase>
      <testcase name="test_add_zero_or_negative_xp_does_nothing" assertions="3" status="pass" classname="scripts/tests/character_service_test.gd" time="0.0009" >
      </testcase>
      <testcase name="test_character_death_increments_death_count" assertions="2" status="pass" classname="scripts/tests/character_service_test.gd" time="0.001078" >
      </testcase>
      <testcase name="test_multiple_deaths_increment_count" assertions="1" status="pass" classname="scripts/tests/character_service_test.gd" time="0.001582" >
      </testcase>
      <testcase name="test_character_create_pre_hook_fires" assertions="1" status="pass" classname="scripts/tests/character_service_test.gd" time="0.000978" >
      </testcase>
      <testcase name="test_character_create_post_hook_fires" assertions="1" status="pass" classname="scripts/tests/character_service_test.gd" time="0.000945" >
      </testcase>
      <testcase name="test_character_level_up_pre_hook_fires" assertions="1" status="pass" classname="scripts/tests/character_service_test.gd" time="0.001279" >
      </testcase>
      <testcase name="test_character_level_up_post_hook_fires" assertions="1" status="pass" classname="scripts/tests/character_service_test.gd" time="0.001216" >
      </testcase>
      <testcase name="test_character_death_pre_hook_fires" assertions="1" status="pass" classname="scripts/tests/character_service_test.gd" time="0.001194" >
      </testcase>
      <testcase name="test_character_death_post_hook_fires" assertions="1" status="pass" classname="scripts/tests/character_service_test.gd" time="0.001176" >
      </testcase>
      <testcase name="test_serialize_returns_valid_data" assertions="4" status="pass" classname="scripts/tests/character_service_test.gd" time="0.001095" >
      </testcase>
      <testcase name="test_deserialize_restores_characters" assertions="2" status="pass" classname="scripts/tests/character_service_test.gd" time="0.001851" >
      </testcase>
      <testcase name="test_deserialize_restores_character_stats" assertions="3" status="pass" classname="scripts/tests/character_service_test.gd" time="0.001936" >
      </testcase>
      <testcase name="test_full_save_load_cycle_with_save_manager" assertions="5" status="pass" classname="scripts/tests/character_service_test.gd" time="0.005186" >
      </testcase>
      <testcase name="test_character_created_signal_fires" assertions="1" status="pass" classname="scripts/tests/character_service_test.gd" time="0.00095" >
      </testcase>
      <testcase name="test_character_deleted_signal_fires" assertions="1" status="pass" classname="scripts/tests/character_service_test.gd" time="0.001233" >
      </testcase>
      <testcase name="test_active_character_changed_signal_fires" assertions="1" status="pass" classname="scripts/tests/character_service_test.gd" time="0.001539" >
      </testcase>
      <testcase name="test_character_stats_changed_signal_fires_on_update" assertions="1" status="pass" classname="scripts/tests/character_service_test.gd" time="0.001137" >
      </testcase>
      <testcase name="test_character_stats_changed_signal_fires_on_level_up" assertions="1" status="pass" classname="scripts/tests/character_service_test.gd" time="0.001234" >
      </testcase>
  </testsuite>
  <testsuite name="scripts/tests/character_stats_expansion_test.gd" tests="24" failures="0" skipped="0" time="0.021329" >
      <testcase name="test_hp_regen_exists_in_default_stats" assertions="2" status="pass" classname="scripts/tests/character_stats_expansion_test.gd" time="0.000532" >
      </testcase>
      <testcase name="test_life_steal_exists_in_default_stats" assertions="2" status="pass" classname="scripts/tests/character_stats_expansion_test.gd" time="0.000563" >
      </testcase>
      <testcase name="test_attack_speed_exists_in_default_stats" assertions="2" status="pass" classname="scripts/tests/character_stats_expansion_test.gd" time="0.00052" >
      </testcase>
      <testcase name="test_melee_damage_exists_in_default_stats" assertions="2" status="pass" classname="scripts/tests/character_stats_expansion_test.gd" time="0.000583" >
      </testcase>
      <testcase name="test_ranged_damage_exists_in_default_stats" assertions="2" status="pass" classname="scripts/tests/character_stats_expansion_test.gd" time="0.000542" >
      </testcase>
      <testcase name="test_scavenging_exists_in_default_stats" assertions="2" status="pass" classname="scripts/tests/character_stats_expansion_test.gd" time="0.000556" >
      </testcase>
      <testcase name="test_resonance_exists_in_default_stats" assertions="2" status="pass" classname="scripts/tests/character_stats_expansion_test.gd" time="0.000548" >
      </testcase>
      <testcase name="test_new_character_has_hp_regen" assertions="2" status="pass" classname="scripts/tests/character_stats_expansion_test.gd" time="0.000876" >
      </testcase>
      <testcase name="test_new_character_has_life_steal" assertions="2" status="pass" classname="scripts/tests/character_stats_expansion_test.gd" time="0.00081" >
      </testcase>
      <testcase name="test_new_character_has_attack_speed" assertions="2" status="pass" classname="scripts/tests/character_stats_expansion_test.gd" time="0.000775" >
      </testcase>
      <testcase name="test_new_character_has_melee_and_ranged_damage" assertions="4" status="pass" classname="scripts/tests/character_stats_expansion_test.gd" time="0.000805" >
      </testcase>
      <testcase name="test_new_character_has_scavenging" assertions="2" status="pass" classname="scripts/tests/character_stats_expansion_test.gd" time="0.000785" >
      </testcase>
      <testcase name="test_new_character_has_resonance" assertions="2" status="pass" classname="scripts/tests/character_stats_expansion_test.gd" time="0.000757" >
      </testcase>
      <testcase name="test_can_update_hp_regen_stat" assertions="1" status="pass" classname="scripts/tests/character_stats_expansion_test.gd" time="0.001051" >
      </testcase>
      <testcase name="test_can_update_life_steal_stat" assertions="1" status="pass" classname="scripts/tests/character_stats_expansion_test.gd" time="0.00105" >
      </testcase>
      <testcase name="test_can_update_attack_speed_stat" assertions="1" status="pass" classname="scripts/tests/character_stats_expansion_test.gd" time="0.001049" >
      </testcase>
      <testcase name="test_can_update_melee_damage_stat" assertions="1" status="pass" classname="scripts/tests/character_stats_expansion_test.gd" time="0.001109" >
      </testcase>
      <testcase name="test_can_update_ranged_damage_stat" assertions="1" status="pass" classname="scripts/tests/character_stats_expansion_test.gd" time="0.001034" >
      </testcase>
      <testcase name="test_can_update_scavenging_stat" assertions="1" status="pass" classname="scripts/tests/character_stats_expansion_test.gd" time="0.001037" >
      </testcase>
      <testcase name="test_can_update_resonance_stat" assertions="1" status="pass" classname="scripts/tests/character_stats_expansion_test.gd" time="0.001023" >
      </testcase>
      <testcase name="test_scavenging_in_level_up_gains" assertions="2" status="pass" classname="scripts/tests/character_stats_expansion_test.gd" time="0.000521" >
      </testcase>
      <testcase name="test_scavenging_increases_on_level_up" assertions="2" status="pass" classname="scripts/tests/character_stats_expansion_test.gd" time="0.00104" >
      </testcase>
      <testcase name="test_scavenging_increases_multiple_levels" assertions="2" status="pass" classname="scripts/tests/character_stats_expansion_test.gd" time="0.002093" >
      </testcase>
      <testcase name="test_new_stats_persist_through_save_load" assertions="7" status="pass" classname="scripts/tests/character_stats_expansion_test.gd" time="0.00167" >
      </testcase>
  </testsuite>
  <testsuite name="scripts/tests/character_types_test.gd" tests="24" failures="0" skipped="0" time="0.023763" >
      <testcase name="test_scavenger_has_correct_stat_modifiers" assertions="2" status="pass" classname="scripts/tests/character_types_test.gd" time="0.000851" >
      </testcase>
      <testcase name="test_tank_has_correct_stat_modifiers" assertions="3" status="pass" classname="scripts/tests/character_types_test.gd" time="0.000836" >
      </testcase>
      <testcase name="test_commando_has_correct_stat_modifiers" assertions="3" status="pass" classname="scripts/tests/character_types_test.gd" time="0.000864" >
      </testcase>
      <testcase name="test_mutant_has_correct_stat_modifiers" assertions="3" status="pass" classname="scripts/tests/character_types_test.gd" time="0.000827" >
      </testcase>
      <testcase name="test_character_type_stored_correctly" assertions="1" status="pass" classname="scripts/tests/character_types_test.gd" time="0.000826" >
      </testcase>
      <testcase name="test_free_tier_can_create_scavenger" assertions="1" status="pass" classname="scripts/tests/character_types_test.gd" time="0.000849" >
      </testcase>
      <testcase name="test_free_tier_cannot_create_tank" assertions="1" status="pass" classname="scripts/tests/character_types_test.gd" time="0.000829" >
      </testcase>
      <testcase name="test_free_tier_cannot_create_commando" assertions="1" status="pass" classname="scripts/tests/character_types_test.gd" time="0.000834" >
      </testcase>
      <testcase name="test_free_tier_cannot_create_mutant" assertions="1" status="pass" classname="scripts/tests/character_types_test.gd" time="0.000854" >
      </testcase>
      <testcase name="test_premium_tier_can_create_scavenger" assertions="1" status="pass" classname="scripts/tests/character_types_test.gd" time="0.000847" >
      </testcase>
      <testcase name="test_premium_tier_can_create_tank" assertions="1" status="pass" classname="scripts/tests/character_types_test.gd" time="0.00083" >
      </testcase>
      <testcase name="test_premium_tier_cannot_create_commando" assertions="1" status="pass" classname="scripts/tests/character_types_test.gd" time="0.000809" >
      </testcase>
      <testcase name="test_premium_tier_cannot_create_mutant" assertions="1" status="pass" classname="scripts/tests/character_types_test.gd" time="0.000843" >
      </testcase>
      <testcase name="test_subscription_tier_can_create_all_types" assertions="4" status="pass" classname="scripts/tests/character_types_test.gd" time="0.001648" >
      </testcase>
      <testcase name="test_scavenger_has_collect_aura" assertions="4" status="pass" classname="scripts/tests/character_types_test.gd" time="0.000884" >
      </testcase>
      <testcase name="test_tank_has_shield_aura" assertions="1" status="pass" classname="scripts/tests/character_types_test.gd" time="0.000847" >
      </testcase>
      <testcase name="test_commando_has_no_aura" assertions="1" status="pass" classname="scripts/tests/character_types_test.gd" time="0.000842" >
      </testcase>
      <testcase name="test_mutant_has_damage_aura" assertions="3" status="pass" classname="scripts/tests/character_types_test.gd" time="0.000874" >
      </testcase>
      <testcase name="test_character_type_persists_after_save_load" assertions="4" status="pass" classname="scripts/tests/character_types_test.gd" time="0.001651" >
      </testcase>
      <testcase name="test_aura_type_persists_after_save_load" assertions="2" status="pass" classname="scripts/tests/character_types_test.gd" time="0.001365" >
      </testcase>
      <testcase name="test_invalid_character_type_fails" assertions="1" status="pass" classname="scripts/tests/character_types_test.gd" time="0.000806" >
      </testcase>
      <testcase name="test_multiple_characters_with_different_types" assertions="5" status="pass" classname="scripts/tests/character_types_test.gd" time="0.001707" >
      </testcase>
      <testcase name="test_character_type_defaults_to_scavenger" assertions="2" status="pass" classname="scripts/tests/character_types_test.gd" time="0.000865" >
      </testcase>
      <testcase name="test_mutant_type_persists_after_save_load" assertions="4" status="pass" classname="scripts/tests/character_types_test.gd" time="0.001375" >
      </testcase>
  </testsuite>
  <testsuite name="scripts/tests/combat_service_test.gd" tests="15" failures="0" skipped="0" time="0.025167" >
      <testcase name="test_calculate_damage_includes_character_stats" assertions="1" status="pass" classname="scripts/tests/combat_service_test.gd" time="0.001314" >
      </testcase>
      <testcase name="test_calculate_damage_adds_melee_bonus" assertions="1" status="pass" classname="scripts/tests/combat_service_test.gd" time="0.001328" >
      </testcase>
      <testcase name="test_calculate_damage_adds_ranged_bonus" assertions="1" status="pass" classname="scripts/tests/combat_service_test.gd" time="0.001307" >
      </testcase>
      <testcase name="test_apply_damage_to_enemy_reduces_hp" assertions="2" status="pass" classname="scripts/tests/combat_service_test.gd" time="0.001572" >
      </testcase>
      <testcase name="test_apply_damage_to_enemy_returns_drops_when_killed" assertions="4" status="pass" classname="scripts/tests/combat_service_test.gd" time="0.001853" >
      </testcase>
      <testcase name="test_apply_damage_to_invalid_enemy_returns_safe_result" assertions="2" status="pass" classname="scripts/tests/combat_service_test.gd" time="0.001841" >
      </testcase>
      <testcase name="test_calculate_aura_damage_scales_with_resonance" assertions="2" status="pass" classname="scripts/tests/combat_service_test.gd" time="0.001357" >
      </testcase>
      <testcase name="test_calculate_aura_damage_with_no_resonance_stat" assertions="1" status="pass" classname="scripts/tests/combat_service_test.gd" time="0.001307" >
      </testcase>
      <testcase name="test_apply_aura_damage_to_nearby_enemies" assertions="3" status="pass" classname="scripts/tests/combat_service_test.gd" time="0.002371" >
      </testcase>
      <testcase name="test_apply_aura_damage_can_kill_enemies" assertions="2" status="pass" classname="scripts/tests/combat_service_test.gd" time="0.002248" >
      </testcase>
      <testcase name="test_apply_aura_damage_to_empty_area" assertions="1" status="pass" classname="scripts/tests/combat_service_test.gd" time="0.001387" >
      </testcase>
      <testcase name="test_get_weapon_attack_damage" assertions="1" status="pass" classname="scripts/tests/combat_service_test.gd" time="0.001604" >
      </testcase>
      <testcase name="test_get_weapon_attack_damage_with_invalid_character" assertions="1" status="pass" classname="scripts/tests/combat_service_test.gd" time="0.001774" >
      </testcase>
      <testcase name="test_apply_weapon_attack" assertions="3" status="pass" classname="scripts/tests/combat_service_test.gd" time="0.001802" >
      </testcase>
      <testcase name="test_apply_weapon_attack_can_kill" assertions="2" status="pass" classname="scripts/tests/combat_service_test.gd" time="0.002102" >
      </testcase>
  </testsuite>
  <testsuite name="scripts/tests/drop_system_test.gd" tests="14" failures="0" skipped="0" time="0.148466" >
      <testcase name="test_generate_drops_returns_valid_currency" assertions="2" status="pass" classname="scripts/tests/drop_system_test.gd" time="0.001312" >
      </testcase>
      <testcase name="test_generate_drops_with_invalid_enemy_type" assertions="1" status="pass" classname="scripts/tests/drop_system_test.gd" time="0.001385" >
      </testcase>
      <testcase name="test_scavenging_multiplies_drop_amounts" assertions="2" status="pass" classname="scripts/tests/drop_system_test.gd" time="0.121927" >
      </testcase>
      <testcase name="test_scavenging_caps_at_50_percent" assertions="2" status="pass" classname="scripts/tests/drop_system_test.gd" time="0.000804" >
      </testcase>
      <testcase name="test_scavenging_zero_gives_base_drops" assertions="1" status="pass" classname="scripts/tests/drop_system_test.gd" time="0.001033" >
      </testcase>
      <testcase name="test_award_xp_for_kill_grants_xp" assertions="1" status="pass" classname="scripts/tests/drop_system_test.gd" time="0.001313" >
      </testcase>
      <testcase name="test_award_xp_for_kill_triggers_level_up" assertions="2" status="pass" classname="scripts/tests/drop_system_test.gd" time="0.001538" >
      </testcase>
      <testcase name="test_award_xp_for_kill_returns_false_when_no_level_up" assertions="1" status="pass" classname="scripts/tests/drop_system_test.gd" time="0.00138" >
      </testcase>
      <testcase name="test_award_xp_with_invalid_enemy_type" assertions="1" status="pass" classname="scripts/tests/drop_system_test.gd" time="0.001507" >
      </testcase>
      <testcase name="test_process_enemy_kill_returns_complete_data" assertions="5" status="pass" classname="scripts/tests/drop_system_test.gd" time="0.001623" >
      </testcase>
      <testcase name="test_process_enemy_kill_with_level_up" assertions="2" status="pass" classname="scripts/tests/drop_system_test.gd" time="0.001815" >
      </testcase>
      <testcase name="test_process_enemy_kill_applies_scavenging_to_drops" assertions="1" status="pass" classname="scripts/tests/drop_system_test.gd" time="0.001606" >
      </testcase>
      <testcase name="test_mutant_rat_drops_different_currencies" assertions="1" status="pass" classname="scripts/tests/drop_system_test.gd" time="0.009578" >
      </testcase>
      <testcase name="test_rust_spider_awards_different_xp" assertions="1" status="pass" classname="scripts/tests/drop_system_test.gd" time="0.001645" >
      </testcase>
  </testsuite>
  <testsuite name="scripts/tests/enemy_service_test.gd" tests="25" failures="0" skipped="0" time="0.01676" >
      <testcase name="test_enemy_type_exists_returns_true_for_valid_type" assertions="1" status="pass" classname="scripts/tests/enemy_service_test.gd" time="0.000295" >
      </testcase>
      <testcase name="test_enemy_type_exists_returns_false_for_invalid_type" assertions="1" status="pass" classname="scripts/tests/enemy_service_test.gd" time="0.000302" >
      </testcase>
      <testcase name="test_get_enemy_type_returns_valid_data" assertions="5" status="pass" classname="scripts/tests/enemy_service_test.gd" time="0.000355" >
      </testcase>
      <testcase name="test_get_enemy_type_returns_empty_for_invalid_type" assertions="1" status="pass" classname="scripts/tests/enemy_service_test.gd" time="0.000547" >
      </testcase>
      <testcase name="test_spawn_enemy_returns_valid_id" assertions="2" status="pass" classname="scripts/tests/enemy_service_test.gd" time="0.000571" >
      </testcase>
      <testcase name="test_spawn_enemy_creates_valid_enemy" assertions="7" status="pass" classname="scripts/tests/enemy_service_test.gd" time="0.000609" >
      </testcase>
      <testcase name="test_spawn_enemy_with_invalid_type_fails" assertions="1" status="pass" classname="scripts/tests/enemy_service_test.gd" time="0.00055" >
      </testcase>
      <testcase name="test_spawn_enemy_increments_id" assertions="1" status="pass" classname="scripts/tests/enemy_service_test.gd" time="0.000815" >
      </testcase>
      <testcase name="test_damage_enemy_reduces_hp" assertions="3" status="pass" classname="scripts/tests/enemy_service_test.gd" time="0.000546" >
      </testcase>
      <testcase name="test_damage_enemy_returns_true_when_killed" assertions="3" status="pass" classname="scripts/tests/enemy_service_test.gd" time="0.000813" >
      </testcase>
      <testcase name="test_damage_enemy_caps_hp_at_zero" assertions="1" status="pass" classname="scripts/tests/enemy_service_test.gd" time="0.000808" >
      </testcase>
      <testcase name="test_damage_enemy_with_invalid_id_returns_false" assertions="1" status="pass" classname="scripts/tests/enemy_service_test.gd" time="0.000541" >
      </testcase>
      <testcase name="test_damage_dead_enemy_fails" assertions="1" status="pass" classname="scripts/tests/enemy_service_test.gd" time="0.001121" >
      </testcase>
      <testcase name="test_kill_enemy_returns_drop_data" assertions="5" status="pass" classname="scripts/tests/enemy_service_test.gd" time="0.00064" >
      </testcase>
      <testcase name="test_get_living_enemies_returns_all_alive" assertions="3" status="pass" classname="scripts/tests/enemy_service_test.gd" time="0.000806" >
      </testcase>
      <testcase name="test_get_living_enemies_excludes_dead" assertions="3" status="pass" classname="scripts/tests/enemy_service_test.gd" time="0.00106" >
      </testcase>
      <testcase name="test_get_enemy_count" assertions="1" status="pass" classname="scripts/tests/enemy_service_test.gd" time="0.001025" >
      </testcase>
      <testcase name="test_remove_enemy" assertions="1" status="pass" classname="scripts/tests/enemy_service_test.gd" time="0.001045" >
      </testcase>
      <testcase name="test_wave_scaling_increases_enemy_count" assertions="3" status="pass" classname="scripts/tests/enemy_service_test.gd" time="0.000327" >
      </testcase>
      <testcase name="test_wave_scaling_increases_enemy_hp" assertions="3" status="pass" classname="scripts/tests/enemy_service_test.gd" time="0.000309" >
      </testcase>
      <testcase name="test_spawn_enemy_applies_wave_scaling" assertions="1" status="pass" classname="scripts/tests/enemy_service_test.gd" time="0.00055" >
      </testcase>
      <testcase name="test_get_spawn_rate_decreases_with_wave" assertions="3" status="pass" classname="scripts/tests/enemy_service_test.gd" time="0.000306" >
      </testcase>
      <testcase name="test_update_enemy_ai_moves_toward_player" assertions="2" status="pass" classname="scripts/tests/enemy_service_test.gd" time="0.000589" >
      </testcase>
      <testcase name="test_get_enemies_in_radius" assertions="3" status="pass" classname="scripts/tests/enemy_service_test.gd" time="0.001127" >
      </testcase>
      <testcase name="test_get_enemies_in_radius_excludes_dead" assertions="3" status="pass" classname="scripts/tests/enemy_service_test.gd" time="0.001103" >
      </testcase>
  </testsuite>
  <testsuite name="scripts/tests/entity_classes_test.gd" tests="30" failures="0" skipped="24" time="0.265255" >
      <testcase name="test_player_initial_max_health_is_100" assertions="1" status="pass" classname="scripts/tests/entity_classes_test.gd" time="0.002775" >
      </testcase>
      <testcase name="test_player_initial_current_health_is_100" assertions="1" status="pass" classname="scripts/tests/entity_classes_test.gd" time="0.049717" >
      </testcase>
      <testcase name="test_player_base_speed_is_200" assertions="1" status="pass" classname="scripts/tests/entity_classes_test.gd" time="0.055185" >
      </testcase>
      <testcase name="test_player_takes_damage_correctly" assertions="1" status="pass" classname="scripts/tests/entity_classes_test.gd" time="0.048601" >
      </testcase>
      <testcase name="test_player_heals_correctly" assertions="1" status="pass" classname="scripts/tests/entity_classes_test.gd" time="0.056165" >
      </testcase>
      <testcase name="test_player_applies_health_item_modifiers" assertions="0" status="pending" classname="scripts/tests/entity_classes_test.gd" time="0.00204" >
      <skipped message="pending"><![CDATA[Disabled - CharacterService handles stat modifiers, not Player directly]]></skipped></testcase>
      <testcase name="test_player_applies_speed_item_modifiers" assertions="0" status="pending" classname="scripts/tests/entity_classes_test.gd" time="0.00191" >
      <skipped message="pending"><![CDATA[Disabled - CharacterService handles stat modifiers, not Player directly]]></skipped></testcase>
      <testcase name="test_player_equips_weapon" assertions="0" status="pending" classname="scripts/tests/entity_classes_test.gd" time="0.001905" >
      <skipped message="pending"><![CDATA[Disabled - WeaponService integration tested in scene_integration_test.gd]]></skipped></testcase>
      <testcase name="test_player_invulnerability_blocks_damage" assertions="0" status="pending" classname="scripts/tests/entity_classes_test.gd" time="0.001128" >
      <skipped message="pending"><![CDATA[Disabled - Week 10 Player doesn't have invulnerability (simplified)]]></skipped></testcase>
      <testcase name="test_enemy_resource_loads" assertions="0" status="pending" classname="scripts/tests/entity_classes_test.gd" time="0.000974" >
      <skipped message="pending"><![CDATA[Disabled for headless CI - set ENABLE_RESOURCE_TESTS=true to run in Godot Editor]]></skipped></testcase>
      <testcase name="test_enemy_initializes_with_wave_1" assertions="0" status="pending" classname="scripts/tests/entity_classes_test.gd" time="0.000978" >
      <skipped message="pending"><![CDATA[Disabled for headless CI - set ENABLE_RESOURCE_TESTS=true to run in Godot Editor]]></skipped></testcase>
      <testcase name="test_enemy_scales_health_with_wave" assertions="0" status="pending" classname="scripts/tests/entity_classes_test.gd" time="0.000977" >
      <skipped message="pending"><![CDATA[Disabled for headless CI - set ENABLE_RESOURCE_TESTS=true to run in Godot Editor]]></skipped></testcase>
      <testcase name="test_enemy_takes_damage" assertions="0" status="pending" classname="scripts/tests/entity_classes_test.gd" time="0.001036" >
      <skipped message="pending"><![CDATA[Disabled for headless CI - set ENABLE_RESOURCE_TESTS=true to run in Godot Editor]]></skipped></testcase>
      <testcase name="test_enemy_health_percentage_calculation" assertions="0" status="pending" classname="scripts/tests/entity_classes_test.gd" time="0.001059" >
      <skipped message="pending"><![CDATA[Disabled for headless CI - set ENABLE_RESOURCE_TESTS=true to run in Godot Editor]]></skipped></testcase>
      <testcase name="test_enemy_is_alive_when_health_positive" assertions="0" status="pending" classname="scripts/tests/entity_classes_test.gd" time="0.000993" >
      <skipped message="pending"><![CDATA[Disabled for headless CI - set ENABLE_RESOURCE_TESTS=true to run in Godot Editor]]></skipped></testcase>
      <testcase name="test_enemy_is_dead_when_health_zero" assertions="0" status="pending" classname="scripts/tests/entity_classes_test.gd" time="0.000948" >
      <skipped message="pending"><![CDATA[Disabled for headless CI - set ENABLE_RESOURCE_TESTS=true to run in Godot Editor]]></skipped></testcase>
      <testcase name="test_projectile_activates_with_parameters" assertions="0" status="pending" classname="scripts/tests/entity_classes_test.gd" time="0.000942" >
      <skipped message="pending"><![CDATA[Disabled - Projectile implementation pending Week 10 Phase 2]]></skipped></testcase>
      <testcase name="test_projectile_velocity_is_set" assertions="0" status="pending" classname="scripts/tests/entity_classes_test.gd" time="0.000926" >
      <skipped message="pending"><![CDATA[Disabled - Projectile implementation pending Week 10 Phase 2]]></skipped></testcase>
      <testcase name="test_projectile_pierce_is_set" assertions="0" status="pending" classname="scripts/tests/entity_classes_test.gd" time="0.00096" >
      <skipped message="pending"><![CDATA[Disabled - Projectile implementation pending Week 10 Phase 2]]></skipped></testcase>
      <testcase name="test_projectile_remaining_range_is_full" assertions="0" status="pending" classname="scripts/tests/entity_classes_test.gd" time="0.000931" >
      <skipped message="pending"><![CDATA[Disabled - Projectile implementation pending Week 10 Phase 2]]></skipped></testcase>
      <testcase name="test_projectile_deactivates" assertions="0" status="pending" classname="scripts/tests/entity_classes_test.gd" time="0.001089" >
      <skipped message="pending"><![CDATA[Disabled - Projectile implementation pending Week 10 Phase 2]]></skipped></testcase>
      <testcase name="test_enemy_targets_player" assertions="0" status="pending" classname="scripts/tests/entity_classes_test.gd" time="0.001021" >
      <skipped message="pending"><![CDATA[Disabled for headless CI - set ENABLE_RESOURCE_TESTS=true to run in Godot Editor]]></skipped></testcase>
      <testcase name="test_player_fires_weapon" assertions="0" status="pending" classname="scripts/tests/entity_classes_test.gd" time="0.001022" >
      <skipped message="pending"><![CDATA[Disabled - Weapon firing tested in scene_integration_test.gd]]></skipped></testcase>
      <testcase name="test_enemy_calculates_distance_to_player" assertions="0" status="pending" classname="scripts/tests/entity_classes_test.gd" time="0.000944" >
      <skipped message="pending"><![CDATA[Disabled - AI tested in scene_integration_test.gd]]></skipped></testcase>
      <testcase name="test_player_armor_reduces_damage" assertions="2" status="pass" classname="scripts/tests/entity_classes_test.gd" time="0.025981" >
      </testcase>
      <testcase name="test_player_life_steal_modifier" assertions="0" status="pending" classname="scripts/tests/entity_classes_test.gd" time="0.000955" >
      <skipped message="pending"><![CDATA[Disabled - Life steal not yet implemented in Week 10]]></skipped></testcase>
      <testcase name="test_weapon_resource_loads" assertions="0" status="pending" classname="scripts/tests/entity_classes_test.gd" time="0.000855" >
      <skipped message="pending"><![CDATA[Disabled for headless CI - set ENABLE_RESOURCE_TESTS=true to run in Godot Editor]]></skipped></testcase>
      <testcase name="test_enemy_resource_basic_loads" assertions="0" status="pending" classname="scripts/tests/entity_classes_test.gd" time="0.000855" >
      <skipped message="pending"><![CDATA[Disabled for headless CI - set ENABLE_RESOURCE_TESTS=true to run in Godot Editor]]></skipped></testcase>
      <testcase name="test_health_boost_item_loads" assertions="0" status="pending" classname="scripts/tests/entity_classes_test.gd" time="0.001229" >
      <skipped message="pending"><![CDATA[Disabled for headless CI - set ENABLE_RESOURCE_TESTS=true to run in Godot Editor]]></skipped></testcase>
      <testcase name="test_vampiric_fangs_item_loads" assertions="0" status="pending" classname="scripts/tests/entity_classes_test.gd" time="0.001154" >
      <skipped message="pending"><![CDATA[Disabled for headless CI - set ENABLE_RESOURCE_TESTS=true to run in Godot Editor]]></skipped></testcase>
  </testsuite>
  <testsuite name="scripts/tests/error_service_test.gd" tests="3" failures="0" skipped="0" time="0.000804" >
      <testcase name="test_error_occurred_signal_emits_on_error" assertions="3" status="pass" classname="scripts/tests/error_service_test.gd" time="0.000283" >
      </testcase>
      <testcase name="test_critical_error_occurred_signal_emits_on_critical" assertions="3" status="pass" classname="scripts/tests/error_service_test.gd" time="0.000271" >
      </testcase>
      <testcase name="test_godot_error_capture_includes_stack_trace_in_metadata" assertions="2" status="pass" classname="scripts/tests/error_service_test.gd" time="0.00025" >
      </testcase>
  </testsuite>
  <testsuite name="scripts/tests/game_state_test.gd" tests="28" failures="0" skipped="0" time="0.003276" >
      <testcase name="test_initial_wave_is_zero" assertions="1" status="pass" classname="scripts/tests/game_state_test.gd" time="0.000082" >
      </testcase>
      <testcase name="test_set_current_wave_updates_wave" assertions="1" status="pass" classname="scripts/tests/game_state_test.gd" time="0.000079" >
      </testcase>
      <testcase name="test_set_current_wave_emits_signal" assertions="3" status="pass" classname="scripts/tests/game_state_test.gd" time="0.000287" >
      </testcase>
      <testcase name="test_set_current_wave_no_signal_for_same_value" assertions="1" status="pass" classname="scripts/tests/game_state_test.gd" time="0.000201" >
      </testcase>
      <testcase name="test_initial_score_is_zero" assertions="1" status="pass" classname="scripts/tests/game_state_test.gd" time="0.000074" >
      </testcase>
      <testcase name="test_set_score_updates_score" assertions="1" status="pass" classname="scripts/tests/game_state_test.gd" time="0.00007" >
      </testcase>
      <testcase name="test_set_score_updates_high_score" assertions="1" status="pass" classname="scripts/tests/game_state_test.gd" time="0.000073" >
      </testcase>
      <testcase name="test_set_score_emits_signal" assertions="3" status="pass" classname="scripts/tests/game_state_test.gd" time="0.000274" >
      </testcase>
      <testcase name="test_add_score_increases_score" assertions="1" status="pass" classname="scripts/tests/game_state_test.gd" time="0.000075" >
      </testcase>
      <testcase name="test_add_score_updates_high_score" assertions="1" status="pass" classname="scripts/tests/game_state_test.gd" time="0.00008" >
      </testcase>
      <testcase name="test_add_score_emits_signal" assertions="2" status="pass" classname="scripts/tests/game_state_test.gd" time="0.000228" >
      </testcase>
      <testcase name="test_high_score_does_not_decrease" assertions="1" status="pass" classname="scripts/tests/game_state_test.gd" time="0.000081" >
      </testcase>
      <testcase name="test_initial_gameplay_state_is_inactive" assertions="1" status="pass" classname="scripts/tests/game_state_test.gd" time="0.000055" >
      </testcase>
      <testcase name="test_set_gameplay_active_true_updates_state" assertions="1" status="pass" classname="scripts/tests/game_state_test.gd" time="0.000053" >
      </testcase>
      <testcase name="test_set_gameplay_active_true_emits_signal" assertions="2" status="pass" classname="scripts/tests/game_state_test.gd" time="0.000207" >
      </testcase>
      <testcase name="test_set_gameplay_active_false_updates_state" assertions="1" status="pass" classname="scripts/tests/game_state_test.gd" time="0.000057" >
      </testcase>
      <testcase name="test_set_gameplay_active_false_emits_signal" assertions="2" status="pass" classname="scripts/tests/game_state_test.gd" time="0.00021" >
      </testcase>
      <testcase name="test_initial_character_is_empty" assertions="1" status="pass" classname="scripts/tests/game_state_test.gd" time="0.000076" >
      </testcase>
      <testcase name="test_set_current_character_updates_character" assertions="1" status="pass" classname="scripts/tests/game_state_test.gd" time="0.000073" >
      </testcase>
      <testcase name="test_set_current_character_emits_signal" assertions="2" status="pass" classname="scripts/tests/game_state_test.gd" time="0.000228" >
      </testcase>
      <testcase name="test_set_current_character_no_signal_for_same_value" assertions="1" status="pass" classname="scripts/tests/game_state_test.gd" time="0.000194" >
      </testcase>
      <testcase name="test_reset_clears_wave" assertions="1" status="pass" classname="scripts/tests/game_state_test.gd" time="0.000078" >
      </testcase>
      <testcase name="test_reset_clears_score" assertions="1" status="pass" classname="scripts/tests/game_state_test.gd" time="0.000071" >
      </testcase>
      <testcase name="test_reset_preserves_high_score" assertions="1" status="pass" classname="scripts/tests/game_state_test.gd" time="0.000068" >
      </testcase>
      <testcase name="test_reset_deactivates_gameplay" assertions="1" status="pass" classname="scripts/tests/game_state_test.gd" time="0.000053" >
      </testcase>
      <testcase name="test_reset_clears_character" assertions="1" status="pass" classname="scripts/tests/game_state_test.gd" time="0.000071" >
      </testcase>
      <testcase name="test_reset_unpauses_game" assertions="1" status="pass" classname="scripts/tests/game_state_test.gd" time="0.000052" >
      </testcase>
      <testcase name="test_reset_full_state" assertions="6" status="pass" classname="scripts/tests/game_state_test.gd" time="0.000126" >
      </testcase>
  </testsuite>
  <testsuite name="scripts/tests/hud_service_test.gd" tests="11" failures="0" skipped="0" time="0.043474" >
      <testcase name="test_hud_service_updates_hp_on_damage" assertions="2" status="pass" classname="scripts/tests/hud_service_test.gd" time="0.002849" >
      </testcase>
      <testcase name="test_hud_service_updates_hp_on_heal" assertions="2" status="pass" classname="scripts/tests/hud_service_test.gd" time="0.001611" >
      </testcase>
      <testcase name="test_hud_service_updates_xp_on_gain" assertions="3" status="pass" classname="scripts/tests/hud_service_test.gd" time="0.002809" >
      </testcase>
      <testcase name="test_hud_service_updates_xp_on_level_up" assertions="2" status="pass" classname="scripts/tests/hud_service_test.gd" time="0.004831" >
      </testcase>
      <testcase name="test_hud_service_updates_currency_on_collection" assertions="1" status="pass" classname="scripts/tests/hud_service_test.gd" time="0.006888" >
      </testcase>
      <testcase name="test_hud_service_updates_wave_on_change" assertions="3" status="pass" classname="scripts/tests/hud_service_test.gd" time="0.006996" >
      </testcase>
      <testcase name="test_hud_service_can_set_player" assertions="1" status="pass" classname="scripts/tests/hud_service_test.gd" time="0.001065" >
      </testcase>
      <testcase name="test_hud_service_disconnects_previous_player" assertions="2" status="pass" classname="scripts/tests/hud_service_test.gd" time="0.013405" >
      </testcase>
      <testcase name="test_hud_service_returns_current_hp_state" assertions="2" status="pass" classname="scripts/tests/hud_service_test.gd" time="0.001141" >
      </testcase>
      <testcase name="test_hud_service_returns_current_xp_state" assertions="3" status="pass" classname="scripts/tests/hud_service_test.gd" time="0.001444" >
      </testcase>
      <testcase name="test_hud_service_returns_current_wave" assertions="1" status="pass" classname="scripts/tests/hud_service_test.gd" time="0.000435" >
      </testcase>
  </testsuite>
  <testsuite name="scripts/tests/input_system_test.gd" tests="6" failures="0" skipped="0" time="0.001281" >
      <testcase name="test_camera_follows_player_smoothly" assertions="2" status="pass" classname="scripts/tests/input_system_test.gd" time="0.000152" >
      </testcase>
      <testcase name="test_camera_respects_boundaries" assertions="4" status="pass" classname="scripts/tests/input_system_test.gd" time="0.00011" >
      </testcase>
      <testcase name="test_camera_shake_on_weapon_fire" assertions="2" status="pass" classname="scripts/tests/input_system_test.gd" time="0.000501" >
      </testcase>
      <testcase name="test_camera_shake_decays_over_time" assertions="1" status="pass" classname="scripts/tests/input_system_test.gd" time="0.000105" >
      </testcase>
      <testcase name="test_input_handler_emits_movement_signal" assertions="1" status="pass" classname="scripts/tests/input_system_test.gd" time="0.000217" >
      </testcase>
      <testcase name="test_input_handler_emits_aim_signal" assertions="1" status="pass" classname="scripts/tests/input_system_test.gd" time="0.000196" >
      </testcase>
  </testsuite>
  <testsuite name="scripts/tests/logger_test.gd" tests="11" failures="0" skipped="0" time="1.379605" >
      <testcase name="test_log_file_is_created" assertions="1" status="pass" classname="scripts/tests/logger_test.gd" time="0.001034" >
      </testcase>
      <testcase name="test_log_file_is_not_empty" assertions="1" status="pass" classname="scripts/tests/logger_test.gd" time="0.00079" >
      </testcase>
      <testcase name="test_log_path_returns_valid_path" assertions="2" status="pass" classname="scripts/tests/logger_test.gd" time="0.000322" >
      </testcase>
      <testcase name="test_debug_level_is_recorded" assertions="2" status="pass" classname="scripts/tests/logger_test.gd" time="0.000603" >
      </testcase>
      <testcase name="test_info_level_is_recorded" assertions="2" status="pass" classname="scripts/tests/logger_test.gd" time="0.000659" >
      </testcase>
      <testcase name="test_warning_level_is_recorded" assertions="2" status="pass" classname="scripts/tests/logger_test.gd" time="0.000675" >
      </testcase>
      <testcase name="test_error_level_is_recorded" assertions="2" status="pass" classname="scripts/tests/logger_test.gd" time="0.000656" >
      </testcase>
      <testcase name="test_multiple_log_levels_are_recorded" assertions="6" status="pass" classname="scripts/tests/logger_test.gd" time="0.001614" >
      </testcase>
      <testcase name="test_log_rotation_respects_max_files" assertions="1" status="pass" classname="scripts/tests/logger_test.gd" time="0.627254" >
      </testcase>
      <testcase name="test_log_rotation_keeps_most_recent_files" assertions="1" status="pass" classname="scripts/tests/logger_test.gd" time="0.74428" >
      </testcase>
      <testcase name="test_error_service_integration_placeholder" assertions="1" status="pass" classname="scripts/tests/logger_test.gd" time="0.001718" >
      </testcase>
  </testsuite>
  <testsuite name="scripts/tests/recycler_service_test.gd" tests="26" failures="0" skipped="0" time="0.015996" >
      <testcase name="test_rarity_enum_values_are_correct" assertions="5" status="pass" classname="scripts/tests/recycler_service_test.gd" time="0.001457" >
      </testcase>
      <testcase name="test_scrap_base_values_by_rarity" assertions="2" status="pass" classname="scripts/tests/recycler_service_test.gd" time="0.001033" >
      </testcase>
      <testcase name="test_component_base_values_by_rarity" assertions="2" status="pass" classname="scripts/tests/recycler_service_test.gd" time="0.000927" >
      </testcase>
      <testcase name="test_dismantle_common_non_weapon_gives_base_scrap" assertions="1" status="pass" classname="scripts/tests/recycler_service_test.gd" time="0.001353" >
      </testcase>
      <testcase name="test_dismantle_common_weapon_applies_multiplier" assertions="1" status="pass" classname="scripts/tests/recycler_service_test.gd" time="0.00071" >
      </testcase>
      <testcase name="test_dismantle_rare_non_weapon_gives_higher_scrap" assertions="1" status="pass" classname="scripts/tests/recycler_service_test.gd" time="0.000703" >
      </testcase>
      <testcase name="test_dismantle_rare_weapon_applies_multiplier_and_rounds" assertions="1" status="pass" classname="scripts/tests/recycler_service_test.gd" time="0.0007" >
      </testcase>
      <testcase name="test_common_items_never_drop_components" assertions="2" status="pass" classname="scripts/tests/recycler_service_test.gd" time="0.000709" >
      </testcase>
      <testcase name="test_uncommon_has_correct_component_chance_and_potential" assertions="2" status="pass" classname="scripts/tests/recycler_service_test.gd" time="0.000393" >
      </testcase>
      <testcase name="test_rare_has_correct_component_chance_and_potential" assertions="2" status="pass" classname="scripts/tests/recycler_service_test.gd" time="0.000394" >
      </testcase>
      <testcase name="test_epic_has_correct_component_chance_and_potential" assertions="2" status="pass" classname="scripts/tests/recycler_service_test.gd" time="0.000379" >
      </testcase>
      <testcase name="test_legendary_has_correct_component_chance_and_potential" assertions="2" status="pass" classname="scripts/tests/recycler_service_test.gd" time="0.000412" >
      </testcase>
      <testcase name="test_luck_40_adds_10_percent_component_chance" assertions="1" status="pass" classname="scripts/tests/recycler_service_test.gd" time="0.000366" >
      </testcase>
      <testcase name="test_luck_chance_bonus_caps_at_25_percent" assertions="1" status="pass" classname="scripts/tests/recycler_service_test.gd" time="0.000362" >
      </testcase>
      <testcase name="test_luck_120_adds_one_component" assertions="1" status="pass" classname="scripts/tests/recycler_service_test.gd" time="0.000358" >
      </testcase>
      <testcase name="test_luck_240_adds_two_components" assertions="1" status="pass" classname="scripts/tests/recycler_service_test.gd" time="0.000367" >
      </testcase>
      <testcase name="test_component_chance_caps_at_95_percent" assertions="1" status="pass" classname="scripts/tests/recycler_service_test.gd" time="0.000356" >
      </testcase>
      <testcase name="test_preview_shows_potential_components" assertions="2" status="pass" classname="scripts/tests/recycler_service_test.gd" time="0.000374" >
      </testcase>
      <testcase name="test_dismantle_uses_randomness_for_components" assertions="1" status="pass" classname="scripts/tests/recycler_service_test.gd" time="0.00083" >
      </testcase>
      <testcase name="test_broken_item_gives_zero_scrap" assertions="1" status="pass" classname="scripts/tests/recycler_service_test.gd" time="0.000733" >
      </testcase>
      <testcase name="test_negative_luck_normalized_to_zero" assertions="1" status="pass" classname="scripts/tests/recycler_service_test.gd" time="0.000378" >
      </testcase>
      <testcase name="test_empty_template_id_returns_zero_outcome" assertions="2" status="pass" classname="scripts/tests/recycler_service_test.gd" time="0.000689" >
      </testcase>
      <testcase name="test_base_scrap_override_works" assertions="1" status="pass" classname="scripts/tests/recycler_service_test.gd" time="0.000664" >
      </testcase>
      <testcase name="test_rarity_from_string_converts_correctly" assertions="3" status="pass" classname="scripts/tests/recycler_service_test.gd" time="0.00037" >
      </testcase>
      <testcase name="test_rarity_to_string_converts_correctly" assertions="2" status="pass" classname="scripts/tests/recycler_service_test.gd" time="0.000358" >
      </testcase>
      <testcase name="test_unknown_rarity_string_defaults_to_common" assertions="1" status="pass" classname="scripts/tests/recycler_service_test.gd" time="0.000621" >
      </testcase>
  </testsuite>
  <testsuite name="scripts/tests/save_integration_test.gd" tests="22" failures="0" skipped="0" time="0.1842" >
      <testcase name="test_save_all_services_succeeds" assertions="2" status="pass" classname="scripts/tests/save_integration_test.gd" time="0.009985" >
      </testcase>
      <testcase name="test_load_all_services_restores_state" assertions="4" status="pass" classname="scripts/tests/save_integration_test.gd" time="0.013458" >
      </testcase>
      <testcase name="test_multiple_services_save_and_load" assertions="2" status="pass" classname="scripts/tests/save_integration_test.gd" time="0.012533" >
      </testcase>
      <testcase name="test_transaction_history_persists" assertions="7" status="pass" classname="scripts/tests/save_integration_test.gd" time="0.013347" >
      </testcase>
      <testcase name="test_save_started_signal_emits" assertions="1" status="pass" classname="scripts/tests/save_integration_test.gd" time="0.00734" >
      </testcase>
      <testcase name="test_save_completed_signal_emits" assertions="2" status="pass" classname="scripts/tests/save_integration_test.gd" time="0.006969" >
      </testcase>
      <testcase name="test_load_started_signal_emits" assertions="1" status="pass" classname="scripts/tests/save_integration_test.gd" time="0.010494" >
      </testcase>
      <testcase name="test_load_completed_signal_emits" assertions="2" status="pass" classname="scripts/tests/save_integration_test.gd" time="0.010537" >
      </testcase>
      <testcase name="test_unsaved_changes_tracked_after_modification" assertions="1" status="pass" classname="scripts/tests/save_integration_test.gd" time="0.005932" >
      </testcase>
      <testcase name="test_unsaved_changes_cleared_after_save" assertions="1" status="pass" classname="scripts/tests/save_integration_test.gd" time="0.006848" >
      </testcase>
      <testcase name="test_load_nonexistent_save_fails_gracefully" assertions="1" status="pass" classname="scripts/tests/save_integration_test.gd" time="0.005728" >
      </testcase>
      <testcase name="test_metadata_shows_no_save_initially" assertions="1" status="pass" classname="scripts/tests/save_integration_test.gd" time="0.004803" >
      </testcase>
      <testcase name="test_metadata_populated_after_save" assertions="4" status="pass" classname="scripts/tests/save_integration_test.gd" time="0.007017" >
      </testcase>
      <testcase name="test_save_deleted_successfully" assertions="3" status="pass" classname="scripts/tests/save_integration_test.gd" time="0.006522" >
      </testcase>
      <testcase name="test_cross_service_state_consistency" assertions="3" status="pass" classname="scripts/tests/save_integration_test.gd" time="0.010958" >
      </testcase>
      <testcase name="test_stateless_service_save_succeeds" assertions="1" status="pass" classname="scripts/tests/save_integration_test.gd" time="0.006516" >
      </testcase>
      <testcase name="test_stateless_service_load_succeeds" assertions="1" status="pass" classname="scripts/tests/save_integration_test.gd" time="0.010303" >
      </testcase>
      <testcase name="test_recycler_service_functional_after_load" assertions="1" status="pass" classname="scripts/tests/save_integration_test.gd" time="0.010473" >
      </testcase>
      <testcase name="test_auto_save_enabled" assertions="1" status="pass" classname="scripts/tests/save_integration_test.gd" time="0.005555" >
      </testcase>
      <testcase name="test_auto_save_trigger_signal_emits" assertions="1" status="pass" classname="scripts/tests/save_integration_test.gd" time="0.006913" >
      </testcase>
      <testcase name="test_auto_save_creates_save_in_slot_0" assertions="2" status="pass" classname="scripts/tests/save_integration_test.gd" time="0.006674" >
      </testcase>
      <testcase name="test_auto_save_skips_when_no_changes" assertions="1" status="pass" classname="scripts/tests/save_integration_test.gd" time="0.005295" >
      </testcase>
  </testsuite>
  <testsuite name="scripts/tests/save_system_test.gd" tests="20" failures="0" skipped="0" time="0.138511" >
      <testcase name="test_save_game_succeeds" assertions="2" status="pass" classname="scripts/tests/save_system_test.gd" time="0.0068" >
      </testcase>
      <testcase name="test_load_game_succeeds" assertions="2" status="pass" classname="scripts/tests/save_system_test.gd" time="0.00712" >
      </testcase>
      <testcase name="test_loaded_data_matches_saved_data" assertions="4" status="pass" classname="scripts/tests/save_system_test.gd" time="0.006919" >
      </testcase>
      <testcase name="test_save_to_multiple_slots" assertions="3" status="pass" classname="scripts/tests/save_system_test.gd" time="0.007612" >
      </testcase>
      <testcase name="test_load_from_multiple_slots" assertions="9" status="pass" classname="scripts/tests/save_system_test.gd" time="0.008746" >
      </testcase>
      <testcase name="test_non_existent_save_metadata" assertions="1" status="pass" classname="scripts/tests/save_system_test.gd" time="0.006278" >
      </testcase>
      <testcase name="test_existing_save_metadata" assertions="5" status="pass" classname="scripts/tests/save_system_test.gd" time="0.006961" >
      </testcase>
      <testcase name="test_second_save_creates_backup" assertions="1" status="pass" classname="scripts/tests/save_system_test.gd" time="0.007376" >
      </testcase>
      <testcase name="test_save_exists_after_creation" assertions="1" status="pass" classname="scripts/tests/save_system_test.gd" time="0.006877" >
      </testcase>
      <testcase name="test_save_deleted_successfully" assertions="2" status="pass" classname="scripts/tests/save_system_test.gd" time="0.007301" >
      </testcase>
      <testcase name="test_has_save_detects_empty_slots" assertions="2" status="pass" classname="scripts/tests/save_system_test.gd" time="0.006426" >
      </testcase>
      <testcase name="test_has_save_detects_existing_save" assertions="2" status="pass" classname="scripts/tests/save_system_test.gd" time="0.006858" >
      </testcase>
      <testcase name="test_negative_slot_save_fails" assertions="2" status="pass" classname="scripts/tests/save_system_test.gd" time="0.006411" >
      </testcase>
      <testcase name="test_too_large_slot_save_fails" assertions="1" status="pass" classname="scripts/tests/save_system_test.gd" time="0.006425" >
      </testcase>
      <testcase name="test_invalid_slot_load_fails" assertions="1" status="pass" classname="scripts/tests/save_system_test.gd" time="0.006437" >
      </testcase>
      <testcase name="test_invalid_slot_has_save_returns_false" assertions="1" status="pass" classname="scripts/tests/save_system_test.gd" time="0.006364" >
      </testcase>
      <testcase name="test_corruption_recovers_from_backup" assertions="2" status="pass" classname="scripts/tests/save_system_test.gd" time="0.007373" >
      </testcase>
      <testcase name="test_save_with_current_version" assertions="1" status="pass" classname="scripts/tests/save_system_test.gd" time="0.006493" >
      </testcase>
      <testcase name="test_load_verifies_version" assertions="2" status="pass" classname="scripts/tests/save_system_test.gd" time="0.006861" >
      </testcase>
      <testcase name="test_future_version_rejected" assertions="2" status="pass" classname="scripts/tests/save_system_test.gd" time="0.006873" >
      </testcase>
  </testsuite>
  <testsuite name="scripts/tests/scene_integration_test.gd" tests="15" failures="0" skipped="0" time="1.059292" >
      <testcase name="test_player_entity_loads_character_stats" assertions="6" status="pass" classname="scripts/tests/scene_integration_test.gd" time="0.066058" >
      </testcase>
      <testcase name="test_player_movement_uses_speed_stat" assertions="3" status="pass" classname="scripts/tests/scene_integration_test.gd" time="0.129356" >
      </testcase>
      <testcase name="test_player_take_damage_applies_armor" assertions="3" status="pass" classname="scripts/tests/scene_integration_test.gd" time="0.106846" >
      </testcase>
      <testcase name="test_player_death_triggers_signal" assertions="4" status="pass" classname="scripts/tests/scene_integration_test.gd" time="0.09989" >
      </testcase>
      <testcase name="test_player_heal_respects_max_hp" assertions="3" status="pass" classname="scripts/tests/scene_integration_test.gd" time="0.10102" >
      </testcase>
      <testcase name="test_player_equips_weapon" assertions="4" status="pass" classname="scripts/tests/scene_integration_test.gd" time="0.095136" >
      </testcase>
      <testcase name="test_enemy_entity_scales_with_wave" assertions="4" status="pass" classname="scripts/tests/scene_integration_test.gd" time="0.002558" >
      </testcase>
      <testcase name="test_enemy_moves_toward_player" assertions="4" status="pass" classname="scripts/tests/scene_integration_test.gd" time="0.163255" >
      </testcase>
      <testcase name="test_enemy_death_emits_signal" assertions="4" status="pass" classname="scripts/tests/scene_integration_test.gd" time="0.008324" >
      </testcase>
      <testcase name="test_enemy_updates_health_bar_on_damage" assertions="5" status="pass" classname="scripts/tests/scene_integration_test.gd" time="0.001882" >
      </testcase>
      <testcase name="test_enemy_has_correct_speed_from_type" assertions="3" status="pass" classname="scripts/tests/scene_integration_test.gd" time="0.001479" >
      </testcase>
      <testcase name="test_player_damage_triggers_health_signal" assertions="4" status="pass" classname="scripts/tests/scene_integration_test.gd" time="0.077918" >
      </testcase>
      <testcase name="test_enemy_type_colors_differ" assertions="4" status="pass" classname="scripts/tests/scene_integration_test.gd" time="0.00552" >
      </testcase>
      <testcase name="test_player_level_up_reloads_stats" assertions="4" status="pass" classname="scripts/tests/scene_integration_test.gd" time="0.195247" >
      </testcase>
      <testcase name="test_enemy_get_health_percentage" assertions="5" status="pass" classname="scripts/tests/scene_integration_test.gd" time="0.004803" >
      </testcase>
  </testsuite>
  <testsuite name="scripts/tests/service_integration_test.gd" tests="15" failures="0" skipped="0" time="0.162003" >
      <testcase name="test_dismantle_rare_weapon_grants_scrap" assertions="1" status="pass" classname="scripts/tests/service_integration_test.gd" time="0.00422" >
      </testcase>
      <testcase name="test_add_recycled_scrap_to_bank" assertions="2" status="pass" classname="scripts/tests/service_integration_test.gd" time="0.005803" >
      </testcase>
      <testcase name="test_player_can_afford_first_reroll" assertions="2" status="pass" classname="scripts/tests/service_integration_test.gd" time="0.004121" >
      </testcase>
      <testcase name="test_reroll_deducts_cost_from_bank" assertions="2" status="pass" classname="scripts/tests/service_integration_test.gd" time="0.004281" >
      </testcase>
      <testcase name="test_second_reroll_costs_more" assertions="1" status="pass" classname="scripts/tests/service_integration_test.gd" time="0.002548" >
      </testcase>
      <testcase name="test_free_tier_rejects_scrap" assertions="2" status="pass" classname="scripts/tests/service_integration_test.gd" time="0.002037" >
      </testcase>
      <testcase name="test_premium_tier_accepts_scrap" assertions="2" status="pass" classname="scripts/tests/service_integration_test.gd" time="0.002893" >
      </testcase>
      <testcase name="test_premium_tier_enforces_cap" assertions="1" status="pass" classname="scripts/tests/service_integration_test.gd" time="0.109332" >
      </testcase>
      <testcase name="test_banking_currency_changed_signal" assertions="1" status="pass" classname="scripts/tests/service_integration_test.gd" time="0.002978" >
      </testcase>
      <testcase name="test_recycler_item_dismantled_signal" assertions="1" status="pass" classname="scripts/tests/service_integration_test.gd" time="0.002134" >
      </testcase>
      <testcase name="test_shop_reroll_executed_signal" assertions="1" status="pass" classname="scripts/tests/service_integration_test.gd" time="0.001932" >
      </testcase>
      <testcase name="test_player_dismantles_multiple_items" assertions="1" status="pass" classname="scripts/tests/service_integration_test.gd" time="0.005922" >
      </testcase>
      <testcase name="test_player_runs_out_of_scrap_rerolling" assertions="1" status="pass" classname="scripts/tests/service_integration_test.gd" time="0.003034" >
      </testcase>
      <testcase name="test_legendary_weapon_grants_high_scrap" assertions="1" status="pass" classname="scripts/tests/service_integration_test.gd" time="0.002719" >
      </testcase>
      <testcase name="test_complete_gameplay_scenario" assertions="5" status="pass" classname="scripts/tests/service_integration_test.gd" time="0.008049" >
      </testcase>
  </testsuite>
  <testsuite name="scripts/tests/shop_reroll_service_test.gd" tests="35" failures="0" skipped="0" time="0.013137" >
      <testcase name="test_base_cost_constant_is_50" assertions="1" status="pass" classname="scripts/tests/shop_reroll_service_test.gd" time="0.000085" >
      </testcase>
      <testcase name="test_cost_multiplier_constant_is_2" assertions="1" status="pass" classname="scripts/tests/shop_reroll_service_test.gd" time="0.00006" >
      </testcase>
      <testcase name="test_max_reroll_count_constant_is_99" assertions="1" status="pass" classname="scripts/tests/shop_reroll_service_test.gd" time="0.000053" >
      </testcase>
      <testcase name="test_calculate_cost_for_reroll_0_equals_50" assertions="1" status="pass" classname="scripts/tests/shop_reroll_service_test.gd" time="0.000052" >
      </testcase>
      <testcase name="test_calculate_cost_for_reroll_1_equals_100" assertions="1" status="pass" classname="scripts/tests/shop_reroll_service_test.gd" time="0.000054" >
      </testcase>
      <testcase name="test_calculate_cost_for_reroll_2_equals_200" assertions="1" status="pass" classname="scripts/tests/shop_reroll_service_test.gd" time="0.000051" >
      </testcase>
      <testcase name="test_calculate_cost_for_reroll_3_equals_400" assertions="1" status="pass" classname="scripts/tests/shop_reroll_service_test.gd" time="0.000047" >
      </testcase>
      <testcase name="test_calculate_cost_for_reroll_5_equals_1600" assertions="1" status="pass" classname="scripts/tests/shop_reroll_service_test.gd" time="0.00005" >
      </testcase>
      <testcase name="test_calculate_cost_for_reroll_10_equals_51200" assertions="1" status="pass" classname="scripts/tests/shop_reroll_service_test.gd" time="0.000063" >
      </testcase>
      <testcase name="test_initial_reroll_count_is_zero" assertions="1" status="pass" classname="scripts/tests/shop_reroll_service_test.gd" time="0.000073" >
      </testcase>
      <testcase name="test_initial_preview_shows_zero_rerolls" assertions="1" status="pass" classname="scripts/tests/shop_reroll_service_test.gd" time="0.00006" >
      </testcase>
      <testcase name="test_initial_preview_cost_is_50" assertions="1" status="pass" classname="scripts/tests/shop_reroll_service_test.gd" time="0.000057" >
      </testcase>
      <testcase name="test_initial_preview_next_cost_is_100" assertions="1" status="pass" classname="scripts/tests/shop_reroll_service_test.gd" time="0.000056" >
      </testcase>
      <testcase name="test_preview_does_not_mutate_state" assertions="3" status="pass" classname="scripts/tests/shop_reroll_service_test.gd" time="0.000101" >
      </testcase>
      <testcase name="test_preview_shows_accurate_costs" assertions="2" status="pass" classname="scripts/tests/shop_reroll_service_test.gd" time="0.000069" >
      </testcase>
      <testcase name="test_execute_first_reroll_increments_count" assertions="1" status="pass" classname="scripts/tests/shop_reroll_service_test.gd" time="0.000434" >
      </testcase>
      <testcase name="test_execute_first_reroll_charges_50" assertions="1" status="pass" classname="scripts/tests/shop_reroll_service_test.gd" time="0.000361" >
      </testcase>
      <testcase name="test_execute_first_reroll_next_cost_is_200" assertions="1" status="pass" classname="scripts/tests/shop_reroll_service_test.gd" time="0.000345" >
      </testcase>
      <testcase name="test_execute_second_reroll_increments_count" assertions="1" status="pass" classname="scripts/tests/shop_reroll_service_test.gd" time="0.000594" >
      </testcase>
      <testcase name="test_execute_second_reroll_charges_100" assertions="1" status="pass" classname="scripts/tests/shop_reroll_service_test.gd" time="0.000583" >
      </testcase>
      <testcase name="test_execute_second_reroll_next_cost_is_400" assertions="1" status="pass" classname="scripts/tests/shop_reroll_service_test.gd" time="0.000586" >
      </testcase>
      <testcase name="test_execute_third_reroll_increments_count" assertions="1" status="pass" classname="scripts/tests/shop_reroll_service_test.gd" time="0.000849" >
      </testcase>
      <testcase name="test_execute_third_reroll_charges_200" assertions="1" status="pass" classname="scripts/tests/shop_reroll_service_test.gd" time="0.00082" >
      </testcase>
      <testcase name="test_execute_third_reroll_next_cost_is_800" assertions="1" status="pass" classname="scripts/tests/shop_reroll_service_test.gd" time="0.000816" >
      </testcase>
      <testcase name="test_get_reroll_count_tracks_executions" assertions="1" status="pass" classname="scripts/tests/shop_reroll_service_test.gd" time="0.000842" >
      </testcase>
      <testcase name="test_exponential_cost_progression" assertions="6" status="pass" classname="scripts/tests/shop_reroll_service_test.gd" time="0.001619" >
      </testcase>
      <testcase name="test_reroll_count_reaches_max" assertions="1" status="pass" classname="scripts/tests/shop_reroll_service_test.gd" time="0.000329" >
      </testcase>
      <testcase name="test_reroll_count_does_not_exceed_max" assertions="1" status="pass" classname="scripts/tests/shop_reroll_service_test.gd" time="0.000578" >
      </testcase>
      <testcase name="test_max_cost_still_calculated_correctly" assertions="1" status="pass" classname="scripts/tests/shop_reroll_service_test.gd" time="0.000049" >
      </testcase>
      <testcase name="test_reset_clears_reroll_count" assertions="2" status="pass" classname="scripts/tests/shop_reroll_service_test.gd" time="0.000856" >
      </testcase>
      <testcase name="test_reset_restores_initial_costs" assertions="1" status="pass" classname="scripts/tests/shop_reroll_service_test.gd" time="0.000846" >
      </testcase>
      <testcase name="test_reroll_executed_signal_emits_on_execution" assertions="2" status="pass" classname="scripts/tests/shop_reroll_service_test.gd" time="0.000467" >
      </testcase>
      <testcase name="test_reroll_executed_signal_contains_correct_data" assertions="2" status="pass" classname="scripts/tests/shop_reroll_service_test.gd" time="0.000391" >
      </testcase>
      <testcase name="test_reroll_executed_signal_emits_multiple_times" assertions="3" status="pass" classname="scripts/tests/shop_reroll_service_test.gd" time="0.000673" >
      </testcase>
      <testcase name="test_reroll_count_reset_signal_emits_on_reset" assertions="2" status="pass" classname="scripts/tests/shop_reroll_service_test.gd" time="0.000168" >
      </testcase>
  </testsuite>
  <testsuite name="scripts/tests/stat_service_test.gd" tests="17" failures="0" skipped="0" time="0.000847" >
      <testcase name="test_calculate_damage_with_base_only" assertions="1" status="pass" classname="scripts/tests/stat_service_test.gd" time="0.000056" >
      </testcase>
      <testcase name="test_calculate_damage_with_strength_bonus" assertions="1" status="pass" classname="scripts/tests/stat_service_test.gd" time="0.000053" >
      </testcase>
      <testcase name="test_calculate_damage_with_weapon_bonus" assertions="1" status="pass" classname="scripts/tests/stat_service_test.gd" time="0.000046" >
      </testcase>
      <testcase name="test_calculate_health_with_base_only" assertions="1" status="pass" classname="scripts/tests/stat_service_test.gd" time="0.000046" >
      </testcase>
      <testcase name="test_calculate_health_with_vitality_bonus" assertions="1" status="pass" classname="scripts/tests/stat_service_test.gd" time="0.000046" >
      </testcase>
      <testcase name="test_calculate_speed_with_base_only" assertions="1" status="pass" classname="scripts/tests/stat_service_test.gd" time="0.000045" >
      </testcase>
      <testcase name="test_calculate_speed_with_agility_bonus" assertions="1" status="pass" classname="scripts/tests/stat_service_test.gd" time="0.000048" >
      </testcase>
      <testcase name="test_apply_stat_modifiers_increases_and_decreases_stats" assertions="4" status="pass" classname="scripts/tests/stat_service_test.gd" time="0.000073" >
      </testcase>
      <testcase name="test_apply_stat_modifiers_clamps_negative_values_to_zero" assertions="1" status="pass" classname="scripts/tests/stat_service_test.gd" time="0.000051" >
      </testcase>
      <testcase name="test_calculate_armor_reduction_with_zero_armor" assertions="1" status="pass" classname="scripts/tests/stat_service_test.gd" time="0.000048" >
      </testcase>
      <testcase name="test_calculate_armor_reduction_with_normal_armor" assertions="1" status="pass" classname="scripts/tests/stat_service_test.gd" time="0.000047" >
      </testcase>
      <testcase name="test_calculate_armor_reduction_caps_at_80_percent" assertions="1" status="pass" classname="scripts/tests/stat_service_test.gd" time="0.000047" >
      </testcase>
      <testcase name="test_calculate_dodge_chance_scales_with_agility" assertions="1" status="pass" classname="scripts/tests/stat_service_test.gd" time="0.000051" >
      </testcase>
      <testcase name="test_calculate_dodge_chance_caps_at_50_percent" assertions="1" status="pass" classname="scripts/tests/stat_service_test.gd" time="0.000049" >
      </testcase>
      <testcase name="test_calculate_crit_chance_scales_with_luck" assertions="1" status="pass" classname="scripts/tests/stat_service_test.gd" time="0.000049" >
      </testcase>
      <testcase name="test_calculate_crit_chance_caps_at_30_percent" assertions="1" status="pass" classname="scripts/tests/stat_service_test.gd" time="0.000047" >
      </testcase>
      <testcase name="test_calculate_life_steal_percentage_of_damage" assertions="1" status="pass" classname="scripts/tests/stat_service_test.gd" time="0.000045" >
      </testcase>
  </testsuite>
  <testsuite name="scripts/tests/targeting_service_test.gd" tests="15" failures="0" skipped="0" time="0.182427" >
      <testcase name="test_get_nearest_enemy_returns_closest" assertions="2" status="pass" classname="scripts/tests/targeting_service_test.gd" time="0.010435" >
      </testcase>
      <testcase name="test_get_nearest_enemy_excludes_dead_enemies" assertions="2" status="pass" classname="scripts/tests/targeting_service_test.gd" time="0.013615" >
      </testcase>
      <testcase name="test_get_nearest_enemy_filters_by_range" assertions="2" status="pass" classname="scripts/tests/targeting_service_test.gd" time="0.013366" >
      </testcase>
      <testcase name="test_get_nearest_enemy_returns_null_when_none_in_range" assertions="1" status="pass" classname="scripts/tests/targeting_service_test.gd" time="0.007043" >
      </testcase>
      <testcase name="test_get_nearest_enemy_returns_null_when_no_enemies_exist" assertions="1" status="pass" classname="scripts/tests/targeting_service_test.gd" time="0.000057" >
      </testcase>
      <testcase name="test_get_enemies_in_radius_returns_all_in_range" assertions="1" status="pass" classname="scripts/tests/targeting_service_test.gd" time="0.020746" >
      </testcase>
      <testcase name="test_get_enemies_in_radius_excludes_dead_enemies" assertions="2" status="pass" classname="scripts/tests/targeting_service_test.gd" time="0.013912" >
      </testcase>
      <testcase name="test_get_enemies_in_radius_returns_empty_when_none_in_range" assertions="1" status="pass" classname="scripts/tests/targeting_service_test.gd" time="0.00663" >
      </testcase>
      <testcase name="test_get_all_enemies_returns_all_living_enemies" assertions="1" status="pass" classname="scripts/tests/targeting_service_test.gd" time="0.020922" >
      </testcase>
      <testcase name="test_get_enemy_count_returns_correct_count" assertions="1" status="pass" classname="scripts/tests/targeting_service_test.gd" time="0.020665" >
      </testcase>
      <testcase name="test_has_enemies_in_range_returns_true_when_enemy_in_range" assertions="1" status="pass" classname="scripts/tests/targeting_service_test.gd" time="0.006672" >
      </testcase>
      <testcase name="test_has_enemies_in_range_returns_false_when_no_enemy_in_range" assertions="1" status="pass" classname="scripts/tests/targeting_service_test.gd" time="0.006939" >
      </testcase>
      <testcase name="test_plasma_pistol_range_targets_enemies_within_500px" assertions="2" status="pass" classname="scripts/tests/targeting_service_test.gd" time="0.014203" >
      </testcase>
      <testcase name="test_melee_weapon_range_only_targets_very_close_enemies" assertions="2" status="pass" classname="scripts/tests/targeting_service_test.gd" time="0.013595" >
      </testcase>
      <testcase name="test_long_range_weapon_targets_distant_enemies" assertions="2" status="pass" classname="scripts/tests/targeting_service_test.gd" time="0.013627" >
      </testcase>
  </testsuite>
  <testsuite name="scripts/tests/wave_manager_test.gd" tests="12" failures="0" skipped="0" time="1.538958" >
      <testcase name="test_wave_manager_initializes_correctly" assertions="3" status="pass" classname="scripts/tests/wave_manager_test.gd" time="0.000108" >
      </testcase>
      <testcase name="test_wave_manager_starts_wave" assertions="3" status="pass" classname="scripts/tests/wave_manager_test.gd" time="0.000717" >
      </testcase>
      <testcase name="test_wave_manager_spawns_correct_enemy_count" assertions="1" status="pass" classname="scripts/tests/wave_manager_test.gd" time="0.000399" >
      </testcase>
      <testcase name="test_wave_manager_completes_wave_when_all_killed" assertions="3" status="pass" classname="scripts/tests/wave_manager_test.gd" time="0.005261" >
      </testcase>
      <testcase name="test_wave_manager_tracks_wave_stats" assertions="4" status="pass" classname="scripts/tests/wave_manager_test.gd" time="0.006251" >
      </testcase>
      <testcase name="test_wave_manager_increments_wave_number" assertions="3" status="pass" classname="scripts/tests/wave_manager_test.gd" time="1.507739" >
      </testcase>
      <testcase name="test_wave_manager_game_over_state" assertions="1" status="pass" classname="scripts/tests/wave_manager_test.gd" time="0.000569" >
      </testcase>
      <testcase name="test_wave_manager_emits_wave_completed_with_stats" assertions="4" status="pass" classname="scripts/tests/wave_manager_test.gd" time="0.002872" >
      </testcase>
      <testcase name="test_wave_manager_tracks_living_enemies" assertions="3" status="pass" classname="scripts/tests/wave_manager_test.gd" time="0.000348" >
      </testcase>
      <testcase name="test_wave_manager_calculates_wave_time" assertions="3" status="pass" classname="scripts/tests/wave_manager_test.gd" time="0.007958" >
      </testcase>
      <testcase name="test_wave_manager_only_completes_in_combat_state" assertions="2" status="pass" classname="scripts/tests/wave_manager_test.gd" time="0.006506" >
      </testcase>
      <testcase name="test_next_wave_increases_enemy_count" assertions="1" status="pass" classname="scripts/tests/wave_manager_test.gd" time="0.00023" >
      </testcase>
  </testsuite>
  <testsuite name="scripts/tests/weapon_service_test.gd" tests="27" failures="0" skipped="0" time="0.030268" >
      <testcase name="test_weapon_exists_returns_true_for_valid_weapon" assertions="1" status="pass" classname="scripts/tests/weapon_service_test.gd" time="0.00218" >
      </testcase>
      <testcase name="test_weapon_exists_returns_false_for_invalid_weapon" assertions="1" status="pass" classname="scripts/tests/weapon_service_test.gd" time="0.001997" >
      </testcase>
      <testcase name="test_get_weapon_returns_valid_data" assertions="5" status="pass" classname="scripts/tests/weapon_service_test.gd" time="0.001515" >
      </testcase>
      <testcase name="test_get_weapon_returns_empty_for_invalid_weapon" assertions="1" status="pass" classname="scripts/tests/weapon_service_test.gd" time="0.002302" >
      </testcase>
      <testcase name="test_equip_weapon_success" assertions="2" status="pass" classname="scripts/tests/weapon_service_test.gd" time="0.001589" >
      </testcase>
      <testcase name="test_equip_weapon_with_empty_character_id_fails" assertions="1" status="pass" classname="scripts/tests/weapon_service_test.gd" time="0.000986" >
      </testcase>
      <testcase name="test_equip_weapon_with_invalid_weapon_id_fails" assertions="1" status="pass" classname="scripts/tests/weapon_service_test.gd" time="0.001901" >
      </testcase>
      <testcase name="test_equip_weapon_with_tier_restriction" assertions="2" status="pass" classname="scripts/tests/weapon_service_test.gd" time="0.00193" >
      </testcase>
      <testcase name="test_equip_weapon_replaces_previous_weapon" assertions="2" status="pass" classname="scripts/tests/weapon_service_test.gd" time="0.001269" >
      </testcase>
      <testcase name="test_unequip_weapon" assertions="1" status="pass" classname="scripts/tests/weapon_service_test.gd" time="0.001561" >
      </testcase>
      <testcase name="test_get_weapon_damage_with_base_stats_only" assertions="1" status="pass" classname="scripts/tests/weapon_service_test.gd" time="0.000623" >
      </testcase>
      <testcase name="test_get_weapon_damage_with_character_damage_bonus" assertions="1" status="pass" classname="scripts/tests/weapon_service_test.gd" time="0.00067" >
      </testcase>
      <testcase name="test_get_weapon_damage_with_melee_bonus" assertions="1" status="pass" classname="scripts/tests/weapon_service_test.gd" time="0.000602" >
      </testcase>
      <testcase name="test_get_weapon_damage_with_ranged_bonus" assertions="1" status="pass" classname="scripts/tests/weapon_service_test.gd" time="0.000589" >
      </testcase>
      <testcase name="test_get_weapon_damage_ignores_wrong_type_bonus" assertions="1" status="pass" classname="scripts/tests/weapon_service_test.gd" time="0.0006" >
      </testcase>
      <testcase name="test_get_weapon_cooldown_with_zero_attack_speed" assertions="1" status="pass" classname="scripts/tests/weapon_service_test.gd" time="0.000578" >
      </testcase>
      <testcase name="test_attack_speed_reduces_cooldown" assertions="1" status="pass" classname="scripts/tests/weapon_service_test.gd" time="0.00058" >
      </testcase>
      <testcase name="test_attack_speed_caps_at_75_percent" assertions="1" status="pass" classname="scripts/tests/weapon_service_test.gd" time="0.000575" >
      </testcase>
      <testcase name="test_attack_speed_50_percent_reduction" assertions="1" status="pass" classname="scripts/tests/weapon_service_test.gd" time="0.000583" >
      </testcase>
      <testcase name="test_can_fire_weapon_when_ready" assertions="1" status="pass" classname="scripts/tests/weapon_service_test.gd" time="0.000571" >
      </testcase>
      <testcase name="test_can_fire_weapon_returns_false_during_cooldown" assertions="1" status="pass" classname="scripts/tests/weapon_service_test.gd" time="0.000839" >
      </testcase>
      <testcase name="test_fire_weapon_success" assertions="2" status="pass" classname="scripts/tests/weapon_service_test.gd" time="0.001541" >
      </testcase>
      <testcase name="test_fire_weapon_with_invalid_weapon_id_fails" assertions="1" status="pass" classname="scripts/tests/weapon_service_test.gd" time="0.001233" >
      </testcase>
      <testcase name="test_fire_weapon_respects_cooldown" assertions="1" status="pass" classname="scripts/tests/weapon_service_test.gd" time="0.00088" >
      </testcase>
      <testcase name="test_get_cooldown_remaining" assertions="1" status="pass" classname="scripts/tests/weapon_service_test.gd" time="0.000869" >
      </testcase>
      <testcase name="test_get_available_weapons_for_free_tier" assertions="3" status="pass" classname="scripts/tests/weapon_service_test.gd" time="0.000858" >
      </testcase>
      <testcase name="test_get_available_weapons_for_premium_tier" assertions="4" status="pass" classname="scripts/tests/weapon_service_test.gd" time="0.000847" >
      </testcase>
  </testsuite>
</testsuites>