<?xml version="1.0" encoding="UTF-8"?>
<testsuites name="GutTests" failures="0" tests="671" >
  <testsuite name="scripts/tests/analytics_test.gd" tests="24" failures="0" skipped="0" time="0.012713" >
      <testcase name="test_track_event_exists" assertions="1" status="pass" classname="scripts/tests/analytics_test.gd" time="0.000376" >
      </testcase>
      <testcase name="test_track_event_with_properties" assertions="1" status="pass" classname="scripts/tests/analytics_test.gd" time="0.000299" >
      </testcase>
      <testcase name="test_track_event_with_empty_properties" assertions="1" status="pass" classname="scripts/tests/analytics_test.gd" time="0.000285" >
      </testcase>
      <testcase name="test_hub_opened_event" assertions="1" status="pass" classname="scripts/tests/analytics_test.gd" time="0.00028" >
      </testcase>
      <testcase name="test_hub_button_pressed_event" assertions="1" status="pass" classname="scripts/tests/analytics_test.gd" time="0.001091" >
      </testcase>
      <testcase name="test_character_created_event" assertions="1" status="pass" classname="scripts/tests/analytics_test.gd" time="0.001096" >
      </testcase>
      <testcase name="test_character_deleted_event" assertions="1" status="pass" classname="scripts/tests/analytics_test.gd" time="0.000583" >
      </testcase>
      <testcase name="test_character_selected_event" assertions="1" status="pass" classname="scripts/tests/analytics_test.gd" time="0.000304" >
      </testcase>
      <testcase name="test_run_started_event" assertions="1" status="pass" classname="scripts/tests/analytics_test.gd" time="0.000595" >
      </testcase>
      <testcase name="test_run_ended_event" assertions="1" status="pass" classname="scripts/tests/analytics_test.gd" time="0.000306" >
      </testcase>
      <testcase name="test_run_ended_with_zero_values" assertions="1" status="pass" classname="scripts/tests/analytics_test.gd" time="0.000282" >
      </testcase>
      <testcase name="test_first_launch_event" assertions="1" status="pass" classname="scripts/tests/analytics_test.gd" time="0.000267" >
      </testcase>
      <testcase name="test_tutorial_started_event" assertions="1" status="pass" classname="scripts/tests/analytics_test.gd" time="0.000292" >
      </testcase>
      <testcase name="test_tutorial_completed_event" assertions="1" status="pass" classname="scripts/tests/analytics_test.gd" time="0.000277" >
      </testcase>
      <testcase name="test_session_ended_event" assertions="1" status="pass" classname="scripts/tests/analytics_test.gd" time="0.000268" >
      </testcase>
      <testcase name="test_save_corruption_detected_event" assertions="1" status="pass" classname="scripts/tests/analytics_test.gd" time="0.000533" >
      </testcase>
      <testcase name="test_save_recovered_from_backup_event" assertions="1" status="pass" classname="scripts/tests/analytics_test.gd" time="0.000298" >
      </testcase>
      <testcase name="test_save_recovered_from_cloud_event" assertions="1" status="pass" classname="scripts/tests/analytics_test.gd" time="0.000301" >
      </testcase>
      <testcase name="test_full_analytics_flow" assertions="1" status="pass" classname="scripts/tests/analytics_test.gd" time="0.003025" >
      </testcase>
      <testcase name="test_analytics_with_invalid_character_type" assertions="1" status="pass" classname="scripts/tests/analytics_test.gd" time="0.000305" >
      </testcase>
      <testcase name="test_analytics_with_negative_values" assertions="1" status="pass" classname="scripts/tests/analytics_test.gd" time="0.000307" >
      </testcase>
      <testcase name="test_analytics_with_very_large_values" assertions="1" status="pass" classname="scripts/tests/analytics_test.gd" time="0.000287" >
      </testcase>
      <testcase name="test_analytics_with_empty_string" assertions="1" status="pass" classname="scripts/tests/analytics_test.gd" time="0.000539" >
      </testcase>
      <testcase name="test_analytics_with_null_like_values" assertions="1" status="pass" classname="scripts/tests/analytics_test.gd" time="0.000517" >
      </testcase>
  </testsuite>
  <testsuite name="scripts/tests/aura_foundation_test.gd" tests="19" failures="0" skipped="0" time="0.57653" >
      <testcase name="test_aura_data_stored_in_character" assertions="4" status="pass" classname="scripts/tests/aura_foundation_test.gd" time="0.000892" >
      </testcase>
      <testcase name="test_aura_type_matches_character_type" assertions="1" status="pass" classname="scripts/tests/aura_foundation_test.gd" time="0.0009" >
      </testcase>
      <testcase name="test_scavenger_has_collect_aura" assertions="3" status="pass" classname="scripts/tests/aura_foundation_test.gd" time="0.000924" >
      </testcase>
      <testcase name="test_tank_has_shield_aura" assertions="2" status="pass" classname="scripts/tests/aura_foundation_test.gd" time="0.000891" >
      </testcase>
      <testcase name="test_commando_has_no_aura" assertions="1" status="pass" classname="scripts/tests/aura_foundation_test.gd" time="0.000873" >
      </testcase>
      <testcase name="test_calculate_aura_power_with_resonance" assertions="4" status="pass" classname="scripts/tests/aura_foundation_test.gd" time="0.000342" >
      </testcase>
      <testcase name="test_calculate_aura_power_for_all_types" assertions="6" status="pass" classname="scripts/tests/aura_foundation_test.gd" time="0.000307" >
      </testcase>
      <testcase name="test_calculate_aura_radius_from_pickup_range" assertions="3" status="pass" classname="scripts/tests/aura_foundation_test.gd" time="0.000294" >
      </testcase>
      <testcase name="test_invalid_aura_type_returns_zero" assertions="1" status="pass" classname="scripts/tests/aura_foundation_test.gd" time="0.000284" >
      </testcase>
      <testcase name="test_aura_persists_after_save_load" assertions="4" status="pass" classname="scripts/tests/aura_foundation_test.gd" time="0.001364" >
      </testcase>
      <testcase name="test_multiple_characters_with_different_auras_persist" assertions="3" status="pass" classname="scripts/tests/aura_foundation_test.gd" time="0.001939" >
      </testcase>
      <testcase name="test_all_aura_types_have_required_fields" assertions="48" status="pass" classname="scripts/tests/aura_foundation_test.gd" time="0.000385" >
      </testcase>
      <testcase name="test_aura_visual_can_be_instantiated" assertions="3" status="pass" classname="scripts/tests/aura_foundation_test.gd" time="0.000367" >
      </testcase>
      <testcase name="test_aura_visual_creates_child_nodes" assertions="2" status="pass" classname="scripts/tests/aura_foundation_test.gd" time="0.003842" >
      </testcase>
      <testcase name="test_aura_visual_update_changes_parameters" assertions="3" status="pass" classname="scripts/tests/aura_foundation_test.gd" time="0.006149" >
      </testcase>
      <testcase name="test_aura_visual_set_emitting" assertions="3" status="pass" classname="scripts/tests/aura_foundation_test.gd" time="0.043507" >
      </testcase>
      <testcase name="test_aura_visual_colors_match_aura_types" assertions="6" status="pass" classname="scripts/tests/aura_foundation_test.gd" time="0.415167" >
      </testcase>
      <testcase name="test_aura_visual_ring_has_correct_point_count" assertions="2" status="pass" classname="scripts/tests/aura_foundation_test.gd" time="0.048289" >
      </testcase>
      <testcase name="test_mutant_has_damage_aura_visual" assertions="4" status="pass" classname="scripts/tests/aura_foundation_test.gd" time="0.049814" >
      </testcase>
  </testsuite>
  <testsuite name="scripts/tests/banking_service_test.gd" tests="22" failures="0" skipped="0" time="0.072443" >
      <testcase name="test_initial_state_all_balances_are_zero" assertions="2" status="pass" classname="scripts/tests/banking_service_test.gd" time="0.005856" >
      </testcase>
      <testcase name="test_add_currency_increases_balance" assertions="4" status="pass" classname="scripts/tests/banking_service_test.gd" time="0.006453" >
      </testcase>
      <testcase name="test_subtract_currency_decreases_balance" assertions="2" status="pass" classname="scripts/tests/banking_service_test.gd" time="0.005219" >
      </testcase>
      <testcase name="test_subtract_currency_with_insufficient_funds_fails" assertions="2" status="pass" classname="scripts/tests/banking_service_test.gd" time="0.003837" >
      </testcase>
      <testcase name="test_tier_gating_free_tier_denies_access" assertions="1" status="pass" classname="scripts/tests/banking_service_test.gd" time="0.002785" >
      </testcase>
      <testcase name="test_tier_gating_premium_tier_grants_access" assertions="1" status="pass" classname="scripts/tests/banking_service_test.gd" time="0.002491" >
      </testcase>
      <testcase name="test_tier_gating_subscription_tier_grants_access" assertions="1" status="pass" classname="scripts/tests/banking_service_test.gd" time="0.002477" >
      </testcase>
      <testcase name="test_balance_caps_premium_tier_enforces_10k_limit" assertions="3" status="pass" classname="scripts/tests/banking_service_test.gd" time="0.003311" >
      </testcase>
      <testcase name="test_balance_caps_subscription_tier_enforces_100k_limit" assertions="1" status="pass" classname="scripts/tests/banking_service_test.gd" time="0.002294" >
      </testcase>
      <testcase name="test_transaction_history_records_all_operations" assertions="4" status="pass" classname="scripts/tests/banking_service_test.gd" time="0.004537" >
      </testcase>
      <testcase name="test_get_tier_returns_current_tier" assertions="3" status="pass" classname="scripts/tests/banking_service_test.gd" time="0.002559" >
      </testcase>
      <testcase name="test_currency_changed_signal_emits_on_add" assertions="4" status="pass" classname="scripts/tests/banking_service_test.gd" time="0.003073" >
      </testcase>
      <testcase name="test_currency_changed_signal_emits_on_subtract" assertions="2" status="pass" classname="scripts/tests/banking_service_test.gd" time="0.003478" >
      </testcase>
      <testcase name="test_initial_state_all_three_currencies_are_zero" assertions="3" status="pass" classname="scripts/tests/banking_service_test.gd" time="0.001769" >
      </testcase>
      <testcase name="test_add_components_currency" assertions="2" status="pass" classname="scripts/tests/banking_service_test.gd" time="0.002664" >
      </testcase>
      <testcase name="test_add_nanites_currency" assertions="2" status="pass" classname="scripts/tests/banking_service_test.gd" time="0.002552" >
      </testcase>
      <testcase name="test_components_respects_tier_caps" assertions="3" status="pass" classname="scripts/tests/banking_service_test.gd" time="0.0025" >
      </testcase>
      <testcase name="test_nanites_respects_tier_caps" assertions="3" status="pass" classname="scripts/tests/banking_service_test.gd" time="0.002493" >
      </testcase>
      <testcase name="test_serialize_includes_all_currencies" assertions="4" status="pass" classname="scripts/tests/banking_service_test.gd" time="0.003605" >
      </testcase>
      <testcase name="test_deserialize_handles_missing_new_currencies" assertions="3" status="pass" classname="scripts/tests/banking_service_test.gd" time="0.00271" >
      </testcase>
      <testcase name="test_subtract_components_currency" assertions="2" status="pass" classname="scripts/tests/banking_service_test.gd" time="0.002912" >
      </testcase>
      <testcase name="test_subtract_nanites_currency" assertions="2" status="pass" classname="scripts/tests/banking_service_test.gd" time="0.002868" >
      </testcase>
  </testsuite>
  <testsuite name="scripts/tests/character_service_test.gd" tests="54" failures="0" skipped="0" time="0.086742" >
      <testcase name="test_create_character_returns_valid_id" assertions="2" status="pass" classname="scripts/tests/character_service_test.gd" time="0.000927" >
      </testcase>
      <testcase name="test_create_character_stores_correct_data" assertions="5" status="pass" classname="scripts/tests/character_service_test.gd" time="0.000956" >
      </testcase>
      <testcase name="test_create_character_with_empty_name_fails" assertions="2" status="pass" classname="scripts/tests/character_service_test.gd" time="0.000897" >
      </testcase>
      <testcase name="test_create_character_sets_default_stats" assertions="5" status="pass" classname="scripts/tests/character_service_test.gd" time="0.000925" >
      </testcase>
      <testcase name="test_create_character_initializes_starting_currency" assertions="1" status="pass" classname="scripts/tests/character_service_test.gd" time="0.000873" >
      </testcase>
      <testcase name="test_starting_currency_has_all_three_types" assertions="6" status="pass" classname="scripts/tests/character_service_test.gd" time="0.000912" >
      </testcase>
      <testcase name="test_add_currency_updates_character_data" assertions="2" status="pass" classname="scripts/tests/character_service_test.gd" time="0.001138" >
      </testcase>
      <testcase name="test_first_character_becomes_active" assertions="1" status="pass" classname="scripts/tests/character_service_test.gd" time="0.000858" >
      </testcase>
      <testcase name="test_get_character_returns_correct_data" assertions="2" status="pass" classname="scripts/tests/character_service_test.gd" time="0.001089" >
      </testcase>
      <testcase name="test_get_nonexistent_character_returns_empty_dict" assertions="1" status="pass" classname="scripts/tests/character_service_test.gd" time="0.000895" >
      </testcase>
      <testcase name="test_get_all_characters_returns_all_created" assertions="1" status="pass" classname="scripts/tests/character_service_test.gd" time="0.001431" >
      </testcase>
      <testcase name="test_update_character_modifies_data" assertions="3" status="pass" classname="scripts/tests/character_service_test.gd" time="0.001147" >
      </testcase>
      <testcase name="test_update_nonexistent_character_fails" assertions="1" status="pass" classname="scripts/tests/character_service_test.gd" time="0.000836" >
      </testcase>
      <testcase name="test_delete_character_removes_from_storage" assertions="2" status="pass" classname="scripts/tests/character_service_test.gd" time="0.001417" >
      </testcase>
      <testcase name="test_delete_active_character_clears_active_state" assertions="1" status="pass" classname="scripts/tests/character_service_test.gd" time="0.001675" >
      </testcase>
      <testcase name="test_delete_only_character_clears_active" assertions="1" status="pass" classname="scripts/tests/character_service_test.gd" time="0.001148" >
      </testcase>
      <testcase name="test_set_active_character_changes_active" assertions="2" status="pass" classname="scripts/tests/character_service_test.gd" time="0.001406" >
      </testcase>
      <testcase name="test_set_active_nonexistent_character_fails" assertions="2" status="pass" classname="scripts/tests/character_service_test.gd" time="0.000847" >
      </testcase>
      <testcase name="test_get_active_character_returns_correct_data" assertions="2" status="pass" classname="scripts/tests/character_service_test.gd" time="0.001315" >
      </testcase>
      <testcase name="test_free_tier_allows_3_characters" assertions="5" status="pass" classname="scripts/tests/character_service_test.gd" time="0.002" >
      </testcase>
      <testcase name="test_premium_tier_allows_15_characters" assertions="17" status="pass" classname="scripts/tests/character_service_test.gd" time="0.005524" >
      </testcase>
      <testcase name="test_subscription_tier_allows_50_characters" assertions="52" status="pass" classname="scripts/tests/character_service_test.gd" time="0.01533" >
      </testcase>
      <testcase name="test_can_create_character_respects_tier_limits" assertions="4" status="pass" classname="scripts/tests/character_service_test.gd" time="0.001671" >
      </testcase>
      <testcase name="test_get_available_slots_returns_correct_count" assertions="4" status="pass" classname="scripts/tests/character_service_test.gd" time="0.001692" >
      </testcase>
      <testcase name="test_add_experience_increases_xp" assertions="3" status="pass" classname="scripts/tests/character_service_test.gd" time="0.000863" >
      </testcase>
      <testcase name="test_level_up_at_100_xp" assertions="3" status="pass" classname="scripts/tests/character_service_test.gd" time="0.001118" >
      </testcase>
      <testcase name="test_level_up_increases_stats" assertions="3" status="pass" classname="scripts/tests/character_service_test.gd" time="0.001143" >
      </testcase>
      <testcase name="test_multiple_level_ups_from_single_xp_gain" assertions="2" status="pass" classname="scripts/tests/character_service_test.gd" time="0.00138" >
      </testcase>
      <testcase name="test_add_zero_or_negative_xp_does_nothing" assertions="3" status="pass" classname="scripts/tests/character_service_test.gd" time="0.000854" >
      </testcase>
      <testcase name="test_character_death_increments_death_count" assertions="2" status="pass" classname="scripts/tests/character_service_test.gd" time="0.001104" >
      </testcase>
      <testcase name="test_multiple_deaths_increment_count" assertions="1" status="pass" classname="scripts/tests/character_service_test.gd" time="0.001628" >
      </testcase>
      <testcase name="test_character_create_pre_hook_fires" assertions="1" status="pass" classname="scripts/tests/character_service_test.gd" time="0.000966" >
      </testcase>
      <testcase name="test_character_create_post_hook_fires" assertions="1" status="pass" classname="scripts/tests/character_service_test.gd" time="0.000901" >
      </testcase>
      <testcase name="test_character_level_up_pre_hook_fires" assertions="1" status="pass" classname="scripts/tests/character_service_test.gd" time="0.001218" >
      </testcase>
      <testcase name="test_character_level_up_post_hook_fires" assertions="1" status="pass" classname="scripts/tests/character_service_test.gd" time="0.001213" >
      </testcase>
      <testcase name="test_character_death_pre_hook_fires" assertions="1" status="pass" classname="scripts/tests/character_service_test.gd" time="0.0012" >
      </testcase>
      <testcase name="test_character_death_post_hook_fires" assertions="1" status="pass" classname="scripts/tests/character_service_test.gd" time="0.001206" >
      </testcase>
      <testcase name="test_serialize_returns_valid_data" assertions="4" status="pass" classname="scripts/tests/character_service_test.gd" time="0.001125" >
      </testcase>
      <testcase name="test_deserialize_restores_characters" assertions="2" status="pass" classname="scripts/tests/character_service_test.gd" time="0.001918" >
      </testcase>
      <testcase name="test_deserialize_restores_character_stats" assertions="3" status="pass" classname="scripts/tests/character_service_test.gd" time="0.001914" >
      </testcase>
      <testcase name="test_full_save_load_cycle_with_save_manager" assertions="5" status="pass" classname="scripts/tests/character_service_test.gd" time="0.005259" >
      </testcase>
      <testcase name="test_get_character_count_returns_correct_count" assertions="2" status="pass" classname="scripts/tests/character_service_test.gd" time="0.001404" >
      </testcase>
      <testcase name="test_get_character_count_updates_after_delete" assertions="2" status="pass" classname="scripts/tests/character_service_test.gd" time="0.001392" >
      </testcase>
      <testcase name="test_add_xp_returns_level_up_info" assertions="4" status="pass" classname="scripts/tests/character_service_test.gd" time="0.001136" >
      </testcase>
      <testcase name="test_add_xp_handles_multiple_level_ups" assertions="4" status="pass" classname="scripts/tests/character_service_test.gd" time="0.001413" >
      </testcase>
      <testcase name="test_add_xp_with_no_level_up" assertions="4" status="pass" classname="scripts/tests/character_service_test.gd" time="0.000863" >
      </testcase>
      <testcase name="test_add_xp_with_invalid_character_id" assertions="3" status="pass" classname="scripts/tests/character_service_test.gd" time="0.000831" >
      </testcase>
      <testcase name="test_add_xp_with_zero_xp" assertions="2" status="pass" classname="scripts/tests/character_service_test.gd" time="0.000863" >
      </testcase>
      <testcase name="test_add_xp_with_negative_xp" assertions="2" status="pass" classname="scripts/tests/character_service_test.gd" time="0.000872" >
      </testcase>
      <testcase name="test_character_created_signal_fires" assertions="1" status="pass" classname="scripts/tests/character_service_test.gd" time="0.000948" >
      </testcase>
      <testcase name="test_character_deleted_signal_fires" assertions="1" status="pass" classname="scripts/tests/character_service_test.gd" time="0.001209" >
      </testcase>
      <testcase name="test_active_character_changed_signal_fires" assertions="1" status="pass" classname="scripts/tests/character_service_test.gd" time="0.001477" >
      </testcase>
      <testcase name="test_character_stats_changed_signal_fires_on_update" assertions="1" status="pass" classname="scripts/tests/character_service_test.gd" time="0.001221" >
      </testcase>
      <testcase name="test_character_stats_changed_signal_fires_on_level_up" assertions="1" status="pass" classname="scripts/tests/character_service_test.gd" time="0.001194" >
      </testcase>
  </testsuite>
  <testsuite name="scripts/tests/character_stats_expansion_test.gd" tests="24" failures="0" skipped="0" time="0.022348" >
      <testcase name="test_hp_regen_exists_in_default_stats" assertions="2" status="pass" classname="scripts/tests/character_stats_expansion_test.gd" time="0.000593" >
      </testcase>
      <testcase name="test_life_steal_exists_in_default_stats" assertions="2" status="pass" classname="scripts/tests/character_stats_expansion_test.gd" time="0.000573" >
      </testcase>
      <testcase name="test_attack_speed_exists_in_default_stats" assertions="2" status="pass" classname="scripts/tests/character_stats_expansion_test.gd" time="0.000575" >
      </testcase>
      <testcase name="test_melee_damage_exists_in_default_stats" assertions="2" status="pass" classname="scripts/tests/character_stats_expansion_test.gd" time="0.000575" >
      </testcase>
      <testcase name="test_ranged_damage_exists_in_default_stats" assertions="2" status="pass" classname="scripts/tests/character_stats_expansion_test.gd" time="0.00057" >
      </testcase>
      <testcase name="test_scavenging_exists_in_default_stats" assertions="2" status="pass" classname="scripts/tests/character_stats_expansion_test.gd" time="0.000568" >
      </testcase>
      <testcase name="test_resonance_exists_in_default_stats" assertions="2" status="pass" classname="scripts/tests/character_stats_expansion_test.gd" time="0.000571" >
      </testcase>
      <testcase name="test_new_character_has_hp_regen" assertions="2" status="pass" classname="scripts/tests/character_stats_expansion_test.gd" time="0.000853" >
      </testcase>
      <testcase name="test_new_character_has_life_steal" assertions="2" status="pass" classname="scripts/tests/character_stats_expansion_test.gd" time="0.000849" >
      </testcase>
      <testcase name="test_new_character_has_attack_speed" assertions="2" status="pass" classname="scripts/tests/character_stats_expansion_test.gd" time="0.000843" >
      </testcase>
      <testcase name="test_new_character_has_melee_and_ranged_damage" assertions="4" status="pass" classname="scripts/tests/character_stats_expansion_test.gd" time="0.000862" >
      </testcase>
      <testcase name="test_new_character_has_scavenging" assertions="2" status="pass" classname="scripts/tests/character_stats_expansion_test.gd" time="0.00083" >
      </testcase>
      <testcase name="test_new_character_has_resonance" assertions="2" status="pass" classname="scripts/tests/character_stats_expansion_test.gd" time="0.000843" >
      </testcase>
      <testcase name="test_can_update_hp_regen_stat" assertions="1" status="pass" classname="scripts/tests/character_stats_expansion_test.gd" time="0.0011" >
      </testcase>
      <testcase name="test_can_update_life_steal_stat" assertions="1" status="pass" classname="scripts/tests/character_stats_expansion_test.gd" time="0.001109" >
      </testcase>
      <testcase name="test_can_update_attack_speed_stat" assertions="1" status="pass" classname="scripts/tests/character_stats_expansion_test.gd" time="0.001103" >
      </testcase>
      <testcase name="test_can_update_melee_damage_stat" assertions="1" status="pass" classname="scripts/tests/character_stats_expansion_test.gd" time="0.001104" >
      </testcase>
      <testcase name="test_can_update_ranged_damage_stat" assertions="1" status="pass" classname="scripts/tests/character_stats_expansion_test.gd" time="0.001092" >
      </testcase>
      <testcase name="test_can_update_scavenging_stat" assertions="1" status="pass" classname="scripts/tests/character_stats_expansion_test.gd" time="0.001119" >
      </testcase>
      <testcase name="test_can_update_resonance_stat" assertions="1" status="pass" classname="scripts/tests/character_stats_expansion_test.gd" time="0.001084" >
      </testcase>
      <testcase name="test_scavenging_in_level_up_gains" assertions="2" status="pass" classname="scripts/tests/character_stats_expansion_test.gd" time="0.000563" >
      </testcase>
      <testcase name="test_scavenging_increases_on_level_up" assertions="2" status="pass" classname="scripts/tests/character_stats_expansion_test.gd" time="0.001123" >
      </testcase>
      <testcase name="test_scavenging_increases_multiple_levels" assertions="2" status="pass" classname="scripts/tests/character_stats_expansion_test.gd" time="0.002166" >
      </testcase>
      <testcase name="test_new_stats_persist_through_save_load" assertions="7" status="pass" classname="scripts/tests/character_stats_expansion_test.gd" time="0.00168" >
      </testcase>
  </testsuite>
  <testsuite name="scripts/tests/character_types_test.gd" tests="24" failures="0" skipped="0" time="0.023867" >
      <testcase name="test_scavenger_has_correct_stat_modifiers" assertions="2" status="pass" classname="scripts/tests/character_types_test.gd" time="0.00086" >
      </testcase>
      <testcase name="test_tank_has_correct_stat_modifiers" assertions="3" status="pass" classname="scripts/tests/character_types_test.gd" time="0.00086" >
      </testcase>
      <testcase name="test_commando_has_correct_stat_modifiers" assertions="3" status="pass" classname="scripts/tests/character_types_test.gd" time="0.000845" >
      </testcase>
      <testcase name="test_mutant_has_correct_stat_modifiers" assertions="3" status="pass" classname="scripts/tests/character_types_test.gd" time="0.000881" >
      </testcase>
      <testcase name="test_character_type_stored_correctly" assertions="1" status="pass" classname="scripts/tests/character_types_test.gd" time="0.000859" >
      </testcase>
      <testcase name="test_free_tier_can_create_scavenger" assertions="1" status="pass" classname="scripts/tests/character_types_test.gd" time="0.000845" >
      </testcase>
      <testcase name="test_free_tier_cannot_create_tank" assertions="1" status="pass" classname="scripts/tests/character_types_test.gd" time="0.000837" >
      </testcase>
      <testcase name="test_free_tier_cannot_create_commando" assertions="1" status="pass" classname="scripts/tests/character_types_test.gd" time="0.000836" >
      </testcase>
      <testcase name="test_free_tier_cannot_create_mutant" assertions="1" status="pass" classname="scripts/tests/character_types_test.gd" time="0.000839" >
      </testcase>
      <testcase name="test_premium_tier_can_create_scavenger" assertions="1" status="pass" classname="scripts/tests/character_types_test.gd" time="0.000842" >
      </testcase>
      <testcase name="test_premium_tier_can_create_tank" assertions="1" status="pass" classname="scripts/tests/character_types_test.gd" time="0.000846" >
      </testcase>
      <testcase name="test_premium_tier_cannot_create_commando" assertions="1" status="pass" classname="scripts/tests/character_types_test.gd" time="0.00084" >
      </testcase>
      <testcase name="test_premium_tier_cannot_create_mutant" assertions="1" status="pass" classname="scripts/tests/character_types_test.gd" time="0.000812" >
      </testcase>
      <testcase name="test_subscription_tier_can_create_all_types" assertions="4" status="pass" classname="scripts/tests/character_types_test.gd" time="0.001699" >
      </testcase>
      <testcase name="test_scavenger_has_collect_aura" assertions="4" status="pass" classname="scripts/tests/character_types_test.gd" time="0.000854" >
      </testcase>
      <testcase name="test_tank_has_shield_aura" assertions="1" status="pass" classname="scripts/tests/character_types_test.gd" time="0.000819" >
      </testcase>
      <testcase name="test_commando_has_no_aura" assertions="1" status="pass" classname="scripts/tests/character_types_test.gd" time="0.000822" >
      </testcase>
      <testcase name="test_mutant_has_damage_aura" assertions="3" status="pass" classname="scripts/tests/character_types_test.gd" time="0.00084" >
      </testcase>
      <testcase name="test_character_type_persists_after_save_load" assertions="4" status="pass" classname="scripts/tests/character_types_test.gd" time="0.00166" >
      </testcase>
      <testcase name="test_aura_type_persists_after_save_load" assertions="2" status="pass" classname="scripts/tests/character_types_test.gd" time="0.001354" >
      </testcase>
      <testcase name="test_invalid_character_type_fails" assertions="1" status="pass" classname="scripts/tests/character_types_test.gd" time="0.000805" >
      </testcase>
      <testcase name="test_multiple_characters_with_different_types" assertions="5" status="pass" classname="scripts/tests/character_types_test.gd" time="0.001722" >
      </testcase>
      <testcase name="test_character_type_defaults_to_scavenger" assertions="2" status="pass" classname="scripts/tests/character_types_test.gd" time="0.000875" >
      </testcase>
      <testcase name="test_mutant_type_persists_after_save_load" assertions="4" status="pass" classname="scripts/tests/character_types_test.gd" time="0.001415" >
      </testcase>
  </testsuite>
  <testsuite name="scripts/tests/combat_service_test.gd" tests="15" failures="0" skipped="0" time="0.025884" >
      <testcase name="test_calculate_damage_includes_character_stats" assertions="1" status="pass" classname="scripts/tests/combat_service_test.gd" time="0.001362" >
      </testcase>
      <testcase name="test_calculate_damage_adds_melee_bonus" assertions="1" status="pass" classname="scripts/tests/combat_service_test.gd" time="0.001367" >
      </testcase>
      <testcase name="test_calculate_damage_adds_ranged_bonus" assertions="1" status="pass" classname="scripts/tests/combat_service_test.gd" time="0.001355" >
      </testcase>
      <testcase name="test_apply_damage_to_enemy_reduces_hp" assertions="2" status="pass" classname="scripts/tests/combat_service_test.gd" time="0.001616" >
      </testcase>
      <testcase name="test_apply_damage_to_enemy_returns_drops_when_killed" assertions="4" status="pass" classname="scripts/tests/combat_service_test.gd" time="0.001896" >
      </testcase>
      <testcase name="test_apply_damage_to_invalid_enemy_returns_safe_result" assertions="2" status="pass" classname="scripts/tests/combat_service_test.gd" time="0.001879" >
      </testcase>
      <testcase name="test_calculate_aura_damage_scales_with_resonance" assertions="2" status="pass" classname="scripts/tests/combat_service_test.gd" time="0.001356" >
      </testcase>
      <testcase name="test_calculate_aura_damage_with_no_resonance_stat" assertions="1" status="pass" classname="scripts/tests/combat_service_test.gd" time="0.001343" >
      </testcase>
      <testcase name="test_apply_aura_damage_to_nearby_enemies" assertions="3" status="pass" classname="scripts/tests/combat_service_test.gd" time="0.002434" >
      </testcase>
      <testcase name="test_apply_aura_damage_can_kill_enemies" assertions="2" status="pass" classname="scripts/tests/combat_service_test.gd" time="0.002126" >
      </testcase>
      <testcase name="test_apply_aura_damage_to_empty_area" assertions="1" status="pass" classname="scripts/tests/combat_service_test.gd" time="0.001537" >
      </testcase>
      <testcase name="test_get_weapon_attack_damage" assertions="1" status="pass" classname="scripts/tests/combat_service_test.gd" time="0.001661" >
      </testcase>
      <testcase name="test_get_weapon_attack_damage_with_invalid_character" assertions="1" status="pass" classname="scripts/tests/combat_service_test.gd" time="0.001845" >
      </testcase>
      <testcase name="test_apply_weapon_attack" assertions="3" status="pass" classname="scripts/tests/combat_service_test.gd" time="0.001919" >
      </testcase>
      <testcase name="test_apply_weapon_attack_can_kill" assertions="2" status="pass" classname="scripts/tests/combat_service_test.gd" time="0.002188" >
      </testcase>
  </testsuite>
  <testsuite name="scripts/tests/drop_system_test.gd" tests="14" failures="0" skipped="0" time="0.151817" >
      <testcase name="test_generate_drops_returns_valid_currency" assertions="2" status="pass" classname="scripts/tests/drop_system_test.gd" time="0.00124" >
      </testcase>
      <testcase name="test_generate_drops_with_invalid_enemy_type" assertions="1" status="pass" classname="scripts/tests/drop_system_test.gd" time="0.001625" >
      </testcase>
      <testcase name="test_scavenging_multiplies_drop_amounts" assertions="2" status="pass" classname="scripts/tests/drop_system_test.gd" time="0.124464" >
      </testcase>
      <testcase name="test_scavenging_caps_at_50_percent" assertions="2" status="pass" classname="scripts/tests/drop_system_test.gd" time="0.000892" >
      </testcase>
      <testcase name="test_scavenging_zero_gives_base_drops" assertions="1" status="pass" classname="scripts/tests/drop_system_test.gd" time="0.001133" >
      </testcase>
      <testcase name="test_award_xp_for_kill_grants_xp" assertions="1" status="pass" classname="scripts/tests/drop_system_test.gd" time="0.001405" >
      </testcase>
      <testcase name="test_award_xp_for_kill_triggers_level_up" assertions="2" status="pass" classname="scripts/tests/drop_system_test.gd" time="0.001617" >
      </testcase>
      <testcase name="test_award_xp_for_kill_returns_false_when_no_level_up" assertions="1" status="pass" classname="scripts/tests/drop_system_test.gd" time="0.001367" >
      </testcase>
      <testcase name="test_award_xp_with_invalid_enemy_type" assertions="1" status="pass" classname="scripts/tests/drop_system_test.gd" time="0.001626" >
      </testcase>
      <testcase name="test_process_enemy_kill_returns_complete_data" assertions="5" status="pass" classname="scripts/tests/drop_system_test.gd" time="0.001687" >
      </testcase>
      <testcase name="test_process_enemy_kill_with_level_up" assertions="2" status="pass" classname="scripts/tests/drop_system_test.gd" time="0.00195" >
      </testcase>
      <testcase name="test_process_enemy_kill_applies_scavenging_to_drops" assertions="1" status="pass" classname="scripts/tests/drop_system_test.gd" time="0.00166" >
      </testcase>
      <testcase name="test_mutant_rat_drops_different_currencies" assertions="1" status="pass" classname="scripts/tests/drop_system_test.gd" time="0.009499" >
      </testcase>
      <testcase name="test_rust_spider_awards_different_xp" assertions="1" status="pass" classname="scripts/tests/drop_system_test.gd" time="0.001652" >
      </testcase>
  </testsuite>
  <testsuite name="scripts/tests/enemy_service_test.gd" tests="25" failures="0" skipped="0" time="0.016993" >
      <testcase name="test_enemy_type_exists_returns_true_for_valid_type" assertions="1" status="pass" classname="scripts/tests/enemy_service_test.gd" time="0.000317" >
      </testcase>
      <testcase name="test_enemy_type_exists_returns_false_for_invalid_type" assertions="1" status="pass" classname="scripts/tests/enemy_service_test.gd" time="0.000309" >
      </testcase>
      <testcase name="test_get_enemy_type_returns_valid_data" assertions="5" status="pass" classname="scripts/tests/enemy_service_test.gd" time="0.000352" >
      </testcase>
      <testcase name="test_get_enemy_type_returns_empty_for_invalid_type" assertions="1" status="pass" classname="scripts/tests/enemy_service_test.gd" time="0.000564" >
      </testcase>
      <testcase name="test_spawn_enemy_returns_valid_id" assertions="2" status="pass" classname="scripts/tests/enemy_service_test.gd" time="0.000588" >
      </testcase>
      <testcase name="test_spawn_enemy_creates_valid_enemy" assertions="7" status="pass" classname="scripts/tests/enemy_service_test.gd" time="0.000629" >
      </testcase>
      <testcase name="test_spawn_enemy_with_invalid_type_fails" assertions="1" status="pass" classname="scripts/tests/enemy_service_test.gd" time="0.000576" >
      </testcase>
      <testcase name="test_spawn_enemy_increments_id" assertions="1" status="pass" classname="scripts/tests/enemy_service_test.gd" time="0.000843" >
      </testcase>
      <testcase name="test_damage_enemy_reduces_hp" assertions="3" status="pass" classname="scripts/tests/enemy_service_test.gd" time="0.000562" >
      </testcase>
      <testcase name="test_damage_enemy_returns_true_when_killed" assertions="3" status="pass" classname="scripts/tests/enemy_service_test.gd" time="0.000839" >
      </testcase>
      <testcase name="test_damage_enemy_caps_hp_at_zero" assertions="1" status="pass" classname="scripts/tests/enemy_service_test.gd" time="0.000853" >
      </testcase>
      <testcase name="test_damage_enemy_with_invalid_id_returns_false" assertions="1" status="pass" classname="scripts/tests/enemy_service_test.gd" time="0.000569" >
      </testcase>
      <testcase name="test_damage_dead_enemy_fails" assertions="1" status="pass" classname="scripts/tests/enemy_service_test.gd" time="0.001095" >
      </testcase>
      <testcase name="test_kill_enemy_returns_drop_data" assertions="5" status="pass" classname="scripts/tests/enemy_service_test.gd" time="0.000598" >
      </testcase>
      <testcase name="test_get_living_enemies_returns_all_alive" assertions="3" status="pass" classname="scripts/tests/enemy_service_test.gd" time="0.000859" >
      </testcase>
      <testcase name="test_get_living_enemies_excludes_dead" assertions="3" status="pass" classname="scripts/tests/enemy_service_test.gd" time="0.00111" >
      </testcase>
      <testcase name="test_get_enemy_count" assertions="1" status="pass" classname="scripts/tests/enemy_service_test.gd" time="0.001106" >
      </testcase>
      <testcase name="test_remove_enemy" assertions="1" status="pass" classname="scripts/tests/enemy_service_test.gd" time="0.001081" >
      </testcase>
      <testcase name="test_wave_scaling_increases_enemy_count" assertions="3" status="pass" classname="scripts/tests/enemy_service_test.gd" time="0.0003" >
      </testcase>
      <testcase name="test_wave_scaling_increases_enemy_hp" assertions="3" status="pass" classname="scripts/tests/enemy_service_test.gd" time="0.000293" >
      </testcase>
      <testcase name="test_spawn_enemy_applies_wave_scaling" assertions="1" status="pass" classname="scripts/tests/enemy_service_test.gd" time="0.000546" >
      </testcase>
      <testcase name="test_get_spawn_rate_decreases_with_wave" assertions="3" status="pass" classname="scripts/tests/enemy_service_test.gd" time="0.000294" >
      </testcase>
      <testcase name="test_update_enemy_ai_moves_toward_player" assertions="2" status="pass" classname="scripts/tests/enemy_service_test.gd" time="0.00055" >
      </testcase>
      <testcase name="test_get_enemies_in_radius" assertions="3" status="pass" classname="scripts/tests/enemy_service_test.gd" time="0.001079" >
      </testcase>
      <testcase name="test_get_enemies_in_radius_excludes_dead" assertions="3" status="pass" classname="scripts/tests/enemy_service_test.gd" time="0.001081" >
      </testcase>
  </testsuite>
  <testsuite name="scripts/tests/entity_classes_test.gd" tests="30" failures="0" skipped="24" time="0.237006" >
      <testcase name="test_player_initial_max_health_is_100" assertions="1" status="pass" classname="scripts/tests/entity_classes_test.gd" time="0.002572" >
      </testcase>
      <testcase name="test_player_initial_current_health_is_100" assertions="1" status="pass" classname="scripts/tests/entity_classes_test.gd" time="0.042825" >
      </testcase>
      <testcase name="test_player_base_speed_is_200" assertions="1" status="pass" classname="scripts/tests/entity_classes_test.gd" time="0.055271" >
      </testcase>
      <testcase name="test_player_takes_damage_correctly" assertions="1" status="pass" classname="scripts/tests/entity_classes_test.gd" time="0.049198" >
      </testcase>
      <testcase name="test_player_heals_correctly" assertions="1" status="pass" classname="scripts/tests/entity_classes_test.gd" time="0.049191" >
      </testcase>
      <testcase name="test_player_applies_health_item_modifiers" assertions="0" status="pending" classname="scripts/tests/entity_classes_test.gd" time="0.002086" >
      <skipped message="pending"><![CDATA[Disabled - CharacterService handles stat modifiers, not Player directly]]></skipped></testcase>
      <testcase name="test_player_applies_speed_item_modifiers" assertions="0" status="pending" classname="scripts/tests/entity_classes_test.gd" time="0.001785" >
      <skipped message="pending"><![CDATA[Disabled - CharacterService handles stat modifiers, not Player directly]]></skipped></testcase>
      <testcase name="test_player_equips_weapon" assertions="0" status="pending" classname="scripts/tests/entity_classes_test.gd" time="0.001672" >
      <skipped message="pending"><![CDATA[Disabled - WeaponService integration tested in scene_integration_test.gd]]></skipped></testcase>
      <testcase name="test_player_invulnerability_blocks_damage" assertions="0" status="pending" classname="scripts/tests/entity_classes_test.gd" time="0.001659" >
      <skipped message="pending"><![CDATA[Disabled - Week 10 Player doesn't have invulnerability (simplified)]]></skipped></testcase>
      <testcase name="test_enemy_resource_loads" assertions="0" status="pending" classname="scripts/tests/entity_classes_test.gd" time="0.001658" >
      <skipped message="pending"><![CDATA[Disabled for headless CI - set ENABLE_RESOURCE_TESTS=true to run in Godot Editor]]></skipped></testcase>
      <testcase name="test_enemy_initializes_with_wave_1" assertions="0" status="pending" classname="scripts/tests/entity_classes_test.gd" time="0.001492" >
      <skipped message="pending"><![CDATA[Disabled for headless CI - set ENABLE_RESOURCE_TESTS=true to run in Godot Editor]]></skipped></testcase>
      <testcase name="test_enemy_scales_health_with_wave" assertions="0" status="pending" classname="scripts/tests/entity_classes_test.gd" time="0.001477" >
      <skipped message="pending"><![CDATA[Disabled for headless CI - set ENABLE_RESOURCE_TESTS=true to run in Godot Editor]]></skipped></testcase>
      <testcase name="test_enemy_takes_damage" assertions="0" status="pending" classname="scripts/tests/entity_classes_test.gd" time="0.00147" >
      <skipped message="pending"><![CDATA[Disabled for headless CI - set ENABLE_RESOURCE_TESTS=true to run in Godot Editor]]></skipped></testcase>
      <testcase name="test_enemy_health_percentage_calculation" assertions="0" status="pending" classname="scripts/tests/entity_classes_test.gd" time="0.001476" >
      <skipped message="pending"><![CDATA[Disabled for headless CI - set ENABLE_RESOURCE_TESTS=true to run in Godot Editor]]></skipped></testcase>
      <testcase name="test_enemy_is_alive_when_health_positive" assertions="0" status="pending" classname="scripts/tests/entity_classes_test.gd" time="0.001511" >
      <skipped message="pending"><![CDATA[Disabled for headless CI - set ENABLE_RESOURCE_TESTS=true to run in Godot Editor]]></skipped></testcase>
      <testcase name="test_enemy_is_dead_when_health_zero" assertions="0" status="pending" classname="scripts/tests/entity_classes_test.gd" time="0.00137" >
      <skipped message="pending"><![CDATA[Disabled for headless CI - set ENABLE_RESOURCE_TESTS=true to run in Godot Editor]]></skipped></testcase>
      <testcase name="test_projectile_activates_with_parameters" assertions="0" status="pending" classname="scripts/tests/entity_classes_test.gd" time="0.001315" >
      <skipped message="pending"><![CDATA[Disabled - Projectile implementation pending Week 10 Phase 2]]></skipped></testcase>
      <testcase name="test_projectile_velocity_is_set" assertions="0" status="pending" classname="scripts/tests/entity_classes_test.gd" time="0.001335" >
      <skipped message="pending"><![CDATA[Disabled - Projectile implementation pending Week 10 Phase 2]]></skipped></testcase>
      <testcase name="test_projectile_pierce_is_set" assertions="0" status="pending" classname="scripts/tests/entity_classes_test.gd" time="0.001327" >
      <skipped message="pending"><![CDATA[Disabled - Projectile implementation pending Week 10 Phase 2]]></skipped></testcase>
      <testcase name="test_projectile_remaining_range_is_full" assertions="0" status="pending" classname="scripts/tests/entity_classes_test.gd" time="0.00129" >
      <skipped message="pending"><![CDATA[Disabled - Projectile implementation pending Week 10 Phase 2]]></skipped></testcase>
      <testcase name="test_projectile_deactivates" assertions="0" status="pending" classname="scripts/tests/entity_classes_test.gd" time="0.001205" >
      <skipped message="pending"><![CDATA[Disabled - Projectile implementation pending Week 10 Phase 2]]></skipped></testcase>
      <testcase name="test_enemy_targets_player" assertions="0" status="pending" classname="scripts/tests/entity_classes_test.gd" time="0.001194" >
      <skipped message="pending"><![CDATA[Disabled for headless CI - set ENABLE_RESOURCE_TESTS=true to run in Godot Editor]]></skipped></testcase>
      <testcase name="test_player_fires_weapon" assertions="0" status="pending" classname="scripts/tests/entity_classes_test.gd" time="0.001203" >
      <skipped message="pending"><![CDATA[Disabled - Weapon firing tested in scene_integration_test.gd]]></skipped></testcase>
      <testcase name="test_enemy_calculates_distance_to_player" assertions="0" status="pending" classname="scripts/tests/entity_classes_test.gd" time="0.001232" >
      <skipped message="pending"><![CDATA[Disabled - AI tested in scene_integration_test.gd]]></skipped></testcase>
      <testcase name="test_player_armor_reduces_damage" assertions="2" status="pass" classname="scripts/tests/entity_classes_test.gd" time="0.004577" >
      </testcase>
      <testcase name="test_player_life_steal_modifier" assertions="0" status="pending" classname="scripts/tests/entity_classes_test.gd" time="0.001132" >
      <skipped message="pending"><![CDATA[Disabled - Life steal not yet implemented in Week 10]]></skipped></testcase>
      <testcase name="test_weapon_resource_loads" assertions="0" status="pending" classname="scripts/tests/entity_classes_test.gd" time="0.001122" >
      <skipped message="pending"><![CDATA[Disabled for headless CI - set ENABLE_RESOURCE_TESTS=true to run in Godot Editor]]></skipped></testcase>
      <testcase name="test_enemy_resource_basic_loads" assertions="0" status="pending" classname="scripts/tests/entity_classes_test.gd" time="0.001118" >
      <skipped message="pending"><![CDATA[Disabled for headless CI - set ENABLE_RESOURCE_TESTS=true to run in Godot Editor]]></skipped></testcase>
      <testcase name="test_health_boost_item_loads" assertions="0" status="pending" classname="scripts/tests/entity_classes_test.gd" time="0.001123" >
      <skipped message="pending"><![CDATA[Disabled for headless CI - set ENABLE_RESOURCE_TESTS=true to run in Godot Editor]]></skipped></testcase>
      <testcase name="test_vampiric_fangs_item_loads" assertions="0" status="pending" classname="scripts/tests/entity_classes_test.gd" time="0.00112" >
      <skipped message="pending"><![CDATA[Disabled for headless CI - set ENABLE_RESOURCE_TESTS=true to run in Godot Editor]]></skipped></testcase>
  </testsuite>
  <testsuite name="scripts/tests/error_service_test.gd" tests="3" failures="0" skipped="0" time="0.000699" >
      <testcase name="test_error_occurred_signal_emits_on_error" assertions="3" status="pass" classname="scripts/tests/error_service_test.gd" time="0.000273" >
      </testcase>
      <testcase name="test_critical_error_occurred_signal_emits_on_critical" assertions="3" status="pass" classname="scripts/tests/error_service_test.gd" time="0.000221" >
      </testcase>
      <testcase name="test_godot_error_capture_includes_stack_trace_in_metadata" assertions="2" status="pass" classname="scripts/tests/error_service_test.gd" time="0.000205" >
      </testcase>
  </testsuite>
  <testsuite name="scripts/tests/game_state_test.gd" tests="53" failures="0" skipped="0" time="0.142238" >
      <testcase name="test_initial_wave_is_zero" assertions="1" status="pass" classname="scripts/tests/game_state_test.gd" time="0.000069" >
      </testcase>
      <testcase name="test_set_current_wave_updates_wave" assertions="1" status="pass" classname="scripts/tests/game_state_test.gd" time="0.000062" >
      </testcase>
      <testcase name="test_set_current_wave_emits_signal" assertions="3" status="pass" classname="scripts/tests/game_state_test.gd" time="0.000264" >
      </testcase>
      <testcase name="test_set_current_wave_no_signal_for_same_value" assertions="1" status="pass" classname="scripts/tests/game_state_test.gd" time="0.000181" >
      </testcase>
      <testcase name="test_initial_score_is_zero" assertions="1" status="pass" classname="scripts/tests/game_state_test.gd" time="0.000061" >
      </testcase>
      <testcase name="test_set_score_updates_score" assertions="1" status="pass" classname="scripts/tests/game_state_test.gd" time="0.00006" >
      </testcase>
      <testcase name="test_set_score_updates_high_score" assertions="1" status="pass" classname="scripts/tests/game_state_test.gd" time="0.00006" >
      </testcase>
      <testcase name="test_set_score_emits_signal" assertions="3" status="pass" classname="scripts/tests/game_state_test.gd" time="0.000247" >
      </testcase>
      <testcase name="test_add_score_increases_score" assertions="1" status="pass" classname="scripts/tests/game_state_test.gd" time="0.000062" >
      </testcase>
      <testcase name="test_add_score_updates_high_score" assertions="1" status="pass" classname="scripts/tests/game_state_test.gd" time="0.00006" >
      </testcase>
      <testcase name="test_add_score_emits_signal" assertions="2" status="pass" classname="scripts/tests/game_state_test.gd" time="0.000201" >
      </testcase>
      <testcase name="test_high_score_does_not_decrease" assertions="1" status="pass" classname="scripts/tests/game_state_test.gd" time="0.00006" >
      </testcase>
      <testcase name="test_initial_gameplay_state_is_inactive" assertions="1" status="pass" classname="scripts/tests/game_state_test.gd" time="0.000046" >
      </testcase>
      <testcase name="test_set_gameplay_active_true_updates_state" assertions="1" status="pass" classname="scripts/tests/game_state_test.gd" time="0.000047" >
      </testcase>
      <testcase name="test_set_gameplay_active_true_emits_signal" assertions="2" status="pass" classname="scripts/tests/game_state_test.gd" time="0.000187" >
      </testcase>
      <testcase name="test_set_gameplay_active_false_updates_state" assertions="1" status="pass" classname="scripts/tests/game_state_test.gd" time="0.000047" >
      </testcase>
      <testcase name="test_set_gameplay_active_false_emits_signal" assertions="2" status="pass" classname="scripts/tests/game_state_test.gd" time="0.000184" >
      </testcase>
      <testcase name="test_initial_character_is_empty" assertions="1" status="pass" classname="scripts/tests/game_state_test.gd" time="0.000064" >
      </testcase>
      <testcase name="test_set_current_character_updates_character" assertions="1" status="pass" classname="scripts/tests/game_state_test.gd" time="0.00006" >
      </testcase>
      <testcase name="test_set_current_character_emits_signal" assertions="2" status="pass" classname="scripts/tests/game_state_test.gd" time="0.000206" >
      </testcase>
      <testcase name="test_set_current_character_no_signal_for_same_value" assertions="1" status="pass" classname="scripts/tests/game_state_test.gd" time="0.000178" >
      </testcase>
      <testcase name="test_reset_clears_wave" assertions="1" status="pass" classname="scripts/tests/game_state_test.gd" time="0.000063" >
      </testcase>
      <testcase name="test_reset_clears_score" assertions="1" status="pass" classname="scripts/tests/game_state_test.gd" time="0.00006" >
      </testcase>
      <testcase name="test_reset_preserves_high_score" assertions="1" status="pass" classname="scripts/tests/game_state_test.gd" time="0.000059" >
      </testcase>
      <testcase name="test_reset_deactivates_gameplay" assertions="1" status="pass" classname="scripts/tests/game_state_test.gd" time="0.000045" >
      </testcase>
      <testcase name="test_reset_clears_character" assertions="1" status="pass" classname="scripts/tests/game_state_test.gd" time="0.00006" >
      </testcase>
      <testcase name="test_reset_unpauses_game" assertions="1" status="pass" classname="scripts/tests/game_state_test.gd" time="0.000044" >
      </testcase>
      <testcase name="test_reset_full_state" assertions="6" status="pass" classname="scripts/tests/game_state_test.gd" time="0.0001" >
      </testcase>
      <testcase name="test_week15_initial_active_character_is_empty" assertions="1" status="pass" classname="scripts/tests/game_state_test.gd" time="0.000058" >
      </testcase>
      <testcase name="test_week15_set_active_character_updates_id" assertions="1" status="pass" classname="scripts/tests/game_state_test.gd" time="0.000403" >
      </testcase>
      <testcase name="test_week15_set_active_character_emits_signal" assertions="2" status="pass" classname="scripts/tests/game_state_test.gd" time="0.000551" >
      </testcase>
      <testcase name="test_week15_set_active_character_allows_empty_string" assertions="1" status="pass" classname="scripts/tests/game_state_test.gd" time="0.000733" >
      </testcase>
      <testcase name="test_week15_initial_run_state_is_inactive" assertions="2" status="pass" classname="scripts/tests/game_state_test.gd" time="0.000067" >
      </testcase>
      <testcase name="test_week15_start_run_activates_run" assertions="1" status="pass" classname="scripts/tests/game_state_test.gd" time="0.000738" >
      </testcase>
      <testcase name="test_week15_start_run_sets_start_time" assertions="1" status="pass" classname="scripts/tests/game_state_test.gd" time="0.000698" >
      </testcase>
      <testcase name="test_week15_start_run_resets_wave_to_zero" assertions="1" status="pass" classname="scripts/tests/game_state_test.gd" time="0.000684" >
      </testcase>
      <testcase name="test_week15_start_run_emits_signal" assertions="2" status="pass" classname="scripts/tests/game_state_test.gd" time="0.000824" >
      </testcase>
      <testcase name="test_week15_start_run_fails_without_active_character" assertions="1" status="pass" classname="scripts/tests/game_state_test.gd" time="0.00037" >
      </testcase>
      <testcase name="test_week15_end_run_deactivates_run" assertions="1" status="pass" classname="scripts/tests/game_state_test.gd" time="0.000982" >
      </testcase>
      <testcase name="test_week15_end_run_adds_duration_to_stats" assertions="2" status="pass" classname="scripts/tests/game_state_test.gd" time="0.073329" >
      </testcase>
      <testcase name="test_week15_end_run_adds_character_id_to_stats" assertions="2" status="pass" classname="scripts/tests/game_state_test.gd" time="0.001613" >
      </testcase>
      <testcase name="test_week15_end_run_emits_signal" assertions="4" status="pass" classname="scripts/tests/game_state_test.gd" time="0.001823" >
      </testcase>
      <testcase name="test_week15_end_run_without_active_run_shows_warning" assertions="3" status="pass" classname="scripts/tests/game_state_test.gd" time="0.000544" >
      </testcase>
      <testcase name="test_week15_get_active_character_returns_empty_when_no_character" assertions="1" status="pass" classname="scripts/tests/game_state_test.gd" time="0.000595" >
      </testcase>
      <testcase name="test_week15_get_active_character_returns_character_data" assertions="5" status="pass" classname="scripts/tests/game_state_test.gd" time="0.001052" >
      </testcase>
      <testcase name="test_week15_full_run_flow" assertions="8" status="pass" classname="scripts/tests/game_state_test.gd" time="0.002078" >
      </testcase>
      <testcase name="test_week15_expert_start_run_called_twice_reinitializes" assertions="3" status="pass" classname="scripts/tests/game_state_test.gd" time="0.041923" >
      </testcase>
      <testcase name="test_week15_expert_very_long_run_duration" assertions="3" status="pass" classname="scripts/tests/game_state_test.gd" time="0.00115" >
      </testcase>
      <testcase name="test_week15_expert_invalid_character_id_allowed" assertions="2" status="pass" classname="scripts/tests/game_state_test.gd" time="0.001216" >
      </testcase>
      <testcase name="test_week15_expert_end_run_with_null_stats" assertions="3" status="pass" classname="scripts/tests/game_state_test.gd" time="0.001634" >
      </testcase>
      <testcase name="test_week15_expert_concurrent_runs_same_character" assertions="6" status="pass" classname="scripts/tests/game_state_test.gd" time="0.002874" >
      </testcase>
      <testcase name="test_week15_expert_concurrent_runs_different_characters" assertions="3" status="pass" classname="scripts/tests/game_state_test.gd" time="0.001924" >
      </testcase>
      <testcase name="test_week15_expert_end_run_preserves_original_stats" assertions="4" status="pass" classname="scripts/tests/game_state_test.gd" time="0.001538" >
      </testcase>
  </testsuite>
  <testsuite name="scripts/tests/hud_service_test.gd" tests="11" failures="0" skipped="0" time="0.049284" >
      <testcase name="test_hud_service_updates_hp_on_damage" assertions="2" status="pass" classname="scripts/tests/hud_service_test.gd" time="0.002512" >
      </testcase>
      <testcase name="test_hud_service_updates_hp_on_heal" assertions="2" status="pass" classname="scripts/tests/hud_service_test.gd" time="0.002118" >
      </testcase>
      <testcase name="test_hud_service_updates_xp_on_gain" assertions="3" status="pass" classname="scripts/tests/hud_service_test.gd" time="0.005552" >
      </testcase>
      <testcase name="test_hud_service_updates_xp_on_level_up" assertions="2" status="pass" classname="scripts/tests/hud_service_test.gd" time="0.007122" >
      </testcase>
      <testcase name="test_hud_service_updates_currency_on_collection" assertions="1" status="pass" classname="scripts/tests/hud_service_test.gd" time="0.006273" >
      </testcase>
      <testcase name="test_hud_service_updates_wave_on_change" assertions="3" status="pass" classname="scripts/tests/hud_service_test.gd" time="0.007288" >
      </testcase>
      <testcase name="test_hud_service_can_set_player" assertions="1" status="pass" classname="scripts/tests/hud_service_test.gd" time="0.001438" >
      </testcase>
      <testcase name="test_hud_service_disconnects_previous_player" assertions="2" status="pass" classname="scripts/tests/hud_service_test.gd" time="0.01307" >
      </testcase>
      <testcase name="test_hud_service_returns_current_hp_state" assertions="2" status="pass" classname="scripts/tests/hud_service_test.gd" time="0.001701" >
      </testcase>
      <testcase name="test_hud_service_returns_current_xp_state" assertions="3" status="pass" classname="scripts/tests/hud_service_test.gd" time="0.00176" >
      </testcase>
      <testcase name="test_hud_service_returns_current_wave" assertions="1" status="pass" classname="scripts/tests/hud_service_test.gd" time="0.00045" >
      </testcase>
  </testsuite>
  <testsuite name="scripts/tests/input_system_test.gd" tests="6" failures="0" skipped="0" time="0.001375" >
      <testcase name="test_camera_follows_player_smoothly" assertions="2" status="pass" classname="scripts/tests/input_system_test.gd" time="0.000154" >
      </testcase>
      <testcase name="test_camera_respects_boundaries" assertions="4" status="pass" classname="scripts/tests/input_system_test.gd" time="0.000117" >
      </testcase>
      <testcase name="test_camera_shake_on_weapon_fire" assertions="2" status="pass" classname="scripts/tests/input_system_test.gd" time="0.000537" >
      </testcase>
      <testcase name="test_camera_shake_decays_over_time" assertions="1" status="pass" classname="scripts/tests/input_system_test.gd" time="0.000108" >
      </testcase>
      <testcase name="test_input_handler_emits_movement_signal" assertions="1" status="pass" classname="scripts/tests/input_system_test.gd" time="0.000258" >
      </testcase>
      <testcase name="test_input_handler_emits_aim_signal" assertions="1" status="pass" classname="scripts/tests/input_system_test.gd" time="0.000201" >
      </testcase>
  </testsuite>
  <testsuite name="scripts/tests/logger_test.gd" tests="11" failures="0" skipped="0" time="1.388757" >
      <testcase name="test_log_file_is_created" assertions="1" status="pass" classname="scripts/tests/logger_test.gd" time="0.001133" >
      </testcase>
      <testcase name="test_log_file_is_not_empty" assertions="1" status="pass" classname="scripts/tests/logger_test.gd" time="0.000877" >
      </testcase>
      <testcase name="test_log_path_returns_valid_path" assertions="2" status="pass" classname="scripts/tests/logger_test.gd" time="0.000412" >
      </testcase>
      <testcase name="test_debug_level_is_recorded" assertions="2" status="pass" classname="scripts/tests/logger_test.gd" time="0.000732" >
      </testcase>
      <testcase name="test_info_level_is_recorded" assertions="2" status="pass" classname="scripts/tests/logger_test.gd" time="0.000796" >
      </testcase>
      <testcase name="test_warning_level_is_recorded" assertions="2" status="pass" classname="scripts/tests/logger_test.gd" time="0.0008" >
      </testcase>
      <testcase name="test_error_level_is_recorded" assertions="2" status="pass" classname="scripts/tests/logger_test.gd" time="0.000792" >
      </testcase>
      <testcase name="test_multiple_log_levels_are_recorded" assertions="6" status="pass" classname="scripts/tests/logger_test.gd" time="0.001808" >
      </testcase>
      <testcase name="test_log_rotation_respects_max_files" assertions="1" status="pass" classname="scripts/tests/logger_test.gd" time="0.636948" >
      </testcase>
      <testcase name="test_log_rotation_keeps_most_recent_files" assertions="1" status="pass" classname="scripts/tests/logger_test.gd" time="0.742921" >
      </testcase>
      <testcase name="test_error_service_integration_placeholder" assertions="1" status="pass" classname="scripts/tests/logger_test.gd" time="0.001538" >
      </testcase>
  </testsuite>
  <testsuite name="scripts/tests/recycler_service_test.gd" tests="26" failures="0" skipped="0" time="0.025483" >
      <testcase name="test_rarity_enum_values_are_correct" assertions="5" status="pass" classname="scripts/tests/recycler_service_test.gd" time="0.001813" >
      </testcase>
      <testcase name="test_scrap_base_values_by_rarity" assertions="2" status="pass" classname="scripts/tests/recycler_service_test.gd" time="0.001675" >
      </testcase>
      <testcase name="test_component_base_values_by_rarity" assertions="2" status="pass" classname="scripts/tests/recycler_service_test.gd" time="0.001097" >
      </testcase>
      <testcase name="test_dismantle_common_non_weapon_gives_base_scrap" assertions="1" status="pass" classname="scripts/tests/recycler_service_test.gd" time="0.00172" >
      </testcase>
      <testcase name="test_dismantle_common_weapon_applies_multiplier" assertions="1" status="pass" classname="scripts/tests/recycler_service_test.gd" time="0.001444" >
      </testcase>
      <testcase name="test_dismantle_rare_non_weapon_gives_higher_scrap" assertions="1" status="pass" classname="scripts/tests/recycler_service_test.gd" time="0.001353" >
      </testcase>
      <testcase name="test_dismantle_rare_weapon_applies_multiplier_and_rounds" assertions="1" status="pass" classname="scripts/tests/recycler_service_test.gd" time="0.00135" >
      </testcase>
      <testcase name="test_common_items_never_drop_components" assertions="2" status="pass" classname="scripts/tests/recycler_service_test.gd" time="0.001365" >
      </testcase>
      <testcase name="test_uncommon_has_correct_component_chance_and_potential" assertions="2" status="pass" classname="scripts/tests/recycler_service_test.gd" time="0.000765" >
      </testcase>
      <testcase name="test_rare_has_correct_component_chance_and_potential" assertions="2" status="pass" classname="scripts/tests/recycler_service_test.gd" time="0.000648" >
      </testcase>
      <testcase name="test_epic_has_correct_component_chance_and_potential" assertions="2" status="pass" classname="scripts/tests/recycler_service_test.gd" time="0.000645" >
      </testcase>
      <testcase name="test_legendary_has_correct_component_chance_and_potential" assertions="2" status="pass" classname="scripts/tests/recycler_service_test.gd" time="0.000657" >
      </testcase>
      <testcase name="test_luck_40_adds_10_percent_component_chance" assertions="1" status="pass" classname="scripts/tests/recycler_service_test.gd" time="0.000624" >
      </testcase>
      <testcase name="test_luck_chance_bonus_caps_at_25_percent" assertions="1" status="pass" classname="scripts/tests/recycler_service_test.gd" time="0.000623" >
      </testcase>
      <testcase name="test_luck_120_adds_one_component" assertions="1" status="pass" classname="scripts/tests/recycler_service_test.gd" time="0.000627" >
      </testcase>
      <testcase name="test_luck_240_adds_two_components" assertions="1" status="pass" classname="scripts/tests/recycler_service_test.gd" time="0.000608" >
      </testcase>
      <testcase name="test_component_chance_caps_at_95_percent" assertions="1" status="pass" classname="scripts/tests/recycler_service_test.gd" time="0.000609" >
      </testcase>
      <testcase name="test_preview_shows_potential_components" assertions="2" status="pass" classname="scripts/tests/recycler_service_test.gd" time="0.000639" >
      </testcase>
      <testcase name="test_dismantle_uses_randomness_for_components" assertions="1" status="pass" classname="scripts/tests/recycler_service_test.gd" time="0.001505" >
      </testcase>
      <testcase name="test_broken_item_gives_zero_scrap" assertions="1" status="pass" classname="scripts/tests/recycler_service_test.gd" time="0.001034" >
      </testcase>
      <testcase name="test_negative_luck_normalized_to_zero" assertions="1" status="pass" classname="scripts/tests/recycler_service_test.gd" time="0.000567" >
      </testcase>
      <testcase name="test_empty_template_id_returns_zero_outcome" assertions="2" status="pass" classname="scripts/tests/recycler_service_test.gd" time="0.001036" >
      </testcase>
      <testcase name="test_base_scrap_override_works" assertions="1" status="pass" classname="scripts/tests/recycler_service_test.gd" time="0.001028" >
      </testcase>
      <testcase name="test_rarity_from_string_converts_correctly" assertions="3" status="pass" classname="scripts/tests/recycler_service_test.gd" time="0.000579" >
      </testcase>
      <testcase name="test_rarity_to_string_converts_correctly" assertions="2" status="pass" classname="scripts/tests/recycler_service_test.gd" time="0.000559" >
      </testcase>
      <testcase name="test_unknown_rarity_string_defaults_to_common" assertions="1" status="pass" classname="scripts/tests/recycler_service_test.gd" time="0.000913" >
      </testcase>
  </testsuite>
  <testsuite name="scripts/tests/save_integration_test.gd" tests="36" failures="0" skipped="0" time="0.303802" >
      <testcase name="test_save_all_services_succeeds" assertions="2" status="pass" classname="scripts/tests/save_integration_test.gd" time="0.011087" >
      </testcase>
      <testcase name="test_load_all_services_restores_state" assertions="4" status="pass" classname="scripts/tests/save_integration_test.gd" time="0.014399" >
      </testcase>
      <testcase name="test_multiple_services_save_and_load" assertions="2" status="pass" classname="scripts/tests/save_integration_test.gd" time="0.01245" >
      </testcase>
      <testcase name="test_transaction_history_persists" assertions="7" status="pass" classname="scripts/tests/save_integration_test.gd" time="0.012193" >
      </testcase>
      <testcase name="test_save_started_signal_emits" assertions="1" status="pass" classname="scripts/tests/save_integration_test.gd" time="0.007044" >
      </testcase>
      <testcase name="test_save_completed_signal_emits" assertions="2" status="pass" classname="scripts/tests/save_integration_test.gd" time="0.006971" >
      </testcase>
      <testcase name="test_load_started_signal_emits" assertions="1" status="pass" classname="scripts/tests/save_integration_test.gd" time="0.00926" >
      </testcase>
      <testcase name="test_load_completed_signal_emits" assertions="2" status="pass" classname="scripts/tests/save_integration_test.gd" time="0.009109" >
      </testcase>
      <testcase name="test_unsaved_changes_tracked_after_modification" assertions="1" status="pass" classname="scripts/tests/save_integration_test.gd" time="0.005193" >
      </testcase>
      <testcase name="test_unsaved_changes_cleared_after_save" assertions="1" status="pass" classname="scripts/tests/save_integration_test.gd" time="0.0068" >
      </testcase>
      <testcase name="test_load_nonexistent_save_fails_gracefully" assertions="1" status="pass" classname="scripts/tests/save_integration_test.gd" time="0.005824" >
      </testcase>
      <testcase name="test_metadata_shows_no_save_initially" assertions="1" status="pass" classname="scripts/tests/save_integration_test.gd" time="0.004653" >
      </testcase>
      <testcase name="test_metadata_populated_after_save" assertions="4" status="pass" classname="scripts/tests/save_integration_test.gd" time="0.006979" >
      </testcase>
      <testcase name="test_save_deleted_successfully" assertions="3" status="pass" classname="scripts/tests/save_integration_test.gd" time="0.007365" >
      </testcase>
      <testcase name="test_cross_service_state_consistency" assertions="3" status="pass" classname="scripts/tests/save_integration_test.gd" time="0.012531" >
      </testcase>
      <testcase name="test_stateless_service_save_succeeds" assertions="1" status="pass" classname="scripts/tests/save_integration_test.gd" time="0.007589" >
      </testcase>
      <testcase name="test_stateless_service_load_succeeds" assertions="1" status="pass" classname="scripts/tests/save_integration_test.gd" time="0.010526" >
      </testcase>
      <testcase name="test_recycler_service_functional_after_load" assertions="1" status="pass" classname="scripts/tests/save_integration_test.gd" time="0.010401" >
      </testcase>
      <testcase name="test_auto_save_enabled" assertions="1" status="pass" classname="scripts/tests/save_integration_test.gd" time="0.005749" >
      </testcase>
      <testcase name="test_auto_save_trigger_signal_emits" assertions="1" status="pass" classname="scripts/tests/save_integration_test.gd" time="0.007328" >
      </testcase>
      <testcase name="test_auto_save_creates_save_in_slot_0" assertions="2" status="pass" classname="scripts/tests/save_integration_test.gd" time="0.007146" >
      </testcase>
      <testcase name="test_auto_save_skips_when_no_changes" assertions="1" status="pass" classname="scripts/tests/save_integration_test.gd" time="0.005567" >
      </testcase>
      <testcase name="test_week15_load_all_services_returns_dictionary" assertions="1" status="pass" classname="scripts/tests/save_integration_test.gd" time="0.009623" >
      </testcase>
      <testcase name="test_week15_load_success_has_required_fields" assertions="3" status="pass" classname="scripts/tests/save_integration_test.gd" time="0.009509" >
      </testcase>
      <testcase name="test_week15_load_success_fields_correct_types" assertions="3" status="pass" classname="scripts/tests/save_integration_test.gd" time="0.009204" >
      </testcase>
      <testcase name="test_week15_load_success_returns_true" assertions="3" status="pass" classname="scripts/tests/save_integration_test.gd" time="0.009282" >
      </testcase>
      <testcase name="test_week15_load_failure_returns_false" assertions="3" status="pass" classname="scripts/tests/save_integration_test.gd" time="0.005735" >
      </testcase>
      <testcase name="test_week15_load_failure_error_message_populated" assertions="2" status="pass" classname="scripts/tests/save_integration_test.gd" time="0.005666" >
      </testcase>
      <testcase name="test_week15_load_corrupted_save_returns_error" assertions="3" status="pass" classname="scripts/tests/save_integration_test.gd" time="0.005871" >
      </testcase>
      <testcase name="test_week15_save_corruption_triggers_analytics_event" assertions="2" status="pass" classname="scripts/tests/save_integration_test.gd" time="0.005774" >
      </testcase>
      <testcase name="test_week15_primary_source_indicated_on_success" assertions="1" status="pass" classname="scripts/tests/save_integration_test.gd" time="0.009345" >
      </testcase>
      <testcase name="test_week15_backup_source_detection" assertions="1" status="pass" classname="scripts/tests/save_integration_test.gd" time="0.009421" >
      </testcase>
      <testcase name="test_week15_newer_version_save_returns_error" assertions="3" status="pass" classname="scripts/tests/save_integration_test.gd" time="0.009197" >
      </testcase>
      <testcase name="test_week15_multiple_failed_loads_return_consistent_errors" assertions="5" status="pass" classname="scripts/tests/save_integration_test.gd" time="0.009552" >
      </testcase>
      <testcase name="test_week15_character_service_persists_through_save_load" assertions="6" status="pass" classname="scripts/tests/save_integration_test.gd" time="0.009524" >
      </testcase>
      <testcase name="test_week15_multiple_characters_persist" assertions="2" status="pass" classname="scripts/tests/save_integration_test.gd" time="0.009935" >
      </testcase>
  </testsuite>
  <testsuite name="scripts/tests/save_system_test.gd" tests="20" failures="0" skipped="0" time="0.145174" >
      <testcase name="test_save_game_succeeds" assertions="2" status="pass" classname="scripts/tests/save_system_test.gd" time="0.00715" >
      </testcase>
      <testcase name="test_load_game_succeeds" assertions="2" status="pass" classname="scripts/tests/save_system_test.gd" time="0.007243" >
      </testcase>
      <testcase name="test_loaded_data_matches_saved_data" assertions="4" status="pass" classname="scripts/tests/save_system_test.gd" time="0.007244" >
      </testcase>
      <testcase name="test_save_to_multiple_slots" assertions="3" status="pass" classname="scripts/tests/save_system_test.gd" time="0.008112" >
      </testcase>
      <testcase name="test_load_from_multiple_slots" assertions="9" status="pass" classname="scripts/tests/save_system_test.gd" time="0.008986" >
      </testcase>
      <testcase name="test_non_existent_save_metadata" assertions="1" status="pass" classname="scripts/tests/save_system_test.gd" time="0.007189" >
      </testcase>
      <testcase name="test_existing_save_metadata" assertions="5" status="pass" classname="scripts/tests/save_system_test.gd" time="0.007698" >
      </testcase>
      <testcase name="test_second_save_creates_backup" assertions="1" status="pass" classname="scripts/tests/save_system_test.gd" time="0.007894" >
      </testcase>
      <testcase name="test_save_exists_after_creation" assertions="1" status="pass" classname="scripts/tests/save_system_test.gd" time="0.007276" >
      </testcase>
      <testcase name="test_save_deleted_successfully" assertions="2" status="pass" classname="scripts/tests/save_system_test.gd" time="0.007382" >
      </testcase>
      <testcase name="test_has_save_detects_empty_slots" assertions="2" status="pass" classname="scripts/tests/save_system_test.gd" time="0.006618" >
      </testcase>
      <testcase name="test_has_save_detects_existing_save" assertions="2" status="pass" classname="scripts/tests/save_system_test.gd" time="0.007081" >
      </testcase>
      <testcase name="test_negative_slot_save_fails" assertions="2" status="pass" classname="scripts/tests/save_system_test.gd" time="0.006587" >
      </testcase>
      <testcase name="test_too_large_slot_save_fails" assertions="1" status="pass" classname="scripts/tests/save_system_test.gd" time="0.00659" >
      </testcase>
      <testcase name="test_invalid_slot_load_fails" assertions="1" status="pass" classname="scripts/tests/save_system_test.gd" time="0.006557" >
      </testcase>
      <testcase name="test_invalid_slot_has_save_returns_false" assertions="1" status="pass" classname="scripts/tests/save_system_test.gd" time="0.006586" >
      </testcase>
      <testcase name="test_corruption_recovers_from_backup" assertions="2" status="pass" classname="scripts/tests/save_system_test.gd" time="0.007722" >
      </testcase>
      <testcase name="test_save_with_current_version" assertions="1" status="pass" classname="scripts/tests/save_system_test.gd" time="0.007041" >
      </testcase>
      <testcase name="test_load_verifies_version" assertions="2" status="pass" classname="scripts/tests/save_system_test.gd" time="0.007155" >
      </testcase>
      <testcase name="test_future_version_rejected" assertions="2" status="pass" classname="scripts/tests/save_system_test.gd" time="0.007063" >
      </testcase>
  </testsuite>
  <testsuite name="scripts/tests/scene_integration_test.gd" tests="15" failures="0" skipped="0" time="1.029384" >
      <testcase name="test_player_entity_loads_character_stats" assertions="6" status="pass" classname="scripts/tests/scene_integration_test.gd" time="0.02449" >
      </testcase>
      <testcase name="test_player_movement_uses_speed_stat" assertions="3" status="pass" classname="scripts/tests/scene_integration_test.gd" time="0.138833" >
      </testcase>
      <testcase name="test_player_take_damage_applies_armor" assertions="3" status="pass" classname="scripts/tests/scene_integration_test.gd" time="0.096508" >
      </testcase>
      <testcase name="test_player_death_triggers_signal" assertions="4" status="pass" classname="scripts/tests/scene_integration_test.gd" time="0.108085" >
      </testcase>
      <testcase name="test_player_heal_respects_max_hp" assertions="3" status="pass" classname="scripts/tests/scene_integration_test.gd" time="0.093825" >
      </testcase>
      <testcase name="test_player_equips_weapon" assertions="4" status="pass" classname="scripts/tests/scene_integration_test.gd" time="0.105097" >
      </testcase>
      <testcase name="test_enemy_entity_scales_with_wave" assertions="4" status="pass" classname="scripts/tests/scene_integration_test.gd" time="0.004955" >
      </testcase>
      <testcase name="test_enemy_moves_toward_player" assertions="4" status="pass" classname="scripts/tests/scene_integration_test.gd" time="0.139633" >
      </testcase>
      <testcase name="test_enemy_death_emits_signal" assertions="4" status="pass" classname="scripts/tests/scene_integration_test.gd" time="0.008567" >
[...]
      </testcase>
      <testcase name="test_deleting_all_characters_and_save_restores_first_run_state" assertions="3" status="pass" classname="scripts/tests/ui/first_run_flow_integration_test.gd" time="0.049382" >
      </testcase>
      <testcase name="test_game_state_reset_clears_active_character" assertions="2" status="pass" classname="scripts/tests/ui/first_run_flow_integration_test.gd" time="0.052062" >
      </testcase>
      <testcase name="test_game_state_active_character_not_persisted_in_save_file" assertions="2" status="pass" classname="scripts/tests/ui/first_run_flow_integration_test.gd" time="0.058222" >
      </testcase>
      <testcase name="test_multiple_app_launches_without_save" assertions="3" status="pass" classname="scripts/tests/ui/first_run_flow_integration_test.gd" time="0.041298" >
      </testcase>
      <testcase name="test_character_created_but_not_saved_then_app_restart" assertions="4" status="pass" classname="scripts/tests/ui/first_run_flow_integration_test.gd" time="0.049664" >
      </testcase>
      <testcase name="test_save_file_manually_deleted_triggers_first_run" assertions="2" status="pass" classname="scripts/tests/ui/first_run_flow_integration_test.gd" time="0.051764" >
      </testcase>
      <testcase name="test_auto_navigation_delay_allows_ui_to_load" assertions="1" status="pass" classname="scripts/tests/ui/first_run_flow_integration_test.gd" time="0.051403" >
      </testcase>
      <testcase name="test_full_first_run_service_integration" assertions="7" status="pass" classname="scripts/tests/ui/first_run_flow_integration_test.gd" time="0.065636" >
      </testcase>
      <testcase name="test_tier_limits_respected_during_first_run" assertions="5" status="pass" classname="scripts/tests/ui/first_run_flow_integration_test.gd" time="0.030316" >
      </testcase>
  </testsuite>
  <testsuite name="scripts/tests/ui/game_over_screen_test.gd" tests="14" failures="0" skipped="0" time="1.435381" >
      <testcase name="test_xp_calculation_formula" assertions="3" status="pass" classname="scripts/tests/ui/game_over_screen_test.gd" time="0.085725" >
      </testcase>
      <testcase name="test_xp_award_triggers_level_up" assertions="5" status="pass" classname="scripts/tests/ui/game_over_screen_test.gd" time="0.10059" >
      </testcase>
      <testcase name="test_xp_award_multiple_levels" assertions="4" status="pass" classname="scripts/tests/ui/game_over_screen_test.gd" time="0.101881" >
      </testcase>
      <testcase name="test_highest_wave_updated" assertions="2" status="pass" classname="scripts/tests/ui/game_over_screen_test.gd" time="0.096893" >
      </testcase>
      <testcase name="test_highest_wave_not_updated_if_lower" assertions="2" status="pass" classname="scripts/tests/ui/game_over_screen_test.gd" time="0.099252" >
      </testcase>
      <testcase name="test_total_kills_accumulated" assertions="2" status="pass" classname="scripts/tests/ui/game_over_screen_test.gd" time="0.106047" >
      </testcase>
      <testcase name="test_death_count_incremented" assertions="3" status="pass" classname="scripts/tests/ui/game_over_screen_test.gd" time="0.146764" >
      </testcase>
      <testcase name="test_xp_progress_bar_updated" assertions="3" status="pass" classname="scripts/tests/ui/game_over_screen_test.gd" time="0.106028" >
      </testcase>
      <testcase name="test_stats_display_shows_all_stats" assertions="5" status="pass" classname="scripts/tests/ui/game_over_screen_test.gd" time="0.094863" >
      </testcase>
      <testcase name="test_xp_gained_label_shows_correct_value" assertions="2" status="pass" classname="scripts/tests/ui/game_over_screen_test.gd" time="0.101918" >
      </testcase>
      <testcase name="test_no_character_id_shows_na" assertions="3" status="pass" classname="scripts/tests/ui/game_over_screen_test.gd" time="0.097308" >
      </testcase>
      <testcase name="test_zero_performance_gives_zero_xp" assertions="3" status="pass" classname="scripts/tests/ui/game_over_screen_test.gd" time="0.099278" >
      </testcase>
      <testcase name="test_invalid_character_id_handles_gracefully" assertions="2" status="pass" classname="scripts/tests/ui/game_over_screen_test.gd" time="0.103634" >
      </testcase>
      <testcase name="test_character_progress_saved_on_death" assertions="3" status="pass" classname="scripts/tests/ui/game_over_screen_test.gd" time="0.0952" >
      </testcase>
  </testsuite>
  <testsuite name="scripts/tests/virtual_joystick_test.gd" tests="26" failures="0" skipped="0" time="1.302157" >
      <testcase name="test_virtual_joystick_has_full_screen_anchors" assertions="4" status="pass" classname="scripts/tests/virtual_joystick_test.gd" time="0.04804" >
      </testcase>
      <testcase name="test_virtual_joystick_has_correct_mouse_filter" assertions="1" status="pass" classname="scripts/tests/virtual_joystick_test.gd" time="0.054993" >
      </testcase>
      <testcase name="test_virtual_joystick_control_rect_covers_viewport" assertions="2" status="pass" classname="scripts/tests/virtual_joystick_test.gd" time="0.048457" >
      </testcase>
      <testcase name="test_virtual_joystick_initially_hidden" assertions="2" status="pass" classname="scripts/tests/virtual_joystick_test.gd" time="0.047753" >
      </testcase>
      <testcase name="test_touch_zone_is_left_half_of_screen" assertions="1" status="pass" classname="scripts/tests/virtual_joystick_test.gd" time="0.04839" >
      </testcase>
      <testcase name="test_left_half_touch_activates_joystick" assertions="4" status="pass" classname="scripts/tests/virtual_joystick_test.gd" time="0.048581" >
      </testcase>
      <testcase name="test_right_half_touch_is_rejected" assertions="3" status="pass" classname="scripts/tests/virtual_joystick_test.gd" time="0.054111" >
      </testcase>
      <testcase name="test_touch_at_exact_boundary_left_side" assertions="1" status="pass" classname="scripts/tests/virtual_joystick_test.gd" time="0.048856" >
      </testcase>
      <testcase name="test_touch_at_exact_boundary_right_side" assertions="1" status="pass" classname="scripts/tests/virtual_joystick_test.gd" time="0.048184" >
      </testcase>
      <testcase name="test_dead_zone_prevents_small_movements" assertions="2" status="pass" classname="scripts/tests/virtual_joystick_test.gd" time="0.048008" >
      </testcase>
      <testcase name="test_dead_zone_crossed_at_threshold" assertions="2" status="pass" classname="scripts/tests/virtual_joystick_test.gd" time="0.049265" >
      </testcase>
      <testcase name="test_dead_zone_exactly_at_threshold" assertions="2" status="pass" classname="scripts/tests/virtual_joystick_test.gd" time="0.054632" >
      </testcase>
      <testcase name="test_dead_zone_does_not_reapply_during_drag" assertions="4" status="pass" classname="scripts/tests/virtual_joystick_test.gd" time="0.047754" >
      </testcase>
      <testcase name="test_dead_zone_resets_on_touch_release" assertions="3" status="pass" classname="scripts/tests/virtual_joystick_test.gd" time="0.049033" >
      </testcase>
      <testcase name="test_joystick_appears_at_touch_point" assertions="2" status="pass" classname="scripts/tests/virtual_joystick_test.gd" time="0.048037" >
      </testcase>
      <testcase name="test_joystick_hides_on_release" assertions="3" status="pass" classname="scripts/tests/virtual_joystick_test.gd" time="0.054817" >
      </testcase>
      <testcase name="test_stick_position_updates_during_drag" assertions="1" status="pass" classname="scripts/tests/virtual_joystick_test.gd" time="0.048711" >
      </testcase>
      <testcase name="test_stick_clamped_to_max_distance" assertions="2" status="pass" classname="scripts/tests/virtual_joystick_test.gd" time="0.055093" >
      </testcase>
      <testcase name="test_direction_calculation_right" assertions="1" status="pass" classname="scripts/tests/virtual_joystick_test.gd" time="0.047895" >
      </testcase>
      <testcase name="test_direction_calculation_down" assertions="1" status="pass" classname="scripts/tests/virtual_joystick_test.gd" time="0.055066" >
      </testcase>
      <testcase name="test_direction_calculation_diagonal" assertions="2" status="pass" classname="scripts/tests/virtual_joystick_test.gd" time="0.048298" >
      </testcase>
      <testcase name="test_direction_zero_at_origin" assertions="2" status="pass" classname="scripts/tests/virtual_joystick_test.gd" time="0.048428" >
      </testcase>
      <testcase name="test_ignores_second_touch_while_active" assertions="2" status="pass" classname="scripts/tests/virtual_joystick_test.gd" time="0.047915" >
      </testcase>
      <testcase name="test_tracks_correct_touch_index" assertions="1" status="pass" classname="scripts/tests/virtual_joystick_test.gd" time="0.055825" >
      </testcase>
      <testcase name="test_direction_changed_signal_emitted" assertions="1" status="pass" classname="scripts/tests/virtual_joystick_test.gd" time="0.049034" >
      </testcase>
      <testcase name="test_direction_changed_signal_on_release" assertions="2" status="pass" classname="scripts/tests/virtual_joystick_test.gd" time="0.046981" >
      </testcase>
  </testsuite>
  <testsuite name="scripts/tests/wasteland_camera_boundary_test.gd" tests="17" failures="0" skipped="0" time="0.901832" >
      <testcase name="test_wasteland_camera_has_camera_controller_script" assertions="4" status="pass" classname="scripts/tests/wasteland_camera_boundary_test.gd" time="0.046153" >
      </testcase>
      <testcase name="test_wasteland_camera_has_correct_boundaries" assertions="3" status="pass" classname="scripts/tests/wasteland_camera_boundary_test.gd" time="0.041958" >
      </testcase>
      <testcase name="test_wasteland_camera_has_follow_smoothness" assertions="4" status="pass" classname="scripts/tests/wasteland_camera_boundary_test.gd" time="0.055045" >
      </testcase>
      <testcase name="test_camera_built_in_smoothing_disabled" assertions="3" status="pass" classname="scripts/tests/wasteland_camera_boundary_test.gd" time="0.048335" >
      </testcase>
      <testcase name="test_camera_starts_disabled" assertions="3" status="pass" classname="scripts/tests/wasteland_camera_boundary_test.gd" time="0.103777" >
      </testcase>
      <testcase name="test_camera_clamps_to_left_boundary" assertions="3" status="pass" classname="scripts/tests/wasteland_camera_boundary_test.gd" time="0.053897" >
      </testcase>
      <testcase name="test_camera_clamps_to_right_boundary" assertions="3" status="pass" classname="scripts/tests/wasteland_camera_boundary_test.gd" time="0.049719" >
      </testcase>
      <testcase name="test_camera_clamps_to_top_boundary" assertions="3" status="pass" classname="scripts/tests/wasteland_camera_boundary_test.gd" time="0.047637" >
      </testcase>
      <testcase name="test_camera_clamps_to_bottom_boundary" assertions="3" status="pass" classname="scripts/tests/wasteland_camera_boundary_test.gd" time="0.055541" >
      </testcase>
      <testcase name="test_camera_visible_area_stays_within_boundaries_left_edge" assertions="4" status="pass" classname="scripts/tests/wasteland_camera_boundary_test.gd" time="0.048322" >
      </testcase>
      <testcase name="test_camera_visible_area_stays_within_boundaries_right_edge" assertions="3" status="pass" classname="scripts/tests/wasteland_camera_boundary_test.gd" time="0.047992" >
      </testcase>
      <testcase name="test_camera_visible_area_stays_within_boundaries_top_edge" assertions="3" status="pass" classname="scripts/tests/wasteland_camera_boundary_test.gd" time="0.048388" >
      </testcase>
      <testcase name="test_camera_visible_area_stays_within_boundaries_bottom_edge" assertions="3" status="pass" classname="scripts/tests/wasteland_camera_boundary_test.gd" time="0.055122" >
      </testcase>
      <testcase name="test_camera_follows_player_smoothly" assertions="4" status="pass" classname="scripts/tests/wasteland_camera_boundary_test.gd" time="0.048214" >
      </testcase>
      <testcase name="test_camera_and_player_boundaries_work_together" assertions="4" status="pass" classname="scripts/tests/wasteland_camera_boundary_test.gd" time="0.048522" >
      </testcase>
      <testcase name="test_camera_screen_shake_still_works" assertions="4" status="pass" classname="scripts/tests/wasteland_camera_boundary_test.gd" time="0.048005" >
      </testcase>
      <testcase name="test_camera_smooth_follow_preserved" assertions="3" status="pass" classname="scripts/tests/wasteland_camera_boundary_test.gd" time="0.055205" >
      </testcase>
  </testsuite>
  <testsuite name="scripts/tests/wave_manager_test.gd" tests="13" failures="0" skipped="0" time="5.434039" >
      <testcase name="test_wave_manager_initializes_correctly" assertions="3" status="pass" classname="scripts/tests/wave_manager_test.gd" time="0.000226" >
      </testcase>
      <testcase name="test_wave_manager_starts_wave" assertions="3" status="pass" classname="scripts/tests/wave_manager_test.gd" time="0.001912" >
      </testcase>
      <testcase name="test_wave_manager_spawns_correct_enemy_count" assertions="1" status="pass" classname="scripts/tests/wave_manager_test.gd" time="3.878337" >
      </testcase>
      <testcase name="test_minimum_spawn_guarantee_triggers" assertions="2" status="pass" classname="scripts/tests/wave_manager_test.gd" time="0.009741" >
      </testcase>
      <testcase name="test_wave_manager_completes_wave_when_all_killed" assertions="3" status="pass" classname="scripts/tests/wave_manager_test.gd" time="0.003551" >
      </testcase>
      <testcase name="test_wave_manager_tracks_wave_stats" assertions="4" status="pass" classname="scripts/tests/wave_manager_test.gd" time="0.001937" >
      </testcase>
      <testcase name="test_wave_manager_increments_wave_number" assertions="3" status="pass" classname="scripts/tests/wave_manager_test.gd" time="1.519332" >
      </testcase>
      <testcase name="test_wave_manager_game_over_state" assertions="1" status="pass" classname="scripts/tests/wave_manager_test.gd" time="0.000797" >
      </testcase>
      <testcase name="test_wave_manager_emits_wave_completed_with_stats" assertions="4" status="pass" classname="scripts/tests/wave_manager_test.gd" time="0.004599" >
      </testcase>
      <testcase name="test_wave_manager_tracks_living_enemies" assertions="3" status="pass" classname="scripts/tests/wave_manager_test.gd" time="0.000431" >
      </testcase>
      <testcase name="test_wave_manager_calculates_wave_time" assertions="3" status="pass" classname="scripts/tests/wave_manager_test.gd" time="0.006066" >
      </testcase>
      <testcase name="test_wave_manager_only_completes_in_combat_state" assertions="2" status="pass" classname="scripts/tests/wave_manager_test.gd" time="0.006925" >
      </testcase>
      <testcase name="test_next_wave_increases_enemy_count" assertions="1" status="pass" classname="scripts/tests/wave_manager_test.gd" time="0.000185" >
      </testcase>
  </testsuite>
  <testsuite name="scripts/tests/weapon_service_test.gd" tests="27" failures="0" skipped="0" time="0.035773" >
      <testcase name="test_weapon_exists_returns_true_for_valid_weapon" assertions="1" status="pass" classname="scripts/tests/weapon_service_test.gd" time="0.002158" >
      </testcase>
      <testcase name="test_weapon_exists_returns_false_for_invalid_weapon" assertions="1" status="pass" classname="scripts/tests/weapon_service_test.gd" time="0.001383" >
      </testcase>
      <testcase name="test_get_weapon_returns_valid_data" assertions="5" status="pass" classname="scripts/tests/weapon_service_test.gd" time="0.001474" >
      </testcase>
      <testcase name="test_get_weapon_returns_empty_for_invalid_weapon" assertions="1" status="pass" classname="scripts/tests/weapon_service_test.gd" time="0.001939" >
      </testcase>
      <testcase name="test_equip_weapon_success" assertions="2" status="pass" classname="scripts/tests/weapon_service_test.gd" time="0.001962" >
      </testcase>
      <testcase name="test_equip_weapon_with_empty_character_id_fails" assertions="1" status="pass" classname="scripts/tests/weapon_service_test.gd" time="0.001672" >
      </testcase>
      <testcase name="test_equip_weapon_with_invalid_weapon_id_fails" assertions="1" status="pass" classname="scripts/tests/weapon_service_test.gd" time="0.001641" >
      </testcase>
      <testcase name="test_equip_weapon_with_tier_restriction" assertions="2" status="pass" classname="scripts/tests/weapon_service_test.gd" time="0.002308" >
      </testcase>
      <testcase name="test_equip_weapon_replaces_previous_weapon" assertions="2" status="pass" classname="scripts/tests/weapon_service_test.gd" time="0.002118" >
      </testcase>
      <testcase name="test_unequip_weapon" assertions="1" status="pass" classname="scripts/tests/weapon_service_test.gd" time="0.001902" >
      </testcase>
      <testcase name="test_get_weapon_damage_with_base_stats_only" assertions="1" status="pass" classname="scripts/tests/weapon_service_test.gd" time="0.001003" >
      </testcase>
      <testcase name="test_get_weapon_damage_with_character_damage_bonus" assertions="1" status="pass" classname="scripts/tests/weapon_service_test.gd" time="0.000988" >
      </testcase>
      <testcase name="test_get_weapon_damage_with_melee_bonus" assertions="1" status="pass" classname="scripts/tests/weapon_service_test.gd" time="0.000943" >
      </testcase>
      <testcase name="test_get_weapon_damage_with_ranged_bonus" assertions="1" status="pass" classname="scripts/tests/weapon_service_test.gd" time="0.00088" >
      </testcase>
      <testcase name="test_get_weapon_damage_ignores_wrong_type_bonus" assertions="1" status="pass" classname="scripts/tests/weapon_service_test.gd" time="0.000886" >
      </testcase>
      <testcase name="test_get_weapon_cooldown_with_zero_attack_speed" assertions="1" status="pass" classname="scripts/tests/weapon_service_test.gd" time="0.000887" >
      </testcase>
      <testcase name="test_attack_speed_reduces_cooldown" assertions="1" status="pass" classname="scripts/tests/weapon_service_test.gd" time="0.000882" >
      </testcase>
      <testcase name="test_attack_speed_caps_at_75_percent" assertions="1" status="pass" classname="scripts/tests/weapon_service_test.gd" time="0.000874" >
      </testcase>
      <testcase name="test_attack_speed_50_percent_reduction" assertions="1" status="pass" classname="scripts/tests/weapon_service_test.gd" time="0.000875" >
      </testcase>
      <testcase name="test_can_fire_weapon_when_ready" assertions="1" status="pass" classname="scripts/tests/weapon_service_test.gd" time="0.000886" >
      </testcase>
      <testcase name="test_can_fire_weapon_returns_false_during_cooldown" assertions="1" status="pass" classname="scripts/tests/weapon_service_test.gd" time="0.001275" >
      </testcase>
      <testcase name="test_fire_weapon_success" assertions="2" status="pass" classname="scripts/tests/weapon_service_test.gd" time="0.001156" >
      </testcase>
      <testcase name="test_fire_weapon_with_invalid_weapon_id_fails" assertions="1" status="pass" classname="scripts/tests/weapon_service_test.gd" time="0.00114" >
      </testcase>
      <testcase name="test_fire_weapon_respects_cooldown" assertions="1" status="pass" classname="scripts/tests/weapon_service_test.gd" time="0.001148" >
      </testcase>
      <testcase name="test_get_cooldown_remaining" assertions="1" status="pass" classname="scripts/tests/weapon_service_test.gd" time="0.001156" >
      </testcase>
      <testcase name="test_get_available_weapons_for_free_tier" assertions="3" status="pass" classname="scripts/tests/weapon_service_test.gd" time="0.00115" >
      </testcase>
      <testcase name="test_get_available_weapons_for_premium_tier" assertions="4" status="pass" classname="scripts/tests/weapon_service_test.gd" time="0.001087" >
      </testcase>
  </testsuite>
</testsuites>