<?xml version="1.0" encoding="UTF-8"?>
<testsuites name="GutTests" failures="188" tests="516" >
  <testsuite name="scripts/tests/aura_foundation_test.gd" tests="19" failures="0" skipped="0" time="0.595485" >
      <testcase name="test_aura_data_stored_in_character" assertions="4" status="pass" classname="scripts/tests/aura_foundation_test.gd" time="0.001088" >
      </testcase>
      <testcase name="test_aura_type_matches_character_type" assertions="1" status="pass" classname="scripts/tests/aura_foundation_test.gd" time="0.000883" >
      </testcase>
      <testcase name="test_scavenger_has_collect_aura" assertions="3" status="pass" classname="scripts/tests/aura_foundation_test.gd" time="0.00091" >
      </testcase>
      <testcase name="test_tank_has_shield_aura" assertions="2" status="pass" classname="scripts/tests/aura_foundation_test.gd" time="0.000892" >
      </testcase>
      <testcase name="test_commando_has_no_aura" assertions="1" status="pass" classname="scripts/tests/aura_foundation_test.gd" time="0.000868" >
      </testcase>
      <testcase name="test_calculate_aura_power_with_resonance" assertions="4" status="pass" classname="scripts/tests/aura_foundation_test.gd" time="0.000335" >
      </testcase>
      <testcase name="test_calculate_aura_power_for_all_types" assertions="6" status="pass" classname="scripts/tests/aura_foundation_test.gd" time="0.000333" >
      </testcase>
      <testcase name="test_calculate_aura_radius_from_pickup_range" assertions="3" status="pass" classname="scripts/tests/aura_foundation_test.gd" time="0.000321" >
      </testcase>
      <testcase name="test_invalid_aura_type_returns_zero" assertions="1" status="pass" classname="scripts/tests/aura_foundation_test.gd" time="0.000319" >
      </testcase>
      <testcase name="test_aura_persists_after_save_load" assertions="4" status="pass" classname="scripts/tests/aura_foundation_test.gd" time="0.001455" >
      </testcase>
      <testcase name="test_multiple_characters_with_different_auras_persist" assertions="3" status="pass" classname="scripts/tests/aura_foundation_test.gd" time="0.001988" >
      </testcase>
      <testcase name="test_all_aura_types_have_required_fields" assertions="48" status="pass" classname="scripts/tests/aura_foundation_test.gd" time="0.000402" >
      </testcase>
      <testcase name="test_aura_visual_can_be_instantiated" assertions="3" status="pass" classname="scripts/tests/aura_foundation_test.gd" time="0.000415" >
      </testcase>
      <testcase name="test_aura_visual_creates_child_nodes" assertions="2" status="pass" classname="scripts/tests/aura_foundation_test.gd" time="0.003811" >
      </testcase>
      <testcase name="test_aura_visual_update_changes_parameters" assertions="3" status="pass" classname="scripts/tests/aura_foundation_test.gd" time="0.021069" >
      </testcase>
      <testcase name="test_aura_visual_set_emitting" assertions="3" status="pass" classname="scripts/tests/aura_foundation_test.gd" time="0.062014" >
      </testcase>
      <testcase name="test_aura_visual_colors_match_aura_types" assertions="6" status="pass" classname="scripts/tests/aura_foundation_test.gd" time="0.394968" >
      </testcase>
      <testcase name="test_aura_visual_ring_has_correct_point_count" assertions="2" status="pass" classname="scripts/tests/aura_foundation_test.gd" time="0.053531" >
      </testcase>
      <testcase name="test_mutant_has_damage_aura_visual" assertions="4" status="pass" classname="scripts/tests/aura_foundation_test.gd" time="0.049883" >
      </testcase>
  </testsuite>
  <testsuite name="scripts/tests/banking_service_test.gd" tests="13" failures="0" skipped="0" time="0.020268" >
      <testcase name="test_initial_state_all_balances_are_zero" assertions="2" status="pass" classname="scripts/tests/banking_service_test.gd" time="0.002924" >
      </testcase>
      <testcase name="test_add_currency_increases_balance" assertions="4" status="pass" classname="scripts/tests/banking_service_test.gd" time="0.003806" >
      </testcase>
      <testcase name="test_subtract_currency_decreases_balance" assertions="2" status="pass" classname="scripts/tests/banking_service_test.gd" time="0.001738" >
      </testcase>
      <testcase name="test_subtract_currency_with_insufficient_funds_fails" assertions="2" status="pass" classname="scripts/tests/banking_service_test.gd" time="0.001193" >
      </testcase>
      <testcase name="test_tier_gating_free_tier_denies_access" assertions="1" status="pass" classname="scripts/tests/banking_service_test.gd" time="0.000882" >
      </testcase>
      <testcase name="test_tier_gating_premium_tier_grants_access" assertions="1" status="pass" classname="scripts/tests/banking_service_test.gd" time="0.000879" >
      </testcase>
      <testcase name="test_tier_gating_subscription_tier_grants_access" assertions="1" status="pass" classname="scripts/tests/banking_service_test.gd" time="0.001018" >
      </testcase>
      <testcase name="test_balance_caps_premium_tier_enforces_10k_limit" assertions="3" status="pass" classname="scripts/tests/banking_service_test.gd" time="0.001172" >
      </testcase>
      <testcase name="test_balance_caps_subscription_tier_enforces_100k_limit" assertions="1" status="pass" classname="scripts/tests/banking_service_test.gd" time="0.000882" >
      </testcase>
      <testcase name="test_transaction_history_records_all_operations" assertions="4" status="pass" classname="scripts/tests/banking_service_test.gd" time="0.001751" >
      </testcase>
      <testcase name="test_get_tier_returns_current_tier" assertions="3" status="pass" classname="scripts/tests/banking_service_test.gd" time="0.001163" >
      </testcase>
      <testcase name="test_currency_changed_signal_emits_on_add" assertions="4" status="pass" classname="scripts/tests/banking_service_test.gd" time="0.001333" >
      </testcase>
      <testcase name="test_currency_changed_signal_emits_on_subtract" assertions="2" status="pass" classname="scripts/tests/banking_service_test.gd" time="0.001527" >
      </testcase>
  </testsuite>
  <testsuite name="scripts/tests/character_service_test.gd" tests="43" failures="0" skipped="0" time="0.07124" >
      <testcase name="test_create_character_returns_valid_id" assertions="2" status="pass" classname="scripts/tests/character_service_test.gd" time="0.000909" >
      </testcase>
      <testcase name="test_create_character_stores_correct_data" assertions="5" status="pass" classname="scripts/tests/character_service_test.gd" time="0.000932" >
      </testcase>
      <testcase name="test_create_character_with_empty_name_fails" assertions="2" status="pass" classname="scripts/tests/character_service_test.gd" time="0.000886" >
      </testcase>
      <testcase name="test_create_character_sets_default_stats" assertions="5" status="pass" classname="scripts/tests/character_service_test.gd" time="0.000924" >
      </testcase>
      <testcase name="test_first_character_becomes_active" assertions="1" status="pass" classname="scripts/tests/character_service_test.gd" time="0.000894" >
      </testcase>
      <testcase name="test_get_character_returns_correct_data" assertions="2" status="pass" classname="scripts/tests/character_service_test.gd" time="0.001112" >
      </testcase>
      <testcase name="test_get_nonexistent_character_returns_empty_dict" assertions="1" status="pass" classname="scripts/tests/character_service_test.gd" time="0.001085" >
      </testcase>
      <testcase name="test_get_all_characters_returns_all_created" assertions="1" status="pass" classname="scripts/tests/character_service_test.gd" time="0.001948" >
      </testcase>
      <testcase name="test_update_character_modifies_data" assertions="3" status="pass" classname="scripts/tests/character_service_test.gd" time="0.001165" >
      </testcase>
      <testcase name="test_update_nonexistent_character_fails" assertions="1" status="pass" classname="scripts/tests/character_service_test.gd" time="0.00085" >
      </testcase>
      <testcase name="test_delete_character_removes_from_storage" assertions="2" status="pass" classname="scripts/tests/character_service_test.gd" time="0.002059" >
      </testcase>
      <testcase name="test_delete_active_character_clears_active_state" assertions="1" status="pass" classname="scripts/tests/character_service_test.gd" time="0.002535" >
      </testcase>
      <testcase name="test_delete_only_character_clears_active" assertions="1" status="pass" classname="scripts/tests/character_service_test.gd" time="0.001436" >
      </testcase>
      <testcase name="test_set_active_character_changes_active" assertions="2" status="pass" classname="scripts/tests/character_service_test.gd" time="0.00194" >
      </testcase>
      <testcase name="test_set_active_nonexistent_character_fails" assertions="2" status="pass" classname="scripts/tests/character_service_test.gd" time="0.001228" >
      </testcase>
      <testcase name="test_get_active_character_returns_correct_data" assertions="2" status="pass" classname="scripts/tests/character_service_test.gd" time="0.001655" >
      </testcase>
      <testcase name="test_free_tier_allows_3_characters" assertions="5" status="pass" classname="scripts/tests/character_service_test.gd" time="0.002684" >
      </testcase>
      <testcase name="test_premium_tier_allows_10_characters" assertions="12" status="pass" classname="scripts/tests/character_service_test.gd" time="0.004437" >
      </testcase>
      <testcase name="test_subscription_tier_allows_unlimited_characters" assertions="16" status="pass" classname="scripts/tests/character_service_test.gd" time="0.005695" >
      </testcase>
      <testcase name="test_can_create_character_respects_tier_limits" assertions="4" status="pass" classname="scripts/tests/character_service_test.gd" time="0.001849" >
      </testcase>
      <testcase name="test_get_available_slots_returns_correct_count" assertions="4" status="pass" classname="scripts/tests/character_service_test.gd" time="0.001917" >
      </testcase>
      <testcase name="test_add_experience_increases_xp" assertions="3" status="pass" classname="scripts/tests/character_service_test.gd" time="0.001022" >
      </testcase>
      <testcase name="test_level_up_at_100_xp" assertions="3" status="pass" classname="scripts/tests/character_service_test.gd" time="0.001311" >
      </testcase>
      <testcase name="test_level_up_increases_stats" assertions="3" status="pass" classname="scripts/tests/character_service_test.gd" time="0.001331" >
      </testcase>
      <testcase name="test_multiple_level_ups_from_single_xp_gain" assertions="2" status="pass" classname="scripts/tests/character_service_test.gd" time="0.001701" >
      </testcase>
      <testcase name="test_add_zero_or_negative_xp_does_nothing" assertions="3" status="pass" classname="scripts/tests/character_service_test.gd" time="0.000966" >
      </testcase>
      <testcase name="test_character_death_increments_death_count" assertions="2" status="pass" classname="scripts/tests/character_service_test.gd" time="0.001257" >
      </testcase>
      <testcase name="test_multiple_deaths_increment_count" assertions="1" status="pass" classname="scripts/tests/character_service_test.gd" time="0.001837" >
      </testcase>
      <testcase name="test_character_create_pre_hook_fires" assertions="1" status="pass" classname="scripts/tests/character_service_test.gd" time="0.001136" >
      </testcase>
      <testcase name="test_character_create_post_hook_fires" assertions="1" status="pass" classname="scripts/tests/character_service_test.gd" time="0.001072" >
      </testcase>
      <testcase name="test_character_level_up_pre_hook_fires" assertions="1" status="pass" classname="scripts/tests/character_service_test.gd" time="0.001326" >
      </testcase>
      <testcase name="test_character_level_up_post_hook_fires" assertions="1" status="pass" classname="scripts/tests/character_service_test.gd" time="0.001336" >
      </testcase>
      <testcase name="test_character_death_pre_hook_fires" assertions="1" status="pass" classname="scripts/tests/character_service_test.gd" time="0.001321" >
      </testcase>
      <testcase name="test_character_death_post_hook_fires" assertions="1" status="pass" classname="scripts/tests/character_service_test.gd" time="0.001312" >
      </testcase>
      <testcase name="test_serialize_returns_valid_data" assertions="4" status="pass" classname="scripts/tests/character_service_test.gd" time="0.001211" >
      </testcase>
      <testcase name="test_deserialize_restores_characters" assertions="2" status="pass" classname="scripts/tests/character_service_test.gd" time="0.002143" >
      </testcase>
      <testcase name="test_deserialize_restores_character_stats" assertions="3" status="pass" classname="scripts/tests/character_service_test.gd" time="0.002116" >
      </testcase>
      <testcase name="test_full_save_load_cycle_with_save_manager" assertions="5" status="pass" classname="scripts/tests/character_service_test.gd" time="0.004481" >
      </testcase>
      <testcase name="test_character_created_signal_fires" assertions="1" status="pass" classname="scripts/tests/character_service_test.gd" time="0.001007" >
      </testcase>
      <testcase name="test_character_deleted_signal_fires" assertions="1" status="pass" classname="scripts/tests/character_service_test.gd" time="0.001239" >
      </testcase>
      <testcase name="test_active_character_changed_signal_fires" assertions="1" status="pass" classname="scripts/tests/character_service_test.gd" time="0.001513" >
      </testcase>
      <testcase name="test_character_stats_changed_signal_fires_on_update" assertions="1" status="pass" classname="scripts/tests/character_service_test.gd" time="0.00123" >
      </testcase>
      <testcase name="test_character_stats_changed_signal_fires_on_level_up" assertions="1" status="pass" classname="scripts/tests/character_service_test.gd" time="0.001232" >
      </testcase>
  </testsuite>
  <testsuite name="scripts/tests/character_stats_expansion_test.gd" tests="24" failures="0" skipped="0" time="0.022258" >
      <testcase name="test_hp_regen_exists_in_default_stats" assertions="2" status="pass" classname="scripts/tests/character_stats_expansion_test.gd" time="0.0006" >
      </testcase>
      <testcase name="test_life_steal_exists_in_default_stats" assertions="2" status="pass" classname="scripts/tests/character_stats_expansion_test.gd" time="0.00059" >
      </testcase>
      <testcase name="test_attack_speed_exists_in_default_stats" assertions="2" status="pass" classname="scripts/tests/character_stats_expansion_test.gd" time="0.000623" >
      </testcase>
      <testcase name="test_melee_damage_exists_in_default_stats" assertions="2" status="pass" classname="scripts/tests/character_stats_expansion_test.gd" time="0.000592" >
      </testcase>
      <testcase name="test_ranged_damage_exists_in_default_stats" assertions="2" status="pass" classname="scripts/tests/character_stats_expansion_test.gd" time="0.000582" >
      </testcase>
      <testcase name="test_scavenging_exists_in_default_stats" assertions="2" status="pass" classname="scripts/tests/character_stats_expansion_test.gd" time="0.000598" >
      </testcase>
      <testcase name="test_resonance_exists_in_default_stats" assertions="2" status="pass" classname="scripts/tests/character_stats_expansion_test.gd" time="0.000566" >
      </testcase>
      <testcase name="test_new_character_has_hp_regen" assertions="2" status="pass" classname="scripts/tests/character_stats_expansion_test.gd" time="0.000882" >
      </testcase>
      <testcase name="test_new_character_has_life_steal" assertions="2" status="pass" classname="scripts/tests/character_stats_expansion_test.gd" time="0.000877" >
      </testcase>
      <testcase name="test_new_character_has_attack_speed" assertions="2" status="pass" classname="scripts/tests/character_stats_expansion_test.gd" time="0.000862" >
      </testcase>
      <testcase name="test_new_character_has_melee_and_ranged_damage" assertions="4" status="pass" classname="scripts/tests/character_stats_expansion_test.gd" time="0.000883" >
      </testcase>
      <testcase name="test_new_character_has_scavenging" assertions="2" status="pass" classname="scripts/tests/character_stats_expansion_test.gd" time="0.000927" >
      </testcase>
      <testcase name="test_new_character_has_resonance" assertions="2" status="pass" classname="scripts/tests/character_stats_expansion_test.gd" time="0.000834" >
      </testcase>
      <testcase name="test_can_update_hp_regen_stat" assertions="1" status="pass" classname="scripts/tests/character_stats_expansion_test.gd" time="0.001014" >
      </testcase>
      <testcase name="test_can_update_life_steal_stat" assertions="1" status="pass" classname="scripts/tests/character_stats_expansion_test.gd" time="0.001057" >
      </testcase>
      <testcase name="test_can_update_attack_speed_stat" assertions="1" status="pass" classname="scripts/tests/character_stats_expansion_test.gd" time="0.001057" >
      </testcase>
      <testcase name="test_can_update_melee_damage_stat" assertions="1" status="pass" classname="scripts/tests/character_stats_expansion_test.gd" time="0.001071" >
      </testcase>
      <testcase name="test_can_update_ranged_damage_stat" assertions="1" status="pass" classname="scripts/tests/character_stats_expansion_test.gd" time="0.001117" >
      </testcase>
      <testcase name="test_can_update_scavenging_stat" assertions="1" status="pass" classname="scripts/tests/character_stats_expansion_test.gd" time="0.001064" >
      </testcase>
      <testcase name="test_can_update_resonance_stat" assertions="1" status="pass" classname="scripts/tests/character_stats_expansion_test.gd" time="0.001081" >
      </testcase>
      <testcase name="test_scavenging_in_level_up_gains" assertions="2" status="pass" classname="scripts/tests/character_stats_expansion_test.gd" time="0.000545" >
      </testcase>
      <testcase name="test_scavenging_increases_on_level_up" assertions="2" status="pass" classname="scripts/tests/character_stats_expansion_test.gd" time="0.001107" >
      </testcase>
      <testcase name="test_scavenging_increases_multiple_levels" assertions="2" status="pass" classname="scripts/tests/character_stats_expansion_test.gd" time="0.002095" >
      </testcase>
      <testcase name="test_new_stats_persist_through_save_load" assertions="7" status="pass" classname="scripts/tests/character_stats_expansion_test.gd" time="0.001634" >
      </testcase>
  </testsuite>
  <testsuite name="scripts/tests/character_types_test.gd" tests="24" failures="0" skipped="0" time="0.023678" >
      <testcase name="test_scavenger_has_correct_stat_modifiers" assertions="2" status="pass" classname="scripts/tests/character_types_test.gd" time="0.000836" >
      </testcase>
      <testcase name="test_tank_has_correct_stat_modifiers" assertions="3" status="pass" classname="scripts/tests/character_types_test.gd" time="0.000862" >
      </testcase>
      <testcase name="test_commando_has_correct_stat_modifiers" assertions="3" status="pass" classname="scripts/tests/character_types_test.gd" time="0.000898" >
      </testcase>
      <testcase name="test_mutant_has_correct_stat_modifiers" assertions="3" status="pass" classname="scripts/tests/character_types_test.gd" time="0.000861" >
      </testcase>
      <testcase name="test_character_type_stored_correctly" assertions="1" status="pass" classname="scripts/tests/character_types_test.gd" time="0.000829" >
      </testcase>
      <testcase name="test_free_tier_can_create_scavenger" assertions="1" status="pass" classname="scripts/tests/character_types_test.gd" time="0.00083" >
      </testcase>
      <testcase name="test_free_tier_cannot_create_tank" assertions="1" status="pass" classname="scripts/tests/character_types_test.gd" time="0.000831" >
      </testcase>
      <testcase name="test_free_tier_cannot_create_commando" assertions="1" status="pass" classname="scripts/tests/character_types_test.gd" time="0.00081" >
      </testcase>
      <testcase name="test_free_tier_cannot_create_mutant" assertions="1" status="pass" classname="scripts/tests/character_types_test.gd" time="0.000817" >
      </testcase>
      <testcase name="test_premium_tier_can_create_scavenger" assertions="1" status="pass" classname="scripts/tests/character_types_test.gd" time="0.000827" >
      </testcase>
      <testcase name="test_premium_tier_can_create_tank" assertions="1" status="pass" classname="scripts/tests/character_types_test.gd" time="0.000836" >
      </testcase>
      <testcase name="test_premium_tier_cannot_create_commando" assertions="1" status="pass" classname="scripts/tests/character_types_test.gd" time="0.000856" >
      </testcase>
      <testcase name="test_premium_tier_cannot_create_mutant" assertions="1" status="pass" classname="scripts/tests/character_types_test.gd" time="0.000807" >
      </testcase>
      <testcase name="test_subscription_tier_can_create_all_types" assertions="4" status="pass" classname="scripts/tests/character_types_test.gd" time="0.001656" >
      </testcase>
      <testcase name="test_scavenger_has_collect_aura" assertions="4" status="pass" classname="scripts/tests/character_types_test.gd" time="0.000855" >
      </testcase>
      <testcase name="test_tank_has_shield_aura" assertions="1" status="pass" classname="scripts/tests/character_types_test.gd" time="0.000834" >
      </testcase>
      <testcase name="test_commando_has_no_aura" assertions="1" status="pass" classname="scripts/tests/character_types_test.gd" time="0.000839" >
      </testcase>
      <testcase name="test_mutant_has_damage_aura" assertions="3" status="pass" classname="scripts/tests/character_types_test.gd" time="0.000836" >
      </testcase>
      <testcase name="test_character_type_persists_after_save_load" assertions="4" status="pass" classname="scripts/tests/character_types_test.gd" time="0.00165" >
      </testcase>
      <testcase name="test_aura_type_persists_after_save_load" assertions="2" status="pass" classname="scripts/tests/character_types_test.gd" time="0.001348" >
      </testcase>
      <testcase name="test_invalid_character_type_fails" assertions="1" status="pass" classname="scripts/tests/character_types_test.gd" time="0.000817" >
      </testcase>
      <testcase name="test_multiple_characters_with_different_types" assertions="5" status="pass" classname="scripts/tests/character_types_test.gd" time="0.001692" >
      </testcase>
      <testcase name="test_character_type_defaults_to_scavenger" assertions="2" status="pass" classname="scripts/tests/character_types_test.gd" time="0.000846" >
      </testcase>
      <testcase name="test_mutant_type_persists_after_save_load" assertions="4" status="pass" classname="scripts/tests/character_types_test.gd" time="0.001405" >
      </testcase>
  </testsuite>
  <testsuite name="scripts/tests/editor_only/enemy_loading_test.gd" tests="23" failures="26" skipped="0" time="0.005172" >
      <testcase name="test_basic_enemy_resource_loads" assertions="2" status="fail" classname="scripts/tests/editor_only/enemy_loading_test.gd" time="0.00032" >
      <failure message="failed"><![CDATA[Expected [<null>] to be anything but NULL:  Basic enemy resource should load
            at line 42]]></failure></testcase>
      <testcase name="test_fast_enemy_resource_loads" assertions="2" status="fail" classname="scripts/tests/editor_only/enemy_loading_test.gd" time="0.00023" >
      <failure message="failed"><![CDATA[Expected [<null>] to be anything but NULL:  Fast enemy resource should load
            at line 51]]></failure></testcase>
      <testcase name="test_tank_enemy_resource_loads" assertions="2" status="fail" classname="scripts/tests/editor_only/enemy_loading_test.gd" time="0.000254" >
      <failure message="failed"><![CDATA[Expected [<null>] to be anything but NULL:  Tank enemy resource should load
            at line 60]]></failure></testcase>
      <testcase name="test_basic_enemy_has_valid_stats" assertions="1" status="fail" classname="scripts/tests/editor_only/enemy_loading_test.gd" time="0.000203" >
      <failure message="failed"><![CDATA[Unexpected Errors:
      [1] <engine-0>Parameter "ti" is null.
      [2] <engine-0>res://resources/enemies/basic.tres:5 - Parse Error: Can't create sub resource of type 'EnemyResource'.
      [3] <engine-0>Condition "found" is true. Returning: Ref<Resource>()
      [4] <engine-2>Invalid access to property or key 'base_hp' on a base object of type 'null instance'.
            at line -1]]></failure></testcase>
      <testcase name="test_fast_enemy_has_valid_stats" assertions="1" status="fail" classname="scripts/tests/editor_only/enemy_loading_test.gd" time="0.000201" >
      <failure message="failed"><![CDATA[Unexpected Errors:
      [1] <engine-0>Parameter "ti" is null.
      [2] <engine-0>res://resources/enemies/fast.tres:5 - Parse Error: Can't create sub resource of type 'EnemyResource'.
      [3] <engine-0>Condition "found" is true. Returning: Ref<Resource>()
      [4] <engine-2>Invalid access to property or key 'base_hp' on a base object of type 'null instance'.
            at line -1]]></failure></testcase>
      <testcase name="test_tank_enemy_has_valid_stats" assertions="1" status="fail" classname="scripts/tests/editor_only/enemy_loading_test.gd" time="0.000209" >
      <failure message="failed"><![CDATA[Unexpected Errors:
      [1] <engine-0>Parameter "ti" is null.
      [2] <engine-0>res://resources/enemies/tank.tres:5 - Parse Error: Can't create sub resource of type 'EnemyResource'.
      [3] <engine-0>Condition "found" is true. Returning: Ref<Resource>()
      [4] <engine-2>Invalid access to property or key 'base_hp' on a base object of type 'null instance'.
            at line -1]]></failure></testcase>
      <testcase name="test_wave_1_stats_equal_base_stats" assertions="1" status="fail" classname="scripts/tests/editor_only/enemy_loading_test.gd" time="0.000212" >
      <failure message="failed"><![CDATA[Unexpected Errors:
      [1] <engine-0>Parameter "ti" is null.
      [2] <engine-0>res://resources/enemies/basic.tres:5 - Parse Error: Can't create sub resource of type 'EnemyResource'.
      [3] <engine-0>Condition "found" is true. Returning: Ref<Resource>()
      [4] <engine-2>Attempt to call function 'get_scaled_stats' in base 'null instance' on a null instance.
            at line -1]]></failure></testcase>
      <testcase name="test_wave_5_hp_scales_correctly" assertions="1" status="fail" classname="scripts/tests/editor_only/enemy_loading_test.gd" time="0.000209" >
      <failure message="failed"><![CDATA[Unexpected Errors:
      [1] <engine-0>Parameter "ti" is null.
      [2] <engine-0>res://resources/enemies/basic.tres:5 - Parse Error: Can't create sub resource of type 'EnemyResource'.
      [3] <engine-0>Condition "found" is true. Returning: Ref<Resource>()
      [4] <engine-2>Attempt to call function 'get_scaled_stats' in base 'null instance' on a null instance.
            at line -1]]></failure></testcase>
      <testcase name="test_wave_5_speed_scales_correctly" assertions="1" status="fail" classname="scripts/tests/editor_only/enemy_loading_test.gd" time="0.000193" >
      <failure message="failed"><![CDATA[Unexpected Errors:
      [1] <engine-0>Parameter "ti" is null.
      [2] <engine-0>res://resources/enemies/basic.tres:5 - Parse Error: Can't create sub resource of type 'EnemyResource'.
      [3] <engine-0>Condition "found" is true. Returning: Ref<Resource>()
      [4] <engine-2>Attempt to call function 'get_scaled_stats' in base 'null instance' on a null instance.
            at line -1]]></failure></testcase>
      <testcase name="test_wave_5_damage_scales_correctly" assertions="1" status="fail" classname="scripts/tests/editor_only/enemy_loading_test.gd" time="0.000226" >
      <failure message="failed"><![CDATA[Unexpected Errors:
      [1] <engine-0>Parameter "ti" is null.
      [2] <engine-0>res://resources/enemies/basic.tres:5 - Parse Error: Can't create sub resource of type 'EnemyResource'.
      [3] <engine-0>Condition "found" is true. Returning: Ref<Resource>()
      [4] <engine-2>Attempt to call function 'get_scaled_stats' in base 'null instance' on a null instance.
            at line -1]]></failure></testcase>
      <testcase name="test_wave_5_value_scales_correctly" assertions="1" status="fail" classname="scripts/tests/editor_only/enemy_loading_test.gd" time="0.000195" >
      <failure message="failed"><![CDATA[Unexpected Errors:
      [1] <engine-0>Parameter "ti" is null.
      [2] <engine-0>res://resources/enemies/basic.tres:5 - Parse Error: Can't create sub resource of type 'EnemyResource'.
      [3] <engine-0>Condition "found" is true. Returning: Ref<Resource>()
      [4] <engine-2>Attempt to call function 'get_scaled_stats' in base 'null instance' on a null instance.
            at line -1]]></failure></testcase>
      <testcase name="test_wave_10_hp_greater_than_wave_1" assertions="1" status="fail" classname="scripts/tests/editor_only/enemy_loading_test.gd" time="0.000196" >
      <failure message="failed"><![CDATA[Unexpected Errors:
      [1] <engine-0>Parameter "ti" is null.
      [2] <engine-0>res://resources/enemies/basic.tres:5 - Parse Error: Can't create sub resource of type 'EnemyResource'.
      [3] <engine-0>Condition "found" is true. Returning: Ref<Resource>()
      [4] <engine-2>Attempt to call function 'get_scaled_stats' in base 'null instance' on a null instance.
            at line -1]]></failure></testcase>
      <testcase name="test_wave_20_hp_greater_than_wave_10" assertions="1" status="fail" classname="scripts/tests/editor_only/enemy_loading_test.gd" time="0.000199" >
      <failure message="failed"><![CDATA[Unexpected Errors:
      [1] <engine-0>Parameter "ti" is null.
      [2] <engine-0>res://resources/enemies/basic.tres:5 - Parse Error: Can't create sub resource of type 'EnemyResource'.
      [3] <engine-0>Condition "found" is true. Returning: Ref<Resource>()
      [4] <engine-2>Attempt to call function 'get_scaled_stats' in base 'null instance' on a null instance.
            at line -1]]></failure></testcase>
      <testcase name="test_spawn_weights_sum_to_100" assertions="1" status="fail" classname="scripts/tests/editor_only/enemy_loading_test.gd" time="0.000431" >
      <failure message="failed"><![CDATA[Unexpected Errors:
      [1] <engine-0>Parameter "ti" is null.
      [2] <engine-0>res://resources/enemies/basic.tres:5 - Parse Error: Can't create sub resource of type 'EnemyResource'.
      [3] <engine-0>Condition "found" is true. Returning: Ref<Resource>()
      [4] <engine-0>Parameter "ti" is null.
      [5] <engine-0>res://resources/enemies/fast.tres:5 - Parse Error: Can't create sub resource of type 'EnemyResource'.
      [6] <engine-0>Condition "found" is true. Returning: Ref<Resource>()
      [7] <engine-0>Parameter "ti" is null.
      [8] <engine-0>res://resources/enemies/tank.tres:5 - Parse Error: Can't create sub resource of type 'EnemyResource'.
      [9] <engine-0>Condition "found" is true. Returning: Ref<Resource>()
      [10] <engine-2>Invalid access to property or key 'spawn_weight' on a base object of type 'null instance'.
            at line -1]]></failure></testcase>
      <testcase name="test_basic_enemy_spawn_percentage" assertions="1" status="fail" classname="scripts/tests/editor_only/enemy_loading_test.gd" time="0.00021" >
      <failure message="failed"><![CDATA[Unexpected Errors:
      [1] <engine-0>Parameter "ti" is null.
      [2] <engine-0>res://resources/enemies/basic.tres:5 - Parse Error: Can't create sub resource of type 'EnemyResource'.
      [3] <engine-0>Condition "found" is true. Returning: Ref<Resource>()
      [4] <engine-2>Attempt to call function 'get_spawn_percentage' in base 'null instance' on a null instance.
            at line -1]]></failure></testcase>
      <testcase name="test_fast_enemy_spawn_percentage" assertions="1" status="fail" classname="scripts/tests/editor_only/enemy_loading_test.gd" time="0.00021" >
      <failure message="failed"><![CDATA[Unexpected Errors:
      [1] <engine-0>Parameter "ti" is null.
      [2] <engine-0>res://resources/enemies/fast.tres:5 - Parse Error: Can't create sub resource of type 'EnemyResource'.
      [3] <engine-0>Condition "found" is true. Returning: Ref<Resource>()
      [4] <engine-2>Attempt to call function 'get_spawn_percentage' in base 'null instance' on a null instance.
            at line -1]]></failure></testcase>
      <testcase name="test_tank_enemy_spawn_percentage" assertions="1" status="fail" classname="scripts/tests/editor_only/enemy_loading_test.gd" time="0.000205" >
      <failure message="failed"><![CDATA[Unexpected Errors:
      [1] <engine-0>Parameter "ti" is null.
      [2] <engine-0>res://resources/enemies/tank.tres:5 - Parse Error: Can't create sub resource of type 'EnemyResource'.
      [3] <engine-0>Condition "found" is true. Returning: Ref<Resource>()
      [4] <engine-2>Attempt to call function 'get_spawn_percentage' in base 'null instance' on a null instance.
            at line -1]]></failure></testcase>
      <testcase name="test_basic_enemy_has_drop_chance" assertions="1" status="fail" classname="scripts/tests/editor_only/enemy_loading_test.gd" time="0.0002" >
      <failure message="failed"><![CDATA[Unexpected Errors:
      [1] <engine-0>Parameter "ti" is null.
      [2] <engine-0>res://resources/enemies/basic.tres:5 - Parse Error: Can't create sub resource of type 'EnemyResource'.
      [3] <engine-0>Condition "found" is true. Returning: Ref<Resource>()
      [4] <engine-2>Invalid access to property or key 'drop_chance' on a base object of type 'null instance'.
            at line -1]]></failure></testcase>
      <testcase name="test_fast_enemy_has_drop_chance" assertions="1" status="fail" classname="scripts/tests/editor_only/enemy_loading_test.gd" time="0.000221" >
      <failure message="failed"><![CDATA[Unexpected Errors:
      [1] <engine-0>Parameter "ti" is null.
      [2] <engine-0>res://resources/enemies/fast.tres:5 - Parse Error: Can't create sub resource of type 'EnemyResource'.
      [3] <engine-0>Condition "found" is true. Returning: Ref<Resource>()
      [4] <engine-2>Invalid access to property or key 'drop_chance' on a base object of type 'null instance'.
            at line -1]]></failure></testcase>
      <testcase name="test_tank_enemy_has_drop_chance" assertions="1" status="fail" classname="scripts/tests/editor_only/enemy_loading_test.gd" time="0.000221" >
      <failure message="failed"><![CDATA[Unexpected Errors:
      [1] <engine-0>Parameter "ti" is null.
      [2] <engine-0>res://resources/enemies/tank.tres:5 - Parse Error: Can't create sub resource of type 'EnemyResource'.
      [3] <engine-0>Condition "found" is true. Returning: Ref<Resource>()
      [4] <engine-2>Invalid access to property or key 'drop_chance' on a base object of type 'null instance'.
            at line -1]]></failure></testcase>
      <testcase name="test_should_drop_item_is_probabilistic_basic" assertions="1" status="fail" classname="scripts/tests/editor_only/enemy_loading_test.gd" time="0.00022" >
      <failure message="failed"><![CDATA[Unexpected Errors:
      [1] <engine-0>Parameter "ti" is null.
      [2] <engine-0>res://resources/enemies/basic.tres:5 - Parse Error: Can't create sub resource of type 'EnemyResource'.
      [3] <engine-0>Condition "found" is true. Returning: Ref<Resource>()
      [4] <engine-2>Attempt to call function 'should_drop_item' in base 'null instance' on a null instance.
            at line -1]]></failure></testcase>
      <testcase name="test_should_drop_item_is_probabilistic_fast" assertions="1" status="fail" classname="scripts/tests/editor_only/enemy_loading_test.gd" time="0.000214" >
      <failure message="failed"><![CDATA[Unexpected Errors:
      [1] <engine-0>Parameter "ti" is null.
      [2] <engine-0>res://resources/enemies/fast.tres:5 - Parse Error: Can't create sub resource of type 'EnemyResource'.
      [3] <engine-0>Condition "found" is true. Returning: Ref<Resource>()
      [4] <engine-2>Attempt to call function 'should_drop_item' in base 'null instance' on a null instance.
            at line -1]]></failure></testcase>
      <testcase name="test_should_drop_item_is_probabilistic_tank" assertions="1" status="fail" classname="scripts/tests/editor_only/enemy_loading_test.gd" time="0.000193" >
      <failure message="failed"><![CDATA[Unexpected Errors:
      [1] <engine-0>Parameter "ti" is null.
      [2] <engine-0>res://resources/enemies/tank.tres:5 - Parse Error: Can't create sub resource of type 'EnemyResource'.
      [3] <engine-0>Condition "found" is true. Returning: Ref<Resource>()
      [4] <engine-2>Attempt to call function 'should_drop_item' in base 'null instance' on a null instance.
            at line -1]]></failure></testcase>
  </testsuite>
  <testsuite name="scripts/tests/editor_only/entity_classes_test.gd" tests="30" failures="28" skipped="0" time="0.005572" >
      <testcase name="test_player_initial_max_health_is_100" assertions="1" status="pass" classname="scripts/tests/editor_only/entity_classes_test.gd" time="0.000142" >
      </testcase>
      <testcase name="test_player_initial_current_health_is_100" assertions="1" status="pass" classname="scripts/tests/editor_only/entity_classes_test.gd" time="0.000065" >
      </testcase>
      <testcase name="test_player_base_speed_is_200" assertions="1" status="pass" classname="scripts/tests/editor_only/entity_classes_test.gd" time="0.000072" >
      </testcase>
      <testcase name="test_player_takes_damage_correctly" assertions="1" status="pass" classname="scripts/tests/editor_only/entity_classes_test.gd" time="0.000066" >
      </testcase>
      <testcase name="test_player_heals_correctly" assertions="1" status="pass" classname="scripts/tests/editor_only/entity_classes_test.gd" time="0.000057" >
      </testcase>
      <testcase name="test_player_applies_health_item_modifiers" assertions="2" status="fail" classname="scripts/tests/editor_only/entity_classes_test.gd" time="0.000287" >
      <failure message="failed"><![CDATA[[100.0] expected to equal [120.0]:  Max health should increase to 120 with +20 modifier
            at line 89]]></failure></testcase>
      <testcase name="test_player_applies_speed_item_modifiers" assertions="2" status="fail" classname="scripts/tests/editor_only/entity_classes_test.gd" time="0.000303" >
      <failure message="failed"><![CDATA[[200.0] expected to equal [210.0]:  Speed should be 210 with +10 modifier
            at line 103]]></failure></testcase>
      <testcase name="test_player_equips_weapon" assertions="2" status="fail" classname="scripts/tests/editor_only/entity_classes_test.gd" time="0.000224" >
      <failure message="failed"><![CDATA[Unexpected Errors:
      [1] <engine-0>Parameter "ti" is null.
      [2] <engine-0>res://resources/weapons/rusty_pistol.tres:5 - Parse Error: Can't create sub resource of type 'WeaponResource'.
      [3] <engine-0>Condition "found" is true. Returning: Ref<Resource>()
            at line -1]]></failure></testcase>
      <testcase name="test_player_invulnerability_blocks_damage" assertions="1" status="pass" classname="scripts/tests/editor_only/entity_classes_test.gd" time="0.000064" >
      </testcase>
      <testcase name="test_enemy_resource_loads" assertions="2" status="fail" classname="scripts/tests/editor_only/entity_classes_test.gd" time="0.000204" >
      <failure message="failed"><![CDATA[Expected [<null>] to be anything but NULL:  Enemy resource should load
            at line 143]]></failure></testcase>
      <testcase name="test_enemy_initializes_with_wave_1" assertions="3" status="fail" classname="scripts/tests/editor_only/entity_classes_test.gd" time="0.000204" >
      <failure message="failed"><![CDATA[Unexpected Errors:
      [1] <engine-0>Condition "err != OK" is true. Returning: Ref<Resource>()
      [2] <engine-0>Condition "found" is true. Returning: Ref<Resource>()
      [3] <push_error>Enemy: No resource provided
            at line -1]]></failure></testcase>
      <testcase name="test_enemy_scales_health_with_wave" assertions="2" status="fail" classname="scripts/tests/editor_only/entity_classes_test.gd" time="0.000222" >
      <failure message="failed"><![CDATA[[100.0] expected to be > than [100.0]:  Wave 5 should have more health than wave 1
            at line 176]]></failure></testcase>
      <testcase name="test_enemy_takes_damage" assertions="2" status="fail" classname="scripts/tests/editor_only/entity_classes_test.gd" time="0.000192" >
      <failure message="failed"><![CDATA[Unexpected Errors:
      [1] <engine-0>Condition "err != OK" is true. Returning: Ref<Resource>()
      [2] <engine-0>Condition "found" is true. Returning: Ref<Resource>()
      [3] <push_error>Enemy: No resource provided
            at line -1]]></failure></testcase>
      <testcase name="test_enemy_health_percentage_calculation" assertions="2" status="fail" classname="scripts/tests/editor_only/entity_classes_test.gd" time="0.000194" >
      <failure message="failed"><![CDATA[Unexpected Errors:
      [1] <engine-0>Condition "err != OK" is true. Returning: Ref<Resource>()
      [2] <engine-0>Condition "found" is true. Returning: Ref<Resource>()
      [3] <push_error>Enemy: No resource provided
            at line -1]]></failure></testcase>
      <testcase name="test_enemy_is_alive_when_health_positive" assertions="2" status="fail" classname="scripts/tests/editor_only/entity_classes_test.gd" time="0.000173" >
      <failure message="failed"><![CDATA[Unexpected Errors:
      [1] <engine-0>Condition "err != OK" is true. Returning: Ref<Resource>()
      [2] <engine-0>Condition "found" is true. Returning: Ref<Resource>()
      [3] <push_error>Enemy: No resource provided
            at line -1]]></failure></testcase>
      <testcase name="test_enemy_is_dead_when_health_zero" assertions="2" status="fail" classname="scripts/tests/editor_only/entity_classes_test.gd" time="0.000182" >
      <failure message="failed"><![CDATA[Unexpected Errors:
      [1] <engine-0>Condition "err != OK" is true. Returning: Ref<Resource>()
      [2] <engine-0>Condition "found" is true. Returning: Ref<Resource>()
      [3] <push_error>Enemy: No resource provided
            at line -1]]></failure></testcase>
      <testcase name="test_projectile_activates_with_parameters" assertions="4" status="pass" classname="scripts/tests/editor_only/entity_classes_test.gd" time="0.000159" >
      </testcase>
      <testcase name="test_projectile_velocity_is_set" assertions="2" status="pass" classname="scripts/tests/editor_only/entity_classes_test.gd" time="0.000125" >
      </testcase>
      <testcase name="test_projectile_pierce_is_set" assertions="1" status="pass" classname="scripts/tests/editor_only/entity_classes_test.gd" time="0.000088" >
      </testcase>
      <testcase name="test_projectile_remaining_range_is_full" assertions="1" status="pass" classname="scripts/tests/editor_only/entity_classes_test.gd" time="0.000083" >
      </testcase>
      <testcase name="test_projectile_deactivates" assertions="1" status="pass" classname="scripts/tests/editor_only/entity_classes_test.gd" time="0.000078" >
      </testcase>
      <testcase name="test_enemy_targets_player" assertions="2" status="fail" classname="scripts/tests/editor_only/entity_classes_test.gd" time="0.000363" >
      <failure message="failed"><![CDATA[Unexpected Errors:
      [1] <engine-0>Parameter "ti" is null.
      [2] <engine-0>res://resources/enemies/basic.tres:5 - Parse Error: Can't create sub resource of type 'EnemyResource'.
      [3] <engine-0>Condition "found" is true. Returning: Ref<Resource>()
      [4] <push_error>Enemy: No resource provided
            at line -1]]></failure></testcase>
      <testcase name="test_player_fires_weapon" assertions="2" status="fail" classname="scripts/tests/editor_only/entity_classes_test.gd" time="0.000448" >
      <failure message="failed"><![CDATA[Expected object Player(hp=100/100, spd=200, dmg=10, armor=0)(player.gd) to have emitted signal [weapon_fired]:  Player should fire weapon signal (Signals emitted: [])
            at line 334]]></failure></testcase>
      <testcase name="test_enemy_calculates_distance_to_player" assertions="2" status="fail" classname="scripts/tests/editor_only/entity_classes_test.gd" time="0.000274" >
      <failure message="failed"><![CDATA[Unexpected Errors:
      [1] <engine-0>Parameter "ti" is null.
      [2] <engine-0>res://resources/enemies/basic.tres:5 - Parse Error: Can't create sub resource of type 'EnemyResource'.
      [3] <engine-0>Condition "found" is true. Returning: Ref<Resource>()
      [4] <push_error>Enemy: No resource provided
            at line -1]]></failure></testcase>
      <testcase name="test_player_armor_reduces_damage" assertions="1" status="pass" classname="scripts/tests/editor_only/entity_classes_test.gd" time="0.000057" >
      </testcase>
      <testcase name="test_player_life_steal_modifier" assertions="2" status="fail" classname="scripts/tests/editor_only/entity_classes_test.gd" time="0.000309" >
      <failure message="failed"><![CDATA[[0] expected to equal [3]:  Player should have 3 life steal
            at line 380]]></failure></testcase>
      <testcase name="test_weapon_resource_loads" assertions="2" status="fail" classname="scripts/tests/editor_only/entity_classes_test.gd" time="0.00027" >
      <failure message="failed"><![CDATA[Expected [<null>] to be anything but NULL:  Weapon resource should load
            at line 390]]></failure></testcase>
      <testcase name="test_enemy_resource_basic_loads" assertions="2" status="fail" classname="scripts/tests/editor_only/entity_classes_test.gd" time="0.000224" >
      <failure message="failed"><![CDATA[Expected [<null>] to be anything but NULL:  Enemy resource should load
            at line 400]]></failure></testcase>
      <testcase name="test_health_boost_item_loads" assertions="2" status="fail" classname="scripts/tests/editor_only/entity_classes_test.gd" time="0.000235" >
      <failure message="failed"><![CDATA[Expected [<null>] to be anything but NULL:  Health boost item should load
            at line 409]]></failure></testcase>
      <testcase name="test_vampiric_fangs_item_loads" assertions="2" status="fail" classname="scripts/tests/editor_only/entity_classes_test.gd" time="0.000208" >
      <failure message="failed"><![CDATA[Expected [<null>] to be anything but NULL:  Vampiric fangs item should load
            at line 418]]></failure></testcase>
  </testsuite>
  <testsuite name="scripts/tests/editor_only/item_resources_test.gd" tests="41" failures="43" skipped="0" time="0.010004" >
      <testcase name="test_health_boost_loads" assertions="2" status="fail" classname="scripts/tests/editor_only/item_resources_test.gd" time="0.000229" >
      <failure message="failed"><![CDATA[Expected [<null>] to be anything but NULL:  health_boost should load
            at line 43]]></failure></testcase>
      <testcase name="test_health_boost_has_correct_id" assertions="1" status="fail" classname="scripts/tests/editor_only/item_resources_test.gd" time="0.000229" >
      <failure message="failed"><![CDATA[Unexpected Errors:
      [1] <engine-0>Parameter "ti" is null.
      [2] <engine-0>res://resources/items/health_boost.tres:5 - Parse Error: Can't create sub resource of type 'ItemResource'.
      [3] <engine-0>Condition "found" is true. Returning: Ref<Resource>()
      [4] <engine-2>Invalid access to property or key 'item_id' on a base object of type 'null instance'.
            at line -1]]></failure></testcase>
      <testcase name="test_health_boost_has_correct_name" assertions="1" status="fail" classname="scripts/tests/editor_only/item_resources_test.gd" time="0.00021" >
      <failure message="failed"><![CDATA[Unexpected Errors:
      [1] <engine-0>Parameter "ti" is null.
      [2] <engine-0>res://resources/items/health_boost.tres:5 - Parse Error: Can't create sub resource of type 'ItemResource'.
      [3] <engine-0>Condition "found" is true. Returning: Ref<Resource>()
      [4] <engine-2>Invalid access to property or key 'item_name' on a base object of type 'null instance'.
            at line -1]]></failure></testcase>
      <testcase name="test_health_boost_is_upgrade_type" assertions="1" status="fail" classname="scripts/tests/editor_only/item_resources_test.gd" time="0.000208" >
      <failure message="failed"><![CDATA[Unexpected Errors:
      [1] <engine-0>Parameter "ti" is null.
      [2] <engine-0>res://resources/items/health_boost.tres:5 - Parse Error: Can't create sub resource of type 'ItemResource'.
      [3] <engine-0>Condition "found" is true. Returning: Ref<Resource>()
      [4] <engine-2>Attempt to call function 'is_upgrade' in base 'null instance' on a null instance.
            at line -1]]></failure></testcase>
      <testcase name="test_health_boost_has_maxhp_modifier" assertions="1" status="fail" classname="scripts/tests/editor_only/item_resources_test.gd" time="0.000198" >
      <failure message="failed"><![CDATA[Unexpected Errors:
      [1] <engine-0>Parameter "ti" is null.
      [2] <engine-0>res://resources/items/health_boost.tres:5 - Parse Error: Can't create sub resource of type 'ItemResource'.
      [3] <engine-0>Condition "found" is true. Returning: Ref<Resource>()
      [4] <engine-2>Attempt to call function 'get_stat_modifier' in base 'null instance' on a null instance.
            at line -1]]></failure></testcase>
      <testcase name="test_health_boost_has_no_trade_offs" assertions="1" status="fail" classname="scripts/tests/editor_only/item_resources_test.gd" time="0.000228" >
      <failure message="failed"><![CDATA[Unexpected Errors:
      [1] <engine-0>Parameter "ti" is null.
      [2] <engine-0>res://resources/items/health_boost.tres:5 - Parse Error: Can't create sub resource of type 'ItemResource'.
      [3] <engine-0>Condition "found" is true. Returning: Ref<Resource>()
      [4] <engine-2>Attempt to call function 'has_trade_offs' in base 'null instance' on a null instance.
            at line -1]]></failure></testcase>
      <testcase name="test_damage_up_has_damage_modifier" assertions="1" status="fail" classname="scripts/tests/editor_only/item_resources_test.gd" time="0.000238" >
      <failure message="failed"><![CDATA[Unexpected Errors:
      [1] <engine-0>Parameter "ti" is null.
      [2] <engine-0>res://resources/items/damage_up.tres:5 - Parse Error: Can't create sub resource of type 'ItemResource'.
      [3] <engine-0>Condition "found" is true. Returning: Ref<Resource>()
      [4] <engine-2>Attempt to call function 'get_stat_modifier' in base 'null instance' on a null instance.
            at line -1]]></failure></testcase>
      <testcase name="test_speed_boost_is_uncommon" assertions="1" status="fail" classname="scripts/tests/editor_only/item_resources_test.gd" time="0.000264" >
      <failure message="failed"><![CDATA[Unexpected Errors:
      [1] <engine-0>Parameter "ti" is null.
      [2] <engine-0>res://resources/items/speed_boost.tres:5 - Parse Error: Can't create sub resource of type 'ItemResource'.
      [3] <engine-0>Condition "found" is true. Returning: Ref<Resource>()
      [4] <engine-2>Invalid access to property or key 'rarity' on a base object of type 'null instance'.
            at line -1]]></failure></testcase>
      <testcase name="test_speed_boost_has_speed_modifier" assertions="1" status="fail" classname="scripts/tests/editor_only/item_resources_test.gd" time="0.000233" >
      <failure message="failed"><![CDATA[Unexpected Errors:
      [1] <engine-0>Parameter "ti" is null.
      [2] <engine-0>res://resources/items/speed_boost.tres:5 - Parse Error: Can't create sub resource of type 'ItemResource'.
      [3] <engine-0>Condition "found" is true. Returning: Ref<Resource>()
      [4] <engine-2>Attempt to call function 'get_stat_modifier' in base 'null instance' on a null instance.
            at line -1]]></failure></testcase>
      <testcase name="test_armor_plate_is_rare" assertions="1" status="fail" classname="scripts/tests/editor_only/item_resources_test.gd" time="0.000236" >
      <failure message="failed"><![CDATA[Unexpected Errors:
      [1] <engine-0>Parameter "ti" is null.
      [2] <engine-0>res://resources/items/armor_plate.tres:5 - Parse Error: Can't create sub resource of type 'ItemResource'.
      [3] <engine-0>Condition "found" is true. Returning: Ref<Resource>()
      [4] <engine-2>Invalid access to property or key 'rarity' on a base object of type 'null instance'.
            at line -1]]></failure></testcase>
      <testcase name="test_armor_plate_has_armor_modifier" assertions="1" status="fail" classname="scripts/tests/editor_only/item_resources_test.gd" time="0.000225" >
      <failure message="failed"><![CDATA[Unexpected Errors:
      [1] <engine-0>Parameter "ti" is null.
      [2] <engine-0>res://resources/items/armor_plate.tres:5 - Parse Error: Can't create sub resource of type 'ItemResource'.
      [3] <engine-0>Condition "found" is true. Returning: Ref<Resource>()
      [4] <engine-2>Attempt to call function 'get_stat_modifier' in base 'null instance' on a null instance.
            at line -1]]></failure></testcase>
      <testcase name="test_lucky_charm_is_consumable_type" assertions="1" status="fail" classname="scripts/tests/editor_only/item_resources_test.gd" time="0.000253" >
      <failure message="failed"><![CDATA[Unexpected Errors:
      [1] <engine-0>Parameter "ti" is null.
      [2] <engine-0>res://resources/items/lucky_charm.tres:5 - Parse Error: Can't create sub resource of type 'ItemResource'.
      [3] <engine-0>Condition "found" is true. Returning: Ref<Resource>()
      [4] <engine-2>Attempt to call function 'is_consumable' in base 'null instance' on a null instance.
            at line -1]]></failure></testcase>
      <testcase name="test_lucky_charm_is_epic" assertions="1" status="fail" classname="scripts/tests/editor_only/item_resources_test.gd" time="0.000228" >
      <failure message="failed"><![CDATA[Unexpected Errors:
      [1] <engine-0>Parameter "ti" is null.
      [2] <engine-0>res://resources/items/lucky_charm.tres:5 - Parse Error: Can't create sub resource of type 'ItemResource'.
      [3] <engine-0>Condition "found" is true. Returning: Ref<Resource>()
      [4] <engine-2>Invalid access to property or key 'rarity' on a base object of type 'null instance'.
            at line -1]]></failure></testcase>
      <testcase name="test_lucky_charm_has_luck_modifier" assertions="1" status="fail" classname="scripts/tests/editor_only/item_resources_test.gd" time="0.000231" >
      <failure message="failed"><![CDATA[Unexpected Errors:
      [1] <engine-0>Parameter "ti" is null.
      [2] <engine-0>res://resources/items/lucky_charm.tres:5 - Parse Error: Can't create sub resource of type 'ItemResource'.
      [3] <engine-0>Condition "found" is true. Returning: Ref<Resource>()
      [4] <engine-2>Attempt to call function 'get_stat_modifier' in base 'null instance' on a null instance.
            at line -1]]></failure></testcase>
      <testcase name="test_vampiric_fangs_is_legendary" assertions="1" status="fail" classname="scripts/tests/editor_only/item_resources_test.gd" time="0.000231" >
      <failure message="failed"><![CDATA[Unexpected Errors:
      [1] <engine-0>Parameter "ti" is null.
      [2] <engine-0>res://resources/items/vampiric_fangs.tres:5 - Parse Error: Can't create sub resource of type 'ItemResource'.
      [3] <engine-0>Condition "found" is true. Returning: Ref<Resource>()
      [4] <engine-2>Invalid access to property or key 'rarity' on a base object of type 'null instance'.
            at line -1]]></failure></testcase>
      <testcase name="test_vampiric_fangs_has_lifesteal_modifier" assertions="1" status="fail" classname="scripts/tests/editor_only/item_resources_test.gd" time="0.000233" >
      <failure message="failed"><![CDATA[Unexpected Errors:
      [1] <engine-0>Parameter "ti" is null.
      [2] <engine-0>res://resources/items/vampiric_fangs.tres:5 - Parse Error: Can't create sub resource of type 'ItemResource'.
      [3] <engine-0>Condition "found" is true. Returning: Ref<Resource>()
      [4] <engine-2>Attempt to call function 'get_stat_modifier' in base 'null instance' on a null instance.
            at line -1]]></failure></testcase>
      <testcase name="test_scrap_magnet_has_multiple_modifiers" assertions="1" status="fail" classname="scripts/tests/editor_only/item_resources_test.gd" time="0.000241" >
      <failure message="failed"><![CDATA[Unexpected Errors:
      [1] <engine-0>Parameter "ti" is null.
      [2] <engine-0>res://resources/items/scrap_magnet.tres:5 - Parse Error: Can't create sub resource of type 'ItemResource'.
      [3] <engine-0>Condition "found" is true. Returning: Ref<Resource>()
      [4] <engine-2>Attempt to call function 'get_stat_modifier' in base 'null instance' on a null instance.
            at line -1]]></failure></testcase>
      <testcase name="test_reactor_coolant_has_trade_offs" assertions="1" status="fail" classname="scripts/tests/editor_only/item_resources_test.gd" time="0.000234" >
      <failure message="failed"><![CDATA[Unexpected Errors:
      [1] <engine-0>Parameter "ti" is null.
      [2] <engine-0>res://resources/items/reactor_coolant.tres:5 - Parse Error: Can't create sub resource of type 'ItemResource'.
      [3] <engine-0>Condition "found" is true. Returning: Ref<Resource>()
      [4] <engine-2>Attempt to call function 'has_trade_offs' in base 'null instance' on a null instance.
            at line -1]]></failure></testcase>
      <testcase name="test_reactor_coolant_positive_and_negative_stats" assertions="1" status="fail" classname="scripts/tests/editor_only/item_resources_test.gd" time="0.000231" >
      <failure message="failed"><![CDATA[Unexpected Errors:
      [1] <engine-0>Parameter "ti" is null.
      [2] <engine-0>res://resources/items/reactor_coolant.tres:5 - Parse Error: Can't create sub resource of type 'ItemResource'.
      [3] <engine-0>Condition "found" is true. Returning: Ref<Resource>()
      [4] <engine-2>Attempt to call function 'get_stat_modifier' in base 'null instance' on a null instance.
            at line -1]]></failure></testcase>
      <testcase name="test_unstable_serum_has_trade_offs" assertions="1" status="fail" classname="scripts/tests/editor_only/item_resources_test.gd" time="0.000245" >
      <failure message="failed"><![CDATA[Unexpected Errors:
      [1] <engine-0>Parameter "ti" is null.
      [2] <engine-0>res://resources/items/unstable_serum.tres:5 - Parse Error: Can't create sub resource of type 'ItemResource'.
      [3] <engine-0>Condition "found" is true. Returning: Ref<Resource>()
      [4] <engine-2>Attempt to call function 'has_trade_offs' in base 'null instance' on a null instance.
            at line -1]]></failure></testcase>
      <testcase name="test_unstable_serum_positive_and_negative_stats" assertions="1" status="fail" classname="scripts/tests/editor_only/item_resources_test.gd" time="0.000242" >
      <failure message="failed"><![CDATA[Unexpected Errors:
      [1] <engine-0>Parameter "ti" is null.
      [2] <engine-0>res://resources/items/unstable_serum.tres:5 - Parse Error: Can't create sub resource of type 'ItemResource'.
      [3] <engine-0>Condition "found" is true. Returning: Ref<Resource>()
      [4] <engine-2>Attempt to call function 'get_stat_modifier' in base 'null instance' on a null instance.
            at line -1]]></failure></testcase>
      <testcase name="test_scavenger_toolkit_has_trade_offs" assertions="1" status="fail" classname="scripts/tests/editor_only/item_resources_test.gd" time="0.000247" >
      <failure message="failed"><![CDATA[Unexpected Errors:
      [1] <engine-0>Parameter "ti" is null.
      [2] <engine-0>res://resources/items/scavenger_toolkit.tres:5 - Parse Error: Can't create sub resource of type 'ItemResource'.
      [3] <engine-0>Condition "found" is true. Returning: Ref<Resource>()
      [4] <engine-2>Attempt to call function 'has_trade_offs' in base 'null instance' on a null instance.
            at line -1]]></failure></testcase>
      <testcase name="test_scavenger_toolkit_multiple_stats" assertions="1" status="fail" classname="scripts/tests/editor_only/item_resources_test.gd" time="0.00023" >
      <failure message="failed"><![CDATA[Unexpected Errors:
      [1] <engine-0>Parameter "ti" is null.
      [2] <engine-0>res://resources/items/scavenger_toolkit.tres:5 - Parse Error: Can't create sub resource of type 'ItemResource'.
      [3] <engine-0>Condition "found" is true. Returning: Ref<Resource>()
      [4] <engine-2>Attempt to call function 'get_stat_modifier' in base 'null instance' on a null instance.
            at line -1]]></failure></testcase>
      <testcase name="test_relic_of_decay_is_legendary" assertions="1" status="fail" classname="scripts/tests/editor_only/item_resources_test.gd" time="0.000248" >
      <failure message="failed"><![CDATA[Unexpected Errors:
      [1] <engine-0>Parameter "ti" is null.
      [2] <engine-0>res://resources/items/relic_of_decay.tres:5 - Parse Error: Can't create sub resource of type 'ItemResource'.
      [3] <engine-0>Condition "found" is true. Returning: Ref<Resource>()
      [4] <engine-2>Invalid access to property or key 'rarity' on a base object of type 'null instance'.
            at line -1]]></failure></testcase>
      <testcase name="test_relic_of_decay_extreme_trade_offs" assertions="1" status="fail" classname="scripts/tests/editor_only/item_resources_test.gd" time="0.000315" >
      <failure message="failed"><![CDATA[Unexpected Errors:
      [1] <engine-0>Parameter "ti" is null.
      [2] <engine-0>res://resources/items/relic_of_decay.tres:5 - Parse Error: Can't create sub resource of type 'ItemResource'.
      [3] <engine-0>Condition "found" is true. Returning: Ref<Resource>()
      [4] <engine-2>Attempt to call function 'get_stat_modifier' in base 'null instance' on a null instance.
            at line -1]]></failure></testcase>
      <testcase name="test_rusty_wrench_is_weapon_type" assertions="1" status="fail" classname="scripts/tests/editor_only/item_resources_test.gd" time="0.000333" >
      <failure message="failed"><![CDATA[Unexpected Errors:
      [1] <engine-0>Parameter "ti" is null.
      [2] <engine-0>res://resources/items/rusty_wrench.tres:5 - Parse Error: Can't create sub resource of type 'ItemResource'.
      [3] <engine-0>Condition "found" is true. Returning: Ref<Resource>()
      [4] <engine-2>Attempt to call function 'is_weapon' in base 'null instance' on a null instance.
            at line -1]]></failure></testcase>
      <testcase name="test_rusty_wrench_weapon_stats" assertions="1" status="fail" classname="scripts/tests/editor_only/item_resources_test.gd" time="0.000261" >
      <failure message="failed"><![CDATA[Unexpected Errors:
      [1] <engine-0>Parameter "ti" is null.
      [2] <engine-0>res://resources/items/rusty_wrench.tres:5 - Parse Error: Can't create sub resource of type 'ItemResource'.
      [3] <engine-0>Condition "found" is true. Returning: Ref<Resource>()
      [4] <engine-2>Invalid access to property or key 'base_damage' on a base object of type 'null instance'.
            at line -1]]></failure></testcase>
      <testcase name="test_rusty_sword_is_melee" assertions="1" status="fail" classname="scripts/tests/editor_only/item_resources_test.gd" time="0.000257" >
      <failure message="failed"><![CDATA[Unexpected Errors:
      [1] <engine-0>Parameter "ti" is null.
      [2] <engine-0>res://resources/items/rusty_sword.tres:5 - Parse Error: Can't create sub resource of type 'ItemResource'.
      [3] <engine-0>Condition "found" is true. Returning: Ref<Resource>()
      [4] <engine-2>Invalid access to property or key 'damage_type' on a base object of type 'null instance'.
            at line -1]]></failure></testcase>
      <testcase name="test_rusty_sword_melee_properties" assertions="1" status="fail" classname="scripts/tests/editor_only/item_resources_test.gd" time="0.000247" >
      <failure message="failed"><![CDATA[Unexpected Errors:
      [1] <engine-0>Parameter "ti" is null.
      [2] <engine-0>res://resources/items/rusty_sword.tres:5 - Parse Error: Can't create sub resource of type 'ItemResource'.
      [3] <engine-0>Condition "found" is true. Returning: Ref<Resource>()
      [4] <engine-2>Invalid access to property or key 'projectile_speed' on a base object of type 'null instance'.
            at line -1]]></failure></testcase>
      <testcase name="test_plasma_arc_is_legendary" assertions="1" status="fail" classname="scripts/tests/editor_only/item_resources_test.gd" time="0.000271" >
      <failure message="failed"><![CDATA[Unexpected Errors:
      [1] <engine-0>Parameter "ti" is null.
      [2] <engine-0>res://resources/items/plasma_arc.tres:5 - Parse Error: Can't create sub resource of type 'ItemResource'.
      [3] <engine-0>Condition "found" is true. Returning: Ref<Resource>()
      [4] <engine-2>Invalid access to property or key 'rarity' on a base object of type 'null instance'.
            at line -1]]></failure></testcase>
      <testcase name="test_plasma_arc_legendary_stats" assertions="1" status="fail" classname="scripts/tests/editor_only/item_resources_test.gd" time="0.000245" >
      <failure message="failed"><![CDATA[Unexpected Errors:
      [1] <engine-0>Parameter "ti" is null.
      [2] <engine-0>res://resources/items/plasma_arc.tres:5 - Parse Error: Can't create sub resource of type 'ItemResource'.
      [3] <engine-0>Condition "found" is true. Returning: Ref<Resource>()
      [4] <engine-2>Invalid access to property or key 'base_damage' on a base object of type 'null instance'.
            at line -1]]></failure></testcase>
      <testcase name="test_rail_slagger_is_epic" assertions="1" status="fail" classname="scripts/tests/editor_only/item_resources_test.gd" time="0.000254" >
      <failure message="failed"><![CDATA[Unexpected Errors:
      [1] <engine-0>Parameter "ti" is null.
      [2] <engine-0>res://resources/items/rail_slagger.tres:5 - Parse Error: Can't create sub resource of type 'ItemResource'.
      [3] <engine-0>Condition "found" is true. Returning: Ref<Resource>()
      [4] <engine-2>Invalid access to property or key 'rarity' on a base object of type 'null instance'.
            at line -1]]></failure></testcase>
      <testcase name="test_rail_slagger_high_damage_slow_rate" assertions="1" status="fail" classname="scripts/tests/editor_only/item_resources_test.gd" time="0.000255" >
      <failure message="failed"><![CDATA[Unexpected Errors:
      [1] <engine-0>Parameter "ti" is null.
      [2] <engine-0>res://resources/items/rail_slagger.tres:5 - Parse Error: Can't create sub resource of type 'ItemResource'.
      [3] <engine-0>Condition "found" is true. Returning: Ref<Resource>()
      [4] <engine-2>Invalid access to property or key 'base_damage' on a base object of type 'null instance'.
            at line -1]]></failure></testcase>
      <testcase name="test_nail_spitter_fast_fire_rate" assertions="1" status="fail" classname="scripts/tests/editor_only/item_resources_test.gd" time="0.000248" >
      <failure message="failed"><![CDATA[Unexpected Errors:
      [1] <engine-0>Parameter "ti" is null.
      [2] <engine-0>res://resources/items/nail_spitter.tres:5 - Parse Error: Can't create sub resource of type 'ItemResource'.
      [3] <engine-0>Condition "found" is true. Returning: Ref<Resource>()
      [4] <engine-2>Invalid access to property or key 'fire_rate' on a base object of type 'null instance'.
            at line -1]]></failure></testcase>
      <testcase name="test_get_stat_descriptions_returns_array" assertions="1" status="fail" classname="scripts/tests/editor_only/item_resources_test.gd" time="0.000244" >
      <failure message="failed"><![CDATA[Unexpected Errors:
      [1] <engine-0>Parameter "ti" is null.
      [2] <engine-0>res://resources/items/scavenger_toolkit.tres:5 - Parse Error: Can't create sub resource of type 'ItemResource'.
      [3] <engine-0>Condition "found" is true. Returning: Ref<Resource>()
      [4] <engine-2>Attempt to call function 'get_stat_descriptions' in base 'null instance' on a null instance.
            at line -1]]></failure></testcase>
      <testcase name="test_get_rarity_tier_common_is_0" assertions="1" status="fail" classname="scripts/tests/editor_only/item_resources_test.gd" time="0.000255" >
      <failure message="failed"><![CDATA[Unexpected Errors:
      [1] <engine-0>Parameter "ti" is null.
      [2] <engine-0>res://resources/items/health_boost.tres:5 - Parse Error: Can't create sub resource of type 'ItemResource'.
      [3] <engine-0>Condition "found" is true. Returning: Ref<Resource>()
      [4] <engine-2>Attempt to call function 'get_rarity_tier' in base 'null instance' on a null instance.
            at line -1]]></failure></testcase>
      <testcase name="test_get_rarity_tier_uncommon_is_1" assertions="1" status="fail" classname="scripts/tests/editor_only/item_resources_test.gd" time="0.000241" >
      <failure message="failed"><![CDATA[Unexpected Errors:
      [1] <engine-0>Parameter "ti" is null.
      [2] <engine-0>res://resources/items/speed_boost.tres:5 - Parse Error: Can't create sub resource of type 'ItemResource'.
      [3] <engine-0>Condition "found" is true. Returning: Ref<Resource>()
      [4] <engine-2>Attempt to call function 'get_rarity_tier' in base 'null instance' on a null instance.
            at line -1]]></failure></testcase>
      <testcase name="test_get_rarity_tier_rare_is_2" assertions="1" status="fail" classname="scripts/tests/editor_only/item_resources_test.gd" time="0.000242" >
      <failure message="failed"><![CDATA[Unexpected Errors:
      [1] <engine-0>Parameter "ti" is null.
      [2] <engine-0>res://resources/items/armor_plate.tres:5 - Parse Error: Can't create sub resource of type 'ItemResource'.
      [3] <engine-0>Condition "found" is true. Returning: Ref<Resource>()
      [4] <engine-2>Attempt to call function 'get_rarity_tier' in base 'null instance' on a null instance.
            at line -1]]></failure></testcase>
      <testcase name="test_get_rarity_tier_epic_is_3" assertions="1" status="fail" classname="scripts/tests/editor_only/item_resources_test.gd" time="0.000233" >
      <failure message="failed"><![CDATA[Unexpected Errors:
      [1] <engine-0>Parameter "ti" is null.
      [2] <engine-0>res://resources/items/lucky_charm.tres:5 - Parse Error: Can't create sub resource of type 'ItemResource'.
      [3] <engine-0>Condition "found" is true. Returning: Ref<Resource>()
      [4] <engine-2>Attempt to call function 'get_rarity_tier' in base 'null instance' on a null instance.
            at line -1]]></failure></testcase>
      <testcase name="test_get_rarity_tier_legendary_is_4" assertions="1" status="fail" classname="scripts/tests/editor_only/item_resources_test.gd" time="0.000258" >
      <failure message="failed"><![CDATA[Unexpected Errors:
      [1] <engine-0>Parameter "ti" is null.
      [2] <engine-0>res://resources/items/vampiric_fangs.tres:5 - Parse Error: Can't create sub resource of type 'ItemResource'.
      [3] <engine-0>Condition "found" is true. Returning: Ref<Resource>()
      [4] <engine-2>Attempt to call function 'get_rarity_tier' in base 'null instance' on a null instance.
            at line -1]]></failure></testcase>
      <testcase name="test_to_string_contains_id" assertions="2" status="fail" classname="scripts/tests/editor_only/item_resources_test.gd" time="0.000253" >
      <failure message="failed"><![CDATA[String should contain ID
            at line 445]]></failure></testcase>
  </testsuite>
  <testsuite name="scripts/tests/editor_only/weapon_loading_test.gd" tests="14" failures="38" skipped="0" time="0.011053" >
      <testcase name="test_rusty_pistol_resource_loads" assertions="2" status="fail" classname="scripts/tests/editor_only/weapon_loading_test.gd" time="0.000267" >
      <failure message="failed"><![CDATA[Expected [<null>] to be anything but NULL:  Rusty Pistol resource should load
            at line 43]]></failure></testcase>
      <testcase name="test_rusty_pistol_has_valid_dps" assertions="1" status="fail" classname="scripts/tests/editor_only/weapon_loading_test.gd" time="0.000243" >
      <failure message="failed"><![CDATA[Unexpected Errors:
      [1] <engine-0>Parameter "ti" is null.
      [2] <engine-0>res://resources/weapons/rusty_pistol.tres:5 - Parse Error: Can't create sub resource of type 'WeaponResource'.
      [3] <engine-0>Condition "found" is true. Returning: Ref<Resource>()
      [4] <engine-2>Attempt to call function 'get_dps' in base 'null instance' on a null instance.
            at line -1]]></failure></testcase>
      <testcase name="test_rusty_pistol_premium_status" assertions="1" status="fail" classname="scripts/tests/editor_only/weapon_loading_test.gd" time="0.000247" >
      <failure message="failed"><![CDATA[Unexpected Errors:
      [1] <engine-0>Parameter "ti" is null.
      [2] <engine-0>res://resources/weapons/rusty_pistol.tres:5 - Parse Error: Can't create sub resource of type 'WeaponResource'.
      [3] <engine-0>Condition "found" is true. Returning: Ref<Resource>()
      [4] <engine-2>Attempt to call function 'is_premium_weapon' in base 'null instance' on a null instance.
            at line -1]]></failure></testcase>
      <testcase name="test_rusty_pistol_rarity_tier" assertions="1" status="fail" classname="scripts/tests/editor_only/weapon_loading_test.gd" time="0.000236" >
      <failure message="failed"><![CDATA[Unexpected Errors:
      [1] <engine-0>Parameter "ti" is null.
      [2] <engine-0>res://resources/weapons/rusty_pistol.tres:5 - Parse Error: Can't create sub resource of type 'WeaponResource'.
      [3] <engine-0>Condition "found" is true. Returning: Ref<Resource>()
      [4] <engine-2>Attempt to call function 'get_rarity_tier' in base 'null instance' on a null instance.
            at line -1]]></failure></testcase>
      <testcase name="test_void_cannon_resource_loads" assertions="2" status="fail" classname="scripts/tests/editor_only/weapon_loading_test.gd" time="0.000281" >
      <failure message="failed"><![CDATA[Expected [<null>] to be anything but NULL:  Void Cannon resource should load
            at line 83]]></failure></testcase>
      <testcase name="test_void_cannon_has_valid_dps" assertions="1" status="fail" classname="scripts/tests/editor_only/weapon_loading_test.gd" time="0.000238" >
      <failure message="failed"><![CDATA[Unexpected Errors:
      [1] <engine-0>Parameter "ti" is null.
      [2] <engine-0>res://resources/weapons/void_cannon.tres:5 - Parse Error: Can't create sub resource of type 'WeaponResource'.
      [3] <engine-0>Condition "found" is true. Returning: Ref<Resource>()
      [4] <engine-2>Attempt to call function 'get_dps' in base 'null instance' on a null instance.
            at line -1]]></failure></testcase>
      <testcase name="test_void_cannon_rarity_tier" assertions="1" status="fail" classname="scripts/tests/editor_only/weapon_loading_test.gd" time="0.000247" >
      <failure message="failed"><![CDATA[Unexpected Errors:
      [1] <engine-0>Parameter "ti" is null.
      [2] <engine-0>res://resources/weapons/void_cannon.tres:5 - Parse Error: Can't create sub resource of type 'WeaponResource'.
      [3] <engine-0>Condition "found" is true. Returning: Ref<Resource>()
      [4] <engine-2>Attempt to call function 'get_rarity_tier' in base 'null instance' on a null instance.
            at line -1]]></failure></testcase>
      <testcase name="test_plasma_cutter_resource_loads" assertions="2" status="fail" classname="scripts/tests/editor_only/weapon_loading_test.gd" time="0.000258" >
      <failure message="failed"><![CDATA[Expected [<null>] to be anything but NULL:  Plasma Cutter resource should load
            at line 113]]></failure></testcase>
      <testcase name="test_plasma_cutter_has_valid_dps" assertions="1" status="fail" classname="scripts/tests/editor_only/weapon_loading_test.gd" time="0.000247" >
      <failure message="failed"><![CDATA[Unexpected Errors:
      [1] <engine-0>Parameter "ti" is null.
      [2] <engine-0>res://resources/weapons/plasma_cutter.tres:5 - Parse Error: Can't create sub resource of type 'WeaponResource'.
      [3] <engine-0>Condition "found" is true. Returning: Ref<Resource>()
      [4] <engine-2>Attempt to call function 'get_dps' in base 'null instance' on a null instance.
            at line -1]]></failure></testcase>
      <testcase name="test_plasma_cutter_rarity_tier" assertions="1" status="fail" classname="scripts/tests/editor_only/weapon_loading_test.gd" time="0.000256" >
      <failure message="failed"><![CDATA[Unexpected Errors:
      [1] <engine-0>Parameter "ti" is null.
      [2] <engine-0>res://resources/weapons/plasma_cutter.tres:5 - Parse Error: Can't create sub resource of type 'WeaponResource'.
      [3] <engine-0>Condition "found" is true. Returning: Ref<Resource>()
      [4] <engine-2>Attempt to call function 'get_rarity_tier' in base 'null instance' on a null instance.
            at line -1]]></failure></testcase>
      <testcase name="test_weapons_directory_exists" assertions="1" status="pass" classname="scripts/tests/editor_only/weapon_loading_test.gd" time="0.000109" >
      </testcase>
      <testcase name="test_all_weapon_resources_load" assertions="25" status="fail" classname="scripts/tests/editor_only/weapon_loading_test.gd" time="0.004509" >
      <failure message="failed"><![CDATA[Expected [<null>] to be anything but NULL:  Weapon gear_launcher.tres should load
            at line 166]]></failure></testcase>
      <testcase name="test_expected_23_weapons_exist" assertions="2" status="pass" classname="scripts/tests/editor_only/weapon_loading_test.gd" time="0.000449" >
      </testcase>
      <testcase name="test_all_loaded_weapons_have_valid_stats" assertions="2" status="fail" classname="scripts/tests/editor_only/weapon_loading_test.gd" time="0.003466" >
      <failure message="failed"><![CDATA[Unexpected Errors:
      [1] <engine-0>Parameter "ti" is null.
      [2] <engine-0>res://resources/weapons/gear_launcher.tres:5 - Parse Error: Can't create sub resource of type 'WeaponResource'.
      [3] <engine-0>Condition "found" is true. Returning: Ref<Resource>()
      [4] <engine-0>Parameter "ti" is null.
      [5] <engine-0>res://resources/weapons/soul_harvester.tres:5 - Parse Error: Can't create sub resource of type 'WeaponResource'.
      [6] <engine-0>Condition "found" is true. Returning: Ref<Resource>()
      [7] <engine-0>Parameter "ti" is null.
      [8] <engine-0>res://resources/weapons/quantum_disruptor.tres:5 - Parse Error: Can't create sub resource of type 'WeaponResource'.
      [9] <engine-0>Condition "found" is true. Returning: Ref<Resource>()
      [10] <engine-0>Parameter "ti" is null.
      [11] <engine-0>res://resources/weapons/hydraulic_hammer.tres:5 - Parse Error: Can't create sub resource of type 'WeaponResource'.
      [12] <engine-0>Condition "found" is true. Returning: Ref<Resource>()
      [13] <engine-0>Parameter "ti" is null.
      [14] <engine-0>res://resources/weapons/matter_converter.tres:5 - Parse Error: Can't create sub resource of type 'WeaponResource'.
      [15] <engine-0>Condition "found" is true. Returning: Ref<Resource>()
      [16] <engine-0>Parameter "ti" is null.
      [17] <engine-0>res://resources/weapons/spark_pistol.tres:5 - Parse Error: Can't create sub resource of type 'WeaponResource'.
      [18] <engine-0>Condition "found" is true. Returning: Ref<Resource>()
      [19] <engine-0>Parameter "ti" is null.
      [20] <engine-0>res://resources/weapons/steam_cannon.tres:5 - Parse Error: Can't create sub resource of type 'WeaponResource'.
      [21] <engine-0>Condition "found" is true. Returning: Ref<Resource>()
      [22] <engine-0>Parameter "ti" is null.
[...]
      <testcase name="test_save_game_succeeds" assertions="2" status="pass" classname="scripts/tests/save_system_test.gd" time="0.006999" >
      </testcase>
      <testcase name="test_load_game_succeeds" assertions="2" status="pass" classname="scripts/tests/save_system_test.gd" time="0.007316" >
      </testcase>
      <testcase name="test_loaded_data_matches_saved_data" assertions="4" status="pass" classname="scripts/tests/save_system_test.gd" time="0.007127" >
      </testcase>
      <testcase name="test_save_to_multiple_slots" assertions="3" status="pass" classname="scripts/tests/save_system_test.gd" time="0.007725" >
      </testcase>
      <testcase name="test_load_from_multiple_slots" assertions="9" status="pass" classname="scripts/tests/save_system_test.gd" time="0.007944" >
      </testcase>
      <testcase name="test_non_existent_save_metadata" assertions="1" status="pass" classname="scripts/tests/save_system_test.gd" time="0.006482" >
      </testcase>
      <testcase name="test_existing_save_metadata" assertions="5" status="pass" classname="scripts/tests/save_system_test.gd" time="0.007047" >
      </testcase>
      <testcase name="test_second_save_creates_backup" assertions="1" status="pass" classname="scripts/tests/save_system_test.gd" time="0.007574" >
      </testcase>
      <testcase name="test_save_exists_after_creation" assertions="1" status="pass" classname="scripts/tests/save_system_test.gd" time="0.007194" >
      </testcase>
      <testcase name="test_save_deleted_successfully" assertions="2" status="pass" classname="scripts/tests/save_system_test.gd" time="0.007246" >
      </testcase>
      <testcase name="test_has_save_detects_empty_slots" assertions="2" status="pass" classname="scripts/tests/save_system_test.gd" time="0.006409" >
      </testcase>
      <testcase name="test_has_save_detects_existing_save" assertions="2" status="pass" classname="scripts/tests/save_system_test.gd" time="0.00703" >
      </testcase>
      <testcase name="test_negative_slot_save_fails" assertions="2" status="pass" classname="scripts/tests/save_system_test.gd" time="0.006496" >
      </testcase>
      <testcase name="test_too_large_slot_save_fails" assertions="1" status="pass" classname="scripts/tests/save_system_test.gd" time="0.006777" >
      </testcase>
      <testcase name="test_invalid_slot_load_fails" assertions="1" status="pass" classname="scripts/tests/save_system_test.gd" time="0.006627" >
      </testcase>
      <testcase name="test_invalid_slot_has_save_returns_false" assertions="1" status="pass" classname="scripts/tests/save_system_test.gd" time="0.006119" >
      </testcase>
      <testcase name="test_corruption_recovers_from_backup" assertions="2" status="pass" classname="scripts/tests/save_system_test.gd" time="0.007403" >
      </testcase>
      <testcase name="test_save_with_current_version" assertions="1" status="pass" classname="scripts/tests/save_system_test.gd" time="0.007238" >
      </testcase>
      <testcase name="test_load_verifies_version" assertions="2" status="pass" classname="scripts/tests/save_system_test.gd" time="0.007009" >
      </testcase>
      <testcase name="test_future_version_rejected" assertions="2" status="pass" classname="scripts/tests/save_system_test.gd" time="0.006898" >
      </testcase>
  </testsuite>
  <testsuite name="scripts/tests/service_integration_test.gd" tests="15" failures="0" skipped="0" time="0.076551" >
      <testcase name="test_dismantle_rare_weapon_grants_scrap" assertions="1" status="pass" classname="scripts/tests/service_integration_test.gd" time="0.000885" >
      </testcase>
      <testcase name="test_add_recycled_scrap_to_bank" assertions="2" status="pass" classname="scripts/tests/service_integration_test.gd" time="0.001383" >
      </testcase>
      <testcase name="test_player_can_afford_first_reroll" assertions="2" status="pass" classname="scripts/tests/service_integration_test.gd" time="0.001132" >
      </testcase>
      <testcase name="test_reroll_deducts_cost_from_bank" assertions="2" status="pass" classname="scripts/tests/service_integration_test.gd" time="0.001655" >
      </testcase>
      <testcase name="test_second_reroll_costs_more" assertions="1" status="pass" classname="scripts/tests/service_integration_test.gd" time="0.000873" >
      </testcase>
      <testcase name="test_free_tier_rejects_scrap" assertions="2" status="pass" classname="scripts/tests/service_integration_test.gd" time="0.0006" >
      </testcase>
      <testcase name="test_premium_tier_accepts_scrap" assertions="2" status="pass" classname="scripts/tests/service_integration_test.gd" time="0.001175" >
      </testcase>
      <testcase name="test_premium_tier_enforces_cap" assertions="1" status="pass" classname="scripts/tests/service_integration_test.gd" time="0.054238" >
      </testcase>
      <testcase name="test_banking_currency_changed_signal" assertions="1" status="pass" classname="scripts/tests/service_integration_test.gd" time="0.001274" >
      </testcase>
      <testcase name="test_recycler_item_dismantled_signal" assertions="1" status="pass" classname="scripts/tests/service_integration_test.gd" time="0.000945" >
      </testcase>
      <testcase name="test_shop_reroll_executed_signal" assertions="1" status="pass" classname="scripts/tests/service_integration_test.gd" time="0.000934" >
      </testcase>
      <testcase name="test_player_dismantles_multiple_items" assertions="1" status="pass" classname="scripts/tests/service_integration_test.gd" time="0.003546" >
      </testcase>
      <testcase name="test_player_runs_out_of_scrap_rerolling" assertions="1" status="pass" classname="scripts/tests/service_integration_test.gd" time="0.001661" >
      </testcase>
      <testcase name="test_legendary_weapon_grants_high_scrap" assertions="1" status="pass" classname="scripts/tests/service_integration_test.gd" time="0.001363" >
      </testcase>
      <testcase name="test_complete_gameplay_scenario" assertions="5" status="pass" classname="scripts/tests/service_integration_test.gd" time="0.004887" >
      </testcase>
  </testsuite>
  <testsuite name="scripts/tests/shop_reroll_service_test.gd" tests="35" failures="0" skipped="0" time="0.013275" >
      <testcase name="test_base_cost_constant_is_50" assertions="1" status="pass" classname="scripts/tests/shop_reroll_service_test.gd" time="0.000066" >
      </testcase>
      <testcase name="test_cost_multiplier_constant_is_2" assertions="1" status="pass" classname="scripts/tests/shop_reroll_service_test.gd" time="0.000055" >
      </testcase>
      <testcase name="test_max_reroll_count_constant_is_99" assertions="1" status="pass" classname="scripts/tests/shop_reroll_service_test.gd" time="0.000053" >
      </testcase>
      <testcase name="test_calculate_cost_for_reroll_0_equals_50" assertions="1" status="pass" classname="scripts/tests/shop_reroll_service_test.gd" time="0.000054" >
      </testcase>
      <testcase name="test_calculate_cost_for_reroll_1_equals_100" assertions="1" status="pass" classname="scripts/tests/shop_reroll_service_test.gd" time="0.000051" >
      </testcase>
      <testcase name="test_calculate_cost_for_reroll_2_equals_200" assertions="1" status="pass" classname="scripts/tests/shop_reroll_service_test.gd" time="0.000052" >
      </testcase>
      <testcase name="test_calculate_cost_for_reroll_3_equals_400" assertions="1" status="pass" classname="scripts/tests/shop_reroll_service_test.gd" time="0.000057" >
      </testcase>
      <testcase name="test_calculate_cost_for_reroll_5_equals_1600" assertions="1" status="pass" classname="scripts/tests/shop_reroll_service_test.gd" time="0.000051" >
      </testcase>
      <testcase name="test_calculate_cost_for_reroll_10_equals_51200" assertions="1" status="pass" classname="scripts/tests/shop_reroll_service_test.gd" time="0.000061" >
      </testcase>
      <testcase name="test_initial_reroll_count_is_zero" assertions="1" status="pass" classname="scripts/tests/shop_reroll_service_test.gd" time="0.000053" >
      </testcase>
      <testcase name="test_initial_preview_shows_zero_rerolls" assertions="1" status="pass" classname="scripts/tests/shop_reroll_service_test.gd" time="0.000065" >
      </testcase>
      <testcase name="test_initial_preview_cost_is_50" assertions="1" status="pass" classname="scripts/tests/shop_reroll_service_test.gd" time="0.000052" >
      </testcase>
      <testcase name="test_initial_preview_next_cost_is_100" assertions="1" status="pass" classname="scripts/tests/shop_reroll_service_test.gd" time="0.000057" >
      </testcase>
      <testcase name="test_preview_does_not_mutate_state" assertions="3" status="pass" classname="scripts/tests/shop_reroll_service_test.gd" time="0.000081" >
      </testcase>
      <testcase name="test_preview_shows_accurate_costs" assertions="2" status="pass" classname="scripts/tests/shop_reroll_service_test.gd" time="0.000064" >
      </testcase>
      <testcase name="test_execute_first_reroll_increments_count" assertions="1" status="pass" classname="scripts/tests/shop_reroll_service_test.gd" time="0.000389" >
      </testcase>
      <testcase name="test_execute_first_reroll_charges_50" assertions="1" status="pass" classname="scripts/tests/shop_reroll_service_test.gd" time="0.000345" >
      </testcase>
      <testcase name="test_execute_first_reroll_next_cost_is_200" assertions="1" status="pass" classname="scripts/tests/shop_reroll_service_test.gd" time="0.000334" >
      </testcase>
      <testcase name="test_execute_second_reroll_increments_count" assertions="1" status="pass" classname="scripts/tests/shop_reroll_service_test.gd" time="0.000581" >
      </testcase>
      <testcase name="test_execute_second_reroll_charges_100" assertions="1" status="pass" classname="scripts/tests/shop_reroll_service_test.gd" time="0.000584" >
      </testcase>
      <testcase name="test_execute_second_reroll_next_cost_is_400" assertions="1" status="pass" classname="scripts/tests/shop_reroll_service_test.gd" time="0.000584" >
      </testcase>
      <testcase name="test_execute_third_reroll_increments_count" assertions="1" status="pass" classname="scripts/tests/shop_reroll_service_test.gd" time="0.000867" >
      </testcase>
      <testcase name="test_execute_third_reroll_charges_200" assertions="1" status="pass" classname="scripts/tests/shop_reroll_service_test.gd" time="0.00088" >
      </testcase>
      <testcase name="test_execute_third_reroll_next_cost_is_800" assertions="1" status="pass" classname="scripts/tests/shop_reroll_service_test.gd" time="0.000854" >
      </testcase>
      <testcase name="test_get_reroll_count_tracks_executions" assertions="1" status="pass" classname="scripts/tests/shop_reroll_service_test.gd" time="0.000857" >
      </testcase>
      <testcase name="test_exponential_cost_progression" assertions="6" status="pass" classname="scripts/tests/shop_reroll_service_test.gd" time="0.001683" >
      </testcase>
      <testcase name="test_reroll_count_reaches_max" assertions="1" status="pass" classname="scripts/tests/shop_reroll_service_test.gd" time="0.000317" >
      </testcase>
      <testcase name="test_reroll_count_does_not_exceed_max" assertions="1" status="pass" classname="scripts/tests/shop_reroll_service_test.gd" time="0.000595" >
      </testcase>
      <testcase name="test_max_cost_still_calculated_correctly" assertions="1" status="pass" classname="scripts/tests/shop_reroll_service_test.gd" time="0.000054" >
      </testcase>
      <testcase name="test_reset_clears_reroll_count" assertions="2" status="pass" classname="scripts/tests/shop_reroll_service_test.gd" time="0.000913" >
      </testcase>
      <testcase name="test_reset_restores_initial_costs" assertions="1" status="pass" classname="scripts/tests/shop_reroll_service_test.gd" time="0.000859" >
      </testcase>
      <testcase name="test_reroll_executed_signal_emits_on_execution" assertions="2" status="pass" classname="scripts/tests/shop_reroll_service_test.gd" time="0.000475" >
      </testcase>
      <testcase name="test_reroll_executed_signal_contains_correct_data" assertions="2" status="pass" classname="scripts/tests/shop_reroll_service_test.gd" time="0.00038" >
      </testcase>
      <testcase name="test_reroll_executed_signal_emits_multiple_times" assertions="3" status="pass" classname="scripts/tests/shop_reroll_service_test.gd" time="0.000682" >
      </testcase>
      <testcase name="test_reroll_count_reset_signal_emits_on_reset" assertions="2" status="pass" classname="scripts/tests/shop_reroll_service_test.gd" time="0.00017" >
      </testcase>
  </testsuite>
  <testsuite name="scripts/tests/stat_service_test.gd" tests="17" failures="0" skipped="0" time="0.000946" >
      <testcase name="test_calculate_damage_with_base_only" assertions="1" status="pass" classname="scripts/tests/stat_service_test.gd" time="0.000059" >
      </testcase>
      <testcase name="test_calculate_damage_with_strength_bonus" assertions="1" status="pass" classname="scripts/tests/stat_service_test.gd" time="0.00005" >
      </testcase>
      <testcase name="test_calculate_damage_with_weapon_bonus" assertions="1" status="pass" classname="scripts/tests/stat_service_test.gd" time="0.000048" >
      </testcase>
      <testcase name="test_calculate_health_with_base_only" assertions="1" status="pass" classname="scripts/tests/stat_service_test.gd" time="0.000047" >
      </testcase>
      <testcase name="test_calculate_health_with_vitality_bonus" assertions="1" status="pass" classname="scripts/tests/stat_service_test.gd" time="0.000051" >
      </testcase>
      <testcase name="test_calculate_speed_with_base_only" assertions="1" status="pass" classname="scripts/tests/stat_service_test.gd" time="0.000052" >
      </testcase>
      <testcase name="test_calculate_speed_with_agility_bonus" assertions="1" status="pass" classname="scripts/tests/stat_service_test.gd" time="0.000051" >
      </testcase>
      <testcase name="test_apply_stat_modifiers_increases_and_decreases_stats" assertions="4" status="pass" classname="scripts/tests/stat_service_test.gd" time="0.000082" >
      </testcase>
      <testcase name="test_apply_stat_modifiers_clamps_negative_values_to_zero" assertions="1" status="pass" classname="scripts/tests/stat_service_test.gd" time="0.000079" >
      </testcase>
      <testcase name="test_calculate_armor_reduction_with_zero_armor" assertions="1" status="pass" classname="scripts/tests/stat_service_test.gd" time="0.000057" >
      </testcase>
      <testcase name="test_calculate_armor_reduction_with_normal_armor" assertions="1" status="pass" classname="scripts/tests/stat_service_test.gd" time="0.000053" >
      </testcase>
      <testcase name="test_calculate_armor_reduction_caps_at_80_percent" assertions="1" status="pass" classname="scripts/tests/stat_service_test.gd" time="0.000056" >
      </testcase>
      <testcase name="test_calculate_dodge_chance_scales_with_agility" assertions="1" status="pass" classname="scripts/tests/stat_service_test.gd" time="0.000051" >
      </testcase>
      <testcase name="test_calculate_dodge_chance_caps_at_50_percent" assertions="1" status="pass" classname="scripts/tests/stat_service_test.gd" time="0.000054" >
      </testcase>
      <testcase name="test_calculate_crit_chance_scales_with_luck" assertions="1" status="pass" classname="scripts/tests/stat_service_test.gd" time="0.000052" >
      </testcase>
      <testcase name="test_calculate_crit_chance_caps_at_30_percent" assertions="1" status="pass" classname="scripts/tests/stat_service_test.gd" time="0.000053" >
      </testcase>
      <testcase name="test_calculate_life_steal_percentage_of_damage" assertions="1" status="pass" classname="scripts/tests/stat_service_test.gd" time="0.000051" >
      </testcase>
  </testsuite>
  <testsuite name="scripts/tests/weapon_loading_test.gd" tests="14" failures="12" skipped="13" time="0.001988" >
      <testcase name="test_rusty_pistol_resource_loads" assertions="1" status="pending" classname="scripts/tests/weapon_loading_test.gd" time="0.00013" >
      <skipped message="pending"><![CDATA[Disabled for headless CI - set ENABLE_WEAPON_TESTS=true to run in Godot Editor]]></skipped></testcase>
      <testcase name="test_rusty_pistol_has_valid_dps" assertions="1" status="pending" classname="scripts/tests/weapon_loading_test.gd" time="0.000114" >
      <skipped message="pending"><![CDATA[Disabled for headless CI - set ENABLE_WEAPON_TESTS=true to run in Godot Editor]]></skipped></testcase>
      <testcase name="test_rusty_pistol_premium_status" assertions="1" status="pending" classname="scripts/tests/weapon_loading_test.gd" time="0.000113" >
      <skipped message="pending"><![CDATA[Disabled for headless CI - set ENABLE_WEAPON_TESTS=true to run in Godot Editor]]></skipped></testcase>
      <testcase name="test_rusty_pistol_rarity_tier" assertions="1" status="pending" classname="scripts/tests/weapon_loading_test.gd" time="0.000109" >
      <skipped message="pending"><![CDATA[Disabled for headless CI - set ENABLE_WEAPON_TESTS=true to run in Godot Editor]]></skipped></testcase>
      <testcase name="test_void_cannon_resource_loads" assertions="1" status="pending" classname="scripts/tests/weapon_loading_test.gd" time="0.000107" >
      <skipped message="pending"><![CDATA[Disabled for headless CI - set ENABLE_WEAPON_TESTS=true to run in Godot Editor]]></skipped></testcase>
      <testcase name="test_void_cannon_has_valid_dps" assertions="1" status="pending" classname="scripts/tests/weapon_loading_test.gd" time="0.000111" >
      <skipped message="pending"><![CDATA[Disabled for headless CI - set ENABLE_WEAPON_TESTS=true to run in Godot Editor]]></skipped></testcase>
      <testcase name="test_void_cannon_rarity_tier" assertions="1" status="pending" classname="scripts/tests/weapon_loading_test.gd" time="0.000111" >
      <skipped message="pending"><![CDATA[Disabled for headless CI - set ENABLE_WEAPON_TESTS=true to run in Godot Editor]]></skipped></testcase>
      <testcase name="test_plasma_cutter_resource_loads" assertions="1" status="pending" classname="scripts/tests/weapon_loading_test.gd" time="0.000102" >
      <skipped message="pending"><![CDATA[Disabled for headless CI - set ENABLE_WEAPON_TESTS=true to run in Godot Editor]]></skipped></testcase>
      <testcase name="test_plasma_cutter_has_valid_dps" assertions="1" status="pending" classname="scripts/tests/weapon_loading_test.gd" time="0.000105" >
      <skipped message="pending"><![CDATA[Disabled for headless CI - set ENABLE_WEAPON_TESTS=true to run in Godot Editor]]></skipped></testcase>
      <testcase name="test_plasma_cutter_rarity_tier" assertions="1" status="pending" classname="scripts/tests/weapon_loading_test.gd" time="0.000109" >
      <skipped message="pending"><![CDATA[Disabled for headless CI - set ENABLE_WEAPON_TESTS=true to run in Godot Editor]]></skipped></testcase>
      <testcase name="test_weapons_directory_exists" assertions="1" status="pass" classname="scripts/tests/weapon_loading_test.gd" time="0.000099" >
      </testcase>
      <testcase name="test_all_weapon_resources_load" assertions="1" status="pending" classname="scripts/tests/weapon_loading_test.gd" time="0.000361" >
      <skipped message="pending"><![CDATA[Disabled for headless CI - set ENABLE_WEAPON_TESTS=true to run in Godot Editor]]></skipped></testcase>
      <testcase name="test_expected_23_weapons_exist" assertions="0" status="pending" classname="scripts/tests/weapon_loading_test.gd" time="0.000054" >
      <skipped message="pending"><![CDATA[Disabled for headless CI - set ENABLE_WEAPON_TESTS=true to run in Godot Editor]]></skipped></testcase>
      <testcase name="test_all_loaded_weapons_have_valid_stats" assertions="1" status="pending" classname="scripts/tests/weapon_loading_test.gd" time="0.000363" >
      <skipped message="pending"><![CDATA[Disabled for headless CI - set ENABLE_WEAPON_TESTS=true to run in Godot Editor]]></skipped></testcase>
  </testsuite>
</testsuites>