<?xml version="1.0" encoding="UTF-8"?>
<testsuites name="GutTests" failures="0" tests="811" >
  <testsuite name="scripts/tests/analytics_test.gd" tests="24" failures="0" skipped="0" time="0.013941" >
      <testcase name="test_track_event_exists" assertions="1" status="pass" classname="scripts/tests/analytics_test.gd" time="0.000499" >
      </testcase>
      <testcase name="test_track_event_with_properties" assertions="1" status="pass" classname="scripts/tests/analytics_test.gd" time="0.000329" >
      </testcase>
      <testcase name="test_track_event_with_empty_properties" assertions="1" status="pass" classname="scripts/tests/analytics_test.gd" time="0.000324" >
      </testcase>
      <testcase name="test_hub_opened_event" assertions="1" status="pass" classname="scripts/tests/analytics_test.gd" time="0.000316" >
      </testcase>
      <testcase name="test_hub_button_pressed_event" assertions="1" status="pass" classname="scripts/tests/analytics_test.gd" time="0.001125" >
      </testcase>
      <testcase name="test_character_created_event" assertions="1" status="pass" classname="scripts/tests/analytics_test.gd" time="0.00166" >
      </testcase>
      <testcase name="test_character_deleted_event" assertions="1" status="pass" classname="scripts/tests/analytics_test.gd" time="0.000575" >
      </testcase>
      <testcase name="test_character_selected_event" assertions="1" status="pass" classname="scripts/tests/analytics_test.gd" time="0.000295" >
      </testcase>
      <testcase name="test_run_started_event" assertions="1" status="pass" classname="scripts/tests/analytics_test.gd" time="0.000568" >
      </testcase>
      <testcase name="test_run_ended_event" assertions="1" status="pass" classname="scripts/tests/analytics_test.gd" time="0.000292" >
      </testcase>
      <testcase name="test_run_ended_with_zero_values" assertions="1" status="pass" classname="scripts/tests/analytics_test.gd" time="0.000308" >
      </testcase>
      <testcase name="test_first_launch_event" assertions="1" status="pass" classname="scripts/tests/analytics_test.gd" time="0.000309" >
      </testcase>
      <testcase name="test_tutorial_started_event" assertions="1" status="pass" classname="scripts/tests/analytics_test.gd" time="0.000313" >
      </testcase>
      <testcase name="test_tutorial_completed_event" assertions="1" status="pass" classname="scripts/tests/analytics_test.gd" time="0.000301" >
      </testcase>
      <testcase name="test_session_ended_event" assertions="1" status="pass" classname="scripts/tests/analytics_test.gd" time="0.000305" >
      </testcase>
      <testcase name="test_save_corruption_detected_event" assertions="1" status="pass" classname="scripts/tests/analytics_test.gd" time="0.000586" >
      </testcase>
      <testcase name="test_save_recovered_from_backup_event" assertions="1" status="pass" classname="scripts/tests/analytics_test.gd" time="0.000311" >
      </testcase>
      <testcase name="test_save_recovered_from_cloud_event" assertions="1" status="pass" classname="scripts/tests/analytics_test.gd" time="0.000308" >
      </testcase>
      <testcase name="test_full_analytics_flow" assertions="1" status="pass" classname="scripts/tests/analytics_test.gd" time="0.003263" >
      </testcase>
      <testcase name="test_analytics_with_invalid_character_type" assertions="1" status="pass" classname="scripts/tests/analytics_test.gd" time="0.000325" >
      </testcase>
      <testcase name="test_analytics_with_negative_values" assertions="1" status="pass" classname="scripts/tests/analytics_test.gd" time="0.000299" >
      </testcase>
      <testcase name="test_analytics_with_very_large_values" assertions="1" status="pass" classname="scripts/tests/analytics_test.gd" time="0.000281" >
      </testcase>
      <testcase name="test_analytics_with_empty_string" assertions="1" status="pass" classname="scripts/tests/analytics_test.gd" time="0.000521" >
      </testcase>
      <testcase name="test_analytics_with_null_like_values" assertions="1" status="pass" classname="scripts/tests/analytics_test.gd" time="0.000528" >
      </testcase>
  </testsuite>
  <testsuite name="scripts/tests/aura_foundation_test.gd" tests="19" failures="0" skipped="0" time="0.568973" >
      <testcase name="test_special_mechanics_stored_in_character" assertions="1" status="pass" classname="scripts/tests/aura_foundation_test.gd" time="0.000896" >
      </testcase>
      <testcase name="test_scavenger_has_scrap_drop_bonus" assertions="1" status="pass" classname="scripts/tests/aura_foundation_test.gd" time="0.000854" >
      </testcase>
      <testcase name="test_scavenger_has_pickup_bonus" assertions="2" status="pass" classname="scripts/tests/aura_foundation_test.gd" time="0.000888" >
      </testcase>
      <testcase name="test_rustbucket_has_speed_mechanic" assertions="2" status="pass" classname="scripts/tests/aura_foundation_test.gd" time="0.000638" >
      </testcase>
      <testcase name="test_hotshot_has_damage_multiplier" assertions="2" status="pass" classname="scripts/tests/aura_foundation_test.gd" time="0.000608" >
      </testcase>
      <testcase name="test_calculate_aura_power_with_resonance" assertions="4" status="pass" classname="scripts/tests/aura_foundation_test.gd" time="0.000345" >
      </testcase>
      <testcase name="test_calculate_aura_power_for_all_types" assertions="6" status="pass" classname="scripts/tests/aura_foundation_test.gd" time="0.000329" >
      </testcase>
      <testcase name="test_calculate_aura_radius_from_pickup_range" assertions="3" status="pass" classname="scripts/tests/aura_foundation_test.gd" time="0.000291" >
      </testcase>
      <testcase name="test_invalid_aura_type_returns_zero" assertions="1" status="pass" classname="scripts/tests/aura_foundation_test.gd" time="0.000295" >
      </testcase>
      <testcase name="test_special_mechanics_persist_after_save_load" assertions="2" status="pass" classname="scripts/tests/aura_foundation_test.gd" time="0.001711" >
      </testcase>
      <testcase name="test_multiple_characters_with_different_mechanics_persist" assertions="3" status="pass" classname="scripts/tests/aura_foundation_test.gd" time="0.001975" >
      </testcase>
      <testcase name="test_all_aura_types_have_required_fields" assertions="48" status="pass" classname="scripts/tests/aura_foundation_test.gd" time="0.000395" >
      </testcase>
      <testcase name="test_aura_visual_can_be_instantiated" assertions="3" status="pass" classname="scripts/tests/aura_foundation_test.gd" time="0.000336" >
      </testcase>
      <testcase name="test_aura_visual_creates_child_nodes" assertions="2" status="pass" classname="scripts/tests/aura_foundation_test.gd" time="0.004377" >
      </testcase>
      <testcase name="test_aura_visual_update_changes_parameters" assertions="3" status="pass" classname="scripts/tests/aura_foundation_test.gd" time="0.006467" >
      </testcase>
      <testcase name="test_aura_visual_set_emitting" assertions="3" status="pass" classname="scripts/tests/aura_foundation_test.gd" time="0.043236" >
      </testcase>
      <testcase name="test_aura_visual_colors_match_aura_types" assertions="6" status="pass" classname="scripts/tests/aura_foundation_test.gd" time="0.400166" >
      </testcase>
      <testcase name="test_aura_visual_ring_has_correct_point_count" assertions="2" status="pass" classname="scripts/tests/aura_foundation_test.gd" time="0.05753" >
      </testcase>
      <testcase name="test_damage_aura_visual" assertions="3" status="pass" classname="scripts/tests/aura_foundation_test.gd" time="0.047636" >
      </testcase>
  </testsuite>
  <testsuite name="scripts/tests/banking_service_test.gd" tests="22" failures="0" skipped="0" time="0.071646" >
      <testcase name="test_initial_state_all_balances_are_zero" assertions="2" status="pass" classname="scripts/tests/banking_service_test.gd" time="0.004155" >
      </testcase>
      <testcase name="test_add_currency_increases_balance" assertions="4" status="pass" classname="scripts/tests/banking_service_test.gd" time="0.005995" >
      </testcase>
      <testcase name="test_subtract_currency_decreases_balance" assertions="2" status="pass" classname="scripts/tests/banking_service_test.gd" time="0.005238" >
      </testcase>
      <testcase name="test_subtract_currency_with_insufficient_funds_fails" assertions="2" status="pass" classname="scripts/tests/banking_service_test.gd" time="0.004141" >
      </testcase>
      <testcase name="test_tier_gating_free_tier_denies_access" assertions="1" status="pass" classname="scripts/tests/banking_service_test.gd" time="0.002709" >
      </testcase>
      <testcase name="test_tier_gating_premium_tier_grants_access" assertions="1" status="pass" classname="scripts/tests/banking_service_test.gd" time="0.002577" >
      </testcase>
      <testcase name="test_tier_gating_subscription_tier_grants_access" assertions="1" status="pass" classname="scripts/tests/banking_service_test.gd" time="0.002908" >
      </testcase>
      <testcase name="test_balance_caps_premium_tier_enforces_10k_limit" assertions="3" status="pass" classname="scripts/tests/banking_service_test.gd" time="0.003288" >
      </testcase>
      <testcase name="test_balance_caps_subscription_tier_enforces_100k_limit" assertions="1" status="pass" classname="scripts/tests/banking_service_test.gd" time="0.002387" >
      </testcase>
      <testcase name="test_transaction_history_records_all_operations" assertions="4" status="pass" classname="scripts/tests/banking_service_test.gd" time="0.004593" >
      </testcase>
      <testcase name="test_get_tier_returns_current_tier" assertions="3" status="pass" classname="scripts/tests/banking_service_test.gd" time="0.002544" >
      </testcase>
      <testcase name="test_currency_changed_signal_emits_on_add" assertions="4" status="pass" classname="scripts/tests/banking_service_test.gd" time="0.0034" >
      </testcase>
      <testcase name="test_currency_changed_signal_emits_on_subtract" assertions="2" status="pass" classname="scripts/tests/banking_service_test.gd" time="0.003576" >
      </testcase>
      <testcase name="test_initial_state_all_three_currencies_are_zero" assertions="3" status="pass" classname="scripts/tests/banking_service_test.gd" time="0.001761" >
      </testcase>
      <testcase name="test_add_components_currency" assertions="2" status="pass" classname="scripts/tests/banking_service_test.gd" time="0.002651" >
      </testcase>
      <testcase name="test_add_nanites_currency" assertions="2" status="pass" classname="scripts/tests/banking_service_test.gd" time="0.002567" >
      </testcase>
      <testcase name="test_components_respects_tier_caps" assertions="3" status="pass" classname="scripts/tests/banking_service_test.gd" time="0.002492" >
      </testcase>
      <testcase name="test_nanites_respects_tier_caps" assertions="3" status="pass" classname="scripts/tests/banking_service_test.gd" time="0.002443" >
      </testcase>
      <testcase name="test_serialize_includes_all_currencies" assertions="4" status="pass" classname="scripts/tests/banking_service_test.gd" time="0.003686" >
      </testcase>
      <testcase name="test_deserialize_handles_missing_new_currencies" assertions="3" status="pass" classname="scripts/tests/banking_service_test.gd" time="0.002694" >
      </testcase>
      <testcase name="test_subtract_components_currency" assertions="2" status="pass" classname="scripts/tests/banking_service_test.gd" time="0.002925" >
      </testcase>
      <testcase name="test_subtract_nanites_currency" assertions="2" status="pass" classname="scripts/tests/banking_service_test.gd" time="0.002916" >
      </testcase>
  </testsuite>
  <testsuite name="scripts/tests/character_service_test.gd" tests="54" failures="0" skipped="0" time="0.093674" >
      <testcase name="test_create_character_returns_valid_id" assertions="2" status="pass" classname="scripts/tests/character_service_test.gd" time="0.000952" >
      </testcase>
      <testcase name="test_create_character_stores_correct_data" assertions="5" status="pass" classname="scripts/tests/character_service_test.gd" time="0.000948" >
      </testcase>
      <testcase name="test_create_character_with_empty_name_fails" assertions="2" status="pass" classname="scripts/tests/character_service_test.gd" time="0.000908" >
      </testcase>
      <testcase name="test_create_character_sets_default_stats" assertions="5" status="pass" classname="scripts/tests/character_service_test.gd" time="0.000924" >
      </testcase>
      <testcase name="test_create_character_initializes_starting_currency" assertions="1" status="pass" classname="scripts/tests/character_service_test.gd" time="0.000886" >
      </testcase>
      <testcase name="test_starting_currency_has_all_three_types" assertions="6" status="pass" classname="scripts/tests/character_service_test.gd" time="0.00092" >
      </testcase>
      <testcase name="test_add_currency_updates_character_data" assertions="2" status="pass" classname="scripts/tests/character_service_test.gd" time="0.001176" >
      </testcase>
      <testcase name="test_first_character_becomes_active" assertions="1" status="pass" classname="scripts/tests/character_service_test.gd" time="0.000889" >
      </testcase>
      <testcase name="test_get_character_returns_correct_data" assertions="2" status="pass" classname="scripts/tests/character_service_test.gd" time="0.001131" >
      </testcase>
      <testcase name="test_get_nonexistent_character_returns_empty_dict" assertions="1" status="pass" classname="scripts/tests/character_service_test.gd" time="0.000903" >
      </testcase>
      <testcase name="test_get_all_characters_returns_all_created" assertions="1" status="pass" classname="scripts/tests/character_service_test.gd" time="0.001476" >
      </testcase>
      <testcase name="test_update_character_modifies_data" assertions="3" status="pass" classname="scripts/tests/character_service_test.gd" time="0.001193" >
      </testcase>
      <testcase name="test_update_nonexistent_character_fails" assertions="1" status="pass" classname="scripts/tests/character_service_test.gd" time="0.000854" >
      </testcase>
      <testcase name="test_delete_character_removes_from_storage" assertions="2" status="pass" classname="scripts/tests/character_service_test.gd" time="0.00146" >
      </testcase>
      <testcase name="test_delete_active_character_clears_active_state" assertions="1" status="pass" classname="scripts/tests/character_service_test.gd" time="0.001768" >
      </testcase>
      <testcase name="test_delete_only_character_clears_active" assertions="1" status="pass" classname="scripts/tests/character_service_test.gd" time="0.001173" >
      </testcase>
      <testcase name="test_set_active_character_changes_active" assertions="2" status="pass" classname="scripts/tests/character_service_test.gd" time="0.001765" >
      </testcase>
      <testcase name="test_set_active_nonexistent_character_fails" assertions="2" status="pass" classname="scripts/tests/character_service_test.gd" time="0.000894" >
      </testcase>
      <testcase name="test_get_active_character_returns_correct_data" assertions="2" status="pass" classname="scripts/tests/character_service_test.gd" time="0.001672" >
      </testcase>
      <testcase name="test_free_tier_allows_3_characters" assertions="5" status="pass" classname="scripts/tests/character_service_test.gd" time="0.002135" >
      </testcase>
      <testcase name="test_premium_tier_allows_15_characters" assertions="17" status="pass" classname="scripts/tests/character_service_test.gd" time="0.006083" >
      </testcase>
      <testcase name="test_subscription_tier_allows_50_characters" assertions="52" status="pass" classname="scripts/tests/character_service_test.gd" time="0.016833" >
      </testcase>
      <testcase name="test_can_create_character_respects_tier_limits" assertions="4" status="pass" classname="scripts/tests/character_service_test.gd" time="0.001755" >
      </testcase>
      <testcase name="test_get_available_slots_returns_correct_count" assertions="4" status="pass" classname="scripts/tests/character_service_test.gd" time="0.001778" >
      </testcase>
      <testcase name="test_add_experience_increases_xp" assertions="3" status="pass" classname="scripts/tests/character_service_test.gd" time="0.000969" >
      </testcase>
      <testcase name="test_level_up_at_100_xp" assertions="3" status="pass" classname="scripts/tests/character_service_test.gd" time="0.001315" >
      </testcase>
      <testcase name="test_level_up_increases_stats" assertions="3" status="pass" classname="scripts/tests/character_service_test.gd" time="0.001239" >
      </testcase>
      <testcase name="test_multiple_level_ups_from_single_xp_gain" assertions="2" status="pass" classname="scripts/tests/character_service_test.gd" time="0.001484" >
      </testcase>
      <testcase name="test_add_zero_or_negative_xp_does_nothing" assertions="3" status="pass" classname="scripts/tests/character_service_test.gd" time="0.00091" >
      </testcase>
      <testcase name="test_character_death_increments_death_count" assertions="2" status="pass" classname="scripts/tests/character_service_test.gd" time="0.001188" >
      </testcase>
      <testcase name="test_multiple_deaths_increment_count" assertions="1" status="pass" classname="scripts/tests/character_service_test.gd" time="0.001721" >
      </testcase>
      <testcase name="test_character_create_pre_hook_fires" assertions="1" status="pass" classname="scripts/tests/character_service_test.gd" time="0.001075" >
      </testcase>
      <testcase name="test_character_create_post_hook_fires" assertions="1" status="pass" classname="scripts/tests/character_service_test.gd" time="0.001021" >
      </testcase>
      <testcase name="test_character_level_up_pre_hook_fires" assertions="1" status="pass" classname="scripts/tests/character_service_test.gd" time="0.001308" >
      </testcase>
      <testcase name="test_character_level_up_post_hook_fires" assertions="1" status="pass" classname="scripts/tests/character_service_test.gd" time="0.001234" >
      </testcase>
      <testcase name="test_character_death_pre_hook_fires" assertions="1" status="pass" classname="scripts/tests/character_service_test.gd" time="0.001156" >
      </testcase>
      <testcase name="test_character_death_post_hook_fires" assertions="1" status="pass" classname="scripts/tests/character_service_test.gd" time="0.00129" >
      </testcase>
      <testcase name="test_serialize_returns_valid_data" assertions="4" status="pass" classname="scripts/tests/character_service_test.gd" time="0.001183" >
      </testcase>
      <testcase name="test_deserialize_restores_characters" assertions="2" status="pass" classname="scripts/tests/character_service_test.gd" time="0.002332" >
      </testcase>
      <testcase name="test_deserialize_restores_character_stats" assertions="3" status="pass" classname="scripts/tests/character_service_test.gd" time="0.002293" >
      </testcase>
      <testcase name="test_full_save_load_cycle_with_save_manager" assertions="5" status="pass" classname="scripts/tests/character_service_test.gd" time="0.00565" >
      </testcase>
      <testcase name="test_get_character_count_returns_correct_count" assertions="2" status="pass" classname="scripts/tests/character_service_test.gd" time="0.001491" >
      </testcase>
      <testcase name="test_get_character_count_updates_after_delete" assertions="2" status="pass" classname="scripts/tests/character_service_test.gd" time="0.001351" >
      </testcase>
      <testcase name="test_add_xp_returns_level_up_info" assertions="4" status="pass" classname="scripts/tests/character_service_test.gd" time="0.001154" >
      </testcase>
      <testcase name="test_add_xp_handles_multiple_level_ups" assertions="4" status="pass" classname="scripts/tests/character_service_test.gd" time="0.001485" >
      </testcase>
      <testcase name="test_add_xp_with_no_level_up" assertions="4" status="pass" classname="scripts/tests/character_service_test.gd" time="0.000925" >
      </testcase>
      <testcase name="test_add_xp_with_invalid_character_id" assertions="3" status="pass" classname="scripts/tests/character_service_test.gd" time="0.000904" >
      </testcase>
      <testcase name="test_add_xp_with_zero_xp" assertions="2" status="pass" classname="scripts/tests/character_service_test.gd" time="0.000886" >
      </testcase>
      <testcase name="test_add_xp_with_negative_xp" assertions="2" status="pass" classname="scripts/tests/character_service_test.gd" time="0.000881" >
      </testcase>
      <testcase name="test_character_created_signal_fires" assertions="1" status="pass" classname="scripts/tests/character_service_test.gd" time="0.001041" >
      </testcase>
      <testcase name="test_character_deleted_signal_fires" assertions="1" status="pass" classname="scripts/tests/character_service_test.gd" time="0.00127" >
      </testcase>
      <testcase name="test_active_character_changed_signal_fires" assertions="1" status="pass" classname="scripts/tests/character_service_test.gd" time="0.00183" >
      </testcase>
      <testcase name="test_character_stats_changed_signal_fires_on_update" assertions="1" status="pass" classname="scripts/tests/character_service_test.gd" time="0.001292" >
      </testcase>
      <testcase name="test_character_stats_changed_signal_fires_on_level_up" assertions="1" status="pass" classname="scripts/tests/character_service_test.gd" time="0.00132" >
      </testcase>
  </testsuite>
  <testsuite name="scripts/tests/character_stats_expansion_test.gd" tests="24" failures="0" skipped="0" time="0.024116" >
      <testcase name="test_hp_regen_exists_in_default_stats" assertions="2" status="pass" classname="scripts/tests/character_stats_expansion_test.gd" time="0.000611" >
      </testcase>
      <testcase name="test_life_steal_exists_in_default_stats" assertions="2" status="pass" classname="scripts/tests/character_stats_expansion_test.gd" time="0.000595" >
      </testcase>
      <testcase name="test_attack_speed_exists_in_default_stats" assertions="2" status="pass" classname="scripts/tests/character_stats_expansion_test.gd" time="0.000605" >
      </testcase>
      <testcase name="test_melee_damage_exists_in_default_stats" assertions="2" status="pass" classname="scripts/tests/character_stats_expansion_test.gd" time="0.000743" >
      </testcase>
      <testcase name="test_ranged_damage_exists_in_default_stats" assertions="2" status="pass" classname="scripts/tests/character_stats_expansion_test.gd" time="0.000689" >
      </testcase>
      <testcase name="test_scavenging_exists_in_default_stats" assertions="2" status="pass" classname="scripts/tests/character_stats_expansion_test.gd" time="0.000724" >
      </testcase>
      <testcase name="test_resonance_exists_in_default_stats" assertions="2" status="pass" classname="scripts/tests/character_stats_expansion_test.gd" time="0.000664" >
      </testcase>
      <testcase name="test_new_character_has_hp_regen" assertions="2" status="pass" classname="scripts/tests/character_stats_expansion_test.gd" time="0.000889" >
      </testcase>
      <testcase name="test_new_character_has_life_steal" assertions="2" status="pass" classname="scripts/tests/character_stats_expansion_test.gd" time="0.000977" >
      </testcase>
      <testcase name="test_new_character_has_attack_speed" assertions="2" status="pass" classname="scripts/tests/character_stats_expansion_test.gd" time="0.000914" >
      </testcase>
      <testcase name="test_new_character_has_melee_and_ranged_damage" assertions="4" status="pass" classname="scripts/tests/character_stats_expansion_test.gd" time="0.00086" >
      </testcase>
      <testcase name="test_new_character_has_scavenging" assertions="2" status="pass" classname="scripts/tests/character_stats_expansion_test.gd" time="0.000897" >
      </testcase>
      <testcase name="test_new_character_has_resonance" assertions="2" status="pass" classname="scripts/tests/character_stats_expansion_test.gd" time="0.000896" >
      </testcase>
      <testcase name="test_can_update_hp_regen_stat" assertions="1" status="pass" classname="scripts/tests/character_stats_expansion_test.gd" time="0.001162" >
      </testcase>
      <testcase name="test_can_update_life_steal_stat" assertions="1" status="pass" classname="scripts/tests/character_stats_expansion_test.gd" time="0.001046" >
      </testcase>
      <testcase name="test_can_update_attack_speed_stat" assertions="1" status="pass" classname="scripts/tests/character_stats_expansion_test.gd" time="0.00111" >
      </testcase>
      <testcase name="test_can_update_melee_damage_stat" assertions="1" status="pass" classname="scripts/tests/character_stats_expansion_test.gd" time="0.001156" >
      </testcase>
      <testcase name="test_can_update_ranged_damage_stat" assertions="1" status="pass" classname="scripts/tests/character_stats_expansion_test.gd" time="0.001163" >
      </testcase>
      <testcase name="test_can_update_scavenging_stat" assertions="1" status="pass" classname="scripts/tests/character_stats_expansion_test.gd" time="0.001116" >
      </testcase>
      <testcase name="test_can_update_resonance_stat" assertions="1" status="pass" classname="scripts/tests/character_stats_expansion_test.gd" time="0.001157" >
      </testcase>
      <testcase name="test_scavenging_in_level_up_gains" assertions="2" status="pass" classname="scripts/tests/character_stats_expansion_test.gd" time="0.000594" >
      </testcase>
      <testcase name="test_scavenging_increases_on_level_up" assertions="2" status="pass" classname="scripts/tests/character_stats_expansion_test.gd" time="0.001207" >
      </testcase>
      <testcase name="test_scavenging_increases_multiple_levels" assertions="2" status="pass" classname="scripts/tests/character_stats_expansion_test.gd" time="0.00228" >
      </testcase>
      <testcase name="test_new_stats_persist_through_save_load" assertions="7" status="pass" classname="scripts/tests/character_stats_expansion_test.gd" time="0.002061" >
      </testcase>
  </testsuite>
  <testsuite name="scripts/tests/character_type_test.gd" tests="61" failures="0" skipped="0" time="0.028922" >
      <testcase name="test_character_type_count_is_six" assertions="1" status="pass" classname="scripts/tests/character_type_test.gd" time="0.000348" >
      </testcase>
      <testcase name="test_all_six_types_exist" assertions="6" status="pass" classname="scripts/tests/character_type_test.gd" time="0.00034" >
      </testcase>
      <testcase name="test_get_all_types_returns_dictionary" assertions="3" status="pass" classname="scripts/tests/character_type_test.gd" time="0.000349" >
      </testcase>
      <testcase name="test_type_definitions_have_required_fields" assertions="1" status="pass" classname="scripts/tests/character_type_test.gd" time="0.000339" >
      </testcase>
      <testcase name="test_free_tier_has_three_types" assertions="1" status="pass" classname="scripts/tests/character_type_test.gd" time="0.000334" >
      </testcase>
      <testcase name="test_premium_tier_has_two_types" assertions="1" status="pass" classname="scripts/tests/character_type_test.gd" time="0.00031" >
      </testcase>
      <testcase name="test_subscription_tier_has_one_type" assertions="1" status="pass" classname="scripts/tests/character_type_test.gd" time="0.000294" >
      </testcase>
      <testcase name="test_scavenger_is_free_tier" assertions="1" status="pass" classname="scripts/tests/character_type_test.gd" time="0.000295" >
      </testcase>
      <testcase name="test_tinkerer_is_premium_tier" assertions="1" status="pass" classname="scripts/tests/character_type_test.gd" time="0.000313" >
      </testcase>
      <testcase name="test_overclocked_is_subscription_tier" assertions="1" status="pass" classname="scripts/tests/character_type_test.gd" time="0.000297" >
      </testcase>
      <testcase name="test_free_user_can_access_scavenger" assertions="1" status="pass" classname="scripts/tests/character_type_test.gd" time="0.000299" >
      </testcase>
      <testcase name="test_free_user_cannot_access_tinkerer" assertions="1" status="pass" classname="scripts/tests/character_type_test.gd" time="0.000309" >
      </testcase>
      <testcase name="test_premium_user_can_access_all_except_subscription" assertions="3" status="pass" classname="scripts/tests/character_type_test.gd" time="0.000281" >
      </testcase>
      <testcase name="test_scavenger_has_six_weapon_slots" assertions="1" status="pass" classname="scripts/tests/character_type_test.gd" time="0.000291" >
      </testcase>
      <testcase name="test_rustbucket_has_four_weapon_slots" assertions="1" status="pass" classname="scripts/tests/character_type_test.gd" time="0.00032" >
      </testcase>
      <testcase name="test_salvager_has_five_weapon_slots" assertions="1" status="pass" classname="scripts/tests/character_type_test.gd" time="0.000328" >
      </testcase>
      <testcase name="test_hotshot_has_six_weapon_slots" assertions="1" status="pass" classname="scripts/tests/character_type_test.gd" time="0.000329" >
      </testcase>
      <testcase name="test_all_types_have_thirty_inventory_slots" assertions="6" status="pass" classname="scripts/tests/character_type_test.gd" time="0.000403" >
      </testcase>
      <testcase name="test_default_inventory_slots_constant" assertions="1" status="pass" classname="scripts/tests/character_type_test.gd" time="0.000324" >
      </testcase>
      <testcase name="test_scavenger_has_scavenging_bonus" assertions="2" status="pass" classname="scripts/tests/character_type_test.gd" time="0.000326" >
      </testcase>
      <testcase name="test_rustbucket_has_tank_stats" assertions="2" status="pass" classname="scripts/tests/character_type_test.gd" time="0.000336" >
      </testcase>
      <testcase name="test_hotshot_has_damage_tradeoff" assertions="2" status="pass" classname="scripts/tests/character_type_test.gd" time="0.000364" >
      </testcase>
      <testcase name="test_overclocked_has_attack_speed_bonus" assertions="1" status="pass" classname="scripts/tests/character_type_test.gd" time="0.000329" >
      </testcase>
      <testcase name="test_scavenger_has_scrap_drop_bonus" assertions="1" status="pass" classname="scripts/tests/character_type_test.gd" time="0.000334" >
      </testcase>
      <testcase name="test_rustbucket_has_speed_penalty" assertions="1" status="pass" classname="scripts/tests/character_type_test.gd" time="0.000331" >
      </testcase>
      <testcase name="test_hotshot_has_damage_multiplier" assertions="1" status="pass" classname="scripts/tests/character_type_test.gd" time="0.000335" >
      </testcase>
      <testcase name="test_tinkerer_has_stack_limit_bonus" assertions="1" status="pass" classname="scripts/tests/character_type_test.gd" time="0.000328" >
      </testcase>
      <testcase name="test_salvager_has_component_yield_bonus" assertions="2" status="pass" classname="scripts/tests/character_type_test.gd" time="0.000346" >
      </testcase>
      <testcase name="test_overclocked_has_hp_damage_per_wave" assertions="2" status="pass" classname="scripts/tests/character_type_test.gd" time="0.000347" >
      </testcase>
      <testcase name="test_scavenger_starts_with_rusty_blade" assertions="1" status="pass" classname="scripts/tests/character_type_test.gd" time="0.000322" >
      </testcase>
      <testcase name="test_rustbucket_starts_with_armor" assertions="1" status="pass" classname="scripts/tests/character_type_test.gd" time="0.000319" >
      </testcase>
      <testcase name="test_hotshot_starts_with_ranged_weapon" assertions="1" status="pass" classname="scripts/tests/character_type_test.gd" time="0.00031" >
      </testcase>
      <testcase name="test_tinkerer_starts_with_trinket" assertions="1" status="pass" classname="scripts/tests/character_type_test.gd" time="0.000294" >
      </testcase>
      <testcase name="test_overclocked_starts_with_uncommon_weapon" assertions="1" status="pass" classname="scripts/tests/character_type_test.gd" time="0.00034" >
      </testcase>
      <testcase name="test_display_name_returns_formatted_name" assertions="1" status="pass" classname="scripts/tests/character_type_test.gd" time="0.000337" >
      </testcase>
      <testcase name="test_description_is_not_empty" assertions="6" status="pass" classname="scripts/tests/character_type_test.gd" time="0.000326" >
      </testcase>
      <testcase name="test_color_is_not_white" assertions="6" status="pass" classname="scripts/tests/character_type_test.gd" time="0.000431" >
      </testcase>
      <testcase name="test_create_scavenger_succeeds" assertions="1" status="pass" classname="scripts/tests/character_type_test.gd" time="0.000612" >
      </testcase>
      <testcase name="test_create_character_applies_stat_modifiers" assertions="2" status="pass" classname="scripts/tests/character_type_test.gd" time="0.00063" >
      </testcase>
      <testcase name="test_create_rustbucket_applies_tank_stats" assertions="2" status="pass" classname="scripts/tests/character_type_test.gd" time="0.000629" >
      </testcase>
      <testcase name="test_create_hotshot_applies_glass_cannon_stats" assertions="2" status="pass" classname="scripts/tests/character_type_test.gd" time="0.000636" >
      </testcase>
      <testcase name="test_create_character_sets_weapon_slots" assertions="2" status="pass" classname="scripts/tests/character_type_test.gd" time="0.000924" >
      </testcase>
      <testcase name="test_create_character_sets_inventory_slots" assertions="1" status="pass" classname="scripts/tests/character_type_test.gd" time="0.000634" >
      </testcase>
      <testcase name="test_create_character_stores_special_mechanics" assertions="1" status="pass" classname="scripts/tests/character_type_test.gd" time="0.000638" >
      </testcase>
      <testcase name="test_create_character_includes_starting_items_in_post_context" assertions="3" status="pass" classname="scripts/tests/character_type_test.gd" time="0.000618" >
      </testcase>
      <testcase name="test_free_tier_cannot_create_tinkerer" assertions="1" status="pass" classname="scripts/tests/character_type_test.gd" time="0.000789" >
      </testcase>
      <testcase name="test_premium_tier_can_create_tinkerer" assertions="1" status="pass" classname="scripts/tests/character_type_test.gd" time="0.000838" >
      </testcase>
      <testcase name="test_premium_tier_cannot_create_overclocked" assertions="1" status="pass" classname="scripts/tests/character_type_test.gd" time="0.00086" >
      </testcase>
      <testcase name="test_subscription_tier_can_create_all_types" assertions="6" status="pass" classname="scripts/tests/character_type_test.gd" time="0.002375" >
      </testcase>
      <testcase name="test_get_available_character_types_for_free" assertions="4" status="pass" classname="scripts/tests/character_type_test.gd" time="0.000643" >
      </testcase>
      <testcase name="test_get_available_character_types_for_premium" assertions="3" status="pass" classname="scripts/tests/character_type_test.gd" time="0.000619" >
      </testcase>
      <testcase name="test_can_create_character_type_check" assertions="2" status="pass" classname="scripts/tests/character_type_test.gd" time="0.00059" >
      </testcase>
      <testcase name="test_has_special_mechanic_returns_true" assertions="1" status="pass" classname="scripts/tests/character_type_test.gd" time="0.0006" >
      </testcase>
      <testcase name="test_has_special_mechanic_returns_false" assertions="1" status="pass" classname="scripts/tests/character_type_test.gd" time="0.000598" >
      </testcase>
      <testcase name="test_get_special_mechanic_returns_value" assertions="1" status="pass" classname="scripts/tests/character_type_test.gd" time="0.001137" >
      </testcase>
      <testcase name="test_get_special_mechanic_returns_default" assertions="1" status="pass" classname="scripts/tests/character_type_test.gd" time="0.000546" >
      </testcase>
      <testcase name="test_invalid_type_returns_empty_dict" assertions="1" status="pass" classname="scripts/tests/character_type_test.gd" time="0.000304" >
      </testcase>
      <testcase name="test_create_invalid_type_fails" assertions="1" status="pass" classname="scripts/tests/character_type_test.gd" time="0.000594" >
      </testcase>
      <testcase name="test_get_weapon_slots_invalid_character" assertions="1" status="pass" classname="scripts/tests/character_type_test.gd" time="0.000323" >
      </testcase>
      <testcase name="test_get_inventory_slots_invalid_character" assertions="1" status="pass" classname="scripts/tests/character_type_test.gd" time="0.000321" >
      </testcase>
      <testcase name="test_get_special_mechanics_invalid_character" assertions="1" status="pass" classname="scripts/tests/character_type_test.gd" time="0.000306" >
      </testcase>
  </testsuite>
  <testsuite name="scripts/tests/combat_service_test.gd" tests="15" failures="0" skipped="0" time="0.026852" >
      <testcase name="test_calculate_damage_includes_character_stats" assertions="1" status="pass" classname="scripts/tests/combat_service_test.gd" time="0.001411" >
      </testcase>
      <testcase name="test_calculate_damage_adds_melee_bonus" assertions="1" status="pass" classname="scripts/tests/combat_service_test.gd" time="0.001388" >
      </testcase>
      <testcase name="test_calculate_damage_adds_ranged_bonus" assertions="1" status="pass" classname="scripts/tests/combat_service_test.gd" time="0.001399" >
      </testcase>
      <testcase name="test_apply_damage_to_enemy_reduces_hp" assertions="2" status="pass" classname="scripts/tests/combat_service_test.gd" time="0.001672" >
      </testcase>
      <testcase name="test_apply_damage_to_enemy_returns_drops_when_killed" assertions="4" status="pass" classname="scripts/tests/combat_service_test.gd" time="0.001974" >
      </testcase>
      <testcase name="test_apply_damage_to_invalid_enemy_returns_safe_result" assertions="2" status="pass" classname="scripts/tests/combat_service_test.gd" time="0.00201" >
      </testcase>
      <testcase name="test_calculate_aura_damage_scales_with_resonance" assertions="2" status="pass" classname="scripts/tests/combat_service_test.gd" time="0.001484" >
      </testcase>
      <testcase name="test_calculate_aura_damage_with_no_resonance_stat" assertions="1" status="pass" classname="scripts/tests/combat_service_test.gd" time="0.001468" >
      </testcase>
      <testcase name="test_apply_aura_damage_to_nearby_enemies" assertions="3" status="pass" classname="scripts/tests/combat_service_test.gd" time="0.002616" >
      </testcase>
      <testcase name="test_apply_aura_damage_can_kill_enemies" assertions="2" status="pass" classname="scripts/tests/combat_service_test.gd" time="0.002247" >
      </testcase>
      <testcase name="test_apply_aura_damage_to_empty_area" assertions="1" status="pass" classname="scripts/tests/combat_service_test.gd" time="0.001468" >
      </testcase>
      <testcase name="test_get_weapon_attack_damage" assertions="1" status="pass" classname="scripts/tests/combat_service_test.gd" time="0.001666" >
      </testcase>
      <testcase name="test_get_weapon_attack_damage_with_invalid_character" assertions="1" status="pass" classname="scripts/tests/combat_service_test.gd" time="0.001805" >
      </testcase>
      <testcase name="test_apply_weapon_attack" assertions="3" status="pass" classname="scripts/tests/combat_service_test.gd" time="0.001899" >
      </testcase>
      <testcase name="test_apply_weapon_attack_can_kill" assertions="2" status="pass" classname="scripts/tests/combat_service_test.gd" time="0.002345" >
      </testcase>
  </testsuite>
  <testsuite name="scripts/tests/drop_system_test.gd" tests="14" failures="0" skipped="0" time="0.162815" >
      <testcase name="test_generate_drops_returns_valid_currency" assertions="2" status="pass" classname="scripts/tests/drop_system_test.gd" time="0.001232" >
      </testcase>
      <testcase name="test_generate_drops_with_invalid_enemy_type" assertions="1" status="pass" classname="scripts/tests/drop_system_test.gd" time="0.001431" >
      </testcase>
      <testcase name="test_scavenging_multiplies_drop_amounts" assertions="2" status="pass" classname="scripts/tests/drop_system_test.gd" time="0.134371" >
      </testcase>
      <testcase name="test_scavenging_caps_at_50_percent" assertions="2" status="pass" classname="scripts/tests/drop_system_test.gd" time="0.000938" >
      </testcase>
      <testcase name="test_scavenging_zero_gives_base_drops" assertions="1" status="pass" classname="scripts/tests/drop_system_test.gd" time="0.001214" >
      </testcase>
      <testcase name="test_award_xp_for_kill_grants_xp" assertions="1" status="pass" classname="scripts/tests/drop_system_test.gd" time="0.001555" >
      </testcase>
      <testcase name="test_award_xp_for_kill_triggers_level_up" assertions="2" status="pass" classname="scripts/tests/drop_system_test.gd" time="0.001721" >
      </testcase>
      <testcase name="test_award_xp_for_kill_returns_false_when_no_level_up" assertions="1" status="pass" classname="scripts/tests/drop_system_test.gd" time="0.001349" >
      </testcase>
      <testcase name="test_award_xp_with_invalid_enemy_type" assertions="1" status="pass" classname="scripts/tests/drop_system_test.gd" time="0.001641" >
      </testcase>
      <testcase name="test_process_enemy_kill_returns_complete_data" assertions="5" status="pass" classname="scripts/tests/drop_system_test.gd" time="0.001766" >
      </testcase>
      <testcase name="test_process_enemy_kill_with_level_up" assertions="2" status="pass" classname="scripts/tests/drop_system_test.gd" time="0.002068" >
      </testcase>
      <testcase name="test_process_enemy_kill_applies_scavenging_to_drops" assertions="1" status="pass" classname="scripts/tests/drop_system_test.gd" time="0.001695" >
      </testcase>
      <testcase name="test_mutant_rat_drops_different_currencies" assertions="1" status="pass" classname="scripts/tests/drop_system_test.gd" time="0.010069" >
      </testcase>
      <testcase name="test_rust_spider_awards_different_xp" assertions="1" status="pass" classname="scripts/tests/drop_system_test.gd" time="0.001765" >
      </testcase>
  </testsuite>
  <testsuite name="scripts/tests/enemy_service_test.gd" tests="25" failures="0" skipped="0" time="0.018083" >
      <testcase name="test_enemy_type_exists_returns_true_for_valid_type" assertions="1" status="pass" classname="scripts/tests/enemy_service_test.gd" time="0.000322" >
      </testcase>
      <testcase name="test_enemy_type_exists_returns_false_for_invalid_type" assertions="1" status="pass" classname="scripts/tests/enemy_service_test.gd" time="0.000318" >
      </testcase>
      <testcase name="test_get_enemy_type_returns_valid_data" assertions="5" status="pass" classname="scripts/tests/enemy_service_test.gd" time="0.00037" >
      </testcase>
      <testcase name="test_get_enemy_type_returns_empty_for_invalid_type" assertions="1" status="pass" classname="scripts/tests/enemy_service_test.gd" time="0.0006" >
      </testcase>
      <testcase name="test_spawn_enemy_returns_valid_id" assertions="2" status="pass" classname="scripts/tests/enemy_service_test.gd" time="0.000693" >
      </testcase>
      <testcase name="test_spawn_enemy_creates_valid_enemy" assertions="7" status="pass" classname="scripts/tests/enemy_service_test.gd" time="0.000722" >
      </testcase>
      <testcase name="test_spawn_enemy_with_invalid_type_fails" assertions="1" status="pass" classname="scripts/tests/enemy_service_test.gd" time="0.000622" >
      </testcase>
      <testcase name="test_spawn_enemy_increments_id" assertions="1" status="pass" classname="scripts/tests/enemy_service_test.gd" time="0.000882" >
      </testcase>
      <testcase name="test_damage_enemy_reduces_hp" assertions="3" status="pass" classname="scripts/tests/enemy_service_test.gd" time="0.000591" >
      </testcase>
      <testcase name="test_damage_enemy_returns_true_when_killed" assertions="3" status="pass" classname="scripts/tests/enemy_service_test.gd" time="0.000778" >
      </testcase>
      <testcase name="test_damage_enemy_caps_hp_at_zero" assertions="1" status="pass" classname="scripts/tests/enemy_service_test.gd" time="0.000841" >
      </testcase>
      <testcase name="test_damage_enemy_with_invalid_id_returns_false" assertions="1" status="pass" classname="scripts/tests/enemy_service_test.gd" time="0.000589" >
      </testcase>
      <testcase name="test_damage_dead_enemy_fails" assertions="1" status="pass" classname="scripts/tests/enemy_service_test.gd" time="0.001168" >
      </testcase>
      <testcase name="test_kill_enemy_returns_drop_data" assertions="5" status="pass" classname="scripts/tests/enemy_service_test.gd" time="0.000648" >
      </testcase>
      <testcase name="test_get_living_enemies_returns_all_alive" assertions="3" status="pass" classname="scripts/tests/enemy_service_test.gd" time="0.000898" >
      </testcase>
      <testcase name="test_get_living_enemies_excludes_dead" assertions="3" status="pass" classname="scripts/tests/enemy_service_test.gd" time="0.001161" >
      </testcase>
      <testcase name="test_get_enemy_count" assertions="1" status="pass" classname="scripts/tests/enemy_service_test.gd" time="0.001157" >
      </testcase>
      <testcase name="test_remove_enemy" assertions="1" status="pass" classname="scripts/tests/enemy_service_test.gd" time="0.001156" >
      </testcase>
      <testcase name="test_wave_scaling_increases_enemy_count" assertions="3" status="pass" classname="scripts/tests/enemy_service_test.gd" time="0.000343" >
      </testcase>
      <testcase name="test_wave_scaling_increases_enemy_hp" assertions="3" status="pass" classname="scripts/tests/enemy_service_test.gd" time="0.000328" >
      </testcase>
      <testcase name="test_spawn_enemy_applies_wave_scaling" assertions="1" status="pass" classname="scripts/tests/enemy_service_test.gd" time="0.000599" >
      </testcase>
      <testcase name="test_get_spawn_rate_decreases_with_wave" assertions="3" status="pass" classname="scripts/tests/enemy_service_test.gd" time="0.000338" >
      </testcase>
      <testcase name="test_update_enemy_ai_moves_toward_player" assertions="2" status="pass" classname="scripts/tests/enemy_service_test.gd" time="0.000621" >
      </testcase>
      <testcase name="test_get_enemies_in_radius" assertions="3" status="pass" classname="scripts/tests/enemy_service_test.gd" time="0.001175" >
      </testcase>
      <testcase name="test_get_enemies_in_radius_excludes_dead" assertions="3" status="pass" classname="scripts/tests/enemy_service_test.gd" time="0.001163" >
      </testcase>
  </testsuite>
  <testsuite name="scripts/tests/entity_classes_test.gd" tests="30" failures="0" skipped="24" time="0.23872" >
      <testcase name="test_player_initial_max_health_is_100" assertions="1" status="pass" classname="scripts/tests/entity_classes_test.gd" time="0.003541" >
      </testcase>
      <testcase name="test_player_initial_current_health_is_100" assertions="1" status="pass" classname="scripts/tests/entity_classes_test.gd" time="0.042823" >
      </testcase>
      <testcase name="test_player_base_speed_is_200" assertions="1" status="pass" classname="scripts/tests/entity_classes_test.gd" time="0.055245" >
      </testcase>
      <testcase name="test_player_takes_damage_correctly" assertions="1" status="pass" classname="scripts/tests/entity_classes_test.gd" time="0.049242" >
      </testcase>
      <testcase name="test_player_heals_correctly" assertions="1" status="pass" classname="scripts/tests/entity_classes_test.gd" time="0.048445" >
      </testcase>
      <testcase name="test_player_applies_health_item_modifiers" assertions="0" status="pending" classname="scripts/tests/entity_classes_test.gd" time="0.00187" >
      <skipped message="pending"><![CDATA[Disabled - CharacterService handles stat modifiers, not Player directly]]></skipped></testcase>
      <testcase name="test_player_applies_speed_item_modifiers" assertions="0" status="pending" classname="scripts/tests/entity_classes_test.gd" time="0.001662" >
      <skipped message="pending"><![CDATA[Disabled - CharacterService handles stat modifiers, not Player directly]]></skipped></testcase>
      <testcase name="test_player_equips_weapon" assertions="0" status="pending" classname="scripts/tests/entity_classes_test.gd" time="0.001707" >
      <skipped message="pending"><![CDATA[Disabled - WeaponService integration tested in scene_integration_test.gd]]></skipped></testcase>
      <testcase name="test_player_invulnerability_blocks_damage" assertions="0" status="pending" classname="scripts/tests/entity_classes_test.gd" time="0.001645" >
      <skipped message="pending"><![CDATA[Disabled - Week 10 Player doesn't have invulnerability (simplified)]]></skipped></testcase>
      <testcase name="test_enemy_resource_loads" assertions="0" status="pending" classname="scripts/tests/entity_classes_test.gd" time="0.001639" >
      <skipped message="pending"><![CDATA[Disabled for headless CI - set ENABLE_RESOURCE_TESTS=true to run in Godot Editor]]></skipped></testcase>
      <testcase name="test_enemy_initializes_with_wave_1" assertions="0" status="pending" classname="scripts/tests/entity_classes_test.gd" time="0.001507" >
      <skipped message="pending"><![CDATA[Disabled for headless CI - set ENABLE_RESOURCE_TESTS=true to run in Godot Editor]]></skipped></testcase>
      <testcase name="test_enemy_scales_health_with_wave" assertions="0" status="pending" classname="scripts/tests/entity_classes_test.gd" time="0.001518" >
      <skipped message="pending"><![CDATA[Disabled for headless CI - set ENABLE_RESOURCE_TESTS=true to run in Godot Editor]]></skipped></testcase>
      <testcase name="test_enemy_takes_damage" assertions="0" status="pending" classname="scripts/tests/entity_classes_test.gd" time="0.001527" >
      <skipped message="pending"><![CDATA[Disabled for headless CI - set ENABLE_RESOURCE_TESTS=true to run in Godot Editor]]></skipped></testcase>
      <testcase name="test_enemy_health_percentage_calculation" assertions="0" status="pending" classname="scripts/tests/entity_classes_test.gd" time="0.001519" >
      <skipped message="pending"><![CDATA[Disabled for headless CI - set ENABLE_RESOURCE_TESTS=true to run in Godot Editor]]></skipped></testcase>
      <testcase name="test_enemy_is_alive_when_health_positive" assertions="0" status="pending" classname="scripts/tests/entity_classes_test.gd" time="0.001511" >
      <skipped message="pending"><![CDATA[Disabled for headless CI - set ENABLE_RESOURCE_TESTS=true to run in Godot Editor]]></skipped></testcase>
      <testcase name="test_enemy_is_dead_when_health_zero" assertions="0" status="pending" classname="scripts/tests/entity_classes_test.gd" time="0.001439" >
      <skipped message="pending"><![CDATA[Disabled for headless CI - set ENABLE_RESOURCE_TESTS=true to run in Godot Editor]]></skipped></testcase>
      <testcase name="test_projectile_activates_with_parameters" assertions="0" status="pending" classname="scripts/tests/entity_classes_test.gd" time="0.001425" >
      <skipped message="pending"><![CDATA[Disabled - Projectile implementation pending Week 10 Phase 2]]></skipped></testcase>
      <testcase name="test_projectile_velocity_is_set" assertions="0" status="pending" classname="scripts/tests/entity_classes_test.gd" time="0.001406" >
      <skipped message="pending"><![CDATA[Disabled - Projectile implementation pending Week 10 Phase 2]]></skipped></testcase>
      <testcase name="test_projectile_pierce_is_set" assertions="0" status="pending" classname="scripts/tests/entity_classes_test.gd" time="0.001404" >
      <skipped message="pending"><![CDATA[Disabled - Projectile implementation pending Week 10 Phase 2]]></skipped></testcase>
      <testcase name="test_projectile_remaining_range_is_full" assertions="0" status="pending" classname="scripts/tests/entity_classes_test.gd" time="0.001397" >
      <skipped message="pending"><![CDATA[Disabled - Projectile implementation pending Week 10 Phase 2]]></skipped></testcase>
      <testcase name="test_projectile_deactivates" assertions="0" status="pending" classname="scripts/tests/entity_classes_test.gd" time="0.001351" >
      <skipped message="pending"><![CDATA[Disabled - Projectile implementation pending Week 10 Phase 2]]></skipped></testcase>
      <testcase name="test_enemy_targets_player" assertions="0" status="pending" classname="scripts/tests/entity_classes_test.gd" time="0.001329" >
      <skipped message="pending"><![CDATA[Disabled for headless CI - set ENABLE_RESOURCE_TESTS=true to run in Godot Editor]]></skipped></testcase>
      <testcase name="test_player_fires_weapon" assertions="0" status="pending" classname="scripts/tests/entity_classes_test.gd" time="0.001341" >
      <skipped message="pending"><![CDATA[Disabled - Weapon firing tested in scene_integration_test.gd]]></skipped></testcase>
      <testcase name="test_enemy_calculates_distance_to_player" assertions="0" status="pending" classname="scripts/tests/entity_classes_test.gd" time="0.00133" >
      <skipped message="pending"><![CDATA[Disabled - AI tested in scene_integration_test.gd]]></skipped></testcase>
      <testcase name="test_player_armor_reduces_damage" assertions="2" status="pass" classname="scripts/tests/entity_classes_test.gd" time="0.004483" >
      </testcase>
      <testcase name="test_player_life_steal_modifier" assertions="0" status="pending" classname="scripts/tests/entity_classes_test.gd" time="0.001296" >
      <skipped message="pending"><![CDATA[Disabled - Life steal not yet implemented in Week 10]]></skipped></testcase>
      <testcase name="test_weapon_resource_loads" assertions="0" status="pending" classname="scripts/tests/entity_classes_test.gd" time="0.001316" >
      <skipped message="pending"><![CDATA[Disabled for headless CI - set ENABLE_RESOURCE_TESTS=true to run in Godot Editor]]></skipped></testcase>
      <testcase name="test_enemy_resource_basic_loads" assertions="0" status="pending" classname="scripts/tests/entity_classes_test.gd" time="0.001257" >
      <skipped message="pending"><![CDATA[Disabled for headless CI - set ENABLE_RESOURCE_TESTS=true to run in Godot Editor]]></skipped></testcase>
      <testcase name="test_health_boost_item_loads" assertions="0" status="pending" classname="scripts/tests/entity_classes_test.gd" time="0.001265" >
      <skipped message="pending"><![CDATA[Disabled for headless CI - set ENABLE_RESOURCE_TESTS=true to run in Godot Editor]]></skipped></testcase>
      <testcase name="test_vampiric_fangs_item_loads" assertions="0" status="pending" classname="scripts/tests/entity_classes_test.gd" time="0.00128" >
      <skipped message="pending"><![CDATA[Disabled for headless CI - set ENABLE_RESOURCE_TESTS=true to run in Godot Editor]]></skipped></testcase>
  </testsuite>
  <testsuite name="scripts/tests/error_service_test.gd" tests="3" failures="0" skipped="0" time="0.00064" >
      <testcase name="test_error_occurred_signal_emits_on_error" assertions="3" status="pass" classname="scripts/tests/error_service_test.gd" time="0.000264" >
      </testcase>
      <testcase name="test_critical_error_occurred_signal_emits_on_critical" assertions="3" status="pass" classname="scripts/tests/error_service_test.gd" time="0.000198" >
      </testcase>
      <testcase name="test_godot_error_capture_includes_stack_trace_in_metadata" assertions="2" status="pass" classname="scripts/tests/error_service_test.gd" time="0.000178" >
      </testcase>
  </testsuite>
  <testsuite name="scripts/tests/game_state_test.gd" tests="53" failures="0" skipped="0" time="0.137585" >
      <testcase name="test_initial_wave_is_zero" assertions="1" status="pass" classname="scripts/tests/game_state_test.gd" time="0.000068" >
      </testcase>
      <testcase name="test_set_current_wave_updates_wave" assertions="1" status="pass" classname="scripts/tests/game_state_test.gd" time="0.000057" >
      </testcase>
      <testcase name="test_set_current_wave_emits_signal" assertions="3" status="pass" classname="scripts/tests/game_state_test.gd" time="0.000239" >
      </testcase>
      <testcase name="test_set_current_wave_no_signal_for_same_value" assertions="1" status="pass" classname="scripts/tests/game_state_test.gd" time="0.000158" >
      </testcase>
      <testcase name="test_initial_score_is_zero" assertions="1" status="pass" classname="scripts/tests/game_state_test.gd" time="0.000054" >
      </testcase>
      <testcase name="test_set_score_updates_score" assertions="1" status="pass" classname="scripts/tests/game_state_test.gd" time="0.000052" >
      </testcase>
      <testcase name="test_set_score_updates_high_score" assertions="1" status="pass" classname="scripts/tests/game_state_test.gd" time="0.000053" >
      </testcase>
      <testcase name="test_set_score_emits_signal" assertions="3" status="pass" classname="scripts/tests/game_state_test.gd" time="0.000214" >
      </testcase>
      <testcase name="test_add_score_increases_score" assertions="1" status="pass" classname="scripts/tests/game_state_test.gd" time="0.000055" >
      </testcase>
      <testcase name="test_add_score_updates_high_score" assertions="1" status="pass" classname="scripts/tests/game_state_test.gd" time="0.000054" >
      </testcase>
      <testcase name="test_add_score_emits_signal" assertions="2" status="pass" classname="scripts/tests/game_state_test.gd" time="0.000174" >
      </testcase>
      <testcase name="test_high_score_does_not_decrease" assertions="1" status="pass" classname="scripts/tests/game_state_test.gd" time="0.000053" >
      </testcase>
      <testcase name="test_initial_gameplay_state_is_inactive" assertions="1" status="pass" classname="scripts/tests/game_state_test.gd" time="0.000041" >
      </testcase>
      <testcase name="test_set_gameplay_active_true_updates_state" assertions="1" status="pass" classname="scripts/tests/game_state_test.gd" time="0.00004" >
      </testcase>
      <testcase name="test_set_gameplay_active_true_emits_signal" assertions="2" status="pass" classname="scripts/tests/game_state_test.gd" time="0.000178" >
      </testcase>
      <testcase name="test_set_gameplay_active_false_updates_state" assertions="1" status="pass" classname="scripts/tests/game_state_test.gd" time="0.000047" >
      </testcase>
      <testcase name="test_set_gameplay_active_false_emits_signal" assertions="2" status="pass" classname="scripts/tests/game_state_test.gd" time="0.000162" >
      </testcase>
      <testcase name="test_initial_character_is_empty" assertions="1" status="pass" classname="scripts/tests/game_state_test.gd" time="0.000057" >
      </testcase>
      <testcase name="test_set_current_character_updates_character" assertions="1" status="pass" classname="scripts/tests/game_state_test.gd" time="0.000054" >
      </testcase>
      <testcase name="test_set_current_character_emits_signal" assertions="2" status="pass" classname="scripts/tests/game_state_test.gd" time="0.000183" >
      </testcase>
      <testcase name="test_set_current_character_no_signal_for_same_value" assertions="1" status="pass" classname="scripts/tests/game_state_test.gd" time="0.000164" >
      </testcase>
      <testcase name="test_reset_clears_wave" assertions="1" status="pass" classname="scripts/tests/game_state_test.gd" time="0.000056" >
      </testcase>
      <testcase name="test_reset_clears_score" assertions="1" status="pass" classname="scripts/tests/game_state_test.gd" time="0.000052" >
      </testcase>
      <testcase name="test_reset_preserves_high_score" assertions="1" status="pass" classname="scripts/tests/game_state_test.gd" time="0.000054" >
      </testcase>
      <testcase name="test_reset_deactivates_gameplay" assertions="1" status="pass" classname="scripts/tests/game_state_test.gd" time="0.000041" >
      </testcase>
      <testcase name="test_reset_clears_character" assertions="1" status="pass" classname="scripts/tests/game_state_test.gd" time="0.000052" >
      </testcase>
      <testcase name="test_reset_unpauses_game" assertions="1" status="pass" classname="scripts/tests/game_state_test.gd" time="0.000039" >
      </testcase>
      <testcase name="test_reset_full_state" assertions="6" status="pass" classname="scripts/tests/game_state_test.gd" time="0.000087" >
      </testcase>
      <testcase name="test_week15_initial_active_character_is_empty" assertions="1" status="pass" classname="scripts/tests/game_state_test.gd" time="0.000051" >
      </testcase>
      <testcase name="test_week15_set_active_character_updates_id" assertions="1" status="pass" classname="scripts/tests/game_state_test.gd" time="0.000672" >
      </testcase>
      <testcase name="test_week15_set_active_character_emits_signal" assertions="2" status="pass" classname="scripts/tests/game_state_test.gd" time="0.000774" >
      </testcase>
      <testcase name="test_week15_set_active_character_allows_empty_string" assertions="1" status="pass" classname="scripts/tests/game_state_test.gd" time="0.000899" >
      </testcase>
      <testcase name="test_week15_initial_run_state_is_inactive" assertions="2" status="pass" classname="scripts/tests/game_state_test.gd" time="0.000057" >
      </testcase>
      <testcase name="test_week15_start_run_activates_run" assertions="1" status="pass" classname="scripts/tests/game_state_test.gd" time="0.000898" >
      </testcase>
      <testcase name="test_week15_start_run_sets_start_time" assertions="1" status="pass" classname="scripts/tests/game_state_test.gd" time="0.000884" >
      </testcase>
      <testcase name="test_week15_start_run_resets_wave_to_zero" assertions="1" status="pass" classname="scripts/tests/game_state_test.gd" time="0.000897" >
      </testcase>
      <testcase name="test_week15_start_run_emits_signal" assertions="2" status="pass" classname="scripts/tests/game_state_test.gd" time="0.001033" >
      </testcase>
      <testcase name="test_week15_start_run_fails_without_active_character" assertions="1" status="pass" classname="scripts/tests/game_state_test.gd" time="0.000335" >
      </testcase>
      <testcase name="test_week15_end_run_deactivates_run" assertions="1" status="pass" classname="scripts/tests/game_state_test.gd" time="0.001161" >
      </testcase>
      <testcase name="test_week15_end_run_adds_duration_to_stats" assertions="2" status="pass" classname="scripts/tests/game_state_test.gd" time="0.066801" >
      </testcase>
      <testcase name="test_week15_end_run_adds_character_id_to_stats" assertions="2" status="pass" classname="scripts/tests/game_state_test.gd" time="0.001751" >
      </testcase>
      <testcase name="test_week15_end_run_emits_signal" assertions="4" status="pass" classname="scripts/tests/game_state_test.gd" time="0.00186" >
      </testcase>
      <testcase name="test_week15_end_run_without_active_run_shows_warning" assertions="3" status="pass" classname="scripts/tests/game_state_test.gd" time="0.000459" >
      </testcase>
      <testcase name="test_week15_get_active_character_returns_empty_when_no_character" assertions="1" status="pass" classname="scripts/tests/game_state_test.gd" time="0.000478" >
      </testcase>
      <testcase name="test_week15_get_active_character_returns_character_data" assertions="5" status="pass" classname="scripts/tests/game_state_test.gd" time="0.001646" >
      </testcase>
      <testcase name="test_week15_full_run_flow" assertions="8" status="pass" classname="scripts/tests/game_state_test.gd" time="0.002514" >
      </testcase>
      <testcase name="test_week15_expert_start_run_called_twice_reinitializes" assertions="3" status="pass" classname="scripts/tests/game_state_test.gd" time="0.040854" >
      </testcase>
      <testcase name="test_week15_expert_very_long_run_duration" assertions="3" status="pass" classname="scripts/tests/game_state_test.gd" time="0.001497" >
      </testcase>
      <testcase name="test_week15_expert_invalid_character_id_allowed" assertions="2" status="pass" classname="scripts/tests/game_state_test.gd" time="0.001379" >
      </testcase>
      <testcase name="test_week15_expert_end_run_with_null_stats" assertions="3" status="pass" classname="scripts/tests/game_state_test.gd" time="0.00161" >
      </testcase>
      <testcase name="test_week15_expert_concurrent_runs_same_character" assertions="6" status="pass" classname="scripts/tests/game_state_test.gd" time="0.002718" >
      </testcase>
      <testcase name="test_week15_expert_concurrent_runs_different_characters" assertions="3" status="pass" classname="scripts/tests/game_state_test.gd" time="0.002285" >
      </testcase>
      <testcase name="test_week15_expert_end_run_preserves_original_stats" assertions="4" status="pass" classname="scripts/tests/game_state_test.gd" time="0.001534" >
      </testcase>
  </testsuite>
  <testsuite name="scripts/tests/hud_service_test.gd" tests="11" failures="0" skipped="0" time="0.049173" >
      <testcase name="test_hud_service_updates_hp_on_damage" assertions="2" status="pass" classname="scripts/tests/hud_service_test.gd" time="0.00274" >
      </testcase>
      <testcase name="test_hud_service_updates_hp_on_heal" assertions="2" status="pass" classname="scripts/tests/hud_service_test.gd" time="0.002308" >
      </testcase>
      <testcase name="test_hud_service_updates_xp_on_gain" assertions="3" status="pass" classname="scripts/tests/hud_service_test.gd" time="0.00526" >
      </testcase>
      <testcase name="test_hud_service_updates_xp_on_level_up" assertions="2" status="pass" classname="scripts/tests/hud_service_test.gd" time="0.007287" >
      </testcase>
      <testcase name="test_hud_service_updates_currency_on_collection" assertions="1" status="pass" classname="scripts/tests/hud_service_test.gd" time="0.006212" >
      </testcase>
      <testcase name="test_hud_service_updates_wave_on_change" assertions="3" status="pass" classname="scripts/tests/hud_service_test.gd" time="0.007342" >
      </testcase>
      <testcase name="test_hud_service_can_set_player" assertions="1" status="pass" classname="scripts/tests/hud_service_test.gd" time="0.001246" >
      </testcase>
      <testcase name="test_hud_service_disconnects_previous_player" assertions="2" status="pass" classname="scripts/tests/hud_service_test.gd" time="0.013304" >
      </testcase>
      <testcase name="test_hud_service_returns_current_hp_state" assertions="2" status="pass" classname="scripts/tests/hud_service_test.gd" time="0.001353" >
      </testcase>
      <testcase name="test_hud_service_returns_current_xp_state" assertions="3" status="pass" classname="scripts/tests/hud_service_test.gd" time="0.001681" >
      </testcase>
      <testcase name="test_hud_service_returns_current_wave" assertions="1" status="pass" classname="scripts/tests/hud_service_test.gd" time="0.00044" >
      </testcase>
  </testsuite>
  <testsuite name="scripts/tests/input_system_test.gd" tests="6" failures="0" skipped="0" time="0.001329" >
      <testcase name="test_camera_follows_player_smoothly" assertions="2" status="pass" classname="scripts/tests/input_system_test.gd" time="0.000154" >
      </testcase>
      <testcase name="test_camera_respects_boundaries" assertions="4" status="pass" classname="scripts/tests/input_system_test.gd" time="0.000107" >
      </testcase>
      <testcase name="test_camera_shake_on_weapon_fire" assertions="2" status="pass" classname="scripts/tests/input_system_test.gd" time="0.000481" >
      </testcase>
      <testcase name="test_camera_shake_decays_over_time" assertions="1" status="pass" classname="scripts/tests/input_system_test.gd" time="0.000099" >
      </testcase>
      <testcase name="test_input_handler_emits_movement_signal" assertions="1" status="pass" classname="scripts/tests/input_system_test.gd" time="0.000199" >
      </testcase>
      <testcase name="test_input_handler_emits_aim_signal" assertions="1" status="pass" classname="scripts/tests/input_system_test.gd" time="0.000289" >
      </testcase>
  </testsuite>
  <testsuite name="scripts/tests/item_service_test.gd" tests="45" failures="0" skipped="0" time="0.037637" >
      <testcase name="test_item_count_meets_minimum" assertions="1" status="pass" classname="scripts/tests/item_service_test.gd" time="0.001017" >
      </testcase>
      <testcase name="test_weapons_count" assertions="1" status="pass" classname="scripts/tests/item_service_test.gd" time="0.000947" >
      </testcase>
      <testcase name="test_armor_count" assertions="1" status="pass" classname="scripts/tests/item_service_test.gd" time="0.000898" >
      </testcase>
      <testcase name="test_trinkets_count" assertions="1" status="pass" classname="scripts/tests/item_service_test.gd" time="0.000885" >
      </testcase>
      <testcase name="test_consumables_count" assertions="1" status="pass" classname="scripts/tests/item_service_test.gd" time="0.000857" >
      </testcase>
      <testcase name="test_item_exists_returns_true_for_valid_item" assertions="1" status="pass" classname="scripts/tests/item_service_test.gd" time="0.000836" >
      </testcase>
      <testcase name="test_item_exists_returns_false_for_invalid_item" assertions="1" status="pass" classname="scripts/tests/item_service_test.gd" time="0.00084" >
      </testcase>
      <testcase name="test_get_item_returns_valid_data" assertions="8" status="pass" classname="scripts/tests/item_service_test.gd" time="0.000902" >
      </testcase>
      <testcase name="test_get_item_returns_empty_for_invalid_item" assertions="1" status="pass" classname="scripts/tests/item_service_test.gd" time="0.001127" >
      </testcase>
      <testcase name="test_item_id_uses_type_prefix" assertions="4" status="pass" classname="scripts/tests/item_service_test.gd" time="0.0008" >
      </testcase>
      <testcase name="test_get_items_by_type_weapon" assertions="11" status="pass" classname="scripts/tests/item_service_test.gd" time="0.000933" >
      </testcase>
      <testcase name="test_get_items_by_type_armor" assertions="11" status="pass" classname="scripts/tests/item_service_test.gd" time="0.000936" >
      </testcase>
      <testcase name="test_get_items_by_type_invalid_returns_empty" assertions="1" status="pass" classname="scripts/tests/item_service_test.gd" time="0.001119" >
      </testcase>
      <testcase name="test_get_items_by_rarity_common" assertions="9" status="pass" classname="scripts/tests/item_service_test.gd" time="0.000845" >
      </testcase>
      <testcase name="test_get_items_by_rarity_epic" assertions="6" status="pass" classname="scripts/tests/item_service_test.gd" time="0.000847" >
      </testcase>
      <testcase name="test_get_items_by_rarity_invalid_returns_empty" assertions="1" status="pass" classname="scripts/tests/item_service_test.gd" time="0.001077" >
      </testcase>
      <testcase name="test_get_items_by_type_and_rarity" assertions="7" status="pass" classname="scripts/tests/item_service_test.gd" time="0.000827" >
      </testcase>
      <testcase name="test_get_item_name" assertions="1" status="pass" classname="scripts/tests/item_service_test.gd" time="0.000762" >
      </testcase>
      <testcase name="test_get_item_name_invalid_returns_unknown" assertions="1" status="pass" classname="scripts/tests/item_service_test.gd" time="0.001084" >
      </testcase>
      <testcase name="test_get_item_type" assertions="1" status="pass" classname="scripts/tests/item_service_test.gd" time="0.000745" >
      </testcase>
      <testcase name="test_get_item_rarity" assertions="1" status="pass" classname="scripts/tests/item_service_test.gd" time="0.00072" >
      </testcase>
      <testcase name="test_get_item_price" assertions="1" status="pass" classname="scripts/tests/item_service_test.gd" time="0.000728" >
      </testcase>
      <testcase name="test_get_item_stats" assertions="2" status="pass" classname="scripts/tests/item_service_test.gd" time="0.00072" >
      </testcase>
      <testcase name="test_get_item_stack_limit" assertions="2" status="pass" classname="scripts/tests/item_service_test.gd" time="0.000726" >
      </testcase>
      <testcase name="test_is_weapon" assertions="2" status="pass" classname="scripts/tests/item_service_test.gd" time="0.000714" >
      </testcase>
      <testcase name="test_get_weapon_type_melee" assertions="1" status="pass" classname="scripts/tests/item_service_test.gd" time="0.000724" >
      </testcase>
      <testcase name="test_get_weapon_type_ranged" assertions="1" status="pass" classname="scripts/tests/item_service_test.gd" time="0.000722" >
      </testcase>
      <testcase name="test_get_weapon_type_non_weapon_returns_empty" assertions="1" status="pass" classname="scripts/tests/item_service_test.gd" time="0.000731" >
      </testcase>
      <testcase name="test_get_rarity_config_common" assertions="5" status="pass" classname="scripts/tests/item_service_test.gd" time="0.000751" >
      </testcase>
      <testcase name="test_get_rarity_config_legendary" assertions="2" status="pass" classname="scripts/tests/item_service_test.gd" time="0.000728" >
      </testcase>
      <testcase name="test_get_stack_limit_for_rarity" assertions="5" status="pass" classname="scripts/tests/item_service_test.gd" time="0.000748" >
      </testcase>
      <testcase name="test_get_rarity_color" assertions="1" status="pass" classname="scripts/tests/item_service_test.gd" time="0.000715" >
      </testcase>
      <testcase name="test_get_valid_rarities" assertions="3" status="pass" classname="scripts/tests/item_service_test.gd" time="0.000705" >
      </testcase>
      <testcase name="test_get_valid_types" assertions="5" status="pass" classname="scripts/tests/item_service_test.gd" time="0.000723" >
      </testcase>
      <testcase name="test_validate_item_valid" assertions="1" status="pass" classname="scripts/tests/item_service_test.gd" time="0.000696" >
      </testcase>
      <testcase name="test_validate_item_not_found" assertions="1" status="pass" classname="scripts/tests/item_service_test.gd" time="0.000679" >
      </testcase>
      <testcase name="test_validate_all_items" assertions="1" status="pass" classname="scripts/tests/item_service_test.gd" time="0.000743" >
      </testcase>
      <testcase name="test_all_item_stats_are_valid_character_stats" assertions="1" status="pass" classname="scripts/tests/item_service_test.gd" time="0.000755" >
      </testcase>
      <testcase name="test_weapon_items_have_damage_stats" assertions="1" status="pass" classname="scripts/tests/item_service_test.gd" time="0.000709" >
      </testcase>
      <testcase name="test_armor_items_have_defensive_stats" assertions="1" status="pass" classname="scripts/tests/item_service_test.gd" time="0.000704" >
      </testcase>
      <testcase name="test_common_items_in_price_range" assertions="1" status="pass" classname="scripts/tests/item_service_test.gd" time="0.00086" >
      </testcase>
      <testcase name="test_epic_items_in_price_range" assertions="1" status="pass" classname="scripts/tests/item_service_test.gd" time="0.000759" >
      </testcase>
      <testcase name="test_serialize_returns_dictionary" assertions="3" status="pass" classname="scripts/tests/item_service_test.gd" time="0.000707" >
      </testcase>
      <testcase name="test_deserialize_reloads_items" assertions="1" status="pass" classname="scripts/tests/item_service_test.gd" time="0.001314" >
      </testcase>
      <testcase name="test_reset_reloads_items" assertions="1" status="pass" classname="scripts/tests/item_service_test.gd" time="0.001272" >
      </testcase>
  </testsuite>
  <testsuite name="scripts/tests/logger_test.gd" tests="11" failures="0" skipped="0" time="1.38895" >
      <testcase name="test_log_file_is_created" assertions="1" status="pass" classname="scripts/tests/logger_test.gd" time="0.000859" >
      </testcase>
      <testcase name="test_log_file_is_not_empty" assertions="1" status="pass" classname="scripts/tests/logger_test.gd" time="0.000672" >
      </testcase>
      <testcase name="test_log_path_returns_valid_path" assertions="2" status="pass" classname="scripts/tests/logger_test.gd" time="0.000311" >
      </testcase>
      <testcase name="test_debug_level_is_recorded" assertions="2" status="pass" classname="scripts/tests/logger_test.gd" time="0.000576" >
      </testcase>
      <testcase name="test_info_level_is_recorded" assertions="2" status="pass" classname="scripts/tests/logger_test.gd" time="0.000621" >
      </testcase>
      <testcase name="test_warning_level_is_recorded" assertions="2" status="pass" classname="scripts/tests/logger_test.gd" time="0.000654" >
      </testcase>
      <testcase name="test_error_level_is_recorded" assertions="2" status="pass" classname="scripts/tests/logger_test.gd" time="0.000631" >
      </testcase>
      <testcase name="test_multiple_log_levels_are_recorded" assertions="6" status="pass" classname="scripts/tests/logger_test.gd" time="0.001487" >
      </testcase>
      <testcase name="test_log_rotation_respects_max_files" assertions="1" status="pass" classname="scripts/tests/logger_test.gd" time="0.635141" >
      </testcase>
      <testcase name="test_log_rotation_keeps_most_recent_files" assertions="1" status="pass" classname="scripts/tests/logger_test.gd" time="0.745923" >
      </testcase>
      <testcase name="test_error_service_integration_placeholder" assertions="1" status="pass" classname="scripts/tests/logger_test.gd" time="0.002075" >
      </testcase>
  </testsuite>
  <testsuite name="scripts/tests/recycler_service_test.gd" tests="26" failures="0" skipped="0" time="0.023696" >
      <testcase name="test_rarity_enum_values_are_correct" assertions="5" status="pass" classname="scripts/tests/recycler_service_test.gd" time="0.001389" >
      </testcase>
      <testcase name="test_scrap_base_values_by_rarity" assertions="2" status="pass" classname="scripts/tests/recycler_service_test.gd" time="0.000929" >
      </testcase>
      <testcase name="test_component_base_values_by_rarity" assertions="2" status="pass" classname="scripts/tests/recycler_service_test.gd" time="0.000766" >
      </testcase>
      <testcase name="test_dismantle_common_non_weapon_gives_base_scrap" assertions="1" status="pass" classname="scripts/tests/recycler_service_test.gd" time="0.00141" >
      </testcase>
      <testcase name="test_dismantle_common_weapon_applies_multiplier" assertions="1" status="pass" classname="scripts/tests/recycler_service_test.gd" time="0.001366" >
      </testcase>
      <testcase name="test_dismantle_rare_non_weapon_gives_higher_scrap" assertions="1" status="pass" classname="scripts/tests/recycler_service_test.gd" time="0.001337" >
      </testcase>
      <testcase name="test_dismantle_rare_weapon_applies_multiplier_and_rounds" assertions="1" status="pass" classname="scripts/tests/recycler_service_test.gd" time="0.001323" >
      </testcase>
      <testcase name="test_common_items_never_drop_components" assertions="2" status="pass" classname="scripts/tests/recycler_service_test.gd" time="0.001362" >
      </testcase>
      <testcase name="test_uncommon_has_correct_component_chance_and_potential" assertions="2" status="pass" classname="scripts/tests/recycler_service_test.gd" time="0.000692" >
      </testcase>
      <testcase name="test_rare_has_correct_component_chance_and_potential" assertions="2" status="pass" classname="scripts/tests/recycler_service_test.gd" time="0.000649" >
      </testcase>
      <testcase name="test_epic_has_correct_component_chance_and_potential" assertions="2" status="pass" classname="scripts/tests/recycler_service_test.gd" time="0.000642" >
      </testcase>
      <testcase name="test_legendary_has_correct_component_chance_and_potential" assertions="2" status="pass" classname="scripts/tests/recycler_service_test.gd" time="0.000656" >
      </testcase>
[...]
      </testcase>
      <testcase name="test_character_progress_saved_on_death" assertions="3" status="pass" classname="scripts/tests/ui/game_over_screen_test.gd" time="0.09918" >
      </testcase>
  </testsuite>
  <testsuite name="scripts/tests/ui/icon_button_test.gd" tests="24" failures="0" skipped="0" time="0.267228" >
      <testcase name="test_instantiation_creates_valid_button" assertions="3" status="pass" classname="scripts/tests/ui/icon_button_test.gd" time="0.009031" >
      </testcase>
      <testcase name="test_default_size_is_medium" assertions="3" status="pass" classname="scripts/tests/ui/icon_button_test.gd" time="0.003224" >
      </testcase>
      <testcase name="test_default_variant_is_primary" assertions="1" status="pass" classname="scripts/tests/ui/icon_button_test.gd" time="0.004138" >
      </testcase>
      <testcase name="test_small_size_is_50pt" assertions="2" status="pass" classname="scripts/tests/ui/icon_button_test.gd" time="0.015086" >
      </testcase>
      <testcase name="test_medium_size_is_80pt" assertions="2" status="pass" classname="scripts/tests/ui/icon_button_test.gd" time="0.014076" >
      </testcase>
      <testcase name="test_large_size_is_120pt" assertions="2" status="pass" classname="scripts/tests/ui/icon_button_test.gd" time="0.013816" >
      </testcase>
      <testcase name="test_all_sizes_meet_minimum_touch_target" assertions="3" status="pass" classname="scripts/tests/ui/icon_button_test.gd" time="0.005748" >
      </testcase>
      <testcase name="test_set_icon_texture" assertions="2" status="pass" classname="scripts/tests/ui/icon_button_test.gd" time="0.014926" >
      </testcase>
      <testcase name="test_null_icon_hides_icon_rect" assertions="1" status="pass" classname="scripts/tests/ui/icon_button_test.gd" time="0.013828" >
      </testcase>
      <testcase name="test_empty_label_hides_label_node" assertions="1" status="pass" classname="scripts/tests/ui/icon_button_test.gd" time="0.013751" >
      </testcase>
      <testcase name="test_set_label_shows_label_node" assertions="2" status="pass" classname="scripts/tests/ui/icon_button_test.gd" time="0.013831" >
      </testcase>
      <testcase name="test_label_widens_button" assertions="1" status="pass" classname="scripts/tests/ui/icon_button_test.gd" time="0.014198" >
      </testcase>
      <testcase name="test_primary_variant_uses_rust_orange" assertions="2" status="pass" classname="scripts/tests/ui/icon_button_test.gd" time="0.013881" >
      </testcase>
      <testcase name="test_secondary_variant_is_transparent" assertions="2" status="pass" classname="scripts/tests/ui/icon_button_test.gd" time="0.013746" >
      </testcase>
      <testcase name="test_danger_variant_uses_hazard_colors" assertions="2" status="pass" classname="scripts/tests/ui/icon_button_test.gd" time="0.013848" >
      </testcase>
      <testcase name="test_setup_method_configures_all_properties" assertions="4" status="pass" classname="scripts/tests/ui/icon_button_test.gd" time="0.013778" >
      </testcase>
      <testcase name="test_setup_is_chainable" assertions="1" status="pass" classname="scripts/tests/ui/icon_button_test.gd" time="0.005821" >
      </testcase>
      <testcase name="test_chainable_setters" assertions="4" status="pass" classname="scripts/tests/ui/icon_button_test.gd" time="0.007287" >
      </testcase>
      <testcase name="test_pressed_emits_icon_button_pressed_signal" assertions="1" status="pass" classname="scripts/tests/ui/icon_button_test.gd" time="0.014552" >
      </testcase>
      <testcase name="test_shadow_visible_by_default" assertions="2" status="pass" classname="scripts/tests/ui/icon_button_test.gd" time="0.006221" >
      </testcase>
      <testcase name="test_disable_shadow" assertions="1" status="pass" classname="scripts/tests/ui/icon_button_test.gd" time="0.014817" >
      </testcase>
      <testcase name="test_button_animation_child_exists" assertions="3" status="pass" classname="scripts/tests/ui/icon_button_test.gd" time="0.005824" >
      </testcase>
      <testcase name="test_focus_mode_is_set" assertions="1" status="pass" classname="scripts/tests/ui/icon_button_test.gd" time="0.007202" >
      </testcase>
      <testcase name="test_disabled_state_styling" assertions="1" status="pass" classname="scripts/tests/ui/icon_button_test.gd" time="0.014598" >
      </testcase>
  </testsuite>
  <testsuite name="scripts/tests/virtual_joystick_test.gd" tests="26" failures="0" skipped="0" time="1.293378" >
      <testcase name="test_virtual_joystick_has_full_screen_anchors" assertions="4" status="pass" classname="scripts/tests/virtual_joystick_test.gd" time="0.047893" >
      </testcase>
      <testcase name="test_virtual_joystick_has_correct_mouse_filter" assertions="1" status="pass" classname="scripts/tests/virtual_joystick_test.gd" time="0.049785" >
      </testcase>
      <testcase name="test_virtual_joystick_control_rect_covers_viewport" assertions="2" status="pass" classname="scripts/tests/virtual_joystick_test.gd" time="0.04763" >
      </testcase>
      <testcase name="test_virtual_joystick_initially_hidden" assertions="2" status="pass" classname="scripts/tests/virtual_joystick_test.gd" time="0.054788" >
      </testcase>
      <testcase name="test_touch_zone_is_left_half_of_screen" assertions="1" status="pass" classname="scripts/tests/virtual_joystick_test.gd" time="0.047737" >
      </testcase>
      <testcase name="test_left_half_touch_activates_joystick" assertions="4" status="pass" classname="scripts/tests/virtual_joystick_test.gd" time="0.048069" >
      </testcase>
      <testcase name="test_right_half_touch_is_rejected" assertions="3" status="pass" classname="scripts/tests/virtual_joystick_test.gd" time="0.048519" >
      </testcase>
      <testcase name="test_touch_at_exact_boundary_left_side" assertions="1" status="pass" classname="scripts/tests/virtual_joystick_test.gd" time="0.048708" >
      </testcase>
      <testcase name="test_touch_at_exact_boundary_right_side" assertions="1" status="pass" classname="scripts/tests/virtual_joystick_test.gd" time="0.054249" >
      </testcase>
      <testcase name="test_dead_zone_prevents_small_movements" assertions="2" status="pass" classname="scripts/tests/virtual_joystick_test.gd" time="0.049339" >
      </testcase>
      <testcase name="test_dead_zone_crossed_at_threshold" assertions="2" status="pass" classname="scripts/tests/virtual_joystick_test.gd" time="0.047903" >
      </testcase>
      <testcase name="test_dead_zone_exactly_at_threshold" assertions="2" status="pass" classname="scripts/tests/virtual_joystick_test.gd" time="0.047837" >
      </testcase>
      <testcase name="test_dead_zone_does_not_reapply_during_drag" assertions="4" status="pass" classname="scripts/tests/virtual_joystick_test.gd" time="0.048686" >
      </testcase>
      <testcase name="test_dead_zone_resets_on_touch_release" assertions="3" status="pass" classname="scripts/tests/virtual_joystick_test.gd" time="0.054736" >
      </testcase>
      <testcase name="test_joystick_appears_at_touch_point" assertions="2" status="pass" classname="scripts/tests/virtual_joystick_test.gd" time="0.049336" >
      </testcase>
      <testcase name="test_joystick_hides_on_release" assertions="3" status="pass" classname="scripts/tests/virtual_joystick_test.gd" time="0.047228" >
      </testcase>
      <testcase name="test_stick_position_updates_during_drag" assertions="1" status="pass" classname="scripts/tests/virtual_joystick_test.gd" time="0.048812" >
      </testcase>
      <testcase name="test_stick_clamped_to_max_distance" assertions="2" status="pass" classname="scripts/tests/virtual_joystick_test.gd" time="0.047348" >
      </testcase>
      <testcase name="test_direction_calculation_right" assertions="1" status="pass" classname="scripts/tests/virtual_joystick_test.gd" time="0.056025" >
      </testcase>
      <testcase name="test_direction_calculation_down" assertions="1" status="pass" classname="scripts/tests/virtual_joystick_test.gd" time="0.047396" >
      </testcase>
      <testcase name="test_direction_calculation_diagonal" assertions="2" status="pass" classname="scripts/tests/virtual_joystick_test.gd" time="0.048338" >
      </testcase>
      <testcase name="test_direction_zero_at_origin" assertions="2" status="pass" classname="scripts/tests/virtual_joystick_test.gd" time="0.04905" >
      </testcase>
      <testcase name="test_ignores_second_touch_while_active" assertions="2" status="pass" classname="scripts/tests/virtual_joystick_test.gd" time="0.05482" >
      </testcase>
      <testcase name="test_tracks_correct_touch_index" assertions="1" status="pass" classname="scripts/tests/virtual_joystick_test.gd" time="0.046682" >
      </testcase>
      <testcase name="test_direction_changed_signal_emitted" assertions="1" status="pass" classname="scripts/tests/virtual_joystick_test.gd" time="0.055344" >
      </testcase>
      <testcase name="test_direction_changed_signal_on_release" assertions="2" status="pass" classname="scripts/tests/virtual_joystick_test.gd" time="0.04712" >
      </testcase>
  </testsuite>
  <testsuite name="scripts/tests/wasteland_camera_boundary_test.gd" tests="17" failures="0" skipped="0" time="0.903115" >
      <testcase name="test_wasteland_camera_has_camera_controller_script" assertions="4" status="pass" classname="scripts/tests/wasteland_camera_boundary_test.gd" time="0.055388" >
      </testcase>
      <testcase name="test_wasteland_camera_has_correct_boundaries" assertions="3" status="pass" classname="scripts/tests/wasteland_camera_boundary_test.gd" time="0.047435" >
      </testcase>
      <testcase name="test_wasteland_camera_has_follow_smoothness" assertions="4" status="pass" classname="scripts/tests/wasteland_camera_boundary_test.gd" time="0.055451" >
      </testcase>
      <testcase name="test_camera_built_in_smoothing_disabled" assertions="3" status="pass" classname="scripts/tests/wasteland_camera_boundary_test.gd" time="0.048172" >
      </testcase>
      <testcase name="test_camera_starts_disabled" assertions="3" status="pass" classname="scripts/tests/wasteland_camera_boundary_test.gd" time="0.097129" >
      </testcase>
      <testcase name="test_camera_clamps_to_left_boundary" assertions="3" status="pass" classname="scripts/tests/wasteland_camera_boundary_test.gd" time="0.047956" >
      </testcase>
      <testcase name="test_camera_clamps_to_right_boundary" assertions="3" status="pass" classname="scripts/tests/wasteland_camera_boundary_test.gd" time="0.054832" >
      </testcase>
      <testcase name="test_camera_clamps_to_top_boundary" assertions="3" status="pass" classname="scripts/tests/wasteland_camera_boundary_test.gd" time="0.048715" >
      </testcase>
      <testcase name="test_camera_clamps_to_bottom_boundary" assertions="3" status="pass" classname="scripts/tests/wasteland_camera_boundary_test.gd" time="0.048406" >
      </testcase>
      <testcase name="test_camera_visible_area_stays_within_boundaries_left_edge" assertions="4" status="pass" classname="scripts/tests/wasteland_camera_boundary_test.gd" time="0.054898" >
      </testcase>
      <testcase name="test_camera_visible_area_stays_within_boundaries_right_edge" assertions="3" status="pass" classname="scripts/tests/wasteland_camera_boundary_test.gd" time="0.048331" >
      </testcase>
      <testcase name="test_camera_visible_area_stays_within_boundaries_top_edge" assertions="3" status="pass" classname="scripts/tests/wasteland_camera_boundary_test.gd" time="0.048226" >
      </testcase>
      <testcase name="test_camera_visible_area_stays_within_boundaries_bottom_edge" assertions="3" status="pass" classname="scripts/tests/wasteland_camera_boundary_test.gd" time="0.048308" >
      </testcase>
      <testcase name="test_camera_follows_player_smoothly" assertions="4" status="pass" classname="scripts/tests/wasteland_camera_boundary_test.gd" time="0.054978" >
      </testcase>
      <testcase name="test_camera_and_player_boundaries_work_together" assertions="4" status="pass" classname="scripts/tests/wasteland_camera_boundary_test.gd" time="0.048283" >
      </testcase>
      <testcase name="test_camera_screen_shake_still_works" assertions="4" status="pass" classname="scripts/tests/wasteland_camera_boundary_test.gd" time="0.048316" >
      </testcase>
      <testcase name="test_camera_smooth_follow_preserved" assertions="3" status="pass" classname="scripts/tests/wasteland_camera_boundary_test.gd" time="0.048291" >
      </testcase>
  </testsuite>
  <testsuite name="scripts/tests/wave_manager_test.gd" tests="13" failures="0" skipped="0" time="5.416579" >
      <testcase name="test_wave_manager_initializes_correctly" assertions="3" status="pass" classname="scripts/tests/wave_manager_test.gd" time="0.000194" >
      </testcase>
      <testcase name="test_wave_manager_starts_wave" assertions="3" status="pass" classname="scripts/tests/wave_manager_test.gd" time="0.001563" >
      </testcase>
      <testcase name="test_wave_manager_spawns_correct_enemy_count" assertions="1" status="pass" classname="scripts/tests/wave_manager_test.gd" time="3.875692" >
      </testcase>
      <testcase name="test_minimum_spawn_guarantee_triggers" assertions="2" status="pass" classname="scripts/tests/wave_manager_test.gd" time="0.006681" >
      </testcase>
      <testcase name="test_wave_manager_completes_wave_when_all_killed" assertions="3" status="pass" classname="scripts/tests/wave_manager_test.gd" time="0.003296" >
      </testcase>
      <testcase name="test_wave_manager_tracks_wave_stats" assertions="4" status="pass" classname="scripts/tests/wave_manager_test.gd" time="0.004189" >
      </testcase>
      <testcase name="test_wave_manager_increments_wave_number" assertions="3" status="pass" classname="scripts/tests/wave_manager_test.gd" time="1.506486" >
      </testcase>
      <testcase name="test_wave_manager_game_over_state" assertions="1" status="pass" classname="scripts/tests/wave_manager_test.gd" time="0.000494" >
      </testcase>
      <testcase name="test_wave_manager_emits_wave_completed_with_stats" assertions="4" status="pass" classname="scripts/tests/wave_manager_test.gd" time="0.004327" >
      </testcase>
      <testcase name="test_wave_manager_tracks_living_enemies" assertions="3" status="pass" classname="scripts/tests/wave_manager_test.gd" time="0.000192" >
      </testcase>
      <testcase name="test_wave_manager_calculates_wave_time" assertions="3" status="pass" classname="scripts/tests/wave_manager_test.gd" time="0.00673" >
      </testcase>
      <testcase name="test_wave_manager_only_completes_in_combat_state" assertions="2" status="pass" classname="scripts/tests/wave_manager_test.gd" time="0.006649" >
      </testcase>
      <testcase name="test_next_wave_increases_enemy_count" assertions="1" status="pass" classname="scripts/tests/wave_manager_test.gd" time="0.000086" >
      </testcase>
  </testsuite>
  <testsuite name="scripts/tests/weapon_service_test.gd" tests="27" failures="0" skipped="0" time="0.026109" >
      <testcase name="test_weapon_exists_returns_true_for_valid_weapon" assertions="1" status="pass" classname="scripts/tests/weapon_service_test.gd" time="0.00104" >
      </testcase>
      <testcase name="test_weapon_exists_returns_false_for_invalid_weapon" assertions="1" status="pass" classname="scripts/tests/weapon_service_test.gd" time="0.000673" >
      </testcase>
      <testcase name="test_get_weapon_returns_valid_data" assertions="5" status="pass" classname="scripts/tests/weapon_service_test.gd" time="0.000911" >
      </testcase>
      <testcase name="test_get_weapon_returns_empty_for_invalid_weapon" assertions="1" status="pass" classname="scripts/tests/weapon_service_test.gd" time="0.001036" >
      </testcase>
      <testcase name="test_equip_weapon_success" assertions="2" status="pass" classname="scripts/tests/weapon_service_test.gd" time="0.001548" >
      </testcase>
      <testcase name="test_equip_weapon_with_empty_character_id_fails" assertions="1" status="pass" classname="scripts/tests/weapon_service_test.gd" time="0.000929" >
      </testcase>
      <testcase name="test_equip_weapon_with_invalid_weapon_id_fails" assertions="1" status="pass" classname="scripts/tests/weapon_service_test.gd" time="0.000899" >
      </testcase>
      <testcase name="test_equip_weapon_with_tier_restriction" assertions="2" status="pass" classname="scripts/tests/weapon_service_test.gd" time="0.001186" >
      </testcase>
      <testcase name="test_equip_weapon_replaces_previous_weapon" assertions="2" status="pass" classname="scripts/tests/weapon_service_test.gd" time="0.001181" >
      </testcase>
      <testcase name="test_unequip_weapon" assertions="1" status="pass" classname="scripts/tests/weapon_service_test.gd" time="0.001257" >
      </testcase>
      <testcase name="test_get_weapon_damage_with_base_stats_only" assertions="1" status="pass" classname="scripts/tests/weapon_service_test.gd" time="0.000731" >
      </testcase>
      <testcase name="test_get_weapon_damage_with_character_damage_bonus" assertions="1" status="pass" classname="scripts/tests/weapon_service_test.gd" time="0.000619" >
      </testcase>
      <testcase name="test_get_weapon_damage_with_melee_bonus" assertions="1" status="pass" classname="scripts/tests/weapon_service_test.gd" time="0.000639" >
      </testcase>
      <testcase name="test_get_weapon_damage_with_ranged_bonus" assertions="1" status="pass" classname="scripts/tests/weapon_service_test.gd" time="0.001121" >
      </testcase>
      <testcase name="test_get_weapon_damage_ignores_wrong_type_bonus" assertions="1" status="pass" classname="scripts/tests/weapon_service_test.gd" time="0.001139" >
      </testcase>
      <testcase name="test_get_weapon_cooldown_with_zero_attack_speed" assertions="1" status="pass" classname="scripts/tests/weapon_service_test.gd" time="0.0013" >
      </testcase>
      <testcase name="test_attack_speed_reduces_cooldown" assertions="1" status="pass" classname="scripts/tests/weapon_service_test.gd" time="0.000792" >
      </testcase>
      <testcase name="test_attack_speed_caps_at_75_percent" assertions="1" status="pass" classname="scripts/tests/weapon_service_test.gd" time="0.000693" >
      </testcase>
      <testcase name="test_attack_speed_50_percent_reduction" assertions="1" status="pass" classname="scripts/tests/weapon_service_test.gd" time="0.000642" >
      </testcase>
      <testcase name="test_can_fire_weapon_when_ready" assertions="1" status="pass" classname="scripts/tests/weapon_service_test.gd" time="0.000704" >
      </testcase>
      <testcase name="test_can_fire_weapon_returns_false_during_cooldown" assertions="1" status="pass" classname="scripts/tests/weapon_service_test.gd" time="0.001099" >
      </testcase>
      <testcase name="test_fire_weapon_success" assertions="2" status="pass" classname="scripts/tests/weapon_service_test.gd" time="0.00118" >
      </testcase>
      <testcase name="test_fire_weapon_with_invalid_weapon_id_fails" assertions="1" status="pass" classname="scripts/tests/weapon_service_test.gd" time="0.001173" >
      </testcase>
      <testcase name="test_fire_weapon_respects_cooldown" assertions="1" status="pass" classname="scripts/tests/weapon_service_test.gd" time="0.000914" >
      </testcase>
      <testcase name="test_get_cooldown_remaining" assertions="1" status="pass" classname="scripts/tests/weapon_service_test.gd" time="0.0009" >
      </testcase>
      <testcase name="test_get_available_weapons_for_free_tier" assertions="3" status="pass" classname="scripts/tests/weapon_service_test.gd" time="0.000901" >
      </testcase>
      <testcase name="test_get_available_weapons_for_premium_tier" assertions="4" status="pass" classname="scripts/tests/weapon_service_test.gd" time="0.000902" >
      </testcase>
  </testsuite>
</testsuites>